ERROR - 2023-03-28 07:22:18 --> Table 'baliwagc_peso_db.logs' doesn't exist
CRITICAL - 2023-03-28 08:27:23 --> Cannot use object of type stdClass as array
#0 C:\xampp\htdocs\peso\vendor\codeigniter4\framework\system\View\View.php(210): include()
#1 C:\xampp\htdocs\peso\vendor\codeigniter4\framework\system\View\View.php(213): CodeIgniter\View\View->CodeIgniter\View\{closure}()
#2 C:\xampp\htdocs\peso\vendor\codeigniter4\framework\system\Common.php(1089): CodeIgniter\View\View->render('jobs/jobs-build...', Array, true)
#3 C:\xampp\htdocs\peso\app\Controllers\Jobs.php(52): view('jobs/jobs-build...', Array)
#4 C:\xampp\htdocs\peso\vendor\codeigniter4\framework\system\CodeIgniter.php(832): App\Controllers\Jobs->new_job_post()
#5 C:\xampp\htdocs\peso\vendor\codeigniter4\framework\system\CodeIgniter.php(419): CodeIgniter\CodeIgniter->runController(Object(App\Controllers\Jobs))
#6 C:\xampp\htdocs\peso\vendor\codeigniter4\framework\system\CodeIgniter.php(326): CodeIgniter\CodeIgniter->handleRequest(NULL, Object(Config\Cache), false)
#7 C:\xampp\htdocs\peso\index.php(38): CodeIgniter\CodeIgniter->run()
#8 {main}
ERROR - 2023-03-28 08:44:11 --> Unknown column 'job_category' in 'field list'
ERROR - 2023-03-28 08:46:10 --> Unknown column 'job_company' in 'field list'
CRITICAL - 2023-03-28 09:51:23 --> Undefined variable $post_data
#0 C:\xampp\htdocs\peso\app\Controllers\Jobs.php(69): CodeIgniter\Debug\Exceptions->errorHandler(2, 'Undefined varia...', 'C:\\xampp\\htdocs...', 69)
#1 C:\xampp\htdocs\peso\vendor\codeigniter4\framework\system\CodeIgniter.php(832): App\Controllers\Jobs->createJobPost()
#2 C:\xampp\htdocs\peso\vendor\codeigniter4\framework\system\CodeIgniter.php(419): CodeIgniter\CodeIgniter->runController(Object(App\Controllers\Jobs))
#3 C:\xampp\htdocs\peso\vendor\codeigniter4\framework\system\CodeIgniter.php(326): CodeIgniter\CodeIgniter->handleRequest(NULL, Object(Config\Cache), false)
#4 C:\xampp\htdocs\peso\index.php(38): CodeIgniter\CodeIgniter->run()
#5 {main}
CRITICAL - 2023-03-28 09:54:35 --> Undefined variable $post_data
#0 C:\xampp\htdocs\peso\app\Controllers\Jobs.php(69): CodeIgniter\Debug\Exceptions->errorHandler(2, 'Undefined varia...', 'C:\\xampp\\htdocs...', 69)
#1 C:\xampp\htdocs\peso\vendor\codeigniter4\framework\system\CodeIgniter.php(832): App\Controllers\Jobs->createJobPost()
#2 C:\xampp\htdocs\peso\vendor\codeigniter4\framework\system\CodeIgniter.php(419): CodeIgniter\CodeIgniter->runController(Object(App\Controllers\Jobs))
#3 C:\xampp\htdocs\peso\vendor\codeigniter4\framework\system\CodeIgniter.php(326): CodeIgniter\CodeIgniter->handleRequest(NULL, Object(Config\Cache), false)
#4 C:\xampp\htdocs\peso\index.php(38): CodeIgniter\CodeIgniter->run()
#5 {main}
CRITICAL - 2023-03-28 10:36:57 --> Class "App\Controllers\DataTable" not found
#0 C:\xampp\htdocs\peso\vendor\codeigniter4\framework\system\CodeIgniter.php(832): App\Controllers\Jobs->jobsDataTable()
#1 C:\xampp\htdocs\peso\vendor\codeigniter4\framework\system\CodeIgniter.php(419): CodeIgniter\CodeIgniter->runController(Object(App\Controllers\Jobs))
#2 C:\xampp\htdocs\peso\vendor\codeigniter4\framework\system\CodeIgniter.php(326): CodeIgniter\CodeIgniter->handleRequest(NULL, Object(Config\Cache), false)
#3 C:\xampp\htdocs\peso\index.php(38): CodeIgniter\CodeIgniter->run()
#4 {main}
CRITICAL - 2023-03-28 10:37:04 --> Class "App\Controllers\DataTable" not found
#0 C:\xampp\htdocs\peso\vendor\codeigniter4\framework\system\CodeIgniter.php(832): App\Controllers\Jobs->jobsDataTable()
#1 C:\xampp\htdocs\peso\vendor\codeigniter4\framework\system\CodeIgniter.php(419): CodeIgniter\CodeIgniter->runController(Object(App\Controllers\Jobs))
#2 C:\xampp\htdocs\peso\vendor\codeigniter4\framework\system\CodeIgniter.php(326): CodeIgniter\CodeIgniter->handleRequest(NULL, Object(Config\Cache), false)
#3 C:\xampp\htdocs\peso\index.php(38): CodeIgniter\CodeIgniter->run()
#4 {main}
CRITICAL - 2023-03-28 10:37:42 --> Undefined array key 2
#0 C:\xampp\htdocs\peso\app\Models\MasterModel.php(61): CodeIgniter\Debug\Exceptions->errorHandler(2, 'Undefined array...', 'C:\\xampp\\htdocs...', 61)
#1 C:\xampp\htdocs\peso\app\Controllers\Jobs.php(68): App\Models\MasterModel->getDataTables('job_posts', 'job_posts.*, jo...', 'job_posts.is_de...', Array)
#2 C:\xampp\htdocs\peso\vendor\codeigniter4\framework\system\CodeIgniter.php(832): App\Controllers\Jobs->jobsDataTable()
#3 C:\xampp\htdocs\peso\vendor\codeigniter4\framework\system\CodeIgniter.php(419): CodeIgniter\CodeIgniter->runController(Object(App\Controllers\Jobs))
#4 C:\xampp\htdocs\peso\vendor\codeigniter4\framework\system\CodeIgniter.php(326): CodeIgniter\CodeIgniter->handleRequest(NULL, Object(Config\Cache), false)
#5 C:\xampp\htdocs\peso\index.php(38): CodeIgniter\CodeIgniter->run()
#6 {main}
CRITICAL - 2023-03-28 10:39:33 --> Undefined array key "no_quotes"
#0 C:\xampp\htdocs\peso\vendor\hermawan\codeigniter4-datatables\src\DataTableColumnDefs.php(261): CodeIgniter\Debug\Exceptions->errorHandler(2, 'Undefined array...', 'C:\\xampp\\htdocs...', 261)
#1 C:\xampp\htdocs\peso\vendor\hermawan\codeigniter4-datatables\src\DataTableColumnDefs.php(17): Hermawan\DataTables\DataTableColumnDefs->initFromBuilder(Object(CodeIgniter\Database\MySQLi\Builder))
#2 C:\xampp\htdocs\peso\vendor\hermawan\codeigniter4-datatables\src\DataTable.php(35): Hermawan\DataTables\DataTableColumnDefs->__construct(Object(CodeIgniter\Database\MySQLi\Builder))
#3 C:\xampp\htdocs\peso\vendor\hermawan\codeigniter4-datatables\src\DataTable.php(46): Hermawan\DataTables\DataTable->__construct(Object(CodeIgniter\Database\MySQLi\Builder))
#4 C:\xampp\htdocs\peso\app\Controllers\Jobs.php(68): Hermawan\DataTables\DataTable::of(Object(CodeIgniter\Database\MySQLi\Builder))
#5 C:\xampp\htdocs\peso\vendor\codeigniter4\framework\system\CodeIgniter.php(832): App\Controllers\Jobs->jobsDataTable()
#6 C:\xampp\htdocs\peso\vendor\codeigniter4\framework\system\CodeIgniter.php(419): CodeIgniter\CodeIgniter->runController(Object(App\Controllers\Jobs))
#7 C:\xampp\htdocs\peso\vendor\codeigniter4\framework\system\CodeIgniter.php(326): CodeIgniter\CodeIgniter->handleRequest(NULL, Object(Config\Cache), false)
#8 C:\xampp\htdocs\peso\index.php(38): CodeIgniter\CodeIgniter->run()
#9 {main}
CRITICAL - 2023-03-28 11:29:20 --> Undefined variable $post_id
#0 C:\xampp\htdocs\peso\app\Controllers\Jobs.php(114): CodeIgniter\Debug\Exceptions->errorHandler(2, 'Undefined varia...', 'C:\\xampp\\htdocs...', 114)
#1 C:\xampp\htdocs\peso\vendor\codeigniter4\framework\system\CodeIgniter.php(832): App\Controllers\Jobs->updateJobStatus('3', '1')
#2 C:\xampp\htdocs\peso\vendor\codeigniter4\framework\system\CodeIgniter.php(419): CodeIgniter\CodeIgniter->runController(Object(App\Controllers\Jobs))
#3 C:\xampp\htdocs\peso\vendor\codeigniter4\framework\system\CodeIgniter.php(326): CodeIgniter\CodeIgniter->handleRequest(NULL, Object(Config\Cache), false)
#4 C:\xampp\htdocs\peso\index.php(38): CodeIgniter\CodeIgniter->run()
#5 {main}
CRITICAL - 2023-03-28 12:01:25 --> Undefined variable $is_loggedin
#0 C:\xampp\htdocs\peso\app\Views\partials\noSideBarHeader.php(2833): CodeIgniter\Debug\Exceptions->errorHandler(2, 'Undefined varia...', 'C:\\xampp\\htdocs...', 2833)
#1 C:\xampp\htdocs\peso\vendor\codeigniter4\framework\system\View\View.php(210): include('C:\\xampp\\htdocs...')
#2 C:\xampp\htdocs\peso\vendor\codeigniter4\framework\system\View\View.php(213): CodeIgniter\View\View->CodeIgniter\View\{closure}()
#3 C:\xampp\htdocs\peso\vendor\codeigniter4\framework\system\View\View.php(424): CodeIgniter\View\View->render('partials/noSide...', NULL, true)
#4 C:\xampp\htdocs\peso\app\Views\layouts\noSideBarMain.php(68): CodeIgniter\View\View->include('partials/noSide...')
#5 C:\xampp\htdocs\peso\vendor\codeigniter4\framework\system\View\View.php(210): include('C:\\xampp\\htdocs...')
#6 C:\xampp\htdocs\peso\vendor\codeigniter4\framework\system\View\View.php(213): CodeIgniter\View\View->CodeIgniter\View\{closure}()
#7 C:\xampp\htdocs\peso\vendor\codeigniter4\framework\system\View\View.php(226): CodeIgniter\View\View->render('layouts/noSideB...', Array, true)
#8 C:\xampp\htdocs\peso\vendor\codeigniter4\framework\system\Common.php(1089): CodeIgniter\View\View->render('jobs/search', Array, true)
#9 C:\xampp\htdocs\peso\app\Controllers\Jobs.php(25): view('jobs/search', Array)
#10 C:\xampp\htdocs\peso\vendor\codeigniter4\framework\system\CodeIgniter.php(832): App\Controllers\Jobs->index()
#11 C:\xampp\htdocs\peso\vendor\codeigniter4\framework\system\CodeIgniter.php(419): CodeIgniter\CodeIgniter->runController(Object(App\Controllers\Jobs))
#12 C:\xampp\htdocs\peso\vendor\codeigniter4\framework\system\CodeIgniter.php(326): CodeIgniter\CodeIgniter->handleRequest(NULL, Object(Config\Cache), false)
#13 C:\xampp\htdocs\peso\index.php(38): CodeIgniter\CodeIgniter->run()
#14 {main}
CRITICAL - 2023-03-28 12:01:32 --> Undefined variable $is_loggedin
#0 C:\xampp\htdocs\peso\app\Views\partials\noSideBarHeader.php(2833): CodeIgniter\Debug\Exceptions->errorHandler(2, 'Undefined varia...', 'C:\\xampp\\htdocs...', 2833)
#1 C:\xampp\htdocs\peso\vendor\codeigniter4\framework\system\View\View.php(210): include('C:\\xampp\\htdocs...')
#2 C:\xampp\htdocs\peso\vendor\codeigniter4\framework\system\View\View.php(213): CodeIgniter\View\View->CodeIgniter\View\{closure}()
#3 C:\xampp\htdocs\peso\vendor\codeigniter4\framework\system\View\View.php(424): CodeIgniter\View\View->render('partials/noSide...', NULL, true)
#4 C:\xampp\htdocs\peso\app\Views\layouts\noSideBarMain.php(68): CodeIgniter\View\View->include('partials/noSide...')
#5 C:\xampp\htdocs\peso\vendor\codeigniter4\framework\system\View\View.php(210): include('C:\\xampp\\htdocs...')
#6 C:\xampp\htdocs\peso\vendor\codeigniter4\framework\system\View\View.php(213): CodeIgniter\View\View->CodeIgniter\View\{closure}()
#7 C:\xampp\htdocs\peso\vendor\codeigniter4\framework\system\View\View.php(226): CodeIgniter\View\View->render('layouts/noSideB...', Array, true)
#8 C:\xampp\htdocs\peso\vendor\codeigniter4\framework\system\Common.php(1089): CodeIgniter\View\View->render('jobs/search', Array, true)
#9 C:\xampp\htdocs\peso\app\Controllers\Jobs.php(25): view('jobs/search', Array)
#10 C:\xampp\htdocs\peso\vendor\codeigniter4\framework\system\CodeIgniter.php(832): App\Controllers\Jobs->index()
#11 C:\xampp\htdocs\peso\vendor\codeigniter4\framework\system\CodeIgniter.php(419): CodeIgniter\CodeIgniter->runController(Object(App\Controllers\Jobs))
#12 C:\xampp\htdocs\peso\vendor\codeigniter4\framework\system\CodeIgniter.php(326): CodeIgniter\CodeIgniter->handleRequest(NULL, Object(Config\Cache), false)
#13 C:\xampp\htdocs\peso\index.php(38): CodeIgniter\CodeIgniter->run()
#14 {main}
