ERROR - 2023-06-26 08:03:01 --> Table 'baliwagc_peso_db.logs' doesn't exist
ERROR - 2023-06-26 08:03:01 --> Table 'baliwagc_peso_db.departments' doesn't exist
ERROR - 2023-06-26 08:47:22 --> Table 'baliwagc_peso_db.logs' doesn't exist
ERROR - 2023-06-26 08:47:33 --> Table 'baliwagc_peso_db.departments' doesn't exist
ERROR - 2023-06-26 08:47:33 --> Table 'baliwagc_peso_db.departments' doesn't exist
ERROR - 2023-06-26 08:47:33 --> Unknown column 'public_user_info.educational_attainment' in 'field list'
CRITICAL - 2023-06-26 08:47:33 --> Unknown column 'public_user_info.educational_attainment' in 'field list'
#0 C:\xampp\htdocs\peso\vendor\codeigniter4\framework\system\Database\MySQLi\Connection.php(292): mysqli->query('SELECT `users`....', 0)
#1 C:\xampp\htdocs\peso\vendor\codeigniter4\framework\system\Database\BaseConnection.php(670): CodeIgniter\Database\MySQLi\Connection->execute('SELECT `users`....')
#2 C:\xampp\htdocs\peso\vendor\codeigniter4\framework\system\Database\BaseConnection.php(598): CodeIgniter\Database\BaseConnection->simpleQuery('SELECT `users`....')
#3 C:\xampp\htdocs\peso\vendor\codeigniter4\framework\system\Database\BaseBuilder.php(1455): CodeIgniter\Database\BaseConnection->query('SELECT `users`....', Array, false)
#4 C:\xampp\htdocs\peso\vendor\hermawan\codeigniter4-datatables\src\DataTableQuery.php(219): CodeIgniter\Database\BaseBuilder->get()
#5 C:\xampp\htdocs\peso\vendor\hermawan\codeigniter4-datatables\src\DataTableQuery.php(70): Hermawan\DataTables\DataTableQuery->queryResult()
#6 C:\xampp\htdocs\peso\vendor\hermawan\codeigniter4-datatables\src\DataTable.php(176): Hermawan\DataTables\DataTableQuery->getDataResult()
#7 C:\xampp\htdocs\peso\app\Controllers\Users.php(836): Hermawan\DataTables\DataTable->toJson(true)
#8 C:\xampp\htdocs\peso\vendor\codeigniter4\framework\system\CodeIgniter.php(832): App\Controllers\Users->getPublicUsersDataTable()
#9 C:\xampp\htdocs\peso\vendor\codeigniter4\framework\system\CodeIgniter.php(419): CodeIgniter\CodeIgniter->runController(Object(App\Controllers\Users))
#10 C:\xampp\htdocs\peso\vendor\codeigniter4\framework\system\CodeIgniter.php(326): CodeIgniter\CodeIgniter->handleRequest(NULL, Object(Config\Cache), false)
#11 C:\xampp\htdocs\peso\index.php(38): CodeIgniter\CodeIgniter->run()
#12 {main}
ERROR - 2023-06-26 08:47:42 --> Unknown column 'public_user_info.educational_attainment' in 'field list'
CRITICAL - 2023-06-26 08:47:42 --> Unknown column 'public_user_info.educational_attainment' in 'field list'
#0 C:\xampp\htdocs\peso\vendor\codeigniter4\framework\system\Database\MySQLi\Connection.php(292): mysqli->query('SELECT `job_app...', 0)
#1 C:\xampp\htdocs\peso\vendor\codeigniter4\framework\system\Database\BaseConnection.php(670): CodeIgniter\Database\MySQLi\Connection->execute('SELECT `job_app...')
#2 C:\xampp\htdocs\peso\vendor\codeigniter4\framework\system\Database\BaseConnection.php(598): CodeIgniter\Database\BaseConnection->simpleQuery('SELECT `job_app...')
#3 C:\xampp\htdocs\peso\vendor\codeigniter4\framework\system\Database\BaseBuilder.php(1455): CodeIgniter\Database\BaseConnection->query('SELECT `job_app...', Array, false)
#4 C:\xampp\htdocs\peso\vendor\hermawan\codeigniter4-datatables\src\DataTableQuery.php(219): CodeIgniter\Database\BaseBuilder->get()
#5 C:\xampp\htdocs\peso\vendor\hermawan\codeigniter4-datatables\src\DataTableQuery.php(70): Hermawan\DataTables\DataTableQuery->queryResult()
#6 C:\xampp\htdocs\peso\vendor\hermawan\codeigniter4-datatables\src\DataTable.php(176): Hermawan\DataTables\DataTableQuery->getDataResult()
#7 C:\xampp\htdocs\peso\app\Controllers\Jobs.php(564): Hermawan\DataTables\DataTable->toJson(true)
#8 C:\xampp\htdocs\peso\vendor\codeigniter4\framework\system\CodeIgniter.php(832): App\Controllers\Jobs->applicantsDataTable('17', 1)
#9 C:\xampp\htdocs\peso\vendor\codeigniter4\framework\system\CodeIgniter.php(419): CodeIgniter\CodeIgniter->runController(Object(App\Controllers\Jobs))
#10 C:\xampp\htdocs\peso\vendor\codeigniter4\framework\system\CodeIgniter.php(326): CodeIgniter\CodeIgniter->handleRequest(NULL, Object(Config\Cache), false)
#11 C:\xampp\htdocs\peso\index.php(38): CodeIgniter\CodeIgniter->run()
#12 {main}
CRITICAL - 2023-06-26 08:47:46 --> Attempt to read property "user_photo" on bool
#0 C:\xampp\htdocs\peso\app\Views\partials\header.php(3642): CodeIgniter\Debug\Exceptions->errorHandler(2, 'Attempt to read...', 'C:\\xampp\\htdocs...', 3642)
#1 C:\xampp\htdocs\peso\vendor\codeigniter4\framework\system\View\View.php(210): include('C:\\xampp\\htdocs...')
#2 C:\xampp\htdocs\peso\vendor\codeigniter4\framework\system\View\View.php(213): CodeIgniter\View\View->CodeIgniter\View\{closure}()
#3 C:\xampp\htdocs\peso\vendor\codeigniter4\framework\system\View\View.php(424): CodeIgniter\View\View->render('partials/header', NULL, true)
#4 C:\xampp\htdocs\peso\app\Views\layouts\main.php(71): CodeIgniter\View\View->include('partials/header')
#5 C:\xampp\htdocs\peso\vendor\codeigniter4\framework\system\View\View.php(210): include('C:\\xampp\\htdocs...')
#6 C:\xampp\htdocs\peso\vendor\codeigniter4\framework\system\View\View.php(213): CodeIgniter\View\View->CodeIgniter\View\{closure}()
#7 C:\xampp\htdocs\peso\vendor\codeigniter4\framework\system\View\View.php(226): CodeIgniter\View\View->render('layouts/main', Array, true)
#8 C:\xampp\htdocs\peso\vendor\codeigniter4\framework\system\Common.php(1089): CodeIgniter\View\View->render('jobs/job-applic...', Array, true)
#9 C:\xampp\htdocs\peso\app\Controllers\Jobs.php(207): view('jobs/job-applic...', Array)
#10 C:\xampp\htdocs\peso\vendor\codeigniter4\framework\system\CodeIgniter.php(832): App\Controllers\Jobs->applicants('17')
#11 C:\xampp\htdocs\peso\vendor\codeigniter4\framework\system\CodeIgniter.php(419): CodeIgniter\CodeIgniter->runController(Object(App\Controllers\Jobs))
#12 C:\xampp\htdocs\peso\vendor\codeigniter4\framework\system\CodeIgniter.php(326): CodeIgniter\CodeIgniter->handleRequest(NULL, Object(Config\Cache), false)
#13 C:\xampp\htdocs\peso\index.php(38): CodeIgniter\CodeIgniter->run()
#14 {main}
ERROR - 2023-06-26 08:51:17 --> Unknown column 'public_user_info.educational_attainment' in 'field list'
CRITICAL - 2023-06-26 08:51:17 --> Unknown column 'public_user_info.educational_attainment' in 'field list'
#0 C:\xampp\htdocs\peso\vendor\codeigniter4\framework\system\Database\MySQLi\Connection.php(292): mysqli->query('SELECT `job_app...', 0)
#1 C:\xampp\htdocs\peso\vendor\codeigniter4\framework\system\Database\BaseConnection.php(670): CodeIgniter\Database\MySQLi\Connection->execute('SELECT `job_app...')
#2 C:\xampp\htdocs\peso\vendor\codeigniter4\framework\system\Database\BaseConnection.php(598): CodeIgniter\Database\BaseConnection->simpleQuery('SELECT `job_app...')
#3 C:\xampp\htdocs\peso\vendor\codeigniter4\framework\system\Database\BaseBuilder.php(1455): CodeIgniter\Database\BaseConnection->query('SELECT `job_app...', Array, false)
#4 C:\xampp\htdocs\peso\vendor\hermawan\codeigniter4-datatables\src\DataTableQuery.php(219): CodeIgniter\Database\BaseBuilder->get()
#5 C:\xampp\htdocs\peso\vendor\hermawan\codeigniter4-datatables\src\DataTableQuery.php(70): Hermawan\DataTables\DataTableQuery->queryResult()
#6 C:\xampp\htdocs\peso\vendor\hermawan\codeigniter4-datatables\src\DataTable.php(176): Hermawan\DataTables\DataTableQuery->getDataResult()
#7 C:\xampp\htdocs\peso\app\Controllers\Jobs.php(564): Hermawan\DataTables\DataTable->toJson(true)
#8 C:\xampp\htdocs\peso\vendor\codeigniter4\framework\system\CodeIgniter.php(832): App\Controllers\Jobs->applicantsDataTable('17', 1)
#9 C:\xampp\htdocs\peso\vendor\codeigniter4\framework\system\CodeIgniter.php(419): CodeIgniter\CodeIgniter->runController(Object(App\Controllers\Jobs))
#10 C:\xampp\htdocs\peso\vendor\codeigniter4\framework\system\CodeIgniter.php(326): CodeIgniter\CodeIgniter->handleRequest(NULL, Object(Config\Cache), false)
#11 C:\xampp\htdocs\peso\index.php(38): CodeIgniter\CodeIgniter->run()
#12 {main}
ERROR - 2023-06-26 09:05:14 --> You have an error in your SQL syntax; check the manual that corresponds to your MariaDB server version for the right syntax to use near '.*, `public_user_educational_background`.*
FROM `job_applications`
INNER JOIN...' at line 1
CRITICAL - 2023-06-26 09:05:14 --> You have an error in your SQL syntax; check the manual that corresponds to your MariaDB server version for the right syntax to use near '.*, `public_user_educational_background`.*
FROM `job_applications`
INNER JOIN...' at line 1
#0 C:\xampp\htdocs\peso\vendor\codeigniter4\framework\system\Database\MySQLi\Connection.php(292): mysqli->query('SELECT `job_app...', 0)
#1 C:\xampp\htdocs\peso\vendor\codeigniter4\framework\system\Database\BaseConnection.php(670): CodeIgniter\Database\MySQLi\Connection->execute('SELECT `job_app...')
#2 C:\xampp\htdocs\peso\vendor\codeigniter4\framework\system\Database\BaseConnection.php(598): CodeIgniter\Database\BaseConnection->simpleQuery('SELECT `job_app...')
#3 C:\xampp\htdocs\peso\vendor\codeigniter4\framework\system\Database\BaseBuilder.php(1455): CodeIgniter\Database\BaseConnection->query('SELECT `job_app...', Array, false)
#4 C:\xampp\htdocs\peso\vendor\hermawan\codeigniter4-datatables\src\DataTableQuery.php(219): CodeIgniter\Database\BaseBuilder->get()
#5 C:\xampp\htdocs\peso\vendor\hermawan\codeigniter4-datatables\src\DataTableQuery.php(70): Hermawan\DataTables\DataTableQuery->queryResult()
#6 C:\xampp\htdocs\peso\vendor\hermawan\codeigniter4-datatables\src\DataTable.php(176): Hermawan\DataTables\DataTableQuery->getDataResult()
#7 C:\xampp\htdocs\peso\app\Controllers\Jobs.php(564): Hermawan\DataTables\DataTable->toJson(true)
#8 C:\xampp\htdocs\peso\vendor\codeigniter4\framework\system\CodeIgniter.php(832): App\Controllers\Jobs->applicantsDataTable('17', 1)
#9 C:\xampp\htdocs\peso\vendor\codeigniter4\framework\system\CodeIgniter.php(419): CodeIgniter\CodeIgniter->runController(Object(App\Controllers\Jobs))
#10 C:\xampp\htdocs\peso\vendor\codeigniter4\framework\system\CodeIgniter.php(326): CodeIgniter\CodeIgniter->handleRequest(NULL, Object(Config\Cache), false)
#11 C:\xampp\htdocs\peso\index.php(38): CodeIgniter\CodeIgniter->run()
#12 {main}
ERROR - 2023-06-26 09:07:13 --> Table 'baliwagc_peso_db.departments' doesn't exist
ERROR - 2023-06-26 10:42:40 --> Table 'baliwagc_peso_db.departments' doesn't exist
CRITICAL - 2023-06-26 10:42:40 --> Undefined array key "educational_attainment"
#0 C:\xampp\htdocs\peso\app\Views\users\export-applicants.php(95): CodeIgniter\Debug\Exceptions->errorHandler(2, 'Undefined array...', 'C:\\xampp\\htdocs...', 95)
#1 C:\xampp\htdocs\peso\vendor\codeigniter4\framework\system\View\View.php(210): include('C:\\xampp\\htdocs...')
#2 C:\xampp\htdocs\peso\vendor\codeigniter4\framework\system\View\View.php(213): CodeIgniter\View\View->CodeIgniter\View\{closure}()
#3 C:\xampp\htdocs\peso\vendor\codeigniter4\framework\system\Common.php(1089): CodeIgniter\View\View->render('users/export-ap...', Array, true)
#4 C:\xampp\htdocs\peso\app\Controllers\Users.php(93): view('users/export-ap...', Array)
#5 C:\xampp\htdocs\peso\vendor\codeigniter4\framework\system\CodeIgniter.php(832): App\Controllers\Users->export_applicants('4')
#6 C:\xampp\htdocs\peso\vendor\codeigniter4\framework\system\CodeIgniter.php(419): CodeIgniter\CodeIgniter->runController(Object(App\Controllers\Users))
#7 C:\xampp\htdocs\peso\vendor\codeigniter4\framework\system\CodeIgniter.php(326): CodeIgniter\CodeIgniter->handleRequest(NULL, Object(Config\Cache), false)
#8 C:\xampp\htdocs\peso\index.php(38): CodeIgniter\CodeIgniter->run()
#9 {main}
CRITICAL - 2023-06-26 11:05:31 --> Undefined variable $is_hired
#0 C:\xampp\htdocs\peso\app\Controllers\Jobs.php(646): CodeIgniter\Debug\Exceptions->errorHandler(2, 'Undefined varia...', 'C:\\xampp\\htdocs...', 646)
#1 C:\xampp\htdocs\peso\vendor\codeigniter4\framework\system\CodeIgniter.php(832): App\Controllers\Jobs->updateHiredApplicant()
#2 C:\xampp\htdocs\peso\vendor\codeigniter4\framework\system\CodeIgniter.php(419): CodeIgniter\CodeIgniter->runController(Object(App\Controllers\Jobs))
#3 C:\xampp\htdocs\peso\vendor\codeigniter4\framework\system\CodeIgniter.php(326): CodeIgniter\CodeIgniter->handleRequest(NULL, Object(Config\Cache), false)
#4 C:\xampp\htdocs\peso\index.php(38): CodeIgniter\CodeIgniter->run()
#5 {main}
ERROR - 2023-06-26 11:14:11 --> Table 'baliwagc_peso_db.departments' doesn't exist
ERROR - 2023-06-26 11:15:44 --> Table 'baliwagc_peso_db.departments' doesn't exist
CRITICAL - 2023-06-26 11:16:24 --> Attempt to assign property "user_id" on string
#0 C:\xampp\htdocs\peso\app\Controllers\Users.php(17): App\Libraries\TemplateLib::userInformation(NULL)
#1 C:\xampp\htdocs\peso\app\Controllers\Home.php(30): App\Controllers\Users->__construct()
#2 C:\xampp\htdocs\peso\vendor\codeigniter4\framework\system\CodeIgniter.php(832): App\Controllers\Home->index()
#3 C:\xampp\htdocs\peso\vendor\codeigniter4\framework\system\CodeIgniter.php(419): CodeIgniter\CodeIgniter->runController(Object(App\Controllers\Home))
#4 C:\xampp\htdocs\peso\vendor\codeigniter4\framework\system\CodeIgniter.php(326): CodeIgniter\CodeIgniter->handleRequest(NULL, Object(Config\Cache), false)
#5 C:\xampp\htdocs\peso\index.php(38): CodeIgniter\CodeIgniter->run()
#6 {main}
ERROR - 2023-06-26 11:18:40 --> Table 'baliwagc_peso_db.departments' doesn't exist
ERROR - 2023-06-26 11:19:05 --> Table 'baliwagc_peso_db.departments' doesn't exist
ERROR - 2023-06-26 11:20:12 --> Table 'baliwagc_peso_db.departments' doesn't exist
ERROR - 2023-06-26 11:20:25 --> Table 'baliwagc_peso_db.departments' doesn't exist
ERROR - 2023-06-26 11:20:38 --> Table 'baliwagc_peso_db.departments' doesn't exist
ERROR - 2023-06-26 11:22:12 --> Table 'baliwagc_peso_db.departments' doesn't exist
ERROR - 2023-06-26 11:24:09 --> Table 'baliwagc_peso_db.departments' doesn't exist
ERROR - 2023-06-26 11:24:38 --> Table 'baliwagc_peso_db.departments' doesn't exist
ERROR - 2023-06-26 11:28:14 --> Table 'baliwagc_peso_db.departments' doesn't exist
ERROR - 2023-06-26 11:32:45 --> Table 'baliwagc_peso_db.departments' doesn't exist
ERROR - 2023-06-26 11:36:31 --> Table 'baliwagc_peso_db.departments' doesn't exist
ERROR - 2023-06-26 11:42:02 --> Table 'baliwagc_peso_db.departments' doesn't exist
ERROR - 2023-06-26 11:42:20 --> Table 'baliwagc_peso_db.departments' doesn't exist
ERROR - 2023-06-26 11:44:24 --> Table 'baliwagc_peso_db.departments' doesn't exist
ERROR - 2023-06-26 11:48:45 --> Table 'baliwagc_peso_db.departments' doesn't exist
CRITICAL - 2023-06-26 11:48:45 --> Cannot use object of type stdClass as array
#0 C:\xampp\htdocs\peso\vendor\codeigniter4\framework\system\View\View.php(210): include()
#1 C:\xampp\htdocs\peso\vendor\codeigniter4\framework\system\View\View.php(213): CodeIgniter\View\View->CodeIgniter\View\{closure}()
#2 C:\xampp\htdocs\peso\vendor\codeigniter4\framework\system\Common.php(1089): CodeIgniter\View\View->render('users/export-ap...', Array, true)
#3 C:\xampp\htdocs\peso\app\Controllers\Users.php(95): view('users/export-ap...', Array)
#4 C:\xampp\htdocs\peso\vendor\codeigniter4\framework\system\CodeIgniter.php(832): App\Controllers\Users->export_applicants('4')
#5 C:\xampp\htdocs\peso\vendor\codeigniter4\framework\system\CodeIgniter.php(419): CodeIgniter\CodeIgniter->runController(Object(App\Controllers\Users))
#6 C:\xampp\htdocs\peso\vendor\codeigniter4\framework\system\CodeIgniter.php(326): CodeIgniter\CodeIgniter->handleRequest(NULL, Object(Config\Cache), false)
#7 C:\xampp\htdocs\peso\index.php(38): CodeIgniter\CodeIgniter->run()
#8 {main}
ERROR - 2023-06-26 11:49:21 --> Table 'baliwagc_peso_db.departments' doesn't exist
ERROR - 2023-06-26 11:51:38 --> Table 'baliwagc_peso_db.departments' doesn't exist
ERROR - 2023-06-26 11:57:36 --> Table 'baliwagc_peso_db.departments' doesn't exist
ERROR - 2023-06-26 11:58:13 --> Table 'baliwagc_peso_db.departments' doesn't exist
ERROR - 2023-06-26 11:58:56 --> Table 'baliwagc_peso_db.departments' doesn't exist
ERROR - 2023-06-26 12:00:52 --> Table 'baliwagc_peso_db.departments' doesn't exist
ERROR - 2023-06-26 12:01:18 --> Table 'baliwagc_peso_db.departments' doesn't exist
ERROR - 2023-06-26 12:02:26 --> Table 'baliwagc_peso_db.departments' doesn't exist
ERROR - 2023-06-26 12:02:50 --> Table 'baliwagc_peso_db.departments' doesn't exist
ERROR - 2023-06-26 12:03:03 --> Table 'baliwagc_peso_db.departments' doesn't exist
ERROR - 2023-06-26 12:03:20 --> Table 'baliwagc_peso_db.departments' doesn't exist
ERROR - 2023-06-26 12:03:21 --> Table 'baliwagc_peso_db.departments' doesn't exist
ERROR - 2023-06-26 12:03:29 --> Table 'baliwagc_peso_db.departments' doesn't exist
ERROR - 2023-06-26 12:03:30 --> Table 'baliwagc_peso_db.departments' doesn't exist
ERROR - 2023-06-26 12:03:31 --> Table 'baliwagc_peso_db.departments' doesn't exist
ERROR - 2023-06-26 12:03:35 --> Table 'baliwagc_peso_db.departments' doesn't exist
ERROR - 2023-06-26 12:03:36 --> Table 'baliwagc_peso_db.departments' doesn't exist
ERROR - 2023-06-26 13:43:03 --> Table 'baliwagc_peso_db.departments' doesn't exist
ERROR - 2023-06-26 13:43:06 --> Table 'baliwagc_peso_db.departments' doesn't exist
ERROR - 2023-06-26 13:56:48 --> Table 'baliwagc_peso_db.departments' doesn't exist
ERROR - 2023-06-26 13:56:50 --> Table 'baliwagc_peso_db.departments' doesn't exist
ERROR - 2023-06-26 13:57:25 --> Table 'baliwagc_peso_db.departments' doesn't exist
ERROR - 2023-06-26 13:57:27 --> Table 'baliwagc_peso_db.departments' doesn't exist
ERROR - 2023-06-26 13:57:37 --> Table 'baliwagc_peso_db.departments' doesn't exist
ERROR - 2023-06-26 13:57:39 --> Table 'baliwagc_peso_db.departments' doesn't exist
ERROR - 2023-06-26 13:58:00 --> Table 'baliwagc_peso_db.departments' doesn't exist
ERROR - 2023-06-26 13:58:01 --> Table 'baliwagc_peso_db.departments' doesn't exist
ERROR - 2023-06-26 13:59:09 --> Table 'baliwagc_peso_db.departments' doesn't exist
ERROR - 2023-06-26 13:59:11 --> Table 'baliwagc_peso_db.departments' doesn't exist
ERROR - 2023-06-26 13:59:59 --> Table 'baliwagc_peso_db.departments' doesn't exist
ERROR - 2023-06-26 14:00:00 --> Table 'baliwagc_peso_db.departments' doesn't exist
ERROR - 2023-06-26 14:00:27 --> Table 'baliwagc_peso_db.departments' doesn't exist
ERROR - 2023-06-26 14:00:28 --> Table 'baliwagc_peso_db.departments' doesn't exist
ERROR - 2023-06-26 14:01:11 --> Table 'baliwagc_peso_db.departments' doesn't exist
ERROR - 2023-06-26 14:01:12 --> Table 'baliwagc_peso_db.departments' doesn't exist
ERROR - 2023-06-26 14:02:20 --> Table 'baliwagc_peso_db.departments' doesn't exist
ERROR - 2023-06-26 14:02:21 --> Table 'baliwagc_peso_db.departments' doesn't exist
ERROR - 2023-06-26 14:04:40 --> Table 'baliwagc_peso_db.departments' doesn't exist
ERROR - 2023-06-26 14:04:42 --> Table 'baliwagc_peso_db.departments' doesn't exist
ERROR - 2023-06-26 14:06:22 --> Table 'baliwagc_peso_db.departments' doesn't exist
ERROR - 2023-06-26 14:06:23 --> Table 'baliwagc_peso_db.departments' doesn't exist
ERROR - 2023-06-26 14:07:59 --> Table 'baliwagc_peso_db.departments' doesn't exist
ERROR - 2023-06-26 14:08:00 --> Table 'baliwagc_peso_db.departments' doesn't exist
ERROR - 2023-06-26 14:09:24 --> Table 'baliwagc_peso_db.departments' doesn't exist
ERROR - 2023-06-26 14:09:25 --> Table 'baliwagc_peso_db.departments' doesn't exist
ERROR - 2023-06-26 14:10:50 --> Table 'baliwagc_peso_db.departments' doesn't exist
ERROR - 2023-06-26 14:10:51 --> Table 'baliwagc_peso_db.departments' doesn't exist
ERROR - 2023-06-26 14:11:55 --> Table 'baliwagc_peso_db.departments' doesn't exist
ERROR - 2023-06-26 14:11:57 --> Table 'baliwagc_peso_db.departments' doesn't exist
ERROR - 2023-06-26 14:12:30 --> Table 'baliwagc_peso_db.departments' doesn't exist
ERROR - 2023-06-26 14:12:31 --> Table 'baliwagc_peso_db.departments' doesn't exist
ERROR - 2023-06-26 14:13:05 --> Table 'baliwagc_peso_db.departments' doesn't exist
ERROR - 2023-06-26 14:13:06 --> Table 'baliwagc_peso_db.departments' doesn't exist
ERROR - 2023-06-26 14:13:36 --> Table 'baliwagc_peso_db.departments' doesn't exist
ERROR - 2023-06-26 14:13:37 --> Table 'baliwagc_peso_db.departments' doesn't exist
ERROR - 2023-06-26 14:13:44 --> Table 'baliwagc_peso_db.departments' doesn't exist
ERROR - 2023-06-26 14:13:46 --> Table 'baliwagc_peso_db.departments' doesn't exist
ERROR - 2023-06-26 14:13:47 --> Table 'baliwagc_peso_db.departments' doesn't exist
ERROR - 2023-06-26 14:13:48 --> Table 'baliwagc_peso_db.departments' doesn't exist
ERROR - 2023-06-26 14:23:30 --> Table 'baliwagc_peso_db.departments' doesn't exist
ERROR - 2023-06-26 14:23:31 --> Table 'baliwagc_peso_db.departments' doesn't exist
ERROR - 2023-06-26 14:24:00 --> Table 'baliwagc_peso_db.departments' doesn't exist
ERROR - 2023-06-26 14:31:48 --> Table 'baliwagc_peso_db.departments' doesn't exist
ERROR - 2023-06-26 15:11:50 --> Table 'baliwagc_peso_db.departments' doesn't exist
ERROR - 2023-06-26 15:16:14 --> Table 'baliwagc_peso_db.departments' doesn't exist
ERROR - 2023-06-26 15:16:17 --> Table 'baliwagc_peso_db.departments' doesn't exist
CRITICAL - 2023-06-26 15:33:20 --> Undefined array key "application_status"
#0 C:\xampp\htdocs\peso\app\Controllers\Dashboard.php(122): CodeIgniter\Debug\Exceptions->errorHandler(2, 'Undefined array...', 'C:\\xampp\\htdocs...', 122)
#1 C:\xampp\htdocs\peso\vendor\codeigniter4\framework\system\CodeIgniter.php(832): App\Controllers\Dashboard->index()
#2 C:\xampp\htdocs\peso\vendor\codeigniter4\framework\system\CodeIgniter.php(419): CodeIgniter\CodeIgniter->runController(Object(App\Controllers\Dashboard))
#3 C:\xampp\htdocs\peso\vendor\codeigniter4\framework\system\CodeIgniter.php(326): CodeIgniter\CodeIgniter->handleRequest(NULL, Object(Config\Cache), false)
#4 C:\xampp\htdocs\peso\index.php(38): CodeIgniter\CodeIgniter->run()
#5 {main}
CRITICAL - 2023-06-26 15:34:01 --> Cannot use object of type stdClass as array
#0 C:\xampp\htdocs\peso\vendor\codeigniter4\framework\system\CodeIgniter.php(832): App\Controllers\Dashboard->index()
#1 C:\xampp\htdocs\peso\vendor\codeigniter4\framework\system\CodeIgniter.php(419): CodeIgniter\CodeIgniter->runController(Object(App\Controllers\Dashboard))
#2 C:\xampp\htdocs\peso\vendor\codeigniter4\framework\system\CodeIgniter.php(326): CodeIgniter\CodeIgniter->handleRequest(NULL, Object(Config\Cache), false)
#3 C:\xampp\htdocs\peso\index.php(38): CodeIgniter\CodeIgniter->run()
#4 {main}
CRITICAL - 2023-06-26 15:39:09 --> Undefined array key 0
#0 C:\xampp\htdocs\peso\app\Views\dashboards\sysAdmin.php(324): CodeIgniter\Debug\Exceptions->errorHandler(2, 'Undefined array...', 'C:\\xampp\\htdocs...', 324)
#1 C:\xampp\htdocs\peso\vendor\codeigniter4\framework\system\View\View.php(210): include('C:\\xampp\\htdocs...')
#2 C:\xampp\htdocs\peso\vendor\codeigniter4\framework\system\View\View.php(213): CodeIgniter\View\View->CodeIgniter\View\{closure}()
#3 C:\xampp\htdocs\peso\vendor\codeigniter4\framework\system\Common.php(1089): CodeIgniter\View\View->render('dashboards/sysA...', Array, true)
#4 C:\xampp\htdocs\peso\app\Controllers\Dashboard.php(144): view('dashboards/sysA...', Array)
#5 C:\xampp\htdocs\peso\vendor\codeigniter4\framework\system\CodeIgniter.php(832): App\Controllers\Dashboard->index()
#6 C:\xampp\htdocs\peso\vendor\codeigniter4\framework\system\CodeIgniter.php(419): CodeIgniter\CodeIgniter->runController(Object(App\Controllers\Dashboard))
#7 C:\xampp\htdocs\peso\vendor\codeigniter4\framework\system\CodeIgniter.php(326): CodeIgniter\CodeIgniter->handleRequest(NULL, Object(Config\Cache), false)
#8 C:\xampp\htdocs\peso\index.php(38): CodeIgniter\CodeIgniter->run()
#9 {main}
CRITICAL - 2023-06-26 15:40:03 --> Undefined array key 0
#0 C:\xampp\htdocs\peso\app\Views\dashboards\sysAdmin.php(324): CodeIgniter\Debug\Exceptions->errorHandler(2, 'Undefined array...', 'C:\\xampp\\htdocs...', 324)
#1 C:\xampp\htdocs\peso\vendor\codeigniter4\framework\system\View\View.php(210): include('C:\\xampp\\htdocs...')
#2 C:\xampp\htdocs\peso\vendor\codeigniter4\framework\system\View\View.php(213): CodeIgniter\View\View->CodeIgniter\View\{closure}()
#3 C:\xampp\htdocs\peso\vendor\codeigniter4\framework\system\Common.php(1089): CodeIgniter\View\View->render('dashboards/sysA...', Array, true)
#4 C:\xampp\htdocs\peso\app\Controllers\Dashboard.php(144): view('dashboards/sysA...', Array)
#5 C:\xampp\htdocs\peso\vendor\codeigniter4\framework\system\CodeIgniter.php(832): App\Controllers\Dashboard->index()
#6 C:\xampp\htdocs\peso\vendor\codeigniter4\framework\system\CodeIgniter.php(419): CodeIgniter\CodeIgniter->runController(Object(App\Controllers\Dashboard))
#7 C:\xampp\htdocs\peso\vendor\codeigniter4\framework\system\CodeIgniter.php(326): CodeIgniter\CodeIgniter->handleRequest(NULL, Object(Config\Cache), false)
#8 C:\xampp\htdocs\peso\index.php(38): CodeIgniter\CodeIgniter->run()
#9 {main}
ERROR - 2023-06-26 15:53:53 --> Table 'baliwagc_peso_db.departments' doesn't exist
ERROR - 2023-06-26 15:54:41 --> Table 'baliwagc_peso_db.departments' doesn't exist
ERROR - 2023-06-26 15:55:27 --> Table 'baliwagc_peso_db.departments' doesn't exist
ERROR - 2023-06-26 15:57:12 --> Table 'baliwagc_peso_db.departments' doesn't exist
ERROR - 2023-06-26 15:58:02 --> Table 'baliwagc_peso_db.departments' doesn't exist
ERROR - 2023-06-26 15:58:43 --> Table 'baliwagc_peso_db.departments' doesn't exist
ERROR - 2023-06-26 15:58:55 --> Table 'baliwagc_peso_db.departments' doesn't exist
ERROR - 2023-06-26 15:59:08 --> Table 'baliwagc_peso_db.departments' doesn't exist
ERROR - 2023-06-26 15:59:49 --> Table 'baliwagc_peso_db.departments' doesn't exist
ERROR - 2023-06-26 15:59:52 --> Table 'baliwagc_peso_db.departments' doesn't exist
ERROR - 2023-06-26 16:00:13 --> Table 'baliwagc_peso_db.departments' doesn't exist
ERROR - 2023-06-26 16:00:21 --> Table 'baliwagc_peso_db.departments' doesn't exist
ERROR - 2023-06-26 16:01:14 --> Table 'baliwagc_peso_db.departments' doesn't exist
ERROR - 2023-06-26 16:02:55 --> Table 'baliwagc_peso_db.departments' doesn't exist
ERROR - 2023-06-26 16:07:25 --> Table 'baliwagc_peso_db.departments' doesn't exist
ERROR - 2023-06-26 16:07:59 --> Table 'baliwagc_peso_db.departments' doesn't exist
ERROR - 2023-06-26 16:09:25 --> Table 'baliwagc_peso_db.departments' doesn't exist
ERROR - 2023-06-26 16:09:58 --> Table 'baliwagc_peso_db.departments' doesn't exist
ERROR - 2023-06-26 16:10:30 --> Table 'baliwagc_peso_db.departments' doesn't exist
ERROR - 2023-06-26 16:10:50 --> Table 'baliwagc_peso_db.departments' doesn't exist
ERROR - 2023-06-26 16:12:16 --> Table 'baliwagc_peso_db.departments' doesn't exist
ERROR - 2023-06-26 16:12:37 --> Table 'baliwagc_peso_db.departments' doesn't exist
ERROR - 2023-06-26 16:15:49 --> Table 'baliwagc_peso_db.departments' doesn't exist
