ERROR - 2023-05-08 15:44:10 --> Table 'baliwagc_peso_db.logs' doesn't exist
CRITICAL - 2023-05-08 15:44:10 --> Creation of dynamic property App\Models\MasterModel::$db is deprecated
#0 C:\xampp\htdocs\peso\app\Models\MasterModel.php(13): CodeIgniter\Debug\Exceptions->errorHandler(8192, 'Creation of dyn...', 'C:\\xampp\\htdocs...', 13)
#1 C:\xampp\htdocs\peso\app\Libraries\TemplateLib.php(10): App\Models\MasterModel->__construct()
#2 C:\xampp\htdocs\peso\app\Controllers\Dashboard.php(14): App\Libraries\TemplateLib::userInformation('7')
#3 C:\xampp\htdocs\peso\vendor\codeigniter4\framework\system\CodeIgniter.php(809): App\Controllers\Dashboard->__construct()
#4 C:\xampp\htdocs\peso\vendor\codeigniter4\framework\system\CodeIgniter.php(410): CodeIgniter\CodeIgniter->createController()
#5 C:\xampp\htdocs\peso\vendor\codeigniter4\framework\system\CodeIgniter.php(326): CodeIgniter\CodeIgniter->handleRequest(NULL, Object(Config\Cache), false)
#6 C:\xampp\htdocs\peso\index.php(38): CodeIgniter\CodeIgniter->run()
#7 {main}
ERROR - 2023-05-08 15:50:08 --> Table 'baliwagc_peso_db.logs' doesn't exist
CRITICAL - 2023-05-08 15:50:08 --> Creation of dynamic property App\Models\MasterModel::$db is deprecated
#0 C:\xampp\htdocs\peso\app\Models\MasterModel.php(13): CodeIgniter\Debug\Exceptions->errorHandler(8192, 'Creation of dyn...', 'C:\\xampp\\htdocs...', 13)
#1 C:\xampp\htdocs\peso\app\Libraries\TemplateLib.php(10): App\Models\MasterModel->__construct()
#2 C:\xampp\htdocs\peso\app\Controllers\Dashboard.php(14): App\Libraries\TemplateLib::userInformation('1')
#3 C:\xampp\htdocs\peso\vendor\codeigniter4\framework\system\CodeIgniter.php(809): App\Controllers\Dashboard->__construct()
#4 C:\xampp\htdocs\peso\vendor\codeigniter4\framework\system\CodeIgniter.php(410): CodeIgniter\CodeIgniter->createController()
#5 C:\xampp\htdocs\peso\vendor\codeigniter4\framework\system\CodeIgniter.php(326): CodeIgniter\CodeIgniter->handleRequest(NULL, Object(Config\Cache), false)
#6 C:\xampp\htdocs\peso\index.php(38): CodeIgniter\CodeIgniter->run()
#7 {main}
CRITICAL - 2023-05-08 15:52:27 --> Creation of dynamic property App\Models\MasterModel::$db is deprecated
#0 C:\xampp\htdocs\peso\app\Models\MasterModel.php(13): CodeIgniter\Debug\Exceptions->errorHandler(8192, 'Creation of dyn...', 'C:\\xampp\\htdocs...', 13)
#1 C:\xampp\htdocs\peso\app\Libraries\TemplateLib.php(10): App\Models\MasterModel->__construct()
#2 C:\xampp\htdocs\peso\app\Controllers\Dashboard.php(14): App\Libraries\TemplateLib::userInformation('1')
#3 C:\xampp\htdocs\peso\vendor\codeigniter4\framework\system\CodeIgniter.php(809): App\Controllers\Dashboard->__construct()
#4 C:\xampp\htdocs\peso\vendor\codeigniter4\framework\system\CodeIgniter.php(410): CodeIgniter\CodeIgniter->createController()
#5 C:\xampp\htdocs\peso\vendor\codeigniter4\framework\system\CodeIgniter.php(326): CodeIgniter\CodeIgniter->handleRequest(NULL, Object(Config\Cache), false)
#6 C:\xampp\htdocs\peso\index.php(38): CodeIgniter\CodeIgniter->run()
#7 {main}
CRITICAL - 2023-05-08 15:52:30 --> Creation of dynamic property App\Models\MasterModel::$db is deprecated
#0 C:\xampp\htdocs\peso\app\Models\MasterModel.php(13): CodeIgniter\Debug\Exceptions->errorHandler(8192, 'Creation of dyn...', 'C:\\xampp\\htdocs...', 13)
#1 C:\xampp\htdocs\peso\app\Libraries\TemplateLib.php(10): App\Models\MasterModel->__construct()
#2 C:\xampp\htdocs\peso\app\Controllers\Home.php(19): App\Libraries\TemplateLib::userInformation('1')
#3 C:\xampp\htdocs\peso\vendor\codeigniter4\framework\system\CodeIgniter.php(809): App\Controllers\Home->__construct()
#4 C:\xampp\htdocs\peso\vendor\codeigniter4\framework\system\CodeIgniter.php(410): CodeIgniter\CodeIgniter->createController()
#5 C:\xampp\htdocs\peso\vendor\codeigniter4\framework\system\CodeIgniter.php(326): CodeIgniter\CodeIgniter->handleRequest(NULL, Object(Config\Cache), false)
#6 C:\xampp\htdocs\peso\index.php(38): CodeIgniter\CodeIgniter->run()
#7 {main}
ERROR - 2023-05-08 15:52:39 --> Table 'baliwagc_peso_db.logs' doesn't exist
CRITICAL - 2023-05-08 15:52:40 --> Creation of dynamic property App\Models\MasterModel::$db is deprecated
#0 C:\xampp\htdocs\peso\app\Models\MasterModel.php(13): CodeIgniter\Debug\Exceptions->errorHandler(8192, 'Creation of dyn...', 'C:\\xampp\\htdocs...', 13)
#1 C:\xampp\htdocs\peso\app\Libraries\TemplateLib.php(10): App\Models\MasterModel->__construct()
#2 C:\xampp\htdocs\peso\app\Controllers\Dashboard.php(14): App\Libraries\TemplateLib::userInformation('1')
#3 C:\xampp\htdocs\peso\vendor\codeigniter4\framework\system\CodeIgniter.php(809): App\Controllers\Dashboard->__construct()
#4 C:\xampp\htdocs\peso\vendor\codeigniter4\framework\system\CodeIgniter.php(410): CodeIgniter\CodeIgniter->createController()
#5 C:\xampp\htdocs\peso\vendor\codeigniter4\framework\system\CodeIgniter.php(326): CodeIgniter\CodeIgniter->handleRequest(NULL, Object(Config\Cache), false)
#6 C:\xampp\htdocs\peso\index.php(38): CodeIgniter\CodeIgniter->run()
#7 {main}
CRITICAL - 2023-05-08 15:53:21 --> Creation of dynamic property App\Controllers\Dashboard::$userInformation is deprecated
#0 C:\xampp\htdocs\peso\app\Controllers\Dashboard.php(14): CodeIgniter\Debug\Exceptions->errorHandler(8192, 'Creation of dyn...', 'C:\\xampp\\htdocs...', 14)
#1 C:\xampp\htdocs\peso\vendor\codeigniter4\framework\system\CodeIgniter.php(809): App\Controllers\Dashboard->__construct()
#2 C:\xampp\htdocs\peso\vendor\codeigniter4\framework\system\CodeIgniter.php(410): CodeIgniter\CodeIgniter->createController()
#3 C:\xampp\htdocs\peso\vendor\codeigniter4\framework\system\CodeIgniter.php(326): CodeIgniter\CodeIgniter->handleRequest(NULL, Object(Config\Cache), false)
#4 C:\xampp\htdocs\peso\index.php(38): CodeIgniter\CodeIgniter->run()
#5 {main}
ERROR - 2023-05-08 15:54:20 --> Table 'baliwagc_peso_db.system_logs' doesn't exist
ERROR - 2023-05-08 15:54:23 --> Table 'baliwagc_peso_db.logs' doesn't exist
CRITICAL - 2023-05-08 15:54:23 --> Table 'baliwagc_peso_db.logs' doesn't exist
#0 C:\xampp\htdocs\peso\vendor\codeigniter4\framework\system\Database\MySQLi\Connection.php(292): mysqli->query('SELECT COUNT(*)...', 0)
#1 C:\xampp\htdocs\peso\vendor\codeigniter4\framework\system\Database\BaseConnection.php(670): CodeIgniter\Database\MySQLi\Connection->execute('SELECT COUNT(*)...')
#2 C:\xampp\htdocs\peso\vendor\codeigniter4\framework\system\Database\BaseConnection.php(598): CodeIgniter\Database\BaseConnection->simpleQuery('SELECT COUNT(*)...')
#3 C:\xampp\htdocs\peso\vendor\codeigniter4\framework\system\Database\BaseBuilder.php(1539): CodeIgniter\Database\BaseConnection->query('SELECT COUNT(*)...', Array, false)
#4 C:\xampp\htdocs\peso\vendor\hermawan\codeigniter4-datatables\src\DataTableQuery.php(53): CodeIgniter\Database\BaseBuilder->countAllResults()
#5 C:\xampp\htdocs\peso\vendor\hermawan\codeigniter4-datatables\src\DataTable.php(174): Hermawan\DataTables\DataTableQuery->countAll()
#6 C:\xampp\htdocs\peso\app\Controllers\Logs.php(53): Hermawan\DataTables\DataTable->toJson(true)
#7 C:\xampp\htdocs\peso\vendor\codeigniter4\framework\system\CodeIgniter.php(832): App\Controllers\Logs->getLogs()
#8 C:\xampp\htdocs\peso\vendor\codeigniter4\framework\system\CodeIgniter.php(419): CodeIgniter\CodeIgniter->runController(Object(App\Controllers\Logs))
#9 C:\xampp\htdocs\peso\vendor\codeigniter4\framework\system\CodeIgniter.php(326): CodeIgniter\CodeIgniter->handleRequest(NULL, Object(Config\Cache), false)
#10 C:\xampp\htdocs\peso\index.php(38): CodeIgniter\CodeIgniter->run()
#11 {main}
CRITICAL - 2023-05-08 15:55:57 --> Creation of dynamic property App\Models\MasterModel::$db is deprecated
#0 C:\xampp\htdocs\peso\app\Models\MasterModel.php(13): CodeIgniter\Debug\Exceptions->errorHandler(8192, 'Creation of dyn...', 'C:\\xampp\\htdocs...', 13)
#1 C:\xampp\htdocs\peso\app\Libraries\TemplateLib.php(10): App\Models\MasterModel->__construct()
#2 C:\xampp\htdocs\peso\app\Controllers\Jobs.php(19): App\Libraries\TemplateLib::userInformation('1')
#3 C:\xampp\htdocs\peso\vendor\codeigniter4\framework\system\CodeIgniter.php(809): App\Controllers\Jobs->__construct()
#4 C:\xampp\htdocs\peso\vendor\codeigniter4\framework\system\CodeIgniter.php(410): CodeIgniter\CodeIgniter->createController()
#5 C:\xampp\htdocs\peso\vendor\codeigniter4\framework\system\CodeIgniter.php(326): CodeIgniter\CodeIgniter->handleRequest(NULL, Object(Config\Cache), false)
#6 C:\xampp\htdocs\peso\index.php(38): CodeIgniter\CodeIgniter->run()
#7 {main}
