CRITICAL - 2023-06-14 09:54:36 --> Attempt to read property "user_photo" on bool
#0 C:\xampp\htdocs\peso\app\Views\partials\header.php(3642): CodeIgniter\Debug\Exceptions->errorHandler(2, 'Attempt to read...', 'C:\\xampp\\htdocs...', 3642)
#1 C:\xampp\htdocs\peso\vendor\codeigniter4\framework\system\View\View.php(210): include('C:\\xampp\\htdocs...')
#2 C:\xampp\htdocs\peso\vendor\codeigniter4\framework\system\View\View.php(213): CodeIgniter\View\View->CodeIgniter\View\{closure}()
#3 C:\xampp\htdocs\peso\vendor\codeigniter4\framework\system\View\View.php(424): CodeIgniter\View\View->render('partials/header', NULL, true)
#4 C:\xampp\htdocs\peso\app\Views\layouts\main.php(71): CodeIgniter\View\View->include('partials/header')
#5 C:\xampp\htdocs\peso\vendor\codeigniter4\framework\system\View\View.php(210): include('C:\\xampp\\htdocs...')
#6 C:\xampp\htdocs\peso\vendor\codeigniter4\framework\system\View\View.php(213): CodeIgniter\View\View->CodeIgniter\View\{closure}()
#7 C:\xampp\htdocs\peso\vendor\codeigniter4\framework\system\View\View.php(226): CodeIgniter\View\View->render('layouts/main', Array, true)
#8 C:\xampp\htdocs\peso\vendor\codeigniter4\framework\system\Common.php(1089): CodeIgniter\View\View->render('jobs/job-applic...', Array, true)
#9 C:\xampp\htdocs\peso\app\Controllers\Jobs.php(194): view('jobs/job-applic...', Array)
#10 C:\xampp\htdocs\peso\vendor\codeigniter4\framework\system\CodeIgniter.php(832): App\Controllers\Jobs->applicants('17')
#11 C:\xampp\htdocs\peso\vendor\codeigniter4\framework\system\CodeIgniter.php(419): CodeIgniter\CodeIgniter->runController(Object(App\Controllers\Jobs))
#12 C:\xampp\htdocs\peso\vendor\codeigniter4\framework\system\CodeIgniter.php(326): CodeIgniter\CodeIgniter->handleRequest(NULL, Object(Config\Cache), false)
#13 C:\xampp\htdocs\peso\index.php(38): CodeIgniter\CodeIgniter->run()
#14 {main}
CRITICAL - 2023-06-14 09:54:42 --> Attempt to read property "user_photo" on bool
#0 C:\xampp\htdocs\peso\app\Views\partials\header.php(3642): CodeIgniter\Debug\Exceptions->errorHandler(2, 'Attempt to read...', 'C:\\xampp\\htdocs...', 3642)
#1 C:\xampp\htdocs\peso\vendor\codeigniter4\framework\system\View\View.php(210): include('C:\\xampp\\htdocs...')
#2 C:\xampp\htdocs\peso\vendor\codeigniter4\framework\system\View\View.php(213): CodeIgniter\View\View->CodeIgniter\View\{closure}()
#3 C:\xampp\htdocs\peso\vendor\codeigniter4\framework\system\View\View.php(424): CodeIgniter\View\View->render('partials/header', NULL, true)
#4 C:\xampp\htdocs\peso\app\Views\layouts\main.php(71): CodeIgniter\View\View->include('partials/header')
#5 C:\xampp\htdocs\peso\vendor\codeigniter4\framework\system\View\View.php(210): include('C:\\xampp\\htdocs...')
#6 C:\xampp\htdocs\peso\vendor\codeigniter4\framework\system\View\View.php(213): CodeIgniter\View\View->CodeIgniter\View\{closure}()
#7 C:\xampp\htdocs\peso\vendor\codeigniter4\framework\system\View\View.php(226): CodeIgniter\View\View->render('layouts/main', Array, true)
#8 C:\xampp\htdocs\peso\vendor\codeigniter4\framework\system\Common.php(1089): CodeIgniter\View\View->render('jobs/job-applic...', Array, true)
#9 C:\xampp\htdocs\peso\app\Controllers\Jobs.php(155): view('jobs/job-applic...', Array)
#10 C:\xampp\htdocs\peso\vendor\codeigniter4\framework\system\CodeIgniter.php(832): App\Controllers\Jobs->applications()
#11 C:\xampp\htdocs\peso\vendor\codeigniter4\framework\system\CodeIgniter.php(419): CodeIgniter\CodeIgniter->runController(Object(App\Controllers\Jobs))
#12 C:\xampp\htdocs\peso\vendor\codeigniter4\framework\system\CodeIgniter.php(326): CodeIgniter\CodeIgniter->handleRequest(NULL, Object(Config\Cache), false)
#13 C:\xampp\htdocs\peso\index.php(38): CodeIgniter\CodeIgniter->run()
#14 {main}
ERROR - 2023-06-14 09:54:50 --> Table 'baliwagc_peso_db.logs' doesn't exist
CRITICAL - 2023-06-14 10:08:21 --> Attempt to read property "user_photo" on bool
#0 C:\xampp\htdocs\peso\app\Views\partials\header.php(3642): CodeIgniter\Debug\Exceptions->errorHandler(2, 'Attempt to read...', 'C:\\xampp\\htdocs...', 3642)
#1 C:\xampp\htdocs\peso\vendor\codeigniter4\framework\system\View\View.php(210): include('C:\\xampp\\htdocs...')
#2 C:\xampp\htdocs\peso\vendor\codeigniter4\framework\system\View\View.php(213): CodeIgniter\View\View->CodeIgniter\View\{closure}()
#3 C:\xampp\htdocs\peso\vendor\codeigniter4\framework\system\View\View.php(424): CodeIgniter\View\View->render('partials/header', NULL, true)
#4 C:\xampp\htdocs\peso\app\Views\layouts\main.php(71): CodeIgniter\View\View->include('partials/header')
#5 C:\xampp\htdocs\peso\vendor\codeigniter4\framework\system\View\View.php(210): include('C:\\xampp\\htdocs...')
#6 C:\xampp\htdocs\peso\vendor\codeigniter4\framework\system\View\View.php(213): CodeIgniter\View\View->CodeIgniter\View\{closure}()
#7 C:\xampp\htdocs\peso\vendor\codeigniter4\framework\system\View\View.php(226): CodeIgniter\View\View->render('layouts/main', Array, true)
#8 C:\xampp\htdocs\peso\vendor\codeigniter4\framework\system\Common.php(1089): CodeIgniter\View\View->render('jobs/jobs-build...', Array, true)
#9 C:\xampp\htdocs\peso\app\Controllers\Jobs.php(124): view('jobs/jobs-build...', Array)
#10 C:\xampp\htdocs\peso\vendor\codeigniter4\framework\system\CodeIgniter.php(832): App\Controllers\Jobs->new_job_post()
#11 C:\xampp\htdocs\peso\vendor\codeigniter4\framework\system\CodeIgniter.php(419): CodeIgniter\CodeIgniter->runController(Object(App\Controllers\Jobs))
#12 C:\xampp\htdocs\peso\vendor\codeigniter4\framework\system\CodeIgniter.php(326): CodeIgniter\CodeIgniter->handleRequest(NULL, Object(Config\Cache), false)
#13 C:\xampp\htdocs\peso\index.php(38): CodeIgniter\CodeIgniter->run()
#14 {main}
ERROR - 2023-06-14 10:13:09 --> Table 'baliwagc_peso_db.departments' doesn't exist
ERROR - 2023-06-14 10:13:11 --> Table 'baliwagc_peso_db.departments' doesn't exist
ERROR - 2023-06-14 10:13:43 --> Table 'baliwagc_peso_db.departments' doesn't exist
ERROR - 2023-06-14 10:13:43 --> Column 'role' cannot be null
ERROR - 2023-06-14 10:13:47 --> Table 'baliwagc_peso_db.departments' doesn't exist
ERROR - 2023-06-14 10:13:47 --> Duplicate entry '@baliwag.gov.ph' for key 'email'
ERROR - 2023-06-14 10:13:51 --> Table 'baliwagc_peso_db.departments' doesn't exist
ERROR - 2023-06-14 10:13:51 --> Duplicate entry '@baliwag.gov.ph' for key 'email'
ERROR - 2023-06-14 10:13:57 --> Table 'baliwagc_peso_db.departments' doesn't exist
ERROR - 2023-06-14 10:13:57 --> Duplicate entry '@baliwag.gov.ph' for key 'email'
ERROR - 2023-06-14 10:14:36 --> Table 'baliwagc_peso_db.departments' doesn't exist
ERROR - 2023-06-14 10:14:36 --> Table 'baliwagc_peso_db.departments' doesn't exist
ERROR - 2023-06-14 10:15:34 --> Table 'baliwagc_peso_db.departments' doesn't exist
ERROR - 2023-06-14 10:15:36 --> Table 'baliwagc_peso_db.departments' doesn't exist
ERROR - 2023-06-14 10:16:03 --> Table 'baliwagc_peso_db.departments' doesn't exist
ERROR - 2023-06-14 10:16:04 --> Table 'baliwagc_peso_db.departments' doesn't exist
ERROR - 2023-06-14 10:16:19 --> Table 'baliwagc_peso_db.departments' doesn't exist
ERROR - 2023-06-14 10:16:20 --> Table 'baliwagc_peso_db.departments' doesn't exist
ERROR - 2023-06-14 10:16:22 --> Table 'baliwagc_peso_db.departments' doesn't exist
ERROR - 2023-06-14 10:16:27 --> Table 'baliwagc_peso_db.departments' doesn't exist
ERROR - 2023-06-14 10:17:20 --> Table 'baliwagc_peso_db.departments' doesn't exist
ERROR - 2023-06-14 10:17:21 --> Table 'baliwagc_peso_db.departments' doesn't exist
ERROR - 2023-06-14 10:17:26 --> Table 'baliwagc_peso_db.departments' doesn't exist
ERROR - 2023-06-14 10:17:26 --> Column 'role' cannot be null
ERROR - 2023-06-14 10:17:31 --> Table 'baliwagc_peso_db.departments' doesn't exist
ERROR - 2023-06-14 10:17:31 --> Table 'baliwagc_peso_db.departments' doesn't exist
ERROR - 2023-06-14 10:20:29 --> Table 'baliwagc_peso_db.departments' doesn't exist
ERROR - 2023-06-14 10:20:29 --> Table 'baliwagc_peso_db.departments' doesn't exist
ERROR - 2023-06-14 10:20:45 --> Table 'baliwagc_peso_db.departments' doesn't exist
ERROR - 2023-06-14 10:20:46 --> Table 'baliwagc_peso_db.departments' doesn't exist
ERROR - 2023-06-14 10:20:50 --> Table 'baliwagc_peso_db.departments' doesn't exist
ERROR - 2023-06-14 10:20:55 --> Table 'baliwagc_peso_db.departments' doesn't exist
ERROR - 2023-06-14 10:20:56 --> Table 'baliwagc_peso_db.departments' doesn't exist
ERROR - 2023-06-14 10:21:25 --> Table 'baliwagc_peso_db.departments' doesn't exist
ERROR - 2023-06-14 10:21:53 --> Table 'baliwagc_peso_db.departments' doesn't exist
ERROR - 2023-06-14 10:22:09 --> Table 'baliwagc_peso_db.departments' doesn't exist
ERROR - 2023-06-14 10:22:24 --> Table 'baliwagc_peso_db.departments' doesn't exist
ERROR - 2023-06-14 10:22:29 --> Table 'baliwagc_peso_db.departments' doesn't exist
ERROR - 2023-06-14 10:22:35 --> Table 'baliwagc_peso_db.departments' doesn't exist
ERROR - 2023-06-14 10:23:05 --> Table 'baliwagc_peso_db.departments' doesn't exist
ERROR - 2023-06-14 10:23:06 --> Table 'baliwagc_peso_db.departments' doesn't exist
ERROR - 2023-06-14 10:24:07 --> Table 'baliwagc_peso_db.system_logs' doesn't exist
ERROR - 2023-06-14 10:24:08 --> Table 'baliwagc_peso_db.logs' doesn't exist
CRITICAL - 2023-06-14 10:24:08 --> Table 'baliwagc_peso_db.logs' doesn't exist
#0 C:\xampp\htdocs\peso\vendor\codeigniter4\framework\system\Database\MySQLi\Connection.php(292): mysqli->query('SELECT COUNT(*)...', 0)
#1 C:\xampp\htdocs\peso\vendor\codeigniter4\framework\system\Database\BaseConnection.php(670): CodeIgniter\Database\MySQLi\Connection->execute('SELECT COUNT(*)...')
#2 C:\xampp\htdocs\peso\vendor\codeigniter4\framework\system\Database\BaseConnection.php(598): CodeIgniter\Database\BaseConnection->simpleQuery('SELECT COUNT(*)...')
#3 C:\xampp\htdocs\peso\vendor\codeigniter4\framework\system\Database\BaseBuilder.php(1539): CodeIgniter\Database\BaseConnection->query('SELECT COUNT(*)...', Array, false)
#4 C:\xampp\htdocs\peso\vendor\hermawan\codeigniter4-datatables\src\DataTableQuery.php(53): CodeIgniter\Database\BaseBuilder->countAllResults()
#5 C:\xampp\htdocs\peso\vendor\hermawan\codeigniter4-datatables\src\DataTable.php(174): Hermawan\DataTables\DataTableQuery->countAll()
#6 C:\xampp\htdocs\peso\app\Controllers\Logs.php(53): Hermawan\DataTables\DataTable->toJson(true)
#7 C:\xampp\htdocs\peso\vendor\codeigniter4\framework\system\CodeIgniter.php(832): App\Controllers\Logs->getLogs()
#8 C:\xampp\htdocs\peso\vendor\codeigniter4\framework\system\CodeIgniter.php(419): CodeIgniter\CodeIgniter->runController(Object(App\Controllers\Logs))
#9 C:\xampp\htdocs\peso\vendor\codeigniter4\framework\system\CodeIgniter.php(326): CodeIgniter\CodeIgniter->handleRequest(NULL, Object(Config\Cache), false)
#10 C:\xampp\htdocs\peso\index.php(38): CodeIgniter\CodeIgniter->run()
#11 {main}
ERROR - 2023-06-14 10:24:47 --> Table 'baliwagc_peso_db.system_logs' doesn't exist
ERROR - 2023-06-14 10:24:48 --> Table 'baliwagc_peso_db.logs' doesn't exist
CRITICAL - 2023-06-14 10:24:48 --> Table 'baliwagc_peso_db.logs' doesn't exist
#0 C:\xampp\htdocs\peso\vendor\codeigniter4\framework\system\Database\MySQLi\Connection.php(292): mysqli->query('SELECT COUNT(*)...', 0)
#1 C:\xampp\htdocs\peso\vendor\codeigniter4\framework\system\Database\BaseConnection.php(670): CodeIgniter\Database\MySQLi\Connection->execute('SELECT COUNT(*)...')
#2 C:\xampp\htdocs\peso\vendor\codeigniter4\framework\system\Database\BaseConnection.php(598): CodeIgniter\Database\BaseConnection->simpleQuery('SELECT COUNT(*)...')
#3 C:\xampp\htdocs\peso\vendor\codeigniter4\framework\system\Database\BaseBuilder.php(1539): CodeIgniter\Database\BaseConnection->query('SELECT COUNT(*)...', Array, false)
#4 C:\xampp\htdocs\peso\vendor\hermawan\codeigniter4-datatables\src\DataTableQuery.php(53): CodeIgniter\Database\BaseBuilder->countAllResults()
#5 C:\xampp\htdocs\peso\vendor\hermawan\codeigniter4-datatables\src\DataTable.php(174): Hermawan\DataTables\DataTableQuery->countAll()
#6 C:\xampp\htdocs\peso\app\Controllers\Logs.php(53): Hermawan\DataTables\DataTable->toJson(true)
#7 C:\xampp\htdocs\peso\vendor\codeigniter4\framework\system\CodeIgniter.php(832): App\Controllers\Logs->getLogs()
#8 C:\xampp\htdocs\peso\vendor\codeigniter4\framework\system\CodeIgniter.php(419): CodeIgniter\CodeIgniter->runController(Object(App\Controllers\Logs))
#9 C:\xampp\htdocs\peso\vendor\codeigniter4\framework\system\CodeIgniter.php(326): CodeIgniter\CodeIgniter->handleRequest(NULL, Object(Config\Cache), false)
#10 C:\xampp\htdocs\peso\index.php(38): CodeIgniter\CodeIgniter->run()
#11 {main}
ERROR - 2023-06-14 10:27:24 --> Table 'baliwagc_peso_db.logs' doesn't exist
ERROR - 2023-06-14 10:27:25 --> Table 'baliwagc_peso_db.departments' doesn't exist
ERROR - 2023-06-14 10:28:05 --> Table 'baliwagc_peso_db.departments' doesn't exist
ERROR - 2023-06-14 10:28:12 --> Table 'baliwagc_peso_db.logs' doesn't exist
ERROR - 2023-06-14 10:31:43 --> Table 'baliwagc_peso_db.logs' doesn't exist
ERROR - 2023-06-14 10:34:26 --> Table 'baliwagc_peso_db.logs' doesn't exist
ERROR - 2023-06-14 10:37:51 --> Table 'baliwagc_peso_db.departments' doesn't exist
ERROR - 2023-06-14 10:40:26 --> Table 'baliwagc_peso_db.departments' doesn't exist
CRITICAL - 2023-06-14 10:40:27 --> rename(C:/xampp/htdocs/peso/public/assets/media/avatars/temp/undefined,C:/xampp/htdocs/peso/public/assets/media/avatars/undefined): The system cannot find the file specified (code: 2)
#0 [internal function]: CodeIgniter\Debug\Exceptions->errorHandler(2, 'rename(C:/xampp...', 'C:\\xampp\\htdocs...', 22)
#1 C:\xampp\htdocs\peso\app\Controllers\UtilController.php(22): rename('C:/xampp/htdocs...', 'C:/xampp/htdocs...')
#2 C:\xampp\htdocs\peso\vendor\codeigniter4\framework\system\CodeIgniter.php(832): App\Controllers\UtilController->moveUserAvatar('undefined')
#3 C:\xampp\htdocs\peso\vendor\codeigniter4\framework\system\CodeIgniter.php(419): CodeIgniter\CodeIgniter->runController(Object(App\Controllers\UtilController))
#4 C:\xampp\htdocs\peso\vendor\codeigniter4\framework\system\CodeIgniter.php(326): CodeIgniter\CodeIgniter->handleRequest(NULL, Object(Config\Cache), false)
#5 C:\xampp\htdocs\peso\index.php(38): CodeIgniter\CodeIgniter->run()
#6 {main}
ERROR - 2023-06-14 10:45:47 --> Table 'baliwagc_peso_db.departments' doesn't exist
CRITICAL - 2023-06-14 10:45:47 --> rename(C:/xampp/htdocs/peso/public/assets/media/avatars/temp/undefined,C:/xampp/htdocs/peso/public/assets/media/avatars/undefined): The system cannot find the file specified (code: 2)
#0 [internal function]: CodeIgniter\Debug\Exceptions->errorHandler(2, 'rename(C:/xampp...', 'C:\\xampp\\htdocs...', 22)
#1 C:\xampp\htdocs\peso\app\Controllers\UtilController.php(22): rename('C:/xampp/htdocs...', 'C:/xampp/htdocs...')
#2 C:\xampp\htdocs\peso\vendor\codeigniter4\framework\system\CodeIgniter.php(832): App\Controllers\UtilController->moveUserAvatar('undefined')
#3 C:\xampp\htdocs\peso\vendor\codeigniter4\framework\system\CodeIgniter.php(419): CodeIgniter\CodeIgniter->runController(Object(App\Controllers\UtilController))
#4 C:\xampp\htdocs\peso\vendor\codeigniter4\framework\system\CodeIgniter.php(326): CodeIgniter\CodeIgniter->handleRequest(NULL, Object(Config\Cache), false)
#5 C:\xampp\htdocs\peso\index.php(38): CodeIgniter\CodeIgniter->run()
#6 {main}
ERROR - 2023-06-14 10:46:47 --> Table 'baliwagc_peso_db.departments' doesn't exist
CRITICAL - 2023-06-14 10:46:47 --> rename(C:/xampp/htdocs/peso/public/assets/media/avatars/temp/undefined,C:/xampp/htdocs/peso/public/assets/media/avatars/undefined): The system cannot find the file specified (code: 2)
#0 [internal function]: CodeIgniter\Debug\Exceptions->errorHandler(2, 'rename(C:/xampp...', 'C:\\xampp\\htdocs...', 22)
#1 C:\xampp\htdocs\peso\app\Controllers\UtilController.php(22): rename('C:/xampp/htdocs...', 'C:/xampp/htdocs...')
#2 C:\xampp\htdocs\peso\vendor\codeigniter4\framework\system\CodeIgniter.php(832): App\Controllers\UtilController->moveUserAvatar('undefined')
#3 C:\xampp\htdocs\peso\vendor\codeigniter4\framework\system\CodeIgniter.php(419): CodeIgniter\CodeIgniter->runController(Object(App\Controllers\UtilController))
#4 C:\xampp\htdocs\peso\vendor\codeigniter4\framework\system\CodeIgniter.php(326): CodeIgniter\CodeIgniter->handleRequest(NULL, Object(Config\Cache), false)
#5 C:\xampp\htdocs\peso\index.php(38): CodeIgniter\CodeIgniter->run()
#6 {main}
ERROR - 2023-06-14 10:49:56 --> Table 'baliwagc_peso_db.departments' doesn't exist
ERROR - 2023-06-14 10:50:13 --> Table 'baliwagc_peso_db.logs' doesn't exist
ERROR - 2023-06-14 10:50:50 --> Table 'baliwagc_peso_db.departments' doesn't exist
ERROR - 2023-06-14 10:52:14 --> Table 'baliwagc_peso_db.departments' doesn't exist
ERROR - 2023-06-14 10:52:38 --> Table 'baliwagc_peso_db.logs' doesn't exist
CRITICAL - 2023-06-14 10:53:08 --> Undefined variable $user_id
#0 C:\xampp\htdocs\peso\app\Views\layouts\emptyMain.php(118): CodeIgniter\Debug\Exceptions->errorHandler(2, 'Undefined varia...', 'C:\\xampp\\htdocs...', 118)
#1 C:\xampp\htdocs\peso\vendor\codeigniter4\framework\system\View\View.php(210): include('C:\\xampp\\htdocs...')
#2 C:\xampp\htdocs\peso\vendor\codeigniter4\framework\system\View\View.php(213): CodeIgniter\View\View->CodeIgniter\View\{closure}()
#3 C:\xampp\htdocs\peso\vendor\codeigniter4\framework\system\View\View.php(226): CodeIgniter\View\View->render('layouts/emptyMa...', Array, true)
#4 C:\xampp\htdocs\peso\vendor\codeigniter4\framework\system\Common.php(1089): CodeIgniter\View\View->render('users/profile', Array, true)
#5 C:\xampp\htdocs\peso\app\Controllers\Dashboard.php(238): view('users/profile', Array)
#6 C:\xampp\htdocs\peso\vendor\codeigniter4\framework\system\CodeIgniter.php(832): App\Controllers\Dashboard->index()
#7 C:\xampp\htdocs\peso\vendor\codeigniter4\framework\system\CodeIgniter.php(419): CodeIgniter\CodeIgniter->runController(Object(App\Controllers\Dashboard))
#8 C:\xampp\htdocs\peso\vendor\codeigniter4\framework\system\CodeIgniter.php(326): CodeIgniter\CodeIgniter->handleRequest(NULL, Object(Config\Cache), false)
#9 C:\xampp\htdocs\peso\index.php(38): CodeIgniter\CodeIgniter->run()
#10 {main}
CRITICAL - 2023-06-14 10:56:54 --> Cannot use object of type stdClass as array
#0 C:\xampp\htdocs\peso\app\Controllers\Dashboard.php(14): App\Libraries\TemplateLib::userInformation('18')
#1 C:\xampp\htdocs\peso\vendor\codeigniter4\framework\system\CodeIgniter.php(809): App\Controllers\Dashboard->__construct()
#2 C:\xampp\htdocs\peso\vendor\codeigniter4\framework\system\CodeIgniter.php(410): CodeIgniter\CodeIgniter->createController()
#3 C:\xampp\htdocs\peso\vendor\codeigniter4\framework\system\CodeIgniter.php(326): CodeIgniter\CodeIgniter->handleRequest(NULL, Object(Config\Cache), false)
#4 C:\xampp\htdocs\peso\index.php(38): CodeIgniter\CodeIgniter->run()
#5 {main}
ERROR - 2023-06-14 10:57:40 --> Table 'baliwagc_peso_db.departments' doesn't exist
ERROR - 2023-06-14 10:58:45 --> Table 'baliwagc_peso_db.logs' doesn't exist
ERROR - 2023-06-14 11:01:14 --> Table 'baliwagc_peso_db.departments' doesn't exist
ERROR - 2023-06-14 11:04:48 --> Table 'baliwagc_peso_db.departments' doesn't exist
ERROR - 2023-06-14 11:08:07 --> Table 'baliwagc_peso_db.departments' doesn't exist
ERROR - 2023-06-14 11:09:13 --> Table 'baliwagc_peso_db.departments' doesn't exist
ERROR - 2023-06-14 11:11:56 --> Table 'baliwagc_peso_db.departments' doesn't exist
ERROR - 2023-06-14 11:12:00 --> Table 'baliwagc_peso_db.departments' doesn't exist
ERROR - 2023-06-14 11:12:59 --> Table 'baliwagc_peso_db.departments' doesn't exist
ERROR - 2023-06-14 11:13:06 --> Table 'baliwagc_peso_db.departments' doesn't exist
ERROR - 2023-06-14 11:13:08 --> Table 'baliwagc_peso_db.departments' doesn't exist
ERROR - 2023-06-14 11:13:09 --> Table 'baliwagc_peso_db.departments' doesn't exist
ERROR - 2023-06-14 11:13:22 --> Table 'baliwagc_peso_db.departments' doesn't exist
ERROR - 2023-06-14 11:13:55 --> Table 'baliwagc_peso_db.departments' doesn't exist
ERROR - 2023-06-14 11:14:52 --> Table 'baliwagc_peso_db.departments' doesn't exist
ERROR - 2023-06-14 11:15:56 --> Table 'baliwagc_peso_db.departments' doesn't exist
ERROR - 2023-06-14 11:16:08 --> Table 'baliwagc_peso_db.logs' doesn't exist
CRITICAL - 2023-06-14 11:40:43 --> Undefined variable $job_id
#0 C:\xampp\htdocs\peso\app\Controllers\Jobs.php(650): CodeIgniter\Debug\Exceptions->errorHandler(2, 'Undefined varia...', 'C:\\xampp\\htdocs...', 650)
#1 C:\xampp\htdocs\peso\vendor\codeigniter4\framework\system\CodeIgniter.php(832): App\Controllers\Jobs->jobApplicantsSearchDataTable()
#2 C:\xampp\htdocs\peso\vendor\codeigniter4\framework\system\CodeIgniter.php(419): CodeIgniter\CodeIgniter->runController(Object(App\Controllers\Jobs))
#3 C:\xampp\htdocs\peso\vendor\codeigniter4\framework\system\CodeIgniter.php(326): CodeIgniter\CodeIgniter->handleRequest(NULL, Object(Config\Cache), false)
#4 C:\xampp\htdocs\peso\index.php(38): CodeIgniter\CodeIgniter->run()
#5 {main}
CRITICAL - 2023-06-14 11:40:48 --> Attempt to read property "user_photo" on bool
#0 C:\xampp\htdocs\peso\app\Views\partials\header.php(3642): CodeIgniter\Debug\Exceptions->errorHandler(2, 'Attempt to read...', 'C:\\xampp\\htdocs...', 3642)
#1 C:\xampp\htdocs\peso\vendor\codeigniter4\framework\system\View\View.php(210): include('C:\\xampp\\htdocs...')
#2 C:\xampp\htdocs\peso\vendor\codeigniter4\framework\system\View\View.php(213): CodeIgniter\View\View->CodeIgniter\View\{closure}()
#3 C:\xampp\htdocs\peso\vendor\codeigniter4\framework\system\View\View.php(424): CodeIgniter\View\View->render('partials/header', NULL, true)
#4 C:\xampp\htdocs\peso\app\Views\layouts\main.php(71): CodeIgniter\View\View->include('partials/header')
#5 C:\xampp\htdocs\peso\vendor\codeigniter4\framework\system\View\View.php(210): include('C:\\xampp\\htdocs...')
#6 C:\xampp\htdocs\peso\vendor\codeigniter4\framework\system\View\View.php(213): CodeIgniter\View\View->CodeIgniter\View\{closure}()
#7 C:\xampp\htdocs\peso\vendor\codeigniter4\framework\system\View\View.php(226): CodeIgniter\View\View->render('layouts/main', Array, true)
#8 C:\xampp\htdocs\peso\vendor\codeigniter4\framework\system\Common.php(1089): CodeIgniter\View\View->render('jobs/job-applic...', Array, true)
#9 C:\xampp\htdocs\peso\app\Controllers\Jobs.php(168): view('jobs/job-applic...', Array)
#10 C:\xampp\htdocs\peso\vendor\codeigniter4\framework\system\CodeIgniter.php(832): App\Controllers\Jobs->search_applications()
#11 C:\xampp\htdocs\peso\vendor\codeigniter4\framework\system\CodeIgniter.php(419): CodeIgniter\CodeIgniter->runController(Object(App\Controllers\Jobs))
#12 C:\xampp\htdocs\peso\vendor\codeigniter4\framework\system\CodeIgniter.php(326): CodeIgniter\CodeIgniter->handleRequest(NULL, Object(Config\Cache), false)
#13 C:\xampp\htdocs\peso\index.php(38): CodeIgniter\CodeIgniter->run()
#14 {main}
CRITICAL - 2023-06-14 11:40:50 --> Undefined variable $job_id
#0 C:\xampp\htdocs\peso\app\Controllers\Jobs.php(650): CodeIgniter\Debug\Exceptions->errorHandler(2, 'Undefined varia...', 'C:\\xampp\\htdocs...', 650)
#1 C:\xampp\htdocs\peso\vendor\codeigniter4\framework\system\CodeIgniter.php(832): App\Controllers\Jobs->jobApplicantsSearchDataTable()
#2 C:\xampp\htdocs\peso\vendor\codeigniter4\framework\system\CodeIgniter.php(419): CodeIgniter\CodeIgniter->runController(Object(App\Controllers\Jobs))
#3 C:\xampp\htdocs\peso\vendor\codeigniter4\framework\system\CodeIgniter.php(326): CodeIgniter\CodeIgniter->handleRequest(NULL, Object(Config\Cache), false)
#4 C:\xampp\htdocs\peso\index.php(38): CodeIgniter\CodeIgniter->run()
#5 {main}
CRITICAL - 2023-06-14 13:22:39 --> Attempt to read property "user_photo" on bool
#0 C:\xampp\htdocs\peso\app\Views\partials\header.php(3642): CodeIgniter\Debug\Exceptions->errorHandler(2, 'Attempt to read...', 'C:\\xampp\\htdocs...', 3642)
#1 C:\xampp\htdocs\peso\vendor\codeigniter4\framework\system\View\View.php(210): include('C:\\xampp\\htdocs...')
#2 C:\xampp\htdocs\peso\vendor\codeigniter4\framework\system\View\View.php(213): CodeIgniter\View\View->CodeIgniter\View\{closure}()
#3 C:\xampp\htdocs\peso\vendor\codeigniter4\framework\system\View\View.php(424): CodeIgniter\View\View->render('partials/header', NULL, true)
#4 C:\xampp\htdocs\peso\app\Views\layouts\main.php(71): CodeIgniter\View\View->include('partials/header')
#5 C:\xampp\htdocs\peso\vendor\codeigniter4\framework\system\View\View.php(210): include('C:\\xampp\\htdocs...')
#6 C:\xampp\htdocs\peso\vendor\codeigniter4\framework\system\View\View.php(213): CodeIgniter\View\View->CodeIgniter\View\{closure}()
#7 C:\xampp\htdocs\peso\vendor\codeigniter4\framework\system\View\View.php(226): CodeIgniter\View\View->render('layouts/main', Array, true)
#8 C:\xampp\htdocs\peso\vendor\codeigniter4\framework\system\Common.php(1089): CodeIgniter\View\View->render('jobs/job-applic...', Array, true)
#9 C:\xampp\htdocs\peso\app\Controllers\Jobs.php(155): view('jobs/job-applic...', Array)
#10 C:\xampp\htdocs\peso\vendor\codeigniter4\framework\system\CodeIgniter.php(832): App\Controllers\Jobs->applications()
#11 C:\xampp\htdocs\peso\vendor\codeigniter4\framework\system\CodeIgniter.php(419): CodeIgniter\CodeIgniter->runController(Object(App\Controllers\Jobs))
#12 C:\xampp\htdocs\peso\vendor\codeigniter4\framework\system\CodeIgniter.php(326): CodeIgniter\CodeIgniter->handleRequest(NULL, Object(Config\Cache), false)
#13 C:\xampp\htdocs\peso\index.php(38): CodeIgniter\CodeIgniter->run()
#14 {main}
ERROR - 2023-06-14 13:25:51 --> You have an error in your SQL syntax; check the manual that corresponds to your MariaDB server version for the right syntax to use near 'IS NULL' at line 6
CRITICAL - 2023-06-14 13:25:51 --> You have an error in your SQL syntax; check the manual that corresponds to your MariaDB server version for the right syntax to use near 'IS NULL' at line 6
#0 C:\xampp\htdocs\peso\vendor\codeigniter4\framework\system\Database\MySQLi\Connection.php(292): mysqli->query('SELECT COUNT(*)...', 0)
#1 C:\xampp\htdocs\peso\vendor\codeigniter4\framework\system\Database\BaseConnection.php(670): CodeIgniter\Database\MySQLi\Connection->execute('SELECT COUNT(*)...')
#2 C:\xampp\htdocs\peso\vendor\codeigniter4\framework\system\Database\BaseConnection.php(598): CodeIgniter\Database\BaseConnection->simpleQuery('SELECT COUNT(*)...')
#3 C:\xampp\htdocs\peso\vendor\codeigniter4\framework\system\Database\BaseBuilder.php(1539): CodeIgniter\Database\BaseConnection->query('SELECT COUNT(*)...', Array, false)
#4 C:\xampp\htdocs\peso\vendor\hermawan\codeigniter4-datatables\src\DataTableQuery.php(53): CodeIgniter\Database\BaseBuilder->countAllResults()
#5 C:\xampp\htdocs\peso\vendor\hermawan\codeigniter4-datatables\src\DataTable.php(174): Hermawan\DataTables\DataTableQuery->countAll()
#6 C:\xampp\htdocs\peso\app\Controllers\Jobs.php(666): Hermawan\DataTables\DataTable->toJson(true)
#7 C:\xampp\htdocs\peso\vendor\codeigniter4\framework\system\CodeIgniter.php(832): App\Controllers\Jobs->jobApplicantsSearchDataTable()
#8 C:\xampp\htdocs\peso\vendor\codeigniter4\framework\system\CodeIgniter.php(419): CodeIgniter\CodeIgniter->runController(Object(App\Controllers\Jobs))
#9 C:\xampp\htdocs\peso\vendor\codeigniter4\framework\system\CodeIgniter.php(326): CodeIgniter\CodeIgniter->handleRequest(NULL, Object(Config\Cache), false)
#10 C:\xampp\htdocs\peso\index.php(38): CodeIgniter\CodeIgniter->run()
#11 {main}
ERROR - 2023-06-14 13:26:02 --> You have an error in your SQL syntax; check the manual that corresponds to your MariaDB server version for the right syntax to use near 'IS NULL' at line 6
CRITICAL - 2023-06-14 13:26:02 --> You have an error in your SQL syntax; check the manual that corresponds to your MariaDB server version for the right syntax to use near 'IS NULL' at line 6
#0 C:\xampp\htdocs\peso\vendor\codeigniter4\framework\system\Database\MySQLi\Connection.php(292): mysqli->query('SELECT COUNT(*)...', 0)
#1 C:\xampp\htdocs\peso\vendor\codeigniter4\framework\system\Database\BaseConnection.php(670): CodeIgniter\Database\MySQLi\Connection->execute('SELECT COUNT(*)...')
#2 C:\xampp\htdocs\peso\vendor\codeigniter4\framework\system\Database\BaseConnection.php(598): CodeIgniter\Database\BaseConnection->simpleQuery('SELECT COUNT(*)...')
#3 C:\xampp\htdocs\peso\vendor\codeigniter4\framework\system\Database\BaseBuilder.php(1539): CodeIgniter\Database\BaseConnection->query('SELECT COUNT(*)...', Array, false)
#4 C:\xampp\htdocs\peso\vendor\hermawan\codeigniter4-datatables\src\DataTableQuery.php(53): CodeIgniter\Database\BaseBuilder->countAllResults()
#5 C:\xampp\htdocs\peso\vendor\hermawan\codeigniter4-datatables\src\DataTable.php(174): Hermawan\DataTables\DataTableQuery->countAll()
#6 C:\xampp\htdocs\peso\app\Controllers\Jobs.php(666): Hermawan\DataTables\DataTable->toJson(true)
#7 C:\xampp\htdocs\peso\vendor\codeigniter4\framework\system\CodeIgniter.php(832): App\Controllers\Jobs->jobApplicantsSearchDataTable()
#8 C:\xampp\htdocs\peso\vendor\codeigniter4\framework\system\CodeIgniter.php(419): CodeIgniter\CodeIgniter->runController(Object(App\Controllers\Jobs))
#9 C:\xampp\htdocs\peso\vendor\codeigniter4\framework\system\CodeIgniter.php(326): CodeIgniter\CodeIgniter->handleRequest(NULL, Object(Config\Cache), false)
#10 C:\xampp\htdocs\peso\index.php(38): CodeIgniter\CodeIgniter->run()
#11 {main}
ERROR - 2023-06-14 13:30:43 --> You have an error in your SQL syntax; check the manual that corresponds to your MariaDB server version for the right syntax to use near 'WHERE (job_title LIKE '%aute%')' at line 6
CRITICAL - 2023-06-14 13:30:43 --> You have an error in your SQL syntax; check the manual that corresponds to your MariaDB server version for the right syntax to use near 'WHERE (job_title LIKE '%aute%')' at line 6
#0 C:\xampp\htdocs\peso\vendor\codeigniter4\framework\system\Database\MySQLi\Connection.php(292): mysqli->query('SELECT COUNT(*)...', 0)
#1 C:\xampp\htdocs\peso\vendor\codeigniter4\framework\system\Database\BaseConnection.php(670): CodeIgniter\Database\MySQLi\Connection->execute('SELECT COUNT(*)...')
#2 C:\xampp\htdocs\peso\vendor\codeigniter4\framework\system\Database\BaseConnection.php(598): CodeIgniter\Database\BaseConnection->simpleQuery('SELECT COUNT(*)...')
#3 C:\xampp\htdocs\peso\vendor\codeigniter4\framework\system\Database\BaseBuilder.php(1539): CodeIgniter\Database\BaseConnection->query('SELECT COUNT(*)...', Array, false)
#4 C:\xampp\htdocs\peso\vendor\hermawan\codeigniter4-datatables\src\DataTableQuery.php(53): CodeIgniter\Database\BaseBuilder->countAllResults()
#5 C:\xampp\htdocs\peso\vendor\hermawan\codeigniter4-datatables\src\DataTable.php(174): Hermawan\DataTables\DataTableQuery->countAll()
#6 C:\xampp\htdocs\peso\app\Controllers\Jobs.php(674): Hermawan\DataTables\DataTable->toJson(true)
#7 C:\xampp\htdocs\peso\vendor\codeigniter4\framework\system\CodeIgniter.php(832): App\Controllers\Jobs->jobApplicantsSearchDataTable('aute', '0')
#8 C:\xampp\htdocs\peso\vendor\codeigniter4\framework\system\CodeIgniter.php(419): CodeIgniter\CodeIgniter->runController(Object(App\Controllers\Jobs))
#9 C:\xampp\htdocs\peso\vendor\codeigniter4\framework\system\CodeIgniter.php(326): CodeIgniter\CodeIgniter->handleRequest(NULL, Object(Config\Cache), false)
#10 C:\xampp\htdocs\peso\index.php(38): CodeIgniter\CodeIgniter->run()
#11 {main}
ERROR - 2023-06-14 13:32:44 --> You have an error in your SQL syntax; check the manual that corresponds to your MariaDB server version for the right syntax to use near 'WHERE (job_title LIKE '%a%')' at line 6
CRITICAL - 2023-06-14 13:32:44 --> You have an error in your SQL syntax; check the manual that corresponds to your MariaDB server version for the right syntax to use near 'WHERE (job_title LIKE '%a%')' at line 6
#0 C:\xampp\htdocs\peso\vendor\codeigniter4\framework\system\Database\MySQLi\Connection.php(292): mysqli->query('SELECT COUNT(*)...', 0)
#1 C:\xampp\htdocs\peso\vendor\codeigniter4\framework\system\Database\BaseConnection.php(670): CodeIgniter\Database\MySQLi\Connection->execute('SELECT COUNT(*)...')
#2 C:\xampp\htdocs\peso\vendor\codeigniter4\framework\system\Database\BaseConnection.php(598): CodeIgniter\Database\BaseConnection->simpleQuery('SELECT COUNT(*)...')
#3 C:\xampp\htdocs\peso\vendor\codeigniter4\framework\system\Database\BaseBuilder.php(1539): CodeIgniter\Database\BaseConnection->query('SELECT COUNT(*)...', Array, false)
#4 C:\xampp\htdocs\peso\vendor\hermawan\codeigniter4-datatables\src\DataTableQuery.php(53): CodeIgniter\Database\BaseBuilder->countAllResults()
#5 C:\xampp\htdocs\peso\vendor\hermawan\codeigniter4-datatables\src\DataTable.php(174): Hermawan\DataTables\DataTableQuery->countAll()
#6 C:\xampp\htdocs\peso\app\Controllers\Jobs.php(675): Hermawan\DataTables\DataTable->toJson(true)
#7 C:\xampp\htdocs\peso\vendor\codeigniter4\framework\system\CodeIgniter.php(832): App\Controllers\Jobs->jobApplicantsSearchDataTable('a', '0')
#8 C:\xampp\htdocs\peso\vendor\codeigniter4\framework\system\CodeIgniter.php(419): CodeIgniter\CodeIgniter->runController(Object(App\Controllers\Jobs))
#9 C:\xampp\htdocs\peso\vendor\codeigniter4\framework\system\CodeIgniter.php(326): CodeIgniter\CodeIgniter->handleRequest(NULL, Object(Config\Cache), false)
#10 C:\xampp\htdocs\peso\index.php(38): CodeIgniter\CodeIgniter->run()
#11 {main}
CRITICAL - 2023-06-14 13:38:18 --> Array to string conversion
#0 C:\xampp\htdocs\peso\app\Controllers\Jobs.php(669): CodeIgniter\Debug\Exceptions->errorHandler(2, 'Array to string...', 'C:\\xampp\\htdocs...', 669)
#1 C:\xampp\htdocs\peso\vendor\codeigniter4\framework\system\CodeIgniter.php(832): App\Controllers\Jobs->jobApplicantsSearchDataTable()
#2 C:\xampp\htdocs\peso\vendor\codeigniter4\framework\system\CodeIgniter.php(419): CodeIgniter\CodeIgniter->runController(Object(App\Controllers\Jobs))
#3 C:\xampp\htdocs\peso\vendor\codeigniter4\framework\system\CodeIgniter.php(326): CodeIgniter\CodeIgniter->handleRequest(NULL, Object(Config\Cache), false)
#4 C:\xampp\htdocs\peso\index.php(38): CodeIgniter\CodeIgniter->run()
#5 {main}
ERROR - 2023-06-14 13:43:50 --> Table 'baliwagc_peso_db.departments' doesn't exist
ERROR - 2023-06-14 13:43:51 --> Table 'baliwagc_peso_db.departments' doesn't exist
ERROR - 2023-06-14 13:45:14 --> Table 'baliwagc_peso_db.departments' doesn't exist
ERROR - 2023-06-14 13:45:15 --> Table 'baliwagc_peso_db.departments' doesn't exist
ERROR - 2023-06-14 13:46:28 --> Table 'baliwagc_peso_db.departments' doesn't exist
ERROR - 2023-06-14 13:46:29 --> Table 'baliwagc_peso_db.departments' doesn't exist
ERROR - 2023-06-14 14:03:06 --> Table 'baliwagc_peso_db.departments' doesn't exist
CRITICAL - 2023-06-14 14:09:42 --> Attempt to read property "user_photo" on bool
#0 C:\xampp\htdocs\peso\app\Views\partials\header.php(3642): CodeIgniter\Debug\Exceptions->errorHandler(2, 'Attempt to read...', 'C:\\xampp\\htdocs...', 3642)
#1 C:\xampp\htdocs\peso\vendor\codeigniter4\framework\system\View\View.php(210): include('C:\\xampp\\htdocs...')
#2 C:\xampp\htdocs\peso\vendor\codeigniter4\framework\system\View\View.php(213): CodeIgniter\View\View->CodeIgniter\View\{closure}()
#3 C:\xampp\htdocs\peso\vendor\codeigniter4\framework\system\View\View.php(424): CodeIgniter\View\View->render('partials/header', NULL, true)
#4 C:\xampp\htdocs\peso\app\Views\layouts\main.php(71): CodeIgniter\View\View->include('partials/header')
#5 C:\xampp\htdocs\peso\vendor\codeigniter4\framework\system\View\View.php(210): include('C:\\xampp\\htdocs...')
#6 C:\xampp\htdocs\peso\vendor\codeigniter4\framework\system\View\View.php(213): CodeIgniter\View\View->CodeIgniter\View\{closure}()
#7 C:\xampp\htdocs\peso\vendor\codeigniter4\framework\system\View\View.php(226): CodeIgniter\View\View->render('layouts/main', Array, true)
#8 C:\xampp\htdocs\peso\vendor\codeigniter4\framework\system\Common.php(1089): CodeIgniter\View\View->render('jobs/job-applic...', Array, true)
#9 C:\xampp\htdocs\peso\app\Controllers\Jobs.php(207): view('jobs/job-applic...', Array)
#10 C:\xampp\htdocs\peso\vendor\codeigniter4\framework\system\CodeIgniter.php(832): App\Controllers\Jobs->applicants('17')
#11 C:\xampp\htdocs\peso\vendor\codeigniter4\framework\system\CodeIgniter.php(419): CodeIgniter\CodeIgniter->runController(Object(App\Controllers\Jobs))
#12 C:\xampp\htdocs\peso\vendor\codeigniter4\framework\system\CodeIgniter.php(326): CodeIgniter\CodeIgniter->handleRequest(NULL, Object(Config\Cache), false)
#13 C:\xampp\htdocs\peso\index.php(38): CodeIgniter\CodeIgniter->run()
#14 {main}
ERROR - 2023-06-14 14:24:01 --> Table 'baliwagc_peso_db.logs' doesn't exist
ERROR - 2023-06-14 14:45:46 --> Table 'baliwagc_peso_db.logs' doesn't exist
ERROR - 2023-06-14 14:45:46 --> Table 'baliwagc_peso_db.departments' doesn't exist
ERROR - 2023-06-14 15:29:32 --> Table 'baliwagc_peso_db.logs' doesn't exist
ERROR - 2023-06-14 15:29:38 --> Table 'baliwagc_peso_db.logs' doesn't exist
ERROR - 2023-06-14 15:29:39 --> Table 'baliwagc_peso_db.departments' doesn't exist
ERROR - 2023-06-14 15:30:54 --> Table 'baliwagc_peso_db.logs' doesn't exist
ERROR - 2023-06-14 15:30:54 --> Table 'baliwagc_peso_db.departments' doesn't exist
ERROR - 2023-06-14 15:31:43 --> Table 'baliwagc_peso_db.logs' doesn't exist
ERROR - 2023-06-14 15:31:43 --> Table 'baliwagc_peso_db.departments' doesn't exist
ERROR - 2023-06-14 15:31:54 --> Table 'baliwagc_peso_db.logs' doesn't exist
ERROR - 2023-06-14 15:31:54 --> Table 'baliwagc_peso_db.departments' doesn't exist
CRITICAL - 2023-06-14 15:36:59 --> Undefined variable $is_others
#0 C:\xampp\htdocs\peso\app\Views\users\editProfile.php(381): CodeIgniter\Debug\Exceptions->errorHandler(2, 'Undefined varia...', 'C:\\xampp\\htdocs...', 381)
#1 C:\xampp\htdocs\peso\vendor\codeigniter4\framework\system\View\View.php(210): include('C:\\xampp\\htdocs...')
#2 C:\xampp\htdocs\peso\vendor\codeigniter4\framework\system\View\View.php(213): CodeIgniter\View\View->CodeIgniter\View\{closure}()
#3 C:\xampp\htdocs\peso\vendor\codeigniter4\framework\system\Common.php(1089): CodeIgniter\View\View->render('users/editProfi...', Array, true)
#4 C:\xampp\htdocs\peso\app\Controllers\Dashboard.php(286): view('users/editProfi...', Array)
#5 C:\xampp\htdocs\peso\vendor\codeigniter4\framework\system\CodeIgniter.php(832): App\Controllers\Dashboard->profile()
#6 C:\xampp\htdocs\peso\vendor\codeigniter4\framework\system\CodeIgniter.php(419): CodeIgniter\CodeIgniter->runController(Object(App\Controllers\Dashboard))
#7 C:\xampp\htdocs\peso\vendor\codeigniter4\framework\system\CodeIgniter.php(326): CodeIgniter\CodeIgniter->handleRequest(NULL, Object(Config\Cache), false)
#8 C:\xampp\htdocs\peso\index.php(38): CodeIgniter\CodeIgniter->run()
#9 {main}
