CRITICAL - 2023-02-15 11:52:23 --> Call to undefined function App\Controllers\deleteFilesOn()
#0 C:\xampp\htdocs\Bessy\vendor\codeigniter4\framework\system\CodeIgniter.php(832): App\Controllers\Users->uploadUserIDs()
#1 C:\xampp\htdocs\Bessy\vendor\codeigniter4\framework\system\CodeIgniter.php(419): CodeIgniter\CodeIgniter->runController(Object(App\Controllers\Users))
#2 C:\xampp\htdocs\Bessy\vendor\codeigniter4\framework\system\CodeIgniter.php(326): CodeIgniter\CodeIgniter->handleRequest(NULL, Object(Config\Cache), false)
#3 C:\xampp\htdocs\Bessy\index.php(38): CodeIgniter\CodeIgniter->run()
#4 {main}
CRITICAL - 2023-02-15 13:47:42 --> rename(C:/xampp/htdocs/Bessy/public/assets/media/validations/temp/3/,C:/xampp/htdocs/Bessy/public/assets/media/validations/3/): Access is denied (code: 5)
#0 [internal function]: CodeIgniter\Debug\Exceptions->errorHandler(2, 'rename(C:/xampp...', 'C:\\xampp\\htdocs...', 250)
#1 C:\xampp\htdocs\Bessy\app\Controllers\UtilController.php(250): rename('C:/xampp/htdocs...', 'C:/xampp/htdocs...')
#2 C:\xampp\htdocs\Bessy\app\Controllers\Users.php(491): App\Controllers\UtilController->moveFilesTo('public/assets/m...', 'public/assets/m...')
#3 C:\xampp\htdocs\Bessy\vendor\codeigniter4\framework\system\CodeIgniter.php(832): App\Controllers\Users->uploadUserIDs()
#4 C:\xampp\htdocs\Bessy\vendor\codeigniter4\framework\system\CodeIgniter.php(419): CodeIgniter\CodeIgniter->runController(Object(App\Controllers\Users))
#5 C:\xampp\htdocs\Bessy\vendor\codeigniter4\framework\system\CodeIgniter.php(326): CodeIgniter\CodeIgniter->handleRequest(NULL, Object(Config\Cache), false)
#6 C:\xampp\htdocs\Bessy\index.php(38): CodeIgniter\CodeIgniter->run()
#7 {main}
CRITICAL - 2023-02-15 13:49:49 --> rename(C:/xampp/htdocs/Bessy/public/assets/media/validations/temp/3,C:/xampp/htdocs/Bessy/public/assets/media/validations/3): Access is denied (code: 5)
#0 [internal function]: CodeIgniter\Debug\Exceptions->errorHandler(2, 'rename(C:/xampp...', 'C:\\xampp\\htdocs...', 251)
#1 C:\xampp\htdocs\Bessy\app\Controllers\UtilController.php(251): rename('C:/xampp/htdocs...', 'C:/xampp/htdocs...')
#2 C:\xampp\htdocs\Bessy\app\Controllers\Users.php(491): App\Controllers\UtilController->moveFilesTo('public/assets/m...', 'public/assets/m...')
#3 C:\xampp\htdocs\Bessy\vendor\codeigniter4\framework\system\CodeIgniter.php(832): App\Controllers\Users->uploadUserIDs()
#4 C:\xampp\htdocs\Bessy\vendor\codeigniter4\framework\system\CodeIgniter.php(419): CodeIgniter\CodeIgniter->runController(Object(App\Controllers\Users))
#5 C:\xampp\htdocs\Bessy\vendor\codeigniter4\framework\system\CodeIgniter.php(326): CodeIgniter\CodeIgniter->handleRequest(NULL, Object(Config\Cache), false)
#6 C:\xampp\htdocs\Bessy\index.php(38): CodeIgniter\CodeIgniter->run()
#7 {main}
CRITICAL - 2023-02-15 13:53:30 --> rename(C:/xampp/htdocs/Bessy/public/assets/media/validations/temp/3,C:/xampp/htdocs/Bessy/public/assets/media/validations/3): Access is denied (code: 5)
#0 [internal function]: CodeIgniter\Debug\Exceptions->errorHandler(2, 'rename(C:/xampp...', 'C:\\xampp\\htdocs...', 252)
#1 C:\xampp\htdocs\Bessy\app\Controllers\UtilController.php(252): rename('C:/xampp/htdocs...', 'C:/xampp/htdocs...')
#2 C:\xampp\htdocs\Bessy\app\Controllers\Users.php(491): App\Controllers\UtilController->moveFilesTo('public/assets/m...', 'public/assets/m...')
#3 C:\xampp\htdocs\Bessy\vendor\codeigniter4\framework\system\CodeIgniter.php(832): App\Controllers\Users->uploadUserIDs()
#4 C:\xampp\htdocs\Bessy\vendor\codeigniter4\framework\system\CodeIgniter.php(419): CodeIgniter\CodeIgniter->runController(Object(App\Controllers\Users))
#5 C:\xampp\htdocs\Bessy\vendor\codeigniter4\framework\system\CodeIgniter.php(326): CodeIgniter\CodeIgniter->handleRequest(NULL, Object(Config\Cache), false)
#6 C:\xampp\htdocs\Bessy\index.php(38): CodeIgniter\CodeIgniter->run()
#7 {main}
CRITICAL - 2023-02-15 14:00:00 --> Call to undefined method App\Controllers\UtilController::moveFilesTo()
#0 C:\xampp\htdocs\Bessy\vendor\codeigniter4\framework\system\CodeIgniter.php(832): App\Controllers\Users->uploadUserIDs()
#1 C:\xampp\htdocs\Bessy\vendor\codeigniter4\framework\system\CodeIgniter.php(419): CodeIgniter\CodeIgniter->runController(Object(App\Controllers\Users))
#2 C:\xampp\htdocs\Bessy\vendor\codeigniter4\framework\system\CodeIgniter.php(326): CodeIgniter\CodeIgniter->handleRequest(NULL, Object(Config\Cache), false)
#3 C:\xampp\htdocs\Bessy\index.php(38): CodeIgniter\CodeIgniter->run()
#4 {main}
CRITICAL - 2023-02-15 14:00:08 --> Undefined variable $tableName
#0 C:\xampp\htdocs\Bessy\app\Controllers\Users.php(502): CodeIgniter\Debug\Exceptions->errorHandler(2, 'Undefined varia...', 'C:\\xampp\\htdocs...', 502)
#1 C:\xampp\htdocs\Bessy\vendor\codeigniter4\framework\system\CodeIgniter.php(832): App\Controllers\Users->uploadUserIDs()
#2 C:\xampp\htdocs\Bessy\vendor\codeigniter4\framework\system\CodeIgniter.php(419): CodeIgniter\CodeIgniter->runController(Object(App\Controllers\Users))
#3 C:\xampp\htdocs\Bessy\vendor\codeigniter4\framework\system\CodeIgniter.php(326): CodeIgniter\CodeIgniter->handleRequest(NULL, Object(Config\Cache), false)
#4 C:\xampp\htdocs\Bessy\index.php(38): CodeIgniter\CodeIgniter->run()
#5 {main}
CRITICAL - 2023-02-15 14:01:54 --> Undefined variable $tableName
#0 C:\xampp\htdocs\Bessy\app\Controllers\Users.php(503): CodeIgniter\Debug\Exceptions->errorHandler(2, 'Undefined varia...', 'C:\\xampp\\htdocs...', 503)
#1 C:\xampp\htdocs\Bessy\vendor\codeigniter4\framework\system\CodeIgniter.php(832): App\Controllers\Users->uploadUserIDs()
#2 C:\xampp\htdocs\Bessy\vendor\codeigniter4\framework\system\CodeIgniter.php(419): CodeIgniter\CodeIgniter->runController(Object(App\Controllers\Users))
#3 C:\xampp\htdocs\Bessy\vendor\codeigniter4\framework\system\CodeIgniter.php(326): CodeIgniter\CodeIgniter->handleRequest(NULL, Object(Config\Cache), false)
#4 C:\xampp\htdocs\Bessy\index.php(38): CodeIgniter\CodeIgniter->run()
#5 {main}
CRITICAL - 2023-02-15 14:03:57 --> scandir(C:/xampp/htdocs/Bessy/public/assets/media/validations/temp/3): The system cannot find the file specifi (code: 2)
#0 [internal function]: CodeIgniter\Debug\Exceptions->errorHandler(2, 'scandir(C:/xamp...', 'C:\\xampp\\htdocs...', 205)
#1 C:\xampp\htdocs\Bessy\app\Controllers\UtilController.php(205): scandir('C:/xampp/htdocs...')
#2 C:\xampp\htdocs\Bessy\app\Controllers\Users.php(475): App\Controllers\UtilController->deleteFilesOn('public/assets/m...')
#3 C:\xampp\htdocs\Bessy\vendor\codeigniter4\framework\system\CodeIgniter.php(832): App\Controllers\Users->uploadUserIDs()
#4 C:\xampp\htdocs\Bessy\vendor\codeigniter4\framework\system\CodeIgniter.php(419): CodeIgniter\CodeIgniter->runController(Object(App\Controllers\Users))
#5 C:\xampp\htdocs\Bessy\vendor\codeigniter4\framework\system\CodeIgniter.php(326): CodeIgniter\CodeIgniter->handleRequest(NULL, Object(Config\Cache), false)
#6 C:\xampp\htdocs\Bessy\index.php(38): CodeIgniter\CodeIgniter->run()
#7 {main}
