ERROR - 2023-05-10 08:41:19 --> Table 'baliwagc_peso_db.logs' doesn't exist
ERROR - 2023-05-10 08:48:20 --> Table 'baliwagc_peso_db.departments' doesn't exist
ERROR - 2023-05-10 08:48:21 --> Table 'baliwagc_peso_db.departments' doesn't exist
ERROR - 2023-05-10 08:55:55 --> Table 'baliwagc_peso_db.departments' doesn't exist
ERROR - 2023-05-10 08:55:59 --> Table 'baliwagc_peso_db.departments' doesn't exist
ERROR - 2023-05-10 08:56:06 --> Table 'baliwagc_peso_db.logs' doesn't exist
ERROR - 2023-05-10 08:56:24 --> Table 'baliwagc_peso_db.departments' doesn't exist
ERROR - 2023-05-10 08:56:26 --> Table 'baliwagc_peso_db.departments' doesn't exist
ERROR - 2023-05-10 08:57:19 --> Table 'baliwagc_peso_db.departments' doesn't exist
ERROR - 2023-05-10 08:57:19 --> Unknown column 'user_info.dept_id' in 'field list'
CRITICAL - 2023-05-10 08:57:19 --> Unknown column 'user_info.dept_id' in 'field list'
#0 C:\xampp\htdocs\peso\vendor\codeigniter4\framework\system\Database\MySQLi\Connection.php(292): mysqli->query('SELECT `users`....', 0)
#1 C:\xampp\htdocs\peso\vendor\codeigniter4\framework\system\Database\BaseConnection.php(670): CodeIgniter\Database\MySQLi\Connection->execute('SELECT `users`....')
#2 C:\xampp\htdocs\peso\vendor\codeigniter4\framework\system\Database\BaseConnection.php(598): CodeIgniter\Database\BaseConnection->simpleQuery('SELECT `users`....')
#3 C:\xampp\htdocs\peso\vendor\codeigniter4\framework\system\Database\BaseBuilder.php(1455): CodeIgniter\Database\BaseConnection->query('SELECT `users`....', Array, false)
#4 C:\xampp\htdocs\peso\app\Models\UsersModel.php(33): CodeIgniter\Database\BaseBuilder->get()
#5 C:\xampp\htdocs\peso\app\Controllers\Users.php(85): App\Models\UsersModel->getSpecificUser('2')
#6 C:\xampp\htdocs\peso\vendor\codeigniter4\framework\system\CodeIgniter.php(832): App\Controllers\Users->getSpecificUser('2')
#7 C:\xampp\htdocs\peso\vendor\codeigniter4\framework\system\CodeIgniter.php(419): CodeIgniter\CodeIgniter->runController(Object(App\Controllers\Users))
#8 C:\xampp\htdocs\peso\vendor\codeigniter4\framework\system\CodeIgniter.php(326): CodeIgniter\CodeIgniter->handleRequest(NULL, Object(Config\Cache), false)
#9 C:\xampp\htdocs\peso\index.php(38): CodeIgniter\CodeIgniter->run()
#10 {main}
ERROR - 2023-05-10 08:57:37 --> Table 'baliwagc_peso_db.logs' doesn't exist
ERROR - 2023-05-10 08:57:38 --> Table 'baliwagc_peso_db.departments' doesn't exist
ERROR - 2023-05-10 08:58:15 --> Table 'baliwagc_peso_db.departments' doesn't exist
ERROR - 2023-05-10 08:58:16 --> Table 'baliwagc_peso_db.departments' doesn't exist
ERROR - 2023-05-10 08:58:17 --> Table 'baliwagc_peso_db.departments' doesn't exist
ERROR - 2023-05-10 08:58:51 --> Table 'baliwagc_peso_db.departments' doesn't exist
ERROR - 2023-05-10 08:58:55 --> Table 'baliwagc_peso_db.departments' doesn't exist
ERROR - 2023-05-10 09:00:52 --> Table 'baliwagc_peso_db.departments' doesn't exist
ERROR - 2023-05-10 09:00:52 --> Unknown column 'user_info.dept_id' in 'field list'
CRITICAL - 2023-05-10 09:00:52 --> Unknown column 'user_info.dept_id' in 'field list'
#0 C:\xampp\htdocs\peso\vendor\codeigniter4\framework\system\Database\MySQLi\Connection.php(292): mysqli->query('SELECT `users`....', 0)
#1 C:\xampp\htdocs\peso\vendor\codeigniter4\framework\system\Database\BaseConnection.php(670): CodeIgniter\Database\MySQLi\Connection->execute('SELECT `users`....')
#2 C:\xampp\htdocs\peso\vendor\codeigniter4\framework\system\Database\BaseConnection.php(598): CodeIgniter\Database\BaseConnection->simpleQuery('SELECT `users`....')
#3 C:\xampp\htdocs\peso\vendor\codeigniter4\framework\system\Database\BaseBuilder.php(1455): CodeIgniter\Database\BaseConnection->query('SELECT `users`....', Array, false)
#4 C:\xampp\htdocs\peso\app\Models\UsersModel.php(33): CodeIgniter\Database\BaseBuilder->get()
#5 C:\xampp\htdocs\peso\app\Controllers\Users.php(85): App\Models\UsersModel->getSpecificUser('2')
#6 C:\xampp\htdocs\peso\vendor\codeigniter4\framework\system\CodeIgniter.php(832): App\Controllers\Users->getSpecificUser('2')
#7 C:\xampp\htdocs\peso\vendor\codeigniter4\framework\system\CodeIgniter.php(419): CodeIgniter\CodeIgniter->runController(Object(App\Controllers\Users))
#8 C:\xampp\htdocs\peso\vendor\codeigniter4\framework\system\CodeIgniter.php(326): CodeIgniter\CodeIgniter->handleRequest(NULL, Object(Config\Cache), false)
#9 C:\xampp\htdocs\peso\index.php(38): CodeIgniter\CodeIgniter->run()
#10 {main}
ERROR - 2023-05-10 09:01:00 --> Table 'baliwagc_peso_db.departments' doesn't exist
ERROR - 2023-05-10 09:01:02 --> Table 'baliwagc_peso_db.departments' doesn't exist
ERROR - 2023-05-10 09:01:04 --> Table 'baliwagc_peso_db.departments' doesn't exist
ERROR - 2023-05-10 09:01:04 --> Unknown column 'user_info.dept_id' in 'field list'
CRITICAL - 2023-05-10 09:01:04 --> Unknown column 'user_info.dept_id' in 'field list'
#0 C:\xampp\htdocs\peso\vendor\codeigniter4\framework\system\Database\MySQLi\Connection.php(292): mysqli->query('SELECT `users`....', 0)
#1 C:\xampp\htdocs\peso\vendor\codeigniter4\framework\system\Database\BaseConnection.php(670): CodeIgniter\Database\MySQLi\Connection->execute('SELECT `users`....')
#2 C:\xampp\htdocs\peso\vendor\codeigniter4\framework\system\Database\BaseConnection.php(598): CodeIgniter\Database\BaseConnection->simpleQuery('SELECT `users`....')
#3 C:\xampp\htdocs\peso\vendor\codeigniter4\framework\system\Database\BaseBuilder.php(1455): CodeIgniter\Database\BaseConnection->query('SELECT `users`....', Array, false)
#4 C:\xampp\htdocs\peso\app\Models\UsersModel.php(33): CodeIgniter\Database\BaseBuilder->get()
#5 C:\xampp\htdocs\peso\app\Controllers\Users.php(85): App\Models\UsersModel->getSpecificUser('2')
#6 C:\xampp\htdocs\peso\vendor\codeigniter4\framework\system\CodeIgniter.php(832): App\Controllers\Users->getSpecificUser('2')
#7 C:\xampp\htdocs\peso\vendor\codeigniter4\framework\system\CodeIgniter.php(419): CodeIgniter\CodeIgniter->runController(Object(App\Controllers\Users))
#8 C:\xampp\htdocs\peso\vendor\codeigniter4\framework\system\CodeIgniter.php(326): CodeIgniter\CodeIgniter->handleRequest(NULL, Object(Config\Cache), false)
#9 C:\xampp\htdocs\peso\index.php(38): CodeIgniter\CodeIgniter->run()
#10 {main}
ERROR - 2023-05-10 09:01:51 --> Table 'baliwagc_peso_db.departments' doesn't exist
ERROR - 2023-05-10 09:01:53 --> Table 'baliwagc_peso_db.departments' doesn't exist
ERROR - 2023-05-10 09:01:54 --> Table 'baliwagc_peso_db.departments' doesn't exist
ERROR - 2023-05-10 09:06:52 --> Table 'baliwagc_peso_db.departments' doesn't exist
CRITICAL - 2023-05-10 09:06:52 --> Undefined array key "status"
#0 C:\xampp\htdocs\peso\app\Controllers\Users.php(25): CodeIgniter\Debug\Exceptions->errorHandler(2, 'Undefined array...', 'C:\\xampp\\htdocs...', 25)
#1 C:\xampp\htdocs\peso\vendor\codeigniter4\framework\system\CodeIgniter.php(832): App\Controllers\Users->index()
#2 C:\xampp\htdocs\peso\vendor\codeigniter4\framework\system\CodeIgniter.php(419): CodeIgniter\CodeIgniter->runController(Object(App\Controllers\Users))
#3 C:\xampp\htdocs\peso\vendor\codeigniter4\framework\system\CodeIgniter.php(326): CodeIgniter\CodeIgniter->handleRequest(NULL, Object(Config\Cache), false)
#4 C:\xampp\htdocs\peso\index.php(38): CodeIgniter\CodeIgniter->run()
#5 {main}
ERROR - 2023-05-10 09:07:46 --> Table 'baliwagc_peso_db.departments' doesn't exist
ERROR - 2023-05-10 09:07:48 --> Table 'baliwagc_peso_db.departments' doesn't exist
ERROR - 2023-05-10 09:08:20 --> Table 'baliwagc_peso_db.departments' doesn't exist
CRITICAL - 2023-05-10 09:08:20 --> Undefined property: stdClass::$role_id
#0 C:\xampp\htdocs\peso\app\Views\users\users.php(120): CodeIgniter\Debug\Exceptions->errorHandler(2, 'Undefined prope...', 'C:\\xampp\\htdocs...', 120)
#1 C:\xampp\htdocs\peso\vendor\codeigniter4\framework\system\View\View.php(210): include('C:\\xampp\\htdocs...')
#2 C:\xampp\htdocs\peso\vendor\codeigniter4\framework\system\View\View.php(213): CodeIgniter\View\View->CodeIgniter\View\{closure}()
#3 C:\xampp\htdocs\peso\vendor\codeigniter4\framework\system\Common.php(1089): CodeIgniter\View\View->render('users/users', Array, true)
#4 C:\xampp\htdocs\peso\app\Controllers\Users.php(33): view('users/users', Array)
#5 C:\xampp\htdocs\peso\vendor\codeigniter4\framework\system\CodeIgniter.php(832): App\Controllers\Users->index()
#6 C:\xampp\htdocs\peso\vendor\codeigniter4\framework\system\CodeIgniter.php(419): CodeIgniter\CodeIgniter->runController(Object(App\Controllers\Users))
#7 C:\xampp\htdocs\peso\vendor\codeigniter4\framework\system\CodeIgniter.php(326): CodeIgniter\CodeIgniter->handleRequest(NULL, Object(Config\Cache), false)
#8 C:\xampp\htdocs\peso\index.php(38): CodeIgniter\CodeIgniter->run()
#9 {main}
ERROR - 2023-05-10 09:08:31 --> Table 'baliwagc_peso_db.departments' doesn't exist
ERROR - 2023-05-10 09:08:32 --> Table 'baliwagc_peso_db.departments' doesn't exist
ERROR - 2023-05-10 09:08:34 --> Table 'baliwagc_peso_db.departments' doesn't exist
ERROR - 2023-05-10 09:08:53 --> Table 'baliwagc_peso_db.departments' doesn't exist
ERROR - 2023-05-10 09:08:54 --> Table 'baliwagc_peso_db.departments' doesn't exist
ERROR - 2023-05-10 09:08:56 --> Table 'baliwagc_peso_db.departments' doesn't exist
ERROR - 2023-05-10 09:09:20 --> Table 'baliwagc_peso_db.departments' doesn't exist
ERROR - 2023-05-10 09:10:39 --> Table 'baliwagc_peso_db.departments' doesn't exist
ERROR - 2023-05-10 09:10:40 --> Table 'baliwagc_peso_db.departments' doesn't exist
ERROR - 2023-05-10 09:10:40 --> Column 'role' in where clause is ambiguous
CRITICAL - 2023-05-10 09:10:40 --> Column 'role' in where clause is ambiguous
#0 C:\xampp\htdocs\peso\vendor\codeigniter4\framework\system\Database\MySQLi\Connection.php(292): mysqli->query('SELECT COUNT(*)...', 0)
#1 C:\xampp\htdocs\peso\vendor\codeigniter4\framework\system\Database\BaseConnection.php(670): CodeIgniter\Database\MySQLi\Connection->execute('SELECT COUNT(*)...')
#2 C:\xampp\htdocs\peso\vendor\codeigniter4\framework\system\Database\BaseConnection.php(598): CodeIgniter\Database\BaseConnection->simpleQuery('SELECT COUNT(*)...')
#3 C:\xampp\htdocs\peso\vendor\codeigniter4\framework\system\Database\BaseBuilder.php(1539): CodeIgniter\Database\BaseConnection->query('SELECT COUNT(*)...', Array, false)
#4 C:\xampp\htdocs\peso\vendor\hermawan\codeigniter4-datatables\src\DataTableQuery.php(53): CodeIgniter\Database\BaseBuilder->countAllResults()
#5 C:\xampp\htdocs\peso\vendor\hermawan\codeigniter4-datatables\src\DataTable.php(174): Hermawan\DataTables\DataTableQuery->countAll()
#6 C:\xampp\htdocs\peso\app\Controllers\Users.php(96): Hermawan\DataTables\DataTable->toJson(true)
#7 C:\xampp\htdocs\peso\vendor\codeigniter4\framework\system\CodeIgniter.php(832): App\Controllers\Users->getUsers()
#8 C:\xampp\htdocs\peso\vendor\codeigniter4\framework\system\CodeIgniter.php(419): CodeIgniter\CodeIgniter->runController(Object(App\Controllers\Users))
#9 C:\xampp\htdocs\peso\vendor\codeigniter4\framework\system\CodeIgniter.php(326): CodeIgniter\CodeIgniter->handleRequest(NULL, Object(Config\Cache), false)
#10 C:\xampp\htdocs\peso\index.php(38): CodeIgniter\CodeIgniter->run()
#11 {main}
ERROR - 2023-05-10 09:10:46 --> Table 'baliwagc_peso_db.departments' doesn't exist
ERROR - 2023-05-10 09:10:48 --> Table 'baliwagc_peso_db.departments' doesn't exist
ERROR - 2023-05-10 09:10:48 --> Column 'role' in where clause is ambiguous
CRITICAL - 2023-05-10 09:10:48 --> Column 'role' in where clause is ambiguous
#0 C:\xampp\htdocs\peso\vendor\codeigniter4\framework\system\Database\MySQLi\Connection.php(292): mysqli->query('SELECT COUNT(*)...', 0)
#1 C:\xampp\htdocs\peso\vendor\codeigniter4\framework\system\Database\BaseConnection.php(670): CodeIgniter\Database\MySQLi\Connection->execute('SELECT COUNT(*)...')
#2 C:\xampp\htdocs\peso\vendor\codeigniter4\framework\system\Database\BaseConnection.php(598): CodeIgniter\Database\BaseConnection->simpleQuery('SELECT COUNT(*)...')
#3 C:\xampp\htdocs\peso\vendor\codeigniter4\framework\system\Database\BaseBuilder.php(1539): CodeIgniter\Database\BaseConnection->query('SELECT COUNT(*)...', Array, false)
#4 C:\xampp\htdocs\peso\vendor\hermawan\codeigniter4-datatables\src\DataTableQuery.php(53): CodeIgniter\Database\BaseBuilder->countAllResults()
#5 C:\xampp\htdocs\peso\vendor\hermawan\codeigniter4-datatables\src\DataTable.php(174): Hermawan\DataTables\DataTableQuery->countAll()
#6 C:\xampp\htdocs\peso\app\Controllers\Users.php(96): Hermawan\DataTables\DataTable->toJson(true)
#7 C:\xampp\htdocs\peso\vendor\codeigniter4\framework\system\CodeIgniter.php(832): App\Controllers\Users->getUsers()
#8 C:\xampp\htdocs\peso\vendor\codeigniter4\framework\system\CodeIgniter.php(419): CodeIgniter\CodeIgniter->runController(Object(App\Controllers\Users))
#9 C:\xampp\htdocs\peso\vendor\codeigniter4\framework\system\CodeIgniter.php(326): CodeIgniter\CodeIgniter->handleRequest(NULL, Object(Config\Cache), false)
#10 C:\xampp\htdocs\peso\index.php(38): CodeIgniter\CodeIgniter->run()
#11 {main}
ERROR - 2023-05-10 09:11:04 --> Table 'baliwagc_peso_db.departments' doesn't exist
ERROR - 2023-05-10 09:11:06 --> Table 'baliwagc_peso_db.departments' doesn't exist
ERROR - 2023-05-10 09:11:17 --> Table 'baliwagc_peso_db.departments' doesn't exist
ERROR - 2023-05-10 09:12:23 --> Table 'baliwagc_peso_db.departments' doesn't exist
ERROR - 2023-05-10 09:12:24 --> Table 'baliwagc_peso_db.departments' doesn't exist
ERROR - 2023-05-10 09:12:24 --> Table 'baliwagc_peso_db.departments' doesn't exist
ERROR - 2023-05-10 09:12:27 --> Table 'baliwagc_peso_db.departments' doesn't exist
ERROR - 2023-05-10 09:12:30 --> Table 'baliwagc_peso_db.departments' doesn't exist
ERROR - 2023-05-10 09:12:33 --> Table 'baliwagc_peso_db.departments' doesn't exist
ERROR - 2023-05-10 09:12:35 --> Table 'baliwagc_peso_db.departments' doesn't exist
ERROR - 2023-05-10 09:12:47 --> Table 'baliwagc_peso_db.departments' doesn't exist
ERROR - 2023-05-10 09:13:44 --> Table 'baliwagc_peso_db.departments' doesn't exist
ERROR - 2023-05-10 09:13:47 --> Table 'baliwagc_peso_db.departments' doesn't exist
ERROR - 2023-05-10 09:13:49 --> Table 'baliwagc_peso_db.departments' doesn't exist
ERROR - 2023-05-10 09:16:40 --> Table 'baliwagc_peso_db.departments' doesn't exist
ERROR - 2023-05-10 09:16:42 --> Table 'baliwagc_peso_db.departments' doesn't exist
ERROR - 2023-05-10 09:16:43 --> Table 'baliwagc_peso_db.departments' doesn't exist
ERROR - 2023-05-10 09:18:42 --> Table 'baliwagc_peso_db.departments' doesn't exist
ERROR - 2023-05-10 09:18:44 --> Table 'baliwagc_peso_db.departments' doesn't exist
ERROR - 2023-05-10 09:18:48 --> Table 'baliwagc_peso_db.departments' doesn't exist
ERROR - 2023-05-10 09:19:11 --> Table 'baliwagc_peso_db.departments' doesn't exist
ERROR - 2023-05-10 09:19:12 --> Table 'baliwagc_peso_db.departments' doesn't exist
ERROR - 2023-05-10 09:19:13 --> Table 'baliwagc_peso_db.departments' doesn't exist
ERROR - 2023-05-10 09:19:30 --> Table 'baliwagc_peso_db.departments' doesn't exist
ERROR - 2023-05-10 09:19:31 --> Table 'baliwagc_peso_db.departments' doesn't exist
ERROR - 2023-05-10 09:19:32 --> Table 'baliwagc_peso_db.departments' doesn't exist
ERROR - 2023-05-10 09:20:01 --> Table 'baliwagc_peso_db.departments' doesn't exist
ERROR - 2023-05-10 09:20:03 --> Table 'baliwagc_peso_db.departments' doesn't exist
ERROR - 2023-05-10 09:20:06 --> Table 'baliwagc_peso_db.departments' doesn't exist
ERROR - 2023-05-10 09:20:55 --> Table 'baliwagc_peso_db.departments' doesn't exist
ERROR - 2023-05-10 09:20:56 --> Table 'baliwagc_peso_db.departments' doesn't exist
ERROR - 2023-05-10 09:20:58 --> Table 'baliwagc_peso_db.departments' doesn't exist
ERROR - 2023-05-10 09:21:08 --> Table 'baliwagc_peso_db.departments' doesn't exist
ERROR - 2023-05-10 09:21:09 --> Table 'baliwagc_peso_db.departments' doesn't exist
ERROR - 2023-05-10 09:21:10 --> Table 'baliwagc_peso_db.departments' doesn't exist
ERROR - 2023-05-10 09:21:18 --> Table 'baliwagc_peso_db.departments' doesn't exist
ERROR - 2023-05-10 09:21:22 --> Table 'baliwagc_peso_db.departments' doesn't exist
ERROR - 2023-05-10 09:21:26 --> Table 'baliwagc_peso_db.departments' doesn't exist
ERROR - 2023-05-10 09:21:33 --> Table 'baliwagc_peso_db.departments' doesn't exist
ERROR - 2023-05-10 09:26:08 --> Table 'baliwagc_peso_db.departments' doesn't exist
ERROR - 2023-05-10 09:26:09 --> Table 'baliwagc_peso_db.departments' doesn't exist
ERROR - 2023-05-10 09:26:11 --> Table 'baliwagc_peso_db.departments' doesn't exist
ERROR - 2023-05-10 09:26:16 --> Table 'baliwagc_peso_db.departments' doesn't exist
ERROR - 2023-05-10 09:26:16 --> Table 'baliwagc_peso_db.departments' doesn't exist
ERROR - 2023-05-10 09:26:21 --> Table 'baliwagc_peso_db.departments' doesn't exist
ERROR - 2023-05-10 09:26:22 --> Table 'baliwagc_peso_db.departments' doesn't exist
ERROR - 2023-05-10 09:26:35 --> Table 'baliwagc_peso_db.departments' doesn't exist
ERROR - 2023-05-10 09:26:36 --> Table 'baliwagc_peso_db.departments' doesn't exist
ERROR - 2023-05-10 09:26:37 --> Table 'baliwagc_peso_db.departments' doesn't exist
ERROR - 2023-05-10 09:26:41 --> Table 'baliwagc_peso_db.departments' doesn't exist
ERROR - 2023-05-10 09:26:43 --> Table 'baliwagc_peso_db.departments' doesn't exist
ERROR - 2023-05-10 09:26:45 --> Table 'baliwagc_peso_db.departments' doesn't exist
ERROR - 2023-05-10 09:26:47 --> Table 'baliwagc_peso_db.departments' doesn't exist
ERROR - 2023-05-10 09:26:53 --> Table 'baliwagc_peso_db.departments' doesn't exist
ERROR - 2023-05-10 09:28:12 --> Table 'baliwagc_peso_db.departments' doesn't exist
ERROR - 2023-05-10 09:28:13 --> Table 'baliwagc_peso_db.departments' doesn't exist
ERROR - 2023-05-10 09:28:15 --> Table 'baliwagc_peso_db.departments' doesn't exist
ERROR - 2023-05-10 09:28:22 --> Table 'baliwagc_peso_db.departments' doesn't exist
ERROR - 2023-05-10 09:28:56 --> Table 'baliwagc_peso_db.departments' doesn't exist
ERROR - 2023-05-10 09:28:57 --> Table 'baliwagc_peso_db.departments' doesn't exist
ERROR - 2023-05-10 09:29:00 --> Table 'baliwagc_peso_db.departments' doesn't exist
ERROR - 2023-05-10 09:29:16 --> Table 'baliwagc_peso_db.departments' doesn't exist
ERROR - 2023-05-10 09:29:16 --> Table 'baliwagc_peso_db.departments' doesn't exist
ERROR - 2023-05-10 09:29:28 --> Table 'baliwagc_peso_db.departments' doesn't exist
ERROR - 2023-05-10 09:29:28 --> Table 'baliwagc_peso_db.departments' doesn't exist
ERROR - 2023-05-10 09:29:37 --> Table 'baliwagc_peso_db.departments' doesn't exist
ERROR - 2023-05-10 09:29:37 --> Unknown column 'dept_id' in 'field list'
ERROR - 2023-05-10 09:29:59 --> Table 'baliwagc_peso_db.departments' doesn't exist
ERROR - 2023-05-10 09:29:59 --> Duplicate entry 'buzuculu@mailinator.com' for key 'email'
ERROR - 2023-05-10 09:30:15 --> Table 'baliwagc_peso_db.departments' doesn't exist
ERROR - 2023-05-10 09:30:16 --> Table 'baliwagc_peso_db.departments' doesn't exist
ERROR - 2023-05-10 09:30:21 --> Table 'baliwagc_peso_db.departments' doesn't exist
ERROR - 2023-05-10 09:30:21 --> Table 'baliwagc_peso_db.departments' doesn't exist
ERROR - 2023-05-10 09:30:22 --> Table 'baliwagc_peso_db.departments' doesn't exist
ERROR - 2023-05-10 09:30:23 --> Table 'baliwagc_peso_db.departments' doesn't exist
ERROR - 2023-05-10 09:30:24 --> Table 'baliwagc_peso_db.departments' doesn't exist
ERROR - 2023-05-10 09:30:27 --> Table 'baliwagc_peso_db.departments' doesn't exist
ERROR - 2023-05-10 09:30:36 --> Table 'baliwagc_peso_db.departments' doesn't exist
ERROR - 2023-05-10 09:30:36 --> Table 'baliwagc_peso_db.departments' doesn't exist
ERROR - 2023-05-10 09:30:38 --> Table 'baliwagc_peso_db.departments' doesn't exist
ERROR - 2023-05-10 09:30:43 --> Table 'baliwagc_peso_db.departments' doesn't exist
ERROR - 2023-05-10 09:30:43 --> Table 'baliwagc_peso_db.departments' doesn't exist
ERROR - 2023-05-10 09:30:45 --> Table 'baliwagc_peso_db.departments' doesn't exist
ERROR - 2023-05-10 09:30:47 --> Table 'baliwagc_peso_db.departments' doesn't exist
ERROR - 2023-05-10 09:30:47 --> Table 'baliwagc_peso_db.departments' doesn't exist
ERROR - 2023-05-10 09:30:49 --> Table 'baliwagc_peso_db.departments' doesn't exist
ERROR - 2023-05-10 09:30:51 --> Table 'baliwagc_peso_db.departments' doesn't exist
ERROR - 2023-05-10 09:30:52 --> Table 'baliwagc_peso_db.departments' doesn't exist
ERROR - 2023-05-10 09:30:53 --> Table 'baliwagc_peso_db.departments' doesn't exist
ERROR - 2023-05-10 09:30:56 --> Table 'baliwagc_peso_db.departments' doesn't exist
ERROR - 2023-05-10 09:30:57 --> Table 'baliwagc_peso_db.departments' doesn't exist
ERROR - 2023-05-10 09:30:58 --> Table 'baliwagc_peso_db.departments' doesn't exist
ERROR - 2023-05-10 09:31:01 --> Table 'baliwagc_peso_db.departments' doesn't exist
ERROR - 2023-05-10 09:31:01 --> Table 'baliwagc_peso_db.departments' doesn't exist
ERROR - 2023-05-10 09:31:50 --> Table 'baliwagc_peso_db.departments' doesn't exist
ERROR - 2023-05-10 09:31:51 --> Table 'baliwagc_peso_db.departments' doesn't exist
ERROR - 2023-05-10 09:32:19 --> Table 'baliwagc_peso_db.departments' doesn't exist
ERROR - 2023-05-10 09:35:55 --> Table 'baliwagc_peso_db.departments' doesn't exist
ERROR - 2023-05-10 09:35:55 --> Table 'baliwagc_peso_db.departments' doesn't exist
ERROR - 2023-05-10 09:36:03 --> Table 'baliwagc_peso_db.departments' doesn't exist
ERROR - 2023-05-10 09:36:04 --> Table 'baliwagc_peso_db.departments' doesn't exist
ERROR - 2023-05-10 09:36:21 --> Table 'baliwagc_peso_db.departments' doesn't exist
ERROR - 2023-05-10 09:36:22 --> Table 'baliwagc_peso_db.departments' doesn't exist
ERROR - 2023-05-10 09:42:56 --> Table 'baliwagc_peso_db.departments' doesn't exist
ERROR - 2023-05-10 09:42:59 --> Table 'baliwagc_peso_db.departments' doesn't exist
ERROR - 2023-05-10 09:43:07 --> Table 'baliwagc_peso_db.departments' doesn't exist
ERROR - 2023-05-10 09:43:08 --> Table 'baliwagc_peso_db.departments' doesn't exist
ERROR - 2023-05-10 09:43:09 --> Table 'baliwagc_peso_db.departments' doesn't exist
ERROR - 2023-05-10 09:43:10 --> Table 'baliwagc_peso_db.departments' doesn't exist
ERROR - 2023-05-10 09:45:27 --> Table 'baliwagc_peso_db.departments' doesn't exist
ERROR - 2023-05-10 09:45:28 --> Table 'baliwagc_peso_db.departments' doesn't exist
ERROR - 2023-05-10 09:45:29 --> Table 'baliwagc_peso_db.departments' doesn't exist
ERROR - 2023-05-10 09:45:32 --> Table 'baliwagc_peso_db.departments' doesn't exist
ERROR - 2023-05-10 09:45:32 --> Table 'baliwagc_peso_db.departments' doesn't exist
ERROR - 2023-05-10 09:46:39 --> Table 'baliwagc_peso_db.departments' doesn't exist
ERROR - 2023-05-10 09:46:40 --> Table 'baliwagc_peso_db.departments' doesn't exist
ERROR - 2023-05-10 09:47:48 --> Table 'baliwagc_peso_db.departments' doesn't exist
ERROR - 2023-05-10 09:47:48 --> Table 'baliwagc_peso_db.departments' doesn't exist
ERROR - 2023-05-10 09:48:13 --> Table 'baliwagc_peso_db.departments' doesn't exist
ERROR - 2023-05-10 09:48:14 --> Table 'baliwagc_peso_db.departments' doesn't exist
ERROR - 2023-05-10 09:49:42 --> Table 'baliwagc_peso_db.departments' doesn't exist
ERROR - 2023-05-10 09:49:43 --> Table 'baliwagc_peso_db.departments' doesn't exist
ERROR - 2023-05-10 09:49:43 --> Not unique table/alias: 'p'
CRITICAL - 2023-05-10 09:49:43 --> Not unique table/alias: 'p'
#0 C:\xampp\htdocs\peso\vendor\codeigniter4\framework\system\Database\MySQLi\Connection.php(292): mysqli->query('SELECT COUNT(*)...', 0)
#1 C:\xampp\htdocs\peso\vendor\codeigniter4\framework\system\Database\BaseConnection.php(670): CodeIgniter\Database\MySQLi\Connection->execute('SELECT COUNT(*)...')
#2 C:\xampp\htdocs\peso\vendor\codeigniter4\framework\system\Database\BaseConnection.php(598): CodeIgniter\Database\BaseConnection->simpleQuery('SELECT COUNT(*)...')
#3 C:\xampp\htdocs\peso\vendor\codeigniter4\framework\system\Database\BaseBuilder.php(1539): CodeIgniter\Database\BaseConnection->query('SELECT COUNT(*)...', Array, false)
#4 C:\xampp\htdocs\peso\vendor\hermawan\codeigniter4-datatables\src\DataTableQuery.php(53): CodeIgniter\Database\BaseBuilder->countAllResults()
#5 C:\xampp\htdocs\peso\vendor\hermawan\codeigniter4-datatables\src\DataTable.php(174): Hermawan\DataTables\DataTableQuery->countAll()
#6 C:\xampp\htdocs\peso\app\Controllers\Users.php(656): Hermawan\DataTables\DataTable->toJson(true)
#7 C:\xampp\htdocs\peso\vendor\codeigniter4\framework\system\CodeIgniter.php(832): App\Controllers\Users->getPublicUsersDataTable()
#8 C:\xampp\htdocs\peso\vendor\codeigniter4\framework\system\CodeIgniter.php(419): CodeIgniter\CodeIgniter->runController(Object(App\Controllers\Users))
#9 C:\xampp\htdocs\peso\vendor\codeigniter4\framework\system\CodeIgniter.php(326): CodeIgniter\CodeIgniter->handleRequest(NULL, Object(Config\Cache), false)
#10 C:\xampp\htdocs\peso\index.php(38): CodeIgniter\CodeIgniter->run()
#11 {main}
ERROR - 2023-05-10 09:51:01 --> Table 'baliwagc_peso_db.departments' doesn't exist
ERROR - 2023-05-10 09:51:02 --> Table 'baliwagc_peso_db.departments' doesn't exist
ERROR - 2023-05-10 09:51:02 --> Not unique table/alias: 'p'
CRITICAL - 2023-05-10 09:51:02 --> Not unique table/alias: 'p'
#0 C:\xampp\htdocs\peso\vendor\codeigniter4\framework\system\Database\MySQLi\Connection.php(292): mysqli->query('SELECT COUNT(*)...', 0)
#1 C:\xampp\htdocs\peso\vendor\codeigniter4\framework\system\Database\BaseConnection.php(670): CodeIgniter\Database\MySQLi\Connection->execute('SELECT COUNT(*)...')
#2 C:\xampp\htdocs\peso\vendor\codeigniter4\framework\system\Database\BaseConnection.php(598): CodeIgniter\Database\BaseConnection->simpleQuery('SELECT COUNT(*)...')
#3 C:\xampp\htdocs\peso\vendor\codeigniter4\framework\system\Database\BaseBuilder.php(1539): CodeIgniter\Database\BaseConnection->query('SELECT COUNT(*)...', Array, false)
#4 C:\xampp\htdocs\peso\vendor\hermawan\codeigniter4-datatables\src\DataTableQuery.php(53): CodeIgniter\Database\BaseBuilder->countAllResults()
#5 C:\xampp\htdocs\peso\vendor\hermawan\codeigniter4-datatables\src\DataTable.php(174): Hermawan\DataTables\DataTableQuery->countAll()
#6 C:\xampp\htdocs\peso\app\Controllers\Users.php(656): Hermawan\DataTables\DataTable->toJson(true)
#7 C:\xampp\htdocs\peso\vendor\codeigniter4\framework\system\CodeIgniter.php(832): App\Controllers\Users->getPublicUsersDataTable()
#8 C:\xampp\htdocs\peso\vendor\codeigniter4\framework\system\CodeIgniter.php(419): CodeIgniter\CodeIgniter->runController(Object(App\Controllers\Users))
#9 C:\xampp\htdocs\peso\vendor\codeigniter4\framework\system\CodeIgniter.php(326): CodeIgniter\CodeIgniter->handleRequest(NULL, Object(Config\Cache), false)
#10 C:\xampp\htdocs\peso\index.php(38): CodeIgniter\CodeIgniter->run()
#11 {main}
ERROR - 2023-05-10 09:51:52 --> Table 'baliwagc_peso_db.departments' doesn't exist
ERROR - 2023-05-10 09:51:53 --> Table 'baliwagc_peso_db.departments' doesn't exist
ERROR - 2023-05-10 09:51:53 --> Not unique table/alias: 'p'
CRITICAL - 2023-05-10 09:51:53 --> Not unique table/alias: 'p'
#0 C:\xampp\htdocs\peso\vendor\codeigniter4\framework\system\Database\MySQLi\Connection.php(292): mysqli->query('SELECT COUNT(*)...', 0)
#1 C:\xampp\htdocs\peso\vendor\codeigniter4\framework\system\Database\BaseConnection.php(670): CodeIgniter\Database\MySQLi\Connection->execute('SELECT COUNT(*)...')
#2 C:\xampp\htdocs\peso\vendor\codeigniter4\framework\system\Database\BaseConnection.php(598): CodeIgniter\Database\BaseConnection->simpleQuery('SELECT COUNT(*)...')
#3 C:\xampp\htdocs\peso\vendor\codeigniter4\framework\system\Database\BaseBuilder.php(1539): CodeIgniter\Database\BaseConnection->query('SELECT COUNT(*)...', Array, false)
#4 C:\xampp\htdocs\peso\vendor\hermawan\codeigniter4-datatables\src\DataTableQuery.php(53): CodeIgniter\Database\BaseBuilder->countAllResults()
#5 C:\xampp\htdocs\peso\vendor\hermawan\codeigniter4-datatables\src\DataTable.php(174): Hermawan\DataTables\DataTableQuery->countAll()
#6 C:\xampp\htdocs\peso\app\Controllers\Users.php(656): Hermawan\DataTables\DataTable->toJson(true)
#7 C:\xampp\htdocs\peso\vendor\codeigniter4\framework\system\CodeIgniter.php(832): App\Controllers\Users->getPublicUsersDataTable()
#8 C:\xampp\htdocs\peso\vendor\codeigniter4\framework\system\CodeIgniter.php(419): CodeIgniter\CodeIgniter->runController(Object(App\Controllers\Users))
#9 C:\xampp\htdocs\peso\vendor\codeigniter4\framework\system\CodeIgniter.php(326): CodeIgniter\CodeIgniter->handleRequest(NULL, Object(Config\Cache), false)
#10 C:\xampp\htdocs\peso\index.php(38): CodeIgniter\CodeIgniter->run()
#11 {main}
ERROR - 2023-05-10 09:54:36 --> Table 'baliwagc_peso_db.departments' doesn't exist
ERROR - 2023-05-10 09:54:37 --> Table 'baliwagc_peso_db.departments' doesn't exist
ERROR - 2023-05-10 09:54:37 --> Not unique table/alias: 'p'
CRITICAL - 2023-05-10 09:54:37 --> Not unique table/alias: 'p'
#0 C:\xampp\htdocs\peso\vendor\codeigniter4\framework\system\Database\MySQLi\Connection.php(292): mysqli->query('SELECT COUNT(*)...', 0)
#1 C:\xampp\htdocs\peso\vendor\codeigniter4\framework\system\Database\BaseConnection.php(670): CodeIgniter\Database\MySQLi\Connection->execute('SELECT COUNT(*)...')
#2 C:\xampp\htdocs\peso\vendor\codeigniter4\framework\system\Database\BaseConnection.php(598): CodeIgniter\Database\BaseConnection->simpleQuery('SELECT COUNT(*)...')
#3 C:\xampp\htdocs\peso\vendor\codeigniter4\framework\system\Database\BaseBuilder.php(1539): CodeIgniter\Database\BaseConnection->query('SELECT COUNT(*)...', Array, false)
#4 C:\xampp\htdocs\peso\vendor\hermawan\codeigniter4-datatables\src\DataTableQuery.php(53): CodeIgniter\Database\BaseBuilder->countAllResults()
#5 C:\xampp\htdocs\peso\vendor\hermawan\codeigniter4-datatables\src\DataTable.php(174): Hermawan\DataTables\DataTableQuery->countAll()
#6 C:\xampp\htdocs\peso\app\Controllers\Users.php(656): Hermawan\DataTables\DataTable->toJson(true)
#7 C:\xampp\htdocs\peso\vendor\codeigniter4\framework\system\CodeIgniter.php(832): App\Controllers\Users->getPublicUsersDataTable()
#8 C:\xampp\htdocs\peso\vendor\codeigniter4\framework\system\CodeIgniter.php(419): CodeIgniter\CodeIgniter->runController(Object(App\Controllers\Users))
#9 C:\xampp\htdocs\peso\vendor\codeigniter4\framework\system\CodeIgniter.php(326): CodeIgniter\CodeIgniter->handleRequest(NULL, Object(Config\Cache), false)
#10 C:\xampp\htdocs\peso\index.php(38): CodeIgniter\CodeIgniter->run()
#11 {main}
ERROR - 2023-05-10 09:55:21 --> Table 'baliwagc_peso_db.departments' doesn't exist
ERROR - 2023-05-10 09:55:23 --> Table 'baliwagc_peso_db.departments' doesn't exist
ERROR - 2023-05-10 09:55:45 --> Table 'baliwagc_peso_db.departments' doesn't exist
ERROR - 2023-05-10 09:55:46 --> Table 'baliwagc_peso_db.departments' doesn't exist
ERROR - 2023-05-10 09:56:00 --> Table 'baliwagc_peso_db.departments' doesn't exist
ERROR - 2023-05-10 09:56:02 --> Table 'baliwagc_peso_db.departments' doesn't exist
ERROR - 2023-05-10 09:56:35 --> Table 'baliwagc_peso_db.departments' doesn't exist
ERROR - 2023-05-10 09:56:37 --> Table 'baliwagc_peso_db.departments' doesn't exist
ERROR - 2023-05-10 09:57:16 --> Table 'baliwagc_peso_db.departments' doesn't exist
ERROR - 2023-05-10 09:57:18 --> Table 'baliwagc_peso_db.departments' doesn't exist
ERROR - 2023-05-10 09:58:04 --> Table 'baliwagc_peso_db.departments' doesn't exist
ERROR - 2023-05-10 09:58:05 --> Table 'baliwagc_peso_db.departments' doesn't exist
ERROR - 2023-05-10 10:04:01 --> Table 'baliwagc_peso_db.departments' doesn't exist
ERROR - 2023-05-10 10:04:02 --> Table 'baliwagc_peso_db.departments' doesn't exist
ERROR - 2023-05-10 10:05:47 --> Table 'baliwagc_peso_db.departments' doesn't exist
ERROR - 2023-05-10 10:05:47 --> Table 'baliwagc_peso_db.departments' doesn't exist
ERROR - 2023-05-10 10:06:08 --> Table 'baliwagc_peso_db.departments' doesn't exist
ERROR - 2023-05-10 10:06:09 --> Table 'baliwagc_peso_db.departments' doesn't exist
ERROR - 2023-05-10 10:08:52 --> Table 'baliwagc_peso_db.departments' doesn't exist
ERROR - 2023-05-10 10:08:52 --> Table 'baliwagc_peso_db.departments' doesn't exist
ERROR - 2023-05-10 10:09:12 --> Table 'baliwagc_peso_db.departments' doesn't exist
ERROR - 2023-05-10 10:09:13 --> Table 'baliwagc_peso_db.departments' doesn't exist
ERROR - 2023-05-10 10:09:20 --> Table 'baliwagc_peso_db.departments' doesn't exist
ERROR - 2023-05-10 10:09:21 --> Table 'baliwagc_peso_db.departments' doesn't exist
ERROR - 2023-05-10 10:09:35 --> Table 'baliwagc_peso_db.departments' doesn't exist
ERROR - 2023-05-10 10:09:36 --> Table 'baliwagc_peso_db.departments' doesn't exist
ERROR - 2023-05-10 10:09:42 --> Table 'baliwagc_peso_db.departments' doesn't exist
ERROR - 2023-05-10 10:09:43 --> Table 'baliwagc_peso_db.departments' doesn't exist
ERROR - 2023-05-10 10:09:50 --> Table 'baliwagc_peso_db.departments' doesn't exist
ERROR - 2023-05-10 10:09:50 --> Table 'baliwagc_peso_db.departments' doesn't exist
ERROR - 2023-05-10 10:09:58 --> Table 'baliwagc_peso_db.departments' doesn't exist
ERROR - 2023-05-10 10:09:59 --> Table 'baliwagc_peso_db.departments' doesn't exist
ERROR - 2023-05-10 10:11:35 --> Table 'baliwagc_peso_db.departments' doesn't exist
ERROR - 2023-05-10 10:11:36 --> Table 'baliwagc_peso_db.departments' doesn't exist
ERROR - 2023-05-10 10:11:44 --> Table 'baliwagc_peso_db.departments' doesn't exist
ERROR - 2023-05-10 10:11:45 --> Table 'baliwagc_peso_db.departments' doesn't exist
ERROR - 2023-05-10 10:12:23 --> Table 'baliwagc_peso_db.departments' doesn't exist
ERROR - 2023-05-10 10:12:23 --> Table 'baliwagc_peso_db.departments' doesn't exist
ERROR - 2023-05-10 10:12:37 --> Table 'baliwagc_peso_db.departments' doesn't exist
ERROR - 2023-05-10 10:12:38 --> Table 'baliwagc_peso_db.departments' doesn't exist
ERROR - 2023-05-10 10:12:53 --> Table 'baliwagc_peso_db.departments' doesn't exist
ERROR - 2023-05-10 10:12:54 --> Table 'baliwagc_peso_db.departments' doesn't exist
ERROR - 2023-05-10 10:14:45 --> Table 'baliwagc_peso_db.departments' doesn't exist
ERROR - 2023-05-10 10:14:46 --> Table 'baliwagc_peso_db.departments' doesn't exist
ERROR - 2023-05-10 10:24:03 --> Table 'baliwagc_peso_db.departments' doesn't exist
ERROR - 2023-05-10 10:24:04 --> Table 'baliwagc_peso_db.departments' doesn't exist
ERROR - 2023-05-10 10:28:20 --> Table 'baliwagc_peso_db.departments' doesn't exist
ERROR - 2023-05-10 10:28:21 --> Table 'baliwagc_peso_db.departments' doesn't exist
ERROR - 2023-05-10 10:28:32 --> Table 'baliwagc_peso_db.departments' doesn't exist
ERROR - 2023-05-10 10:28:33 --> Table 'baliwagc_peso_db.departments' doesn't exist
ERROR - 2023-05-10 10:28:45 --> Table 'baliwagc_peso_db.departments' doesn't exist
ERROR - 2023-05-10 10:28:47 --> Table 'baliwagc_peso_db.departments' doesn't exist
ERROR - 2023-05-10 10:29:02 --> Table 'baliwagc_peso_db.departments' doesn't exist
ERROR - 2023-05-10 10:29:04 --> Table 'baliwagc_peso_db.departments' doesn't exist
ERROR - 2023-05-10 10:29:33 --> Table 'baliwagc_peso_db.departments' doesn't exist
ERROR - 2023-05-10 10:29:36 --> Table 'baliwagc_peso_db.departments' doesn't exist
ERROR - 2023-05-10 10:31:01 --> Table 'baliwagc_peso_db.departments' doesn't exist
ERROR - 2023-05-10 10:31:03 --> Table 'baliwagc_peso_db.departments' doesn't exist
ERROR - 2023-05-10 10:31:19 --> Table 'baliwagc_peso_db.departments' doesn't exist
ERROR - 2023-05-10 10:31:21 --> Table 'baliwagc_peso_db.departments' doesn't exist
ERROR - 2023-05-10 10:31:43 --> Table 'baliwagc_peso_db.departments' doesn't exist
ERROR - 2023-05-10 10:31:45 --> Table 'baliwagc_peso_db.departments' doesn't exist
ERROR - 2023-05-10 10:33:59 --> Table 'baliwagc_peso_db.departments' doesn't exist
ERROR - 2023-05-10 10:34:01 --> Table 'baliwagc_peso_db.departments' doesn't exist
ERROR - 2023-05-10 10:34:48 --> Table 'baliwagc_peso_db.departments' doesn't exist
ERROR - 2023-05-10 10:34:50 --> Table 'baliwagc_peso_db.departments' doesn't exist
ERROR - 2023-05-10 10:35:01 --> Table 'baliwagc_peso_db.departments' doesn't exist
ERROR - 2023-05-10 10:35:03 --> Table 'baliwagc_peso_db.departments' doesn't exist
ERROR - 2023-05-10 10:35:43 --> Table 'baliwagc_peso_db.departments' doesn't exist
ERROR - 2023-05-10 10:35:45 --> Table 'baliwagc_peso_db.departments' doesn't exist
ERROR - 2023-05-10 10:36:10 --> Table 'baliwagc_peso_db.departments' doesn't exist
ERROR - 2023-05-10 10:36:13 --> Table 'baliwagc_peso_db.departments' doesn't exist
ERROR - 2023-05-10 10:36:39 --> Table 'baliwagc_peso_db.departments' doesn't exist
ERROR - 2023-05-10 10:36:41 --> Table 'baliwagc_peso_db.departments' doesn't exist
ERROR - 2023-05-10 10:37:09 --> Table 'baliwagc_peso_db.departments' doesn't exist
ERROR - 2023-05-10 10:37:11 --> Table 'baliwagc_peso_db.departments' doesn't exist
ERROR - 2023-05-10 10:38:22 --> Table 'baliwagc_peso_db.departments' doesn't exist
ERROR - 2023-05-10 10:38:49 --> Table 'baliwagc_peso_db.departments' doesn't exist
ERROR - 2023-05-10 10:38:50 --> Table 'baliwagc_peso_db.departments' doesn't exist
ERROR - 2023-05-10 10:39:18 --> Table 'baliwagc_peso_db.logs' doesn't exist
ERROR - 2023-05-10 10:39:18 --> Table 'baliwagc_peso_db.departments' doesn't exist
ERROR - 2023-05-10 10:39:57 --> Table 'baliwagc_peso_db.departments' doesn't exist
ERROR - 2023-05-10 10:40:03 --> Table 'baliwagc_peso_db.departments' doesn't exist
ERROR - 2023-05-10 10:40:04 --> Table 'baliwagc_peso_db.departments' doesn't exist
ERROR - 2023-05-10 10:40:06 --> Table 'baliwagc_peso_db.departments' doesn't exist
ERROR - 2023-05-10 10:40:07 --> Table 'baliwagc_peso_db.departments' doesn't exist
ERROR - 2023-05-10 10:42:04 --> Table 'baliwagc_peso_db.departments' doesn't exist
ERROR - 2023-05-10 10:42:05 --> Table 'baliwagc_peso_db.departments' doesn't exist
ERROR - 2023-05-10 10:42:18 --> Table 'baliwagc_peso_db.departments' doesn't exist
ERROR - 2023-05-10 10:42:19 --> Table 'baliwagc_peso_db.departments' doesn't exist
ERROR - 2023-05-10 10:42:29 --> Table 'baliwagc_peso_db.departments' doesn't exist
ERROR - 2023-05-10 10:42:30 --> Table 'baliwagc_peso_db.departments' doesn't exist
ERROR - 2023-05-10 10:42:51 --> Table 'baliwagc_peso_db.departments' doesn't exist
ERROR - 2023-05-10 10:42:52 --> Table 'baliwagc_peso_db.departments' doesn't exist
ERROR - 2023-05-10 10:42:59 --> Table 'baliwagc_peso_db.departments' doesn't exist
ERROR - 2023-05-10 10:43:00 --> Table 'baliwagc_peso_db.departments' doesn't exist
ERROR - 2023-05-10 10:43:05 --> Table 'baliwagc_peso_db.departments' doesn't exist
ERROR - 2023-05-10 10:43:06 --> Table 'baliwagc_peso_db.departments' doesn't exist
ERROR - 2023-05-10 10:43:10 --> Table 'baliwagc_peso_db.departments' doesn't exist
ERROR - 2023-05-10 10:43:11 --> Table 'baliwagc_peso_db.departments' doesn't exist
ERROR - 2023-05-10 10:43:34 --> Table 'baliwagc_peso_db.departments' doesn't exist
ERROR - 2023-05-10 10:43:35 --> Table 'baliwagc_peso_db.departments' doesn't exist
ERROR - 2023-05-10 10:43:54 --> Table 'baliwagc_peso_db.departments' doesn't exist
ERROR - 2023-05-10 10:43:54 --> Table 'baliwagc_peso_db.departments' doesn't exist
ERROR - 2023-05-10 10:54:29 --> Table 'baliwagc_peso_db.departments' doesn't exist
ERROR - 2023-05-10 10:54:30 --> Table 'baliwagc_peso_db.departments' doesn't exist
ERROR - 2023-05-10 10:56:51 --> Table 'baliwagc_peso_db.departments' doesn't exist
ERROR - 2023-05-10 10:56:52 --> Table 'baliwagc_peso_db.departments' doesn't exist
ERROR - 2023-05-10 10:57:21 --> Table 'baliwagc_peso_db.departments' doesn't exist
ERROR - 2023-05-10 10:57:22 --> Table 'baliwagc_peso_db.departments' doesn't exist
ERROR - 2023-05-10 10:57:41 --> Table 'baliwagc_peso_db.departments' doesn't exist
ERROR - 2023-05-10 10:57:42 --> Table 'baliwagc_peso_db.departments' doesn't exist
ERROR - 2023-05-10 10:58:58 --> Table 'baliwagc_peso_db.departments' doesn't exist
ERROR - 2023-05-10 10:58:59 --> Table 'baliwagc_peso_db.departments' doesn't exist
ERROR - 2023-05-10 10:59:56 --> Table 'baliwagc_peso_db.departments' doesn't exist
ERROR - 2023-05-10 10:59:57 --> Table 'baliwagc_peso_db.departments' doesn't exist
ERROR - 2023-05-10 11:01:31 --> Table 'baliwagc_peso_db.departments' doesn't exist
ERROR - 2023-05-10 11:01:32 --> Table 'baliwagc_peso_db.departments' doesn't exist
ERROR - 2023-05-10 11:01:33 --> Table 'baliwagc_peso_db.departments' doesn't exist
ERROR - 2023-05-10 11:02:21 --> Table 'baliwagc_peso_db.departments' doesn't exist
ERROR - 2023-05-10 11:02:21 --> Table 'baliwagc_peso_db.departments' doesn't exist
ERROR - 2023-05-10 11:02:38 --> Table 'baliwagc_peso_db.departments' doesn't exist
ERROR - 2023-05-10 11:02:39 --> Table 'baliwagc_peso_db.departments' doesn't exist
ERROR - 2023-05-10 11:03:05 --> Table 'baliwagc_peso_db.departments' doesn't exist
ERROR - 2023-05-10 11:03:06 --> Table 'baliwagc_peso_db.departments' doesn't exist
ERROR - 2023-05-10 11:03:15 --> Table 'baliwagc_peso_db.departments' doesn't exist
ERROR - 2023-05-10 11:03:16 --> Table 'baliwagc_peso_db.departments' doesn't exist
ERROR - 2023-05-10 11:03:51 --> Table 'baliwagc_peso_db.departments' doesn't exist
ERROR - 2023-05-10 11:03:52 --> Table 'baliwagc_peso_db.departments' doesn't exist
ERROR - 2023-05-10 11:03:53 --> Table 'baliwagc_peso_db.departments' doesn't exist
ERROR - 2023-05-10 11:03:56 --> Table 'baliwagc_peso_db.departments' doesn't exist
ERROR - 2023-05-10 11:04:16 --> Table 'baliwagc_peso_db.departments' doesn't exist
ERROR - 2023-05-10 11:04:17 --> Table 'baliwagc_peso_db.departments' doesn't exist
ERROR - 2023-05-10 11:05:47 --> Table 'baliwagc_peso_db.departments' doesn't exist
ERROR - 2023-05-10 11:07:20 --> Table 'baliwagc_peso_db.departments' doesn't exist
ERROR - 2023-05-10 11:07:21 --> Table 'baliwagc_peso_db.departments' doesn't exist
ERROR - 2023-05-10 11:08:15 --> Table 'baliwagc_peso_db.departments' doesn't exist
ERROR - 2023-05-10 11:08:16 --> Table 'baliwagc_peso_db.departments' doesn't exist
ERROR - 2023-05-10 11:08:28 --> Table 'baliwagc_peso_db.departments' doesn't exist
ERROR - 2023-05-10 11:08:29 --> Table 'baliwagc_peso_db.departments' doesn't exist
ERROR - 2023-05-10 11:08:51 --> Table 'baliwagc_peso_db.departments' doesn't exist
ERROR - 2023-05-10 11:08:52 --> Table 'baliwagc_peso_db.departments' doesn't exist
ERROR - 2023-05-10 11:09:06 --> Table 'baliwagc_peso_db.departments' doesn't exist
ERROR - 2023-05-10 11:09:07 --> Table 'baliwagc_peso_db.departments' doesn't exist
ERROR - 2023-05-10 11:09:45 --> Table 'baliwagc_peso_db.departments' doesn't exist
ERROR - 2023-05-10 11:09:46 --> Table 'baliwagc_peso_db.departments' doesn't exist
ERROR - 2023-05-10 11:10:12 --> Table 'baliwagc_peso_db.departments' doesn't exist
ERROR - 2023-05-10 11:10:13 --> Table 'baliwagc_peso_db.departments' doesn't exist
ERROR - 2023-05-10 11:12:24 --> Table 'baliwagc_peso_db.departments' doesn't exist
ERROR - 2023-05-10 11:12:25 --> Table 'baliwagc_peso_db.departments' doesn't exist
ERROR - 2023-05-10 11:12:55 --> Table 'baliwagc_peso_db.departments' doesn't exist
ERROR - 2023-05-10 11:12:56 --> Table 'baliwagc_peso_db.departments' doesn't exist
ERROR - 2023-05-10 11:13:12 --> Table 'baliwagc_peso_db.departments' doesn't exist
ERROR - 2023-05-10 11:13:13 --> Table 'baliwagc_peso_db.departments' doesn't exist
ERROR - 2023-05-10 11:13:37 --> Table 'baliwagc_peso_db.departments' doesn't exist
ERROR - 2023-05-10 11:13:38 --> Table 'baliwagc_peso_db.departments' doesn't exist
ERROR - 2023-05-10 11:14:05 --> Table 'baliwagc_peso_db.departments' doesn't exist
ERROR - 2023-05-10 11:14:06 --> Table 'baliwagc_peso_db.departments' doesn't exist
ERROR - 2023-05-10 11:14:27 --> Table 'baliwagc_peso_db.departments' doesn't exist
ERROR - 2023-05-10 11:14:28 --> Table 'baliwagc_peso_db.departments' doesn't exist
ERROR - 2023-05-10 11:14:42 --> Table 'baliwagc_peso_db.departments' doesn't exist
ERROR - 2023-05-10 11:14:43 --> Table 'baliwagc_peso_db.departments' doesn't exist
ERROR - 2023-05-10 11:15:50 --> Table 'baliwagc_peso_db.departments' doesn't exist
ERROR - 2023-05-10 11:15:51 --> Table 'baliwagc_peso_db.departments' doesn't exist
ERROR - 2023-05-10 11:16:39 --> Table 'baliwagc_peso_db.departments' doesn't exist
ERROR - 2023-05-10 11:16:40 --> Table 'baliwagc_peso_db.departments' doesn't exist
ERROR - 2023-05-10 11:16:50 --> Table 'baliwagc_peso_db.departments' doesn't exist
ERROR - 2023-05-10 11:16:51 --> Table 'baliwagc_peso_db.departments' doesn't exist
ERROR - 2023-05-10 11:17:42 --> Table 'baliwagc_peso_db.departments' doesn't exist
ERROR - 2023-05-10 11:17:43 --> Table 'baliwagc_peso_db.departments' doesn't exist
ERROR - 2023-05-10 11:17:59 --> Table 'baliwagc_peso_db.departments' doesn't exist
ERROR - 2023-05-10 11:18:00 --> Table 'baliwagc_peso_db.departments' doesn't exist
ERROR - 2023-05-10 11:18:44 --> Table 'baliwagc_peso_db.departments' doesn't exist
ERROR - 2023-05-10 11:18:46 --> Table 'baliwagc_peso_db.departments' doesn't exist
ERROR - 2023-05-10 11:19:27 --> Table 'baliwagc_peso_db.departments' doesn't exist
ERROR - 2023-05-10 11:19:28 --> Table 'baliwagc_peso_db.departments' doesn't exist
ERROR - 2023-05-10 11:19:41 --> Table 'baliwagc_peso_db.departments' doesn't exist
ERROR - 2023-05-10 11:19:41 --> Table 'baliwagc_peso_db.departments' doesn't exist
ERROR - 2023-05-10 11:27:12 --> Table 'baliwagc_peso_db.departments' doesn't exist
ERROR - 2023-05-10 11:27:13 --> Table 'baliwagc_peso_db.departments' doesn't exist
ERROR - 2023-05-10 11:32:41 --> Table 'baliwagc_peso_db.departments' doesn't exist
ERROR - 2023-05-10 11:32:42 --> Table 'baliwagc_peso_db.departments' doesn't exist
ERROR - 2023-05-10 11:34:23 --> Table 'baliwagc_peso_db.departments' doesn't exist
ERROR - 2023-05-10 11:34:42 --> Table 'baliwagc_peso_db.departments' doesn't exist
ERROR - 2023-05-10 11:34:43 --> Table 'baliwagc_peso_db.departments' doesn't exist
ERROR - 2023-05-10 11:36:02 --> Table 'baliwagc_peso_db.departments' doesn't exist
ERROR - 2023-05-10 11:36:03 --> Table 'baliwagc_peso_db.departments' doesn't exist
ERROR - 2023-05-10 11:36:50 --> Table 'baliwagc_peso_db.departments' doesn't exist
ERROR - 2023-05-10 11:36:52 --> Table 'baliwagc_peso_db.departments' doesn't exist
ERROR - 2023-05-10 11:37:49 --> Table 'baliwagc_peso_db.departments' doesn't exist
ERROR - 2023-05-10 11:37:50 --> Table 'baliwagc_peso_db.departments' doesn't exist
ERROR - 2023-05-10 11:38:16 --> Table 'baliwagc_peso_db.departments' doesn't exist
ERROR - 2023-05-10 11:38:18 --> Table 'baliwagc_peso_db.departments' doesn't exist
ERROR - 2023-05-10 11:38:43 --> Table 'baliwagc_peso_db.departments' doesn't exist
ERROR - 2023-05-10 11:38:45 --> Table 'baliwagc_peso_db.departments' doesn't exist
ERROR - 2023-05-10 11:38:58 --> Table 'baliwagc_peso_db.departments' doesn't exist
ERROR - 2023-05-10 11:38:59 --> Table 'baliwagc_peso_db.departments' doesn't exist
ERROR - 2023-05-10 11:39:17 --> Table 'baliwagc_peso_db.departments' doesn't exist
ERROR - 2023-05-10 11:39:18 --> Table 'baliwagc_peso_db.departments' doesn't exist
ERROR - 2023-05-10 11:39:40 --> Table 'baliwagc_peso_db.departments' doesn't exist
ERROR - 2023-05-10 11:39:41 --> Table 'baliwagc_peso_db.departments' doesn't exist
ERROR - 2023-05-10 11:41:22 --> Table 'baliwagc_peso_db.departments' doesn't exist
ERROR - 2023-05-10 11:41:23 --> Table 'baliwagc_peso_db.departments' doesn't exist
ERROR - 2023-05-10 11:41:32 --> Table 'baliwagc_peso_db.departments' doesn't exist
ERROR - 2023-05-10 11:41:33 --> Table 'baliwagc_peso_db.departments' doesn't exist
ERROR - 2023-05-10 11:41:47 --> Table 'baliwagc_peso_db.departments' doesn't exist
ERROR - 2023-05-10 11:41:48 --> Table 'baliwagc_peso_db.departments' doesn't exist
ERROR - 2023-05-10 11:42:01 --> Table 'baliwagc_peso_db.departments' doesn't exist
ERROR - 2023-05-10 11:42:02 --> Table 'baliwagc_peso_db.departments' doesn't exist
ERROR - 2023-05-10 11:42:11 --> Table 'baliwagc_peso_db.departments' doesn't exist
ERROR - 2023-05-10 11:42:12 --> Table 'baliwagc_peso_db.departments' doesn't exist
ERROR - 2023-05-10 11:42:42 --> Table 'baliwagc_peso_db.departments' doesn't exist
ERROR - 2023-05-10 11:42:43 --> Table 'baliwagc_peso_db.departments' doesn't exist
ERROR - 2023-05-10 11:43:59 --> Table 'baliwagc_peso_db.departments' doesn't exist
ERROR - 2023-05-10 11:44:00 --> Table 'baliwagc_peso_db.departments' doesn't exist
ERROR - 2023-05-10 13:42:22 --> Table 'baliwagc_peso_db.departments' doesn't exist
ERROR - 2023-05-10 13:42:23 --> Table 'baliwagc_peso_db.departments' doesn't exist
ERROR - 2023-05-10 13:43:02 --> Table 'baliwagc_peso_db.departments' doesn't exist
ERROR - 2023-05-10 13:43:03 --> Table 'baliwagc_peso_db.departments' doesn't exist
ERROR - 2023-05-10 13:43:38 --> Table 'baliwagc_peso_db.departments' doesn't exist
ERROR - 2023-05-10 13:43:39 --> Table 'baliwagc_peso_db.departments' doesn't exist
ERROR - 2023-05-10 13:44:03 --> Table 'baliwagc_peso_db.departments' doesn't exist
ERROR - 2023-05-10 13:44:04 --> Table 'baliwagc_peso_db.departments' doesn't exist
ERROR - 2023-05-10 13:45:42 --> Table 'baliwagc_peso_db.departments' doesn't exist
ERROR - 2023-05-10 13:45:44 --> Table 'baliwagc_peso_db.departments' doesn't exist
ERROR - 2023-05-10 13:46:36 --> Table 'baliwagc_peso_db.departments' doesn't exist
ERROR - 2023-05-10 13:46:37 --> Table 'baliwagc_peso_db.departments' doesn't exist
ERROR - 2023-05-10 13:47:13 --> Table 'baliwagc_peso_db.departments' doesn't exist
ERROR - 2023-05-10 13:47:15 --> Table 'baliwagc_peso_db.departments' doesn't exist
ERROR - 2023-05-10 13:48:37 --> Table 'baliwagc_peso_db.departments' doesn't exist
ERROR - 2023-05-10 13:48:38 --> Table 'baliwagc_peso_db.departments' doesn't exist
ERROR - 2023-05-10 13:50:38 --> Table 'baliwagc_peso_db.departments' doesn't exist
ERROR - 2023-05-10 13:50:39 --> Table 'baliwagc_peso_db.departments' doesn't exist
ERROR - 2023-05-10 13:51:35 --> Table 'baliwagc_peso_db.departments' doesn't exist
ERROR - 2023-05-10 13:51:36 --> Table 'baliwagc_peso_db.departments' doesn't exist
ERROR - 2023-05-10 13:51:56 --> Table 'baliwagc_peso_db.departments' doesn't exist
ERROR - 2023-05-10 13:51:57 --> Table 'baliwagc_peso_db.departments' doesn't exist
ERROR - 2023-05-10 13:52:10 --> Table 'baliwagc_peso_db.departments' doesn't exist
ERROR - 2023-05-10 13:52:11 --> Table 'baliwagc_peso_db.departments' doesn't exist
ERROR - 2023-05-10 13:52:19 --> Table 'baliwagc_peso_db.departments' doesn't exist
ERROR - 2023-05-10 13:52:20 --> Table 'baliwagc_peso_db.departments' doesn't exist
ERROR - 2023-05-10 13:52:30 --> Table 'baliwagc_peso_db.departments' doesn't exist
ERROR - 2023-05-10 13:52:31 --> Table 'baliwagc_peso_db.departments' doesn't exist
ERROR - 2023-05-10 13:52:58 --> Table 'baliwagc_peso_db.departments' doesn't exist
ERROR - 2023-05-10 13:52:58 --> Table 'baliwagc_peso_db.departments' doesn't exist
ERROR - 2023-05-10 13:53:19 --> Table 'baliwagc_peso_db.departments' doesn't exist
ERROR - 2023-05-10 13:53:20 --> Table 'baliwagc_peso_db.departments' doesn't exist
ERROR - 2023-05-10 13:54:04 --> Table 'baliwagc_peso_db.departments' doesn't exist
ERROR - 2023-05-10 13:54:06 --> Table 'baliwagc_peso_db.departments' doesn't exist
ERROR - 2023-05-10 13:57:36 --> Table 'baliwagc_peso_db.departments' doesn't exist
ERROR - 2023-05-10 13:57:37 --> Table 'baliwagc_peso_db.departments' doesn't exist
ERROR - 2023-05-10 13:57:48 --> Table 'baliwagc_peso_db.departments' doesn't exist
ERROR - 2023-05-10 13:57:49 --> Table 'baliwagc_peso_db.departments' doesn't exist
ERROR - 2023-05-10 13:58:00 --> Table 'baliwagc_peso_db.departments' doesn't exist
ERROR - 2023-05-10 13:58:00 --> Table 'baliwagc_peso_db.departments' doesn't exist
ERROR - 2023-05-10 13:58:17 --> Table 'baliwagc_peso_db.departments' doesn't exist
ERROR - 2023-05-10 13:58:18 --> Table 'baliwagc_peso_db.departments' doesn't exist
ERROR - 2023-05-10 13:58:54 --> Table 'baliwagc_peso_db.departments' doesn't exist
ERROR - 2023-05-10 13:58:55 --> Table 'baliwagc_peso_db.departments' doesn't exist
ERROR - 2023-05-10 13:59:48 --> Table 'baliwagc_peso_db.departments' doesn't exist
ERROR - 2023-05-10 13:59:49 --> Table 'baliwagc_peso_db.departments' doesn't exist
ERROR - 2023-05-10 14:00:47 --> Table 'baliwagc_peso_db.departments' doesn't exist
ERROR - 2023-05-10 14:00:48 --> Table 'baliwagc_peso_db.departments' doesn't exist
ERROR - 2023-05-10 14:01:47 --> Table 'baliwagc_peso_db.departments' doesn't exist
ERROR - 2023-05-10 14:01:48 --> Table 'baliwagc_peso_db.departments' doesn't exist
ERROR - 2023-05-10 14:02:08 --> Table 'baliwagc_peso_db.departments' doesn't exist
ERROR - 2023-05-10 14:02:09 --> Table 'baliwagc_peso_db.departments' doesn't exist
ERROR - 2023-05-10 14:03:29 --> Table 'baliwagc_peso_db.departments' doesn't exist
ERROR - 2023-05-10 14:03:30 --> Table 'baliwagc_peso_db.departments' doesn't exist
ERROR - 2023-05-10 14:03:46 --> Table 'baliwagc_peso_db.departments' doesn't exist
ERROR - 2023-05-10 14:03:46 --> Table 'baliwagc_peso_db.departments' doesn't exist
ERROR - 2023-05-10 14:04:22 --> Table 'baliwagc_peso_db.departments' doesn't exist
ERROR - 2023-05-10 14:04:22 --> Table 'baliwagc_peso_db.departments' doesn't exist
ERROR - 2023-05-10 14:04:47 --> Table 'baliwagc_peso_db.departments' doesn't exist
ERROR - 2023-05-10 14:04:48 --> Table 'baliwagc_peso_db.departments' doesn't exist
ERROR - 2023-05-10 14:05:07 --> Table 'baliwagc_peso_db.departments' doesn't exist
ERROR - 2023-05-10 14:05:08 --> Table 'baliwagc_peso_db.departments' doesn't exist
ERROR - 2023-05-10 14:06:20 --> Table 'baliwagc_peso_db.departments' doesn't exist
ERROR - 2023-05-10 14:06:20 --> Table 'baliwagc_peso_db.departments' doesn't exist
ERROR - 2023-05-10 14:06:37 --> Table 'baliwagc_peso_db.departments' doesn't exist
ERROR - 2023-05-10 14:06:38 --> Table 'baliwagc_peso_db.departments' doesn't exist
ERROR - 2023-05-10 14:07:07 --> Table 'baliwagc_peso_db.departments' doesn't exist
ERROR - 2023-05-10 14:07:08 --> Table 'baliwagc_peso_db.departments' doesn't exist
ERROR - 2023-05-10 14:07:21 --> Table 'baliwagc_peso_db.departments' doesn't exist
ERROR - 2023-05-10 14:07:22 --> Table 'baliwagc_peso_db.departments' doesn't exist
ERROR - 2023-05-10 14:08:05 --> Table 'baliwagc_peso_db.departments' doesn't exist
ERROR - 2023-05-10 14:08:06 --> Table 'baliwagc_peso_db.departments' doesn't exist
ERROR - 2023-05-10 14:08:25 --> Table 'baliwagc_peso_db.departments' doesn't exist
ERROR - 2023-05-10 14:08:26 --> Table 'baliwagc_peso_db.departments' doesn't exist
ERROR - 2023-05-10 14:08:34 --> Table 'baliwagc_peso_db.departments' doesn't exist
ERROR - 2023-05-10 14:08:35 --> Table 'baliwagc_peso_db.departments' doesn't exist
ERROR - 2023-05-10 14:26:57 --> Table 'baliwagc_peso_db.departments' doesn't exist
ERROR - 2023-05-10 14:26:59 --> Table 'baliwagc_peso_db.departments' doesn't exist
ERROR - 2023-05-10 14:32:36 --> Table 'baliwagc_peso_db.departments' doesn't exist
ERROR - 2023-05-10 14:32:37 --> Table 'baliwagc_peso_db.departments' doesn't exist
ERROR - 2023-05-10 14:38:03 --> Table 'baliwagc_peso_db.departments' doesn't exist
ERROR - 2023-05-10 14:38:04 --> Table 'baliwagc_peso_db.departments' doesn't exist
ERROR - 2023-05-10 14:38:44 --> Table 'baliwagc_peso_db.departments' doesn't exist
ERROR - 2023-05-10 14:38:45 --> Table 'baliwagc_peso_db.departments' doesn't exist
ERROR - 2023-05-10 14:40:18 --> Table 'baliwagc_peso_db.departments' doesn't exist
ERROR - 2023-05-10 14:40:19 --> Table 'baliwagc_peso_db.departments' doesn't exist
ERROR - 2023-05-10 14:41:25 --> Table 'baliwagc_peso_db.departments' doesn't exist
ERROR - 2023-05-10 14:41:26 --> Table 'baliwagc_peso_db.departments' doesn't exist
ERROR - 2023-05-10 14:42:35 --> Table 'baliwagc_peso_db.departments' doesn't exist
ERROR - 2023-05-10 14:42:36 --> Table 'baliwagc_peso_db.departments' doesn't exist
ERROR - 2023-05-10 14:44:01 --> Table 'baliwagc_peso_db.departments' doesn't exist
ERROR - 2023-05-10 14:44:02 --> Table 'baliwagc_peso_db.departments' doesn't exist
ERROR - 2023-05-10 14:44:15 --> Table 'baliwagc_peso_db.departments' doesn't exist
ERROR - 2023-05-10 14:44:16 --> Table 'baliwagc_peso_db.departments' doesn't exist
ERROR - 2023-05-10 14:46:31 --> Table 'baliwagc_peso_db.departments' doesn't exist
ERROR - 2023-05-10 14:46:32 --> Table 'baliwagc_peso_db.departments' doesn't exist
ERROR - 2023-05-10 14:48:35 --> Table 'baliwagc_peso_db.departments' doesn't exist
ERROR - 2023-05-10 14:48:36 --> Table 'baliwagc_peso_db.departments' doesn't exist
ERROR - 2023-05-10 14:48:54 --> Table 'baliwagc_peso_db.departments' doesn't exist
ERROR - 2023-05-10 14:48:55 --> Table 'baliwagc_peso_db.departments' doesn't exist
ERROR - 2023-05-10 14:50:51 --> Table 'baliwagc_peso_db.departments' doesn't exist
ERROR - 2023-05-10 14:50:52 --> Table 'baliwagc_peso_db.departments' doesn't exist
