ERROR - 2023-07-04 07:53:27 --> Table 'baliwagc_peso_db.logs' doesn't exist
ERROR - 2023-07-04 07:53:28 --> Table 'baliwagc_peso_db.departments' doesn't exist
ERROR - 2023-07-04 07:53:37 --> Table 'baliwagc_peso_db.departments' doesn't exist
ERROR - 2023-07-04 07:53:49 --> Table 'baliwagc_peso_db.logs' doesn't exist
ERROR - 2023-07-04 07:53:59 --> Table 'baliwagc_peso_db.departments' doesn't exist
ERROR - 2023-07-04 08:01:51 --> Table 'baliwagc_peso_db.departments' doesn't exist
ERROR - 2023-07-04 08:22:29 --> Table 'baliwagc_peso_db.departments' doesn't exist
ERROR - 2023-07-04 08:23:13 --> Table 'baliwagc_peso_db.departments' doesn't exist
ERROR - 2023-07-04 08:23:14 --> Table 'baliwagc_peso_db.departments' doesn't exist
ERROR - 2023-07-04 08:25:01 --> Table 'baliwagc_peso_db.departments' doesn't exist
ERROR - 2023-07-04 08:25:02 --> Table 'baliwagc_peso_db.departments' doesn't exist
ERROR - 2023-07-04 08:25:17 --> Table 'baliwagc_peso_db.departments' doesn't exist
ERROR - 2023-07-04 08:25:18 --> Table 'baliwagc_peso_db.departments' doesn't exist
ERROR - 2023-07-04 08:25:27 --> Table 'baliwagc_peso_db.departments' doesn't exist
ERROR - 2023-07-04 08:25:29 --> Table 'baliwagc_peso_db.departments' doesn't exist
ERROR - 2023-07-04 08:25:49 --> Table 'baliwagc_peso_db.departments' doesn't exist
ERROR - 2023-07-04 08:25:51 --> Table 'baliwagc_peso_db.departments' doesn't exist
ERROR - 2023-07-04 08:26:34 --> Table 'baliwagc_peso_db.departments' doesn't exist
ERROR - 2023-07-04 08:26:36 --> Table 'baliwagc_peso_db.departments' doesn't exist
ERROR - 2023-07-04 08:28:11 --> Table 'baliwagc_peso_db.departments' doesn't exist
ERROR - 2023-07-04 08:28:13 --> Table 'baliwagc_peso_db.departments' doesn't exist
ERROR - 2023-07-04 08:28:55 --> Table 'baliwagc_peso_db.departments' doesn't exist
ERROR - 2023-07-04 08:28:57 --> Table 'baliwagc_peso_db.departments' doesn't exist
ERROR - 2023-07-04 08:29:31 --> Table 'baliwagc_peso_db.departments' doesn't exist
ERROR - 2023-07-04 08:29:33 --> Table 'baliwagc_peso_db.departments' doesn't exist
ERROR - 2023-07-04 08:30:59 --> Table 'baliwagc_peso_db.departments' doesn't exist
ERROR - 2023-07-04 08:31:01 --> Table 'baliwagc_peso_db.departments' doesn't exist
ERROR - 2023-07-04 08:31:46 --> Table 'baliwagc_peso_db.departments' doesn't exist
ERROR - 2023-07-04 08:31:47 --> Table 'baliwagc_peso_db.departments' doesn't exist
ERROR - 2023-07-04 08:32:27 --> Table 'baliwagc_peso_db.departments' doesn't exist
ERROR - 2023-07-04 08:32:29 --> Table 'baliwagc_peso_db.departments' doesn't exist
ERROR - 2023-07-04 08:34:51 --> Table 'baliwagc_peso_db.logs' doesn't exist
ERROR - 2023-07-04 08:34:52 --> Table 'baliwagc_peso_db.departments' doesn't exist
ERROR - 2023-07-04 08:35:03 --> Table 'baliwagc_peso_db.departments' doesn't exist
ERROR - 2023-07-04 08:38:20 --> Table 'baliwagc_peso_db.departments' doesn't exist
ERROR - 2023-07-04 11:05:28 --> Email: sendWithMail throwed mail(): Failed to connect to mailserver at &quot;localhost&quot; port 25, verify your &quot;SMTP&quot; and &quot;smtp_port&quot; setting in php.ini or use ini_set()
ERROR - 2023-07-04 11:06:48 --> Email: sendWithMail throwed mail(): Failed to connect to mailserver at &quot;localhost&quot; port 25, verify your &quot;SMTP&quot; and &quot;smtp_port&quot; setting in php.ini or use ini_set()
ERROR - 2023-07-04 11:07:20 --> Email: sendWithMail throwed mail(): Failed to connect to mailserver at &quot;localhost&quot; port 25, verify your &quot;SMTP&quot; and &quot;smtp_port&quot; setting in php.ini or use ini_set()
ERROR - 2023-07-04 11:09:12 --> Email: sendWithSmtp throwed fsockopen(): php_network_getaddresses: getaddrinfo for mail.baliwag.gov.ph  failed: No such host is known. 
ERROR - 2023-07-04 11:09:17 --> Email: sendWithSmtp throwed fsockopen(): php_network_getaddresses: getaddrinfo for mail.baliwag.gov.ph  failed: No such host is known. 
ERROR - 2023-07-04 11:09:56 --> Email: sendWithSmtp throwed fsockopen(): php_network_getaddresses: getaddrinfo for smtp.baliwag.gov.ph  failed: No such host is known. 
ERROR - 2023-07-04 11:10:20 --> Email: sendWithSmtp throwed fsockopen(): php_network_getaddresses: getaddrinfo for smtp.baliwag.gov.ph  failed: No such host is known. 
ERROR - 2023-07-04 11:15:09 --> Email: sendWithSmtp throwed fsockopen(): php_network_getaddresses: getaddrinfo for smtp.baliwag.gov.ph  failed: No such host is known. 
