CRITICAL - 2023-02-07 09:54:02 --> Attempt to read property "service_name" on string
#0 C:\xampp\htdocs\Bessy\app\Controllers\Services.php(65): CodeIgniter\Debug\Exceptions->errorHandler(2, 'Attempt to read...', 'C:\\xampp\\htdocs...', 65)
#1 C:\xampp\htdocs\Bessy\vendor\codeigniter4\framework\system\CodeIgniter.php(832): App\Controllers\Services->preview_service('birth_certifica...', 'assets', 'media', 'stock', '900x600', '44.jpg')
#2 C:\xampp\htdocs\Bessy\vendor\codeigniter4\framework\system\CodeIgniter.php(419): CodeIgniter\CodeIgniter->runController(Object(App\Controllers\Services))
#3 C:\xampp\htdocs\Bessy\vendor\codeigniter4\framework\system\CodeIgniter.php(326): CodeIgniter\CodeIgniter->handleRequest(NULL, Object(Config\Cache), false)
#4 C:\xampp\htdocs\Bessy\index.php(38): CodeIgniter\CodeIgniter->run()
#5 {main}
CRITICAL - 2023-02-07 09:54:02 --> Attempt to read property "service_name" on string
#0 C:\xampp\htdocs\Bessy\app\Controllers\Services.php(65): CodeIgniter\Debug\Exceptions->errorHandler(2, 'Attempt to read...', 'C:\\xampp\\htdocs...', 65)
#1 C:\xampp\htdocs\Bessy\vendor\codeigniter4\framework\system\CodeIgniter.php(832): App\Controllers\Services->preview_service('birth_certifica...', 'assets', 'media', 'stock', '900x600', '46.jpg')
#2 C:\xampp\htdocs\Bessy\vendor\codeigniter4\framework\system\CodeIgniter.php(419): CodeIgniter\CodeIgniter->runController(Object(App\Controllers\Services))
#3 C:\xampp\htdocs\Bessy\vendor\codeigniter4\framework\system\CodeIgniter.php(326): CodeIgniter\CodeIgniter->handleRequest(NULL, Object(Config\Cache), false)
#4 C:\xampp\htdocs\Bessy\index.php(38): CodeIgniter\CodeIgniter->run()
#5 {main}
CRITICAL - 2023-02-07 09:54:02 --> Attempt to read property "service_name" on string
#0 C:\xampp\htdocs\Bessy\app\Controllers\Services.php(65): CodeIgniter\Debug\Exceptions->errorHandler(2, 'Attempt to read...', 'C:\\xampp\\htdocs...', 65)
#1 C:\xampp\htdocs\Bessy\vendor\codeigniter4\framework\system\CodeIgniter.php(832): App\Controllers\Services->preview_service('birth_certifica...', 'assets', 'media', 'stock', '600x600', 'img-84.jpg')
#2 C:\xampp\htdocs\Bessy\vendor\codeigniter4\framework\system\CodeIgniter.php(419): CodeIgniter\CodeIgniter->runController(Object(App\Controllers\Services))
#3 C:\xampp\htdocs\Bessy\vendor\codeigniter4\framework\system\CodeIgniter.php(326): CodeIgniter\CodeIgniter->handleRequest(NULL, Object(Config\Cache), false)
#4 C:\xampp\htdocs\Bessy\index.php(38): CodeIgniter\CodeIgniter->run()
#5 {main}
CRITICAL - 2023-02-07 09:54:02 --> Attempt to read property "service_name" on string
#0 C:\xampp\htdocs\Bessy\app\Controllers\Services.php(65): CodeIgniter\Debug\Exceptions->errorHandler(2, 'Attempt to read...', 'C:\\xampp\\htdocs...', 65)
#1 C:\xampp\htdocs\Bessy\vendor\codeigniter4\framework\system\CodeIgniter.php(832): App\Controllers\Services->preview_service('birth_certifica...', 'assets', 'media', 'stock', '600x600', 'img-82.jpg')
#2 C:\xampp\htdocs\Bessy\vendor\codeigniter4\framework\system\CodeIgniter.php(419): CodeIgniter\CodeIgniter->runController(Object(App\Controllers\Services))
#3 C:\xampp\htdocs\Bessy\vendor\codeigniter4\framework\system\CodeIgniter.php(326): CodeIgniter\CodeIgniter->handleRequest(NULL, Object(Config\Cache), false)
#4 C:\xampp\htdocs\Bessy\index.php(38): CodeIgniter\CodeIgniter->run()
#5 {main}
CRITICAL - 2023-02-07 10:00:01 --> Attempt to read property "service_name" on string
#0 C:\xampp\htdocs\Bessy\app\Controllers\Services.php(65): CodeIgniter\Debug\Exceptions->errorHandler(2, 'Attempt to read...', 'C:\\xampp\\htdocs...', 65)
#1 C:\xampp\htdocs\Bessy\vendor\codeigniter4\framework\system\CodeIgniter.php(832): App\Controllers\Services->preview_service('zoning_permit', 'assets', 'media', 'stock', '600x600', 'img-84.jpg')
#2 C:\xampp\htdocs\Bessy\vendor\codeigniter4\framework\system\CodeIgniter.php(419): CodeIgniter\CodeIgniter->runController(Object(App\Controllers\Services))
#3 C:\xampp\htdocs\Bessy\vendor\codeigniter4\framework\system\CodeIgniter.php(326): CodeIgniter\CodeIgniter->handleRequest(NULL, Object(Config\Cache), false)
#4 C:\xampp\htdocs\Bessy\index.php(38): CodeIgniter\CodeIgniter->run()
#5 {main}
CRITICAL - 2023-02-07 10:00:01 --> Attempt to read property "service_name" on string
#0 C:\xampp\htdocs\Bessy\app\Controllers\Services.php(65): CodeIgniter\Debug\Exceptions->errorHandler(2, 'Attempt to read...', 'C:\\xampp\\htdocs...', 65)
#1 C:\xampp\htdocs\Bessy\vendor\codeigniter4\framework\system\CodeIgniter.php(832): App\Controllers\Services->preview_service('zoning_permit', 'assets', 'media', 'stock', '600x600', 'img-82.jpg')
#2 C:\xampp\htdocs\Bessy\vendor\codeigniter4\framework\system\CodeIgniter.php(419): CodeIgniter\CodeIgniter->runController(Object(App\Controllers\Services))
#3 C:\xampp\htdocs\Bessy\vendor\codeigniter4\framework\system\CodeIgniter.php(326): CodeIgniter\CodeIgniter->handleRequest(NULL, Object(Config\Cache), false)
#4 C:\xampp\htdocs\Bessy\index.php(38): CodeIgniter\CodeIgniter->run()
#5 {main}
CRITICAL - 2023-02-07 10:00:01 --> Attempt to read property "service_name" on string
#0 C:\xampp\htdocs\Bessy\app\Controllers\Services.php(65): CodeIgniter\Debug\Exceptions->errorHandler(2, 'Attempt to read...', 'C:\\xampp\\htdocs...', 65)
#1 C:\xampp\htdocs\Bessy\vendor\codeigniter4\framework\system\CodeIgniter.php(832): App\Controllers\Services->preview_service('zoning_permit', 'assets', 'media', 'stock', '900x600', '44.jpg')
#2 C:\xampp\htdocs\Bessy\vendor\codeigniter4\framework\system\CodeIgniter.php(419): CodeIgniter\CodeIgniter->runController(Object(App\Controllers\Services))
#3 C:\xampp\htdocs\Bessy\vendor\codeigniter4\framework\system\CodeIgniter.php(326): CodeIgniter\CodeIgniter->handleRequest(NULL, Object(Config\Cache), false)
#4 C:\xampp\htdocs\Bessy\index.php(38): CodeIgniter\CodeIgniter->run()
#5 {main}
CRITICAL - 2023-02-07 10:00:01 --> Attempt to read property "service_name" on string
#0 C:\xampp\htdocs\Bessy\app\Controllers\Services.php(65): CodeIgniter\Debug\Exceptions->errorHandler(2, 'Attempt to read...', 'C:\\xampp\\htdocs...', 65)
#1 C:\xampp\htdocs\Bessy\vendor\codeigniter4\framework\system\CodeIgniter.php(832): App\Controllers\Services->preview_service('zoning_permit', 'assets', 'media', 'stock', '900x600', '46.jpg')
#2 C:\xampp\htdocs\Bessy\vendor\codeigniter4\framework\system\CodeIgniter.php(419): CodeIgniter\CodeIgniter->runController(Object(App\Controllers\Services))
#3 C:\xampp\htdocs\Bessy\vendor\codeigniter4\framework\system\CodeIgniter.php(326): CodeIgniter\CodeIgniter->handleRequest(NULL, Object(Config\Cache), false)
#4 C:\xampp\htdocs\Bessy\index.php(38): CodeIgniter\CodeIgniter->run()
#5 {main}
CRITICAL - 2023-02-07 10:00:21 --> Attempt to read property "service_name" on string
#0 C:\xampp\htdocs\Bessy\app\Controllers\Services.php(65): CodeIgniter\Debug\Exceptions->errorHandler(2, 'Attempt to read...', 'C:\\xampp\\htdocs...', 65)
#1 C:\xampp\htdocs\Bessy\vendor\codeigniter4\framework\system\CodeIgniter.php(832): App\Controllers\Services->preview_service('zoning_permit', 'assets', 'media', 'stock', '900x600', '44.jpg')
#2 C:\xampp\htdocs\Bessy\vendor\codeigniter4\framework\system\CodeIgniter.php(419): CodeIgniter\CodeIgniter->runController(Object(App\Controllers\Services))
#3 C:\xampp\htdocs\Bessy\vendor\codeigniter4\framework\system\CodeIgniter.php(326): CodeIgniter\CodeIgniter->handleRequest(NULL, Object(Config\Cache), false)
#4 C:\xampp\htdocs\Bessy\index.php(38): CodeIgniter\CodeIgniter->run()
#5 {main}
CRITICAL - 2023-02-07 10:00:21 --> Attempt to read property "service_name" on string
#0 C:\xampp\htdocs\Bessy\app\Controllers\Services.php(65): CodeIgniter\Debug\Exceptions->errorHandler(2, 'Attempt to read...', 'C:\\xampp\\htdocs...', 65)
#1 C:\xampp\htdocs\Bessy\vendor\codeigniter4\framework\system\CodeIgniter.php(832): App\Controllers\Services->preview_service('zoning_permit', 'assets', 'media', 'stock', '600x600', 'img-84.jpg')
#2 C:\xampp\htdocs\Bessy\vendor\codeigniter4\framework\system\CodeIgniter.php(419): CodeIgniter\CodeIgniter->runController(Object(App\Controllers\Services))
#3 C:\xampp\htdocs\Bessy\vendor\codeigniter4\framework\system\CodeIgniter.php(326): CodeIgniter\CodeIgniter->handleRequest(NULL, Object(Config\Cache), false)
#4 C:\xampp\htdocs\Bessy\index.php(38): CodeIgniter\CodeIgniter->run()
#5 {main}
CRITICAL - 2023-02-07 10:00:21 --> Attempt to read property "service_name" on string
#0 C:\xampp\htdocs\Bessy\app\Controllers\Services.php(65): CodeIgniter\Debug\Exceptions->errorHandler(2, 'Attempt to read...', 'C:\\xampp\\htdocs...', 65)
#1 C:\xampp\htdocs\Bessy\vendor\codeigniter4\framework\system\CodeIgniter.php(832): App\Controllers\Services->preview_service('zoning_permit', 'assets', 'media', 'stock', '600x600', 'img-82.jpg')
#2 C:\xampp\htdocs\Bessy\vendor\codeigniter4\framework\system\CodeIgniter.php(419): CodeIgniter\CodeIgniter->runController(Object(App\Controllers\Services))
#3 C:\xampp\htdocs\Bessy\vendor\codeigniter4\framework\system\CodeIgniter.php(326): CodeIgniter\CodeIgniter->handleRequest(NULL, Object(Config\Cache), false)
#4 C:\xampp\htdocs\Bessy\index.php(38): CodeIgniter\CodeIgniter->run()
#5 {main}
CRITICAL - 2023-02-07 10:00:21 --> Attempt to read property "service_name" on string
#0 C:\xampp\htdocs\Bessy\app\Controllers\Services.php(65): CodeIgniter\Debug\Exceptions->errorHandler(2, 'Attempt to read...', 'C:\\xampp\\htdocs...', 65)
#1 C:\xampp\htdocs\Bessy\vendor\codeigniter4\framework\system\CodeIgniter.php(832): App\Controllers\Services->preview_service('zoning_permit', 'assets', 'media', 'stock', '900x600', '46.jpg')
#2 C:\xampp\htdocs\Bessy\vendor\codeigniter4\framework\system\CodeIgniter.php(419): CodeIgniter\CodeIgniter->runController(Object(App\Controllers\Services))
#3 C:\xampp\htdocs\Bessy\vendor\codeigniter4\framework\system\CodeIgniter.php(326): CodeIgniter\CodeIgniter->handleRequest(NULL, Object(Config\Cache), false)
#4 C:\xampp\htdocs\Bessy\index.php(38): CodeIgniter\CodeIgniter->run()
#5 {main}
CRITICAL - 2023-02-07 10:09:23 --> Attempt to read property "service_name" on string
#0 C:\xampp\htdocs\Bessy\app\Controllers\Services.php(65): CodeIgniter\Debug\Exceptions->errorHandler(2, 'Attempt to read...', 'C:\\xampp\\htdocs...', 65)
#1 C:\xampp\htdocs\Bessy\vendor\codeigniter4\framework\system\CodeIgniter.php(832): App\Controllers\Services->preview_service('zoning_permit', 'assets', 'media', 'stock', '600x600', 'img-82.jpg')
#2 C:\xampp\htdocs\Bessy\vendor\codeigniter4\framework\system\CodeIgniter.php(419): CodeIgniter\CodeIgniter->runController(Object(App\Controllers\Services))
#3 C:\xampp\htdocs\Bessy\vendor\codeigniter4\framework\system\CodeIgniter.php(326): CodeIgniter\CodeIgniter->handleRequest(NULL, Object(Config\Cache), false)
#4 C:\xampp\htdocs\Bessy\index.php(38): CodeIgniter\CodeIgniter->run()
#5 {main}
CRITICAL - 2023-02-07 10:09:23 --> Attempt to read property "service_name" on string
#0 C:\xampp\htdocs\Bessy\app\Controllers\Services.php(65): CodeIgniter\Debug\Exceptions->errorHandler(2, 'Attempt to read...', 'C:\\xampp\\htdocs...', 65)
#1 C:\xampp\htdocs\Bessy\vendor\codeigniter4\framework\system\CodeIgniter.php(832): App\Controllers\Services->preview_service('zoning_permit', 'assets', 'media', 'stock', '600x600', 'img-84.jpg')
#2 C:\xampp\htdocs\Bessy\vendor\codeigniter4\framework\system\CodeIgniter.php(419): CodeIgniter\CodeIgniter->runController(Object(App\Controllers\Services))
#3 C:\xampp\htdocs\Bessy\vendor\codeigniter4\framework\system\CodeIgniter.php(326): CodeIgniter\CodeIgniter->handleRequest(NULL, Object(Config\Cache), false)
#4 C:\xampp\htdocs\Bessy\index.php(38): CodeIgniter\CodeIgniter->run()
#5 {main}
CRITICAL - 2023-02-07 10:09:23 --> Attempt to read property "service_name" on string
#0 C:\xampp\htdocs\Bessy\app\Controllers\Services.php(65): CodeIgniter\Debug\Exceptions->errorHandler(2, 'Attempt to read...', 'C:\\xampp\\htdocs...', 65)
#1 C:\xampp\htdocs\Bessy\vendor\codeigniter4\framework\system\CodeIgniter.php(832): App\Controllers\Services->preview_service('zoning_permit', 'assets', 'media', 'stock', '900x600', '44.jpg')
#2 C:\xampp\htdocs\Bessy\vendor\codeigniter4\framework\system\CodeIgniter.php(419): CodeIgniter\CodeIgniter->runController(Object(App\Controllers\Services))
#3 C:\xampp\htdocs\Bessy\vendor\codeigniter4\framework\system\CodeIgniter.php(326): CodeIgniter\CodeIgniter->handleRequest(NULL, Object(Config\Cache), false)
#4 C:\xampp\htdocs\Bessy\index.php(38): CodeIgniter\CodeIgniter->run()
#5 {main}
CRITICAL - 2023-02-07 10:09:23 --> Attempt to read property "service_name" on string
#0 C:\xampp\htdocs\Bessy\app\Controllers\Services.php(65): CodeIgniter\Debug\Exceptions->errorHandler(2, 'Attempt to read...', 'C:\\xampp\\htdocs...', 65)
#1 C:\xampp\htdocs\Bessy\vendor\codeigniter4\framework\system\CodeIgniter.php(832): App\Controllers\Services->preview_service('zoning_permit', 'assets', 'media', 'stock', '900x600', '46.jpg')
#2 C:\xampp\htdocs\Bessy\vendor\codeigniter4\framework\system\CodeIgniter.php(419): CodeIgniter\CodeIgniter->runController(Object(App\Controllers\Services))
#3 C:\xampp\htdocs\Bessy\vendor\codeigniter4\framework\system\CodeIgniter.php(326): CodeIgniter\CodeIgniter->handleRequest(NULL, Object(Config\Cache), false)
#4 C:\xampp\htdocs\Bessy\index.php(38): CodeIgniter\CodeIgniter->run()
#5 {main}
CRITICAL - 2023-02-07 10:17:22 --> Attempt to read property "service_name" on string
#0 C:\xampp\htdocs\Bessy\app\Controllers\Services.php(65): CodeIgniter\Debug\Exceptions->errorHandler(2, 'Attempt to read...', 'C:\\xampp\\htdocs...', 65)
#1 C:\xampp\htdocs\Bessy\vendor\codeigniter4\framework\system\CodeIgniter.php(832): App\Controllers\Services->preview_service('zoning_permit', 'assets', 'media', 'stock', '600x600', 'img-82.jpg')
#2 C:\xampp\htdocs\Bessy\vendor\codeigniter4\framework\system\CodeIgniter.php(419): CodeIgniter\CodeIgniter->runController(Object(App\Controllers\Services))
#3 C:\xampp\htdocs\Bessy\vendor\codeigniter4\framework\system\CodeIgniter.php(326): CodeIgniter\CodeIgniter->handleRequest(NULL, Object(Config\Cache), false)
#4 C:\xampp\htdocs\Bessy\index.php(38): CodeIgniter\CodeIgniter->run()
#5 {main}
CRITICAL - 2023-02-07 10:17:22 --> Attempt to read property "service_name" on string
#0 C:\xampp\htdocs\Bessy\app\Controllers\Services.php(65): CodeIgniter\Debug\Exceptions->errorHandler(2, 'Attempt to read...', 'C:\\xampp\\htdocs...', 65)
#1 C:\xampp\htdocs\Bessy\vendor\codeigniter4\framework\system\CodeIgniter.php(832): App\Controllers\Services->preview_service('zoning_permit', 'assets', 'media', 'stock', '600x600', 'img-84.jpg')
#2 C:\xampp\htdocs\Bessy\vendor\codeigniter4\framework\system\CodeIgniter.php(419): CodeIgniter\CodeIgniter->runController(Object(App\Controllers\Services))
#3 C:\xampp\htdocs\Bessy\vendor\codeigniter4\framework\system\CodeIgniter.php(326): CodeIgniter\CodeIgniter->handleRequest(NULL, Object(Config\Cache), false)
#4 C:\xampp\htdocs\Bessy\index.php(38): CodeIgniter\CodeIgniter->run()
#5 {main}
CRITICAL - 2023-02-07 10:17:22 --> Attempt to read property "service_name" on string
#0 C:\xampp\htdocs\Bessy\app\Controllers\Services.php(65): CodeIgniter\Debug\Exceptions->errorHandler(2, 'Attempt to read...', 'C:\\xampp\\htdocs...', 65)
#1 C:\xampp\htdocs\Bessy\vendor\codeigniter4\framework\system\CodeIgniter.php(832): App\Controllers\Services->preview_service('zoning_permit', 'assets', 'media', 'stock', '900x600', '44.jpg')
#2 C:\xampp\htdocs\Bessy\vendor\codeigniter4\framework\system\CodeIgniter.php(419): CodeIgniter\CodeIgniter->runController(Object(App\Controllers\Services))
#3 C:\xampp\htdocs\Bessy\vendor\codeigniter4\framework\system\CodeIgniter.php(326): CodeIgniter\CodeIgniter->handleRequest(NULL, Object(Config\Cache), false)
#4 C:\xampp\htdocs\Bessy\index.php(38): CodeIgniter\CodeIgniter->run()
#5 {main}
CRITICAL - 2023-02-07 10:17:22 --> Attempt to read property "service_name" on string
#0 C:\xampp\htdocs\Bessy\app\Controllers\Services.php(65): CodeIgniter\Debug\Exceptions->errorHandler(2, 'Attempt to read...', 'C:\\xampp\\htdocs...', 65)
#1 C:\xampp\htdocs\Bessy\vendor\codeigniter4\framework\system\CodeIgniter.php(832): App\Controllers\Services->preview_service('zoning_permit', 'assets', 'media', 'stock', '900x600', '46.jpg')
#2 C:\xampp\htdocs\Bessy\vendor\codeigniter4\framework\system\CodeIgniter.php(419): CodeIgniter\CodeIgniter->runController(Object(App\Controllers\Services))
#3 C:\xampp\htdocs\Bessy\vendor\codeigniter4\framework\system\CodeIgniter.php(326): CodeIgniter\CodeIgniter->handleRequest(NULL, Object(Config\Cache), false)
#4 C:\xampp\htdocs\Bessy\index.php(38): CodeIgniter\CodeIgniter->run()
#5 {main}
CRITICAL - 2023-02-07 10:32:37 --> Attempt to read property "service_name" on string
#0 C:\xampp\htdocs\Bessy\app\Controllers\Services.php(65): CodeIgniter\Debug\Exceptions->errorHandler(2, 'Attempt to read...', 'C:\\xampp\\htdocs...', 65)
#1 C:\xampp\htdocs\Bessy\vendor\codeigniter4\framework\system\CodeIgniter.php(832): App\Controllers\Services->preview_service('zoning_permit', 'assets', 'media', 'stock', '900x600', '44.jpg')
#2 C:\xampp\htdocs\Bessy\vendor\codeigniter4\framework\system\CodeIgniter.php(419): CodeIgniter\CodeIgniter->runController(Object(App\Controllers\Services))
#3 C:\xampp\htdocs\Bessy\vendor\codeigniter4\framework\system\CodeIgniter.php(326): CodeIgniter\CodeIgniter->handleRequest(NULL, Object(Config\Cache), false)
#4 C:\xampp\htdocs\Bessy\index.php(38): CodeIgniter\CodeIgniter->run()
#5 {main}
CRITICAL - 2023-02-07 10:32:37 --> Attempt to read property "service_name" on string
#0 C:\xampp\htdocs\Bessy\app\Controllers\Services.php(65): CodeIgniter\Debug\Exceptions->errorHandler(2, 'Attempt to read...', 'C:\\xampp\\htdocs...', 65)
#1 C:\xampp\htdocs\Bessy\vendor\codeigniter4\framework\system\CodeIgniter.php(832): App\Controllers\Services->preview_service('zoning_permit', 'assets', 'media', 'stock', '900x600', '46.jpg')
#2 C:\xampp\htdocs\Bessy\vendor\codeigniter4\framework\system\CodeIgniter.php(419): CodeIgniter\CodeIgniter->runController(Object(App\Controllers\Services))
#3 C:\xampp\htdocs\Bessy\vendor\codeigniter4\framework\system\CodeIgniter.php(326): CodeIgniter\CodeIgniter->handleRequest(NULL, Object(Config\Cache), false)
#4 C:\xampp\htdocs\Bessy\index.php(38): CodeIgniter\CodeIgniter->run()
#5 {main}
CRITICAL - 2023-02-07 10:32:37 --> Attempt to read property "service_name" on string
#0 C:\xampp\htdocs\Bessy\app\Controllers\Services.php(65): CodeIgniter\Debug\Exceptions->errorHandler(2, 'Attempt to read...', 'C:\\xampp\\htdocs...', 65)
#1 C:\xampp\htdocs\Bessy\vendor\codeigniter4\framework\system\CodeIgniter.php(832): App\Controllers\Services->preview_service('zoning_permit', 'assets', 'media', 'stock', '600x600', 'img-82.jpg')
#2 C:\xampp\htdocs\Bessy\vendor\codeigniter4\framework\system\CodeIgniter.php(419): CodeIgniter\CodeIgniter->runController(Object(App\Controllers\Services))
#3 C:\xampp\htdocs\Bessy\vendor\codeigniter4\framework\system\CodeIgniter.php(326): CodeIgniter\CodeIgniter->handleRequest(NULL, Object(Config\Cache), false)
#4 C:\xampp\htdocs\Bessy\index.php(38): CodeIgniter\CodeIgniter->run()
#5 {main}
CRITICAL - 2023-02-07 10:32:37 --> Attempt to read property "service_name" on string
#0 C:\xampp\htdocs\Bessy\app\Controllers\Services.php(65): CodeIgniter\Debug\Exceptions->errorHandler(2, 'Attempt to read...', 'C:\\xampp\\htdocs...', 65)
#1 C:\xampp\htdocs\Bessy\vendor\codeigniter4\framework\system\CodeIgniter.php(832): App\Controllers\Services->preview_service('zoning_permit', 'assets', 'media', 'stock', '600x600', 'img-84.jpg')
#2 C:\xampp\htdocs\Bessy\vendor\codeigniter4\framework\system\CodeIgniter.php(419): CodeIgniter\CodeIgniter->runController(Object(App\Controllers\Services))
#3 C:\xampp\htdocs\Bessy\vendor\codeigniter4\framework\system\CodeIgniter.php(326): CodeIgniter\CodeIgniter->handleRequest(NULL, Object(Config\Cache), false)
#4 C:\xampp\htdocs\Bessy\index.php(38): CodeIgniter\CodeIgniter->run()
#5 {main}
CRITICAL - 2023-02-07 10:33:21 --> Attempt to read property "service_name" on string
#0 C:\xampp\htdocs\Bessy\app\Controllers\Services.php(65): CodeIgniter\Debug\Exceptions->errorHandler(2, 'Attempt to read...', 'C:\\xampp\\htdocs...', 65)
#1 C:\xampp\htdocs\Bessy\vendor\codeigniter4\framework\system\CodeIgniter.php(832): App\Controllers\Services->preview_service('zoning_permit', 'assets', 'media', 'stock', '900x600', '44.jpg')
#2 C:\xampp\htdocs\Bessy\vendor\codeigniter4\framework\system\CodeIgniter.php(419): CodeIgniter\CodeIgniter->runController(Object(App\Controllers\Services))
#3 C:\xampp\htdocs\Bessy\vendor\codeigniter4\framework\system\CodeIgniter.php(326): CodeIgniter\CodeIgniter->handleRequest(NULL, Object(Config\Cache), false)
#4 C:\xampp\htdocs\Bessy\index.php(38): CodeIgniter\CodeIgniter->run()
#5 {main}
CRITICAL - 2023-02-07 10:33:21 --> Attempt to read property "service_name" on string
#0 C:\xampp\htdocs\Bessy\app\Controllers\Services.php(65): CodeIgniter\Debug\Exceptions->errorHandler(2, 'Attempt to read...', 'C:\\xampp\\htdocs...', 65)
#1 C:\xampp\htdocs\Bessy\vendor\codeigniter4\framework\system\CodeIgniter.php(832): App\Controllers\Services->preview_service('zoning_permit', 'assets', 'media', 'stock', '900x600', '46.jpg')
#2 C:\xampp\htdocs\Bessy\vendor\codeigniter4\framework\system\CodeIgniter.php(419): CodeIgniter\CodeIgniter->runController(Object(App\Controllers\Services))
#3 C:\xampp\htdocs\Bessy\vendor\codeigniter4\framework\system\CodeIgniter.php(326): CodeIgniter\CodeIgniter->handleRequest(NULL, Object(Config\Cache), false)
#4 C:\xampp\htdocs\Bessy\index.php(38): CodeIgniter\CodeIgniter->run()
#5 {main}
CRITICAL - 2023-02-07 10:33:21 --> Attempt to read property "service_name" on string
#0 C:\xampp\htdocs\Bessy\app\Controllers\Services.php(65): CodeIgniter\Debug\Exceptions->errorHandler(2, 'Attempt to read...', 'C:\\xampp\\htdocs...', 65)
#1 C:\xampp\htdocs\Bessy\vendor\codeigniter4\framework\system\CodeIgniter.php(832): App\Controllers\Services->preview_service('zoning_permit', 'assets', 'media', 'stock', '600x600', 'img-84.jpg')
#2 C:\xampp\htdocs\Bessy\vendor\codeigniter4\framework\system\CodeIgniter.php(419): CodeIgniter\CodeIgniter->runController(Object(App\Controllers\Services))
#3 C:\xampp\htdocs\Bessy\vendor\codeigniter4\framework\system\CodeIgniter.php(326): CodeIgniter\CodeIgniter->handleRequest(NULL, Object(Config\Cache), false)
#4 C:\xampp\htdocs\Bessy\index.php(38): CodeIgniter\CodeIgniter->run()
#5 {main}
CRITICAL - 2023-02-07 10:33:21 --> Attempt to read property "service_name" on string
#0 C:\xampp\htdocs\Bessy\app\Controllers\Services.php(65): CodeIgniter\Debug\Exceptions->errorHandler(2, 'Attempt to read...', 'C:\\xampp\\htdocs...', 65)
#1 C:\xampp\htdocs\Bessy\vendor\codeigniter4\framework\system\CodeIgniter.php(832): App\Controllers\Services->preview_service('zoning_permit', 'assets', 'media', 'stock', '600x600', 'img-82.jpg')
#2 C:\xampp\htdocs\Bessy\vendor\codeigniter4\framework\system\CodeIgniter.php(419): CodeIgniter\CodeIgniter->runController(Object(App\Controllers\Services))
#3 C:\xampp\htdocs\Bessy\vendor\codeigniter4\framework\system\CodeIgniter.php(326): CodeIgniter\CodeIgniter->handleRequest(NULL, Object(Config\Cache), false)
#4 C:\xampp\htdocs\Bessy\index.php(38): CodeIgniter\CodeIgniter->run()
#5 {main}
