ERROR - 2023-04-21 07:29:06 --> Table 'baliwagc_peso_db.logs' doesn't exist
ERROR - 2023-04-21 07:29:23 --> Table 'baliwagc_peso_db.departments' doesn't exist
ERROR - 2023-04-21 07:29:23 --> Table 'baliwagc_peso_db.roles' doesn't exist
ERROR - 2023-04-21 07:29:24 --> Table 'baliwagc_peso_db.departments' doesn't exist
ERROR - 2023-04-21 07:29:24 --> Table 'baliwagc_peso_db.roles' doesn't exist
ERROR - 2023-04-21 07:29:24 --> You have an error in your SQL syntax; check the manual that corresponds to your MariaDB server version for the right syntax to use near ')
AND `job_applications`.`application_status` <> 3' at line 8
CRITICAL - 2023-04-21 07:29:24 --> You have an error in your SQL syntax; check the manual that corresponds to your MariaDB server version for the right syntax to use near ')
AND `job_applications`.`application_status` <> 3' at line 8
#0 C:\xampp\htdocs\peso\vendor\codeigniter4\framework\system\Database\MySQLi\Connection.php(292): mysqli->query('SELECT `public_...', 0)
#1 C:\xampp\htdocs\peso\vendor\codeigniter4\framework\system\Database\BaseConnection.php(670): CodeIgniter\Database\MySQLi\Connection->execute('SELECT `public_...')
#2 C:\xampp\htdocs\peso\vendor\codeigniter4\framework\system\Database\BaseConnection.php(598): CodeIgniter\Database\BaseConnection->simpleQuery('SELECT `public_...')
#3 C:\xampp\htdocs\peso\vendor\codeigniter4\framework\system\Database\BaseBuilder.php(1455): CodeIgniter\Database\BaseConnection->query('SELECT `public_...', Array, false)
#4 C:\xampp\htdocs\peso\app\Controllers\Users.php(72): CodeIgniter\Database\BaseBuilder->get()
#5 C:\xampp\htdocs\peso\vendor\codeigniter4\framework\system\CodeIgniter.php(832): App\Controllers\Users->export_applicants()
#6 C:\xampp\htdocs\peso\vendor\codeigniter4\framework\system\CodeIgniter.php(419): CodeIgniter\CodeIgniter->runController(Object(App\Controllers\Users))
#7 C:\xampp\htdocs\peso\vendor\codeigniter4\framework\system\CodeIgniter.php(326): CodeIgniter\CodeIgniter->handleRequest(NULL, Object(Config\Cache), false)
#8 C:\xampp\htdocs\peso\index.php(38): CodeIgniter\CodeIgniter->run()
#9 {main}
ERROR - 2023-04-21 07:29:38 --> Table 'baliwagc_peso_db.departments' doesn't exist
ERROR - 2023-04-21 07:29:38 --> Table 'baliwagc_peso_db.roles' doesn't exist
ERROR - 2023-04-21 07:29:40 --> Table 'baliwagc_peso_db.departments' doesn't exist
ERROR - 2023-04-21 07:29:40 --> Table 'baliwagc_peso_db.roles' doesn't exist
ERROR - 2023-04-21 07:29:40 --> You have an error in your SQL syntax; check the manual that corresponds to your MariaDB server version for the right syntax to use near ')
AND `job_applications`.`application_status` <> 3' at line 8
CRITICAL - 2023-04-21 07:29:40 --> You have an error in your SQL syntax; check the manual that corresponds to your MariaDB server version for the right syntax to use near ')
AND `job_applications`.`application_status` <> 3' at line 8
#0 C:\xampp\htdocs\peso\vendor\codeigniter4\framework\system\Database\MySQLi\Connection.php(292): mysqli->query('SELECT `public_...', 0)
#1 C:\xampp\htdocs\peso\vendor\codeigniter4\framework\system\Database\BaseConnection.php(670): CodeIgniter\Database\MySQLi\Connection->execute('SELECT `public_...')
#2 C:\xampp\htdocs\peso\vendor\codeigniter4\framework\system\Database\BaseConnection.php(598): CodeIgniter\Database\BaseConnection->simpleQuery('SELECT `public_...')
#3 C:\xampp\htdocs\peso\vendor\codeigniter4\framework\system\Database\BaseBuilder.php(1455): CodeIgniter\Database\BaseConnection->query('SELECT `public_...', Array, false)
#4 C:\xampp\htdocs\peso\app\Controllers\Users.php(72): CodeIgniter\Database\BaseBuilder->get()
#5 C:\xampp\htdocs\peso\vendor\codeigniter4\framework\system\CodeIgniter.php(832): App\Controllers\Users->export_applicants()
#6 C:\xampp\htdocs\peso\vendor\codeigniter4\framework\system\CodeIgniter.php(419): CodeIgniter\CodeIgniter->runController(Object(App\Controllers\Users))
#7 C:\xampp\htdocs\peso\vendor\codeigniter4\framework\system\CodeIgniter.php(326): CodeIgniter\CodeIgniter->handleRequest(NULL, Object(Config\Cache), false)
#8 C:\xampp\htdocs\peso\index.php(38): CodeIgniter\CodeIgniter->run()
#9 {main}
ERROR - 2023-04-21 07:30:37 --> Table 'baliwagc_peso_db.departments' doesn't exist
ERROR - 2023-04-21 07:30:37 --> Table 'baliwagc_peso_db.roles' doesn't exist
CRITICAL - 2023-04-21 07:30:37 --> foreach() argument must be of type array|object, string given
#0 C:\xampp\htdocs\peso\app\Views\users\export-applicants.php(31): CodeIgniter\Debug\Exceptions->errorHandler(2, 'foreach() argum...', 'C:\\xampp\\htdocs...', 31)
#1 C:\xampp\htdocs\peso\vendor\codeigniter4\framework\system\View\View.php(210): include('C:\\xampp\\htdocs...')
#2 C:\xampp\htdocs\peso\vendor\codeigniter4\framework\system\View\View.php(213): CodeIgniter\View\View->CodeIgniter\View\{closure}()
#3 C:\xampp\htdocs\peso\vendor\codeigniter4\framework\system\Common.php(1089): CodeIgniter\View\View->render('users/export-ap...', Array, true)
#4 C:\xampp\htdocs\peso\app\Controllers\Users.php(78): view('users/export-ap...', Array)
#5 C:\xampp\htdocs\peso\vendor\codeigniter4\framework\system\CodeIgniter.php(832): App\Controllers\Users->export_applicants('4')
#6 C:\xampp\htdocs\peso\vendor\codeigniter4\framework\system\CodeIgniter.php(419): CodeIgniter\CodeIgniter->runController(Object(App\Controllers\Users))
#7 C:\xampp\htdocs\peso\vendor\codeigniter4\framework\system\CodeIgniter.php(326): CodeIgniter\CodeIgniter->handleRequest(NULL, Object(Config\Cache), false)
#8 C:\xampp\htdocs\peso\index.php(38): CodeIgniter\CodeIgniter->run()
#9 {main}
ERROR - 2023-04-21 07:31:12 --> Table 'baliwagc_peso_db.departments' doesn't exist
ERROR - 2023-04-21 07:31:12 --> Table 'baliwagc_peso_db.roles' doesn't exist
ERROR - 2023-04-21 07:31:13 --> Table 'baliwagc_peso_db.departments' doesn't exist
ERROR - 2023-04-21 07:31:13 --> Table 'baliwagc_peso_db.roles' doesn't exist
ERROR - 2023-04-21 07:31:13 --> You have an error in your SQL syntax; check the manual that corresponds to your MariaDB server version for the right syntax to use near ')
AND `job_applications`.`application_status` <> 3' at line 8
CRITICAL - 2023-04-21 07:31:13 --> You have an error in your SQL syntax; check the manual that corresponds to your MariaDB server version for the right syntax to use near ')
AND `job_applications`.`application_status` <> 3' at line 8
#0 C:\xampp\htdocs\peso\vendor\codeigniter4\framework\system\Database\MySQLi\Connection.php(292): mysqli->query('SELECT `public_...', 0)
#1 C:\xampp\htdocs\peso\vendor\codeigniter4\framework\system\Database\BaseConnection.php(670): CodeIgniter\Database\MySQLi\Connection->execute('SELECT `public_...')
#2 C:\xampp\htdocs\peso\vendor\codeigniter4\framework\system\Database\BaseConnection.php(598): CodeIgniter\Database\BaseConnection->simpleQuery('SELECT `public_...')
#3 C:\xampp\htdocs\peso\vendor\codeigniter4\framework\system\Database\BaseBuilder.php(1455): CodeIgniter\Database\BaseConnection->query('SELECT `public_...', Array, false)
#4 C:\xampp\htdocs\peso\app\Controllers\Users.php(72): CodeIgniter\Database\BaseBuilder->get()
#5 C:\xampp\htdocs\peso\vendor\codeigniter4\framework\system\CodeIgniter.php(832): App\Controllers\Users->export_applicants()
#6 C:\xampp\htdocs\peso\vendor\codeigniter4\framework\system\CodeIgniter.php(419): CodeIgniter\CodeIgniter->runController(Object(App\Controllers\Users))
#7 C:\xampp\htdocs\peso\vendor\codeigniter4\framework\system\CodeIgniter.php(326): CodeIgniter\CodeIgniter->handleRequest(NULL, Object(Config\Cache), false)
#8 C:\xampp\htdocs\peso\index.php(38): CodeIgniter\CodeIgniter->run()
#9 {main}
ERROR - 2023-04-21 07:31:30 --> Table 'baliwagc_peso_db.departments' doesn't exist
ERROR - 2023-04-21 07:31:30 --> Table 'baliwagc_peso_db.roles' doesn't exist
ERROR - 2023-04-21 07:31:31 --> Table 'baliwagc_peso_db.departments' doesn't exist
ERROR - 2023-04-21 07:31:31 --> Table 'baliwagc_peso_db.roles' doesn't exist
ERROR - 2023-04-21 07:31:31 --> You have an error in your SQL syntax; check the manual that corresponds to your MariaDB server version for the right syntax to use near ')
AND `job_applications`.`application_status` <> 3' at line 8
CRITICAL - 2023-04-21 07:31:31 --> You have an error in your SQL syntax; check the manual that corresponds to your MariaDB server version for the right syntax to use near ')
AND `job_applications`.`application_status` <> 3' at line 8
#0 C:\xampp\htdocs\peso\vendor\codeigniter4\framework\system\Database\MySQLi\Connection.php(292): mysqli->query('SELECT `public_...', 0)
#1 C:\xampp\htdocs\peso\vendor\codeigniter4\framework\system\Database\BaseConnection.php(670): CodeIgniter\Database\MySQLi\Connection->execute('SELECT `public_...')
#2 C:\xampp\htdocs\peso\vendor\codeigniter4\framework\system\Database\BaseConnection.php(598): CodeIgniter\Database\BaseConnection->simpleQuery('SELECT `public_...')
#3 C:\xampp\htdocs\peso\vendor\codeigniter4\framework\system\Database\BaseBuilder.php(1455): CodeIgniter\Database\BaseConnection->query('SELECT `public_...', Array, false)
#4 C:\xampp\htdocs\peso\app\Controllers\Users.php(72): CodeIgniter\Database\BaseBuilder->get()
#5 C:\xampp\htdocs\peso\vendor\codeigniter4\framework\system\CodeIgniter.php(832): App\Controllers\Users->export_applicants()
#6 C:\xampp\htdocs\peso\vendor\codeigniter4\framework\system\CodeIgniter.php(419): CodeIgniter\CodeIgniter->runController(Object(App\Controllers\Users))
#7 C:\xampp\htdocs\peso\vendor\codeigniter4\framework\system\CodeIgniter.php(326): CodeIgniter\CodeIgniter->handleRequest(NULL, Object(Config\Cache), false)
#8 C:\xampp\htdocs\peso\index.php(38): CodeIgniter\CodeIgniter->run()
#9 {main}
ERROR - 2023-04-21 07:32:51 --> Table 'baliwagc_peso_db.departments' doesn't exist
ERROR - 2023-04-21 07:32:51 --> Table 'baliwagc_peso_db.roles' doesn't exist
ERROR - 2023-04-21 07:32:52 --> Table 'baliwagc_peso_db.departments' doesn't exist
ERROR - 2023-04-21 07:32:52 --> Table 'baliwagc_peso_db.roles' doesn't exist
ERROR - 2023-04-21 07:32:52 --> You have an error in your SQL syntax; check the manual that corresponds to your MariaDB server version for the right syntax to use near ')
AND `job_applications`.`application_status` <> 3' at line 8
CRITICAL - 2023-04-21 07:32:52 --> You have an error in your SQL syntax; check the manual that corresponds to your MariaDB server version for the right syntax to use near ')
AND `job_applications`.`application_status` <> 3' at line 8
#0 C:\xampp\htdocs\peso\vendor\codeigniter4\framework\system\Database\MySQLi\Connection.php(292): mysqli->query('SELECT `public_...', 0)
#1 C:\xampp\htdocs\peso\vendor\codeigniter4\framework\system\Database\BaseConnection.php(670): CodeIgniter\Database\MySQLi\Connection->execute('SELECT `public_...')
#2 C:\xampp\htdocs\peso\vendor\codeigniter4\framework\system\Database\BaseConnection.php(598): CodeIgniter\Database\BaseConnection->simpleQuery('SELECT `public_...')
#3 C:\xampp\htdocs\peso\vendor\codeigniter4\framework\system\Database\BaseBuilder.php(1455): CodeIgniter\Database\BaseConnection->query('SELECT `public_...', Array, false)
#4 C:\xampp\htdocs\peso\app\Controllers\Users.php(72): CodeIgniter\Database\BaseBuilder->get()
#5 C:\xampp\htdocs\peso\vendor\codeigniter4\framework\system\CodeIgniter.php(832): App\Controllers\Users->export_applicants()
#6 C:\xampp\htdocs\peso\vendor\codeigniter4\framework\system\CodeIgniter.php(419): CodeIgniter\CodeIgniter->runController(Object(App\Controllers\Users))
#7 C:\xampp\htdocs\peso\vendor\codeigniter4\framework\system\CodeIgniter.php(326): CodeIgniter\CodeIgniter->handleRequest(NULL, Object(Config\Cache), false)
#8 C:\xampp\htdocs\peso\index.php(38): CodeIgniter\CodeIgniter->run()
#9 {main}
ERROR - 2023-04-21 07:35:11 --> Table 'baliwagc_peso_db.departments' doesn't exist
ERROR - 2023-04-21 07:35:11 --> Table 'baliwagc_peso_db.roles' doesn't exist
ERROR - 2023-04-21 07:35:12 --> Table 'baliwagc_peso_db.departments' doesn't exist
ERROR - 2023-04-21 07:35:12 --> Table 'baliwagc_peso_db.roles' doesn't exist
ERROR - 2023-04-21 07:35:12 --> You have an error in your SQL syntax; check the manual that corresponds to your MariaDB server version for the right syntax to use near ')
AND `job_applications`.`application_status` <> 3' at line 8
CRITICAL - 2023-04-21 07:35:12 --> You have an error in your SQL syntax; check the manual that corresponds to your MariaDB server version for the right syntax to use near ')
AND `job_applications`.`application_status` <> 3' at line 8
#0 C:\xampp\htdocs\peso\vendor\codeigniter4\framework\system\Database\MySQLi\Connection.php(292): mysqli->query('SELECT `public_...', 0)
#1 C:\xampp\htdocs\peso\vendor\codeigniter4\framework\system\Database\BaseConnection.php(670): CodeIgniter\Database\MySQLi\Connection->execute('SELECT `public_...')
#2 C:\xampp\htdocs\peso\vendor\codeigniter4\framework\system\Database\BaseConnection.php(598): CodeIgniter\Database\BaseConnection->simpleQuery('SELECT `public_...')
#3 C:\xampp\htdocs\peso\vendor\codeigniter4\framework\system\Database\BaseBuilder.php(1455): CodeIgniter\Database\BaseConnection->query('SELECT `public_...', Array, false)
#4 C:\xampp\htdocs\peso\app\Controllers\Users.php(72): CodeIgniter\Database\BaseBuilder->get()
#5 C:\xampp\htdocs\peso\vendor\codeigniter4\framework\system\CodeIgniter.php(832): App\Controllers\Users->export_applicants()
#6 C:\xampp\htdocs\peso\vendor\codeigniter4\framework\system\CodeIgniter.php(419): CodeIgniter\CodeIgniter->runController(Object(App\Controllers\Users))
#7 C:\xampp\htdocs\peso\vendor\codeigniter4\framework\system\CodeIgniter.php(326): CodeIgniter\CodeIgniter->handleRequest(NULL, Object(Config\Cache), false)
#8 C:\xampp\htdocs\peso\index.php(38): CodeIgniter\CodeIgniter->run()
#9 {main}
ERROR - 2023-04-21 07:36:13 --> Table 'baliwagc_peso_db.departments' doesn't exist
ERROR - 2023-04-21 07:36:13 --> Table 'baliwagc_peso_db.roles' doesn't exist
ERROR - 2023-04-21 07:36:15 --> Table 'baliwagc_peso_db.departments' doesn't exist
ERROR - 2023-04-21 07:36:15 --> Table 'baliwagc_peso_db.roles' doesn't exist
ERROR - 2023-04-21 07:36:15 --> You have an error in your SQL syntax; check the manual that corresponds to your MariaDB server version for the right syntax to use near ')
AND `job_applications`.`application_status` <> 3' at line 8
CRITICAL - 2023-04-21 07:36:15 --> You have an error in your SQL syntax; check the manual that corresponds to your MariaDB server version for the right syntax to use near ')
AND `job_applications`.`application_status` <> 3' at line 8
#0 C:\xampp\htdocs\peso\vendor\codeigniter4\framework\system\Database\MySQLi\Connection.php(292): mysqli->query('SELECT `public_...', 0)
#1 C:\xampp\htdocs\peso\vendor\codeigniter4\framework\system\Database\BaseConnection.php(670): CodeIgniter\Database\MySQLi\Connection->execute('SELECT `public_...')
#2 C:\xampp\htdocs\peso\vendor\codeigniter4\framework\system\Database\BaseConnection.php(598): CodeIgniter\Database\BaseConnection->simpleQuery('SELECT `public_...')
#3 C:\xampp\htdocs\peso\vendor\codeigniter4\framework\system\Database\BaseBuilder.php(1455): CodeIgniter\Database\BaseConnection->query('SELECT `public_...', Array, false)
#4 C:\xampp\htdocs\peso\app\Controllers\Users.php(72): CodeIgniter\Database\BaseBuilder->get()
#5 C:\xampp\htdocs\peso\vendor\codeigniter4\framework\system\CodeIgniter.php(832): App\Controllers\Users->export_applicants()
#6 C:\xampp\htdocs\peso\vendor\codeigniter4\framework\system\CodeIgniter.php(419): CodeIgniter\CodeIgniter->runController(Object(App\Controllers\Users))
#7 C:\xampp\htdocs\peso\vendor\codeigniter4\framework\system\CodeIgniter.php(326): CodeIgniter\CodeIgniter->handleRequest(NULL, Object(Config\Cache), false)
#8 C:\xampp\htdocs\peso\index.php(38): CodeIgniter\CodeIgniter->run()
#9 {main}
ERROR - 2023-04-21 07:37:22 --> Table 'baliwagc_peso_db.departments' doesn't exist
ERROR - 2023-04-21 07:37:22 --> Table 'baliwagc_peso_db.roles' doesn't exist
ERROR - 2023-04-21 07:37:24 --> Table 'baliwagc_peso_db.departments' doesn't exist
ERROR - 2023-04-21 07:37:24 --> Table 'baliwagc_peso_db.roles' doesn't exist
ERROR - 2023-04-21 07:37:24 --> You have an error in your SQL syntax; check the manual that corresponds to your MariaDB server version for the right syntax to use near ')
AND `job_applications`.`application_status` <> 3' at line 8
CRITICAL - 2023-04-21 07:37:24 --> You have an error in your SQL syntax; check the manual that corresponds to your MariaDB server version for the right syntax to use near ')
AND `job_applications`.`application_status` <> 3' at line 8
#0 C:\xampp\htdocs\peso\vendor\codeigniter4\framework\system\Database\MySQLi\Connection.php(292): mysqli->query('SELECT `public_...', 0)
#1 C:\xampp\htdocs\peso\vendor\codeigniter4\framework\system\Database\BaseConnection.php(670): CodeIgniter\Database\MySQLi\Connection->execute('SELECT `public_...')
#2 C:\xampp\htdocs\peso\vendor\codeigniter4\framework\system\Database\BaseConnection.php(598): CodeIgniter\Database\BaseConnection->simpleQuery('SELECT `public_...')
#3 C:\xampp\htdocs\peso\vendor\codeigniter4\framework\system\Database\BaseBuilder.php(1455): CodeIgniter\Database\BaseConnection->query('SELECT `public_...', Array, false)
#4 C:\xampp\htdocs\peso\app\Controllers\Users.php(72): CodeIgniter\Database\BaseBuilder->get()
#5 C:\xampp\htdocs\peso\vendor\codeigniter4\framework\system\CodeIgniter.php(832): App\Controllers\Users->export_applicants()
#6 C:\xampp\htdocs\peso\vendor\codeigniter4\framework\system\CodeIgniter.php(419): CodeIgniter\CodeIgniter->runController(Object(App\Controllers\Users))
#7 C:\xampp\htdocs\peso\vendor\codeigniter4\framework\system\CodeIgniter.php(326): CodeIgniter\CodeIgniter->handleRequest(NULL, Object(Config\Cache), false)
#8 C:\xampp\htdocs\peso\index.php(38): CodeIgniter\CodeIgniter->run()
#9 {main}
ERROR - 2023-04-21 07:39:22 --> Table 'baliwagc_peso_db.departments' doesn't exist
ERROR - 2023-04-21 07:39:22 --> Table 'baliwagc_peso_db.roles' doesn't exist
ERROR - 2023-04-21 07:39:42 --> Table 'baliwagc_peso_db.departments' doesn't exist
ERROR - 2023-04-21 07:39:42 --> Table 'baliwagc_peso_db.roles' doesn't exist
ERROR - 2023-04-21 07:39:55 --> Table 'baliwagc_peso_db.departments' doesn't exist
ERROR - 2023-04-21 07:39:55 --> Table 'baliwagc_peso_db.roles' doesn't exist
ERROR - 2023-04-21 07:41:35 --> Table 'baliwagc_peso_db.departments' doesn't exist
ERROR - 2023-04-21 07:41:35 --> Table 'baliwagc_peso_db.roles' doesn't exist
ERROR - 2023-04-21 07:41:49 --> Table 'baliwagc_peso_db.departments' doesn't exist
ERROR - 2023-04-21 07:41:49 --> Table 'baliwagc_peso_db.roles' doesn't exist
ERROR - 2023-04-21 07:42:08 --> Table 'baliwagc_peso_db.departments' doesn't exist
ERROR - 2023-04-21 07:42:08 --> Table 'baliwagc_peso_db.roles' doesn't exist
ERROR - 2023-04-21 07:42:16 --> Table 'baliwagc_peso_db.departments' doesn't exist
ERROR - 2023-04-21 07:42:16 --> Table 'baliwagc_peso_db.roles' doesn't exist
ERROR - 2023-04-21 07:42:35 --> Table 'baliwagc_peso_db.departments' doesn't exist
ERROR - 2023-04-21 07:42:35 --> Table 'baliwagc_peso_db.roles' doesn't exist
ERROR - 2023-04-21 07:42:40 --> Table 'baliwagc_peso_db.departments' doesn't exist
ERROR - 2023-04-21 07:42:40 --> Table 'baliwagc_peso_db.roles' doesn't exist
ERROR - 2023-04-21 07:42:53 --> Table 'baliwagc_peso_db.departments' doesn't exist
ERROR - 2023-04-21 07:42:53 --> Table 'baliwagc_peso_db.roles' doesn't exist
ERROR - 2023-04-21 07:43:46 --> Table 'baliwagc_peso_db.departments' doesn't exist
ERROR - 2023-04-21 07:43:46 --> Table 'baliwagc_peso_db.roles' doesn't exist
ERROR - 2023-04-21 07:43:53 --> Table 'baliwagc_peso_db.departments' doesn't exist
ERROR - 2023-04-21 07:43:53 --> Table 'baliwagc_peso_db.roles' doesn't exist
ERROR - 2023-04-21 07:44:20 --> Table 'baliwagc_peso_db.departments' doesn't exist
ERROR - 2023-04-21 07:44:20 --> Table 'baliwagc_peso_db.roles' doesn't exist
ERROR - 2023-04-21 07:44:27 --> Table 'baliwagc_peso_db.departments' doesn't exist
ERROR - 2023-04-21 07:44:27 --> Table 'baliwagc_peso_db.roles' doesn't exist
ERROR - 2023-04-21 07:44:54 --> Table 'baliwagc_peso_db.logs' doesn't exist
ERROR - 2023-04-21 07:45:20 --> Table 'baliwagc_peso_db.departments' doesn't exist
ERROR - 2023-04-21 07:45:20 --> Table 'baliwagc_peso_db.roles' doesn't exist
ERROR - 2023-04-21 07:45:23 --> Table 'baliwagc_peso_db.departments' doesn't exist
ERROR - 2023-04-21 07:45:23 --> Table 'baliwagc_peso_db.roles' doesn't exist
ERROR - 2023-04-21 07:46:19 --> Table 'baliwagc_peso_db.departments' doesn't exist
ERROR - 2023-04-21 07:46:19 --> Table 'baliwagc_peso_db.roles' doesn't exist
ERROR - 2023-04-21 07:46:31 --> Table 'baliwagc_peso_db.departments' doesn't exist
ERROR - 2023-04-21 07:46:31 --> Table 'baliwagc_peso_db.roles' doesn't exist
ERROR - 2023-04-21 07:46:36 --> Table 'baliwagc_peso_db.departments' doesn't exist
ERROR - 2023-04-21 07:46:36 --> Table 'baliwagc_peso_db.roles' doesn't exist
ERROR - 2023-04-21 07:46:49 --> Table 'baliwagc_peso_db.departments' doesn't exist
ERROR - 2023-04-21 07:46:49 --> Table 'baliwagc_peso_db.roles' doesn't exist
ERROR - 2023-04-21 07:47:00 --> Table 'baliwagc_peso_db.departments' doesn't exist
ERROR - 2023-04-21 07:47:00 --> Table 'baliwagc_peso_db.roles' doesn't exist
ERROR - 2023-04-21 07:47:10 --> Table 'baliwagc_peso_db.departments' doesn't exist
ERROR - 2023-04-21 07:47:10 --> Table 'baliwagc_peso_db.roles' doesn't exist
ERROR - 2023-04-21 07:48:48 --> Table 'baliwagc_peso_db.departments' doesn't exist
ERROR - 2023-04-21 07:48:48 --> Table 'baliwagc_peso_db.roles' doesn't exist
ERROR - 2023-04-21 07:49:56 --> Table 'baliwagc_peso_db.departments' doesn't exist
ERROR - 2023-04-21 07:49:56 --> Table 'baliwagc_peso_db.roles' doesn't exist
ERROR - 2023-04-21 07:52:06 --> Table 'baliwagc_peso_db.departments' doesn't exist
ERROR - 2023-04-21 07:52:06 --> Table 'baliwagc_peso_db.roles' doesn't exist
ERROR - 2023-04-21 07:53:10 --> Table 'baliwagc_peso_db.departments' doesn't exist
ERROR - 2023-04-21 07:53:10 --> Table 'baliwagc_peso_db.roles' doesn't exist
ERROR - 2023-04-21 07:53:37 --> Table 'baliwagc_peso_db.departments' doesn't exist
ERROR - 2023-04-21 07:53:37 --> Table 'baliwagc_peso_db.roles' doesn't exist
ERROR - 2023-04-21 07:54:07 --> Table 'baliwagc_peso_db.departments' doesn't exist
ERROR - 2023-04-21 07:54:07 --> Table 'baliwagc_peso_db.roles' doesn't exist
ERROR - 2023-04-21 07:54:31 --> Table 'baliwagc_peso_db.departments' doesn't exist
ERROR - 2023-04-21 07:54:31 --> Table 'baliwagc_peso_db.roles' doesn't exist
ERROR - 2023-04-21 07:54:39 --> Table 'baliwagc_peso_db.departments' doesn't exist
ERROR - 2023-04-21 07:54:39 --> Table 'baliwagc_peso_db.roles' doesn't exist
ERROR - 2023-04-21 07:54:59 --> Table 'baliwagc_peso_db.departments' doesn't exist
ERROR - 2023-04-21 07:54:59 --> Table 'baliwagc_peso_db.roles' doesn't exist
ERROR - 2023-04-21 07:55:08 --> Table 'baliwagc_peso_db.departments' doesn't exist
ERROR - 2023-04-21 07:55:08 --> Table 'baliwagc_peso_db.roles' doesn't exist
ERROR - 2023-04-21 07:57:35 --> Table 'baliwagc_peso_db.departments' doesn't exist
ERROR - 2023-04-21 07:57:35 --> Table 'baliwagc_peso_db.roles' doesn't exist
ERROR - 2023-04-21 07:57:49 --> Table 'baliwagc_peso_db.departments' doesn't exist
ERROR - 2023-04-21 07:57:49 --> Table 'baliwagc_peso_db.roles' doesn't exist
ERROR - 2023-04-21 08:00:22 --> Table 'baliwagc_peso_db.departments' doesn't exist
ERROR - 2023-04-21 08:00:22 --> Table 'baliwagc_peso_db.roles' doesn't exist
ERROR - 2023-04-21 08:00:38 --> Table 'baliwagc_peso_db.departments' doesn't exist
ERROR - 2023-04-21 08:00:38 --> Table 'baliwagc_peso_db.roles' doesn't exist
ERROR - 2023-04-21 08:01:09 --> Table 'baliwagc_peso_db.departments' doesn't exist
ERROR - 2023-04-21 08:01:09 --> Table 'baliwagc_peso_db.roles' doesn't exist
ERROR - 2023-04-21 08:01:28 --> Table 'baliwagc_peso_db.departments' doesn't exist
ERROR - 2023-04-21 08:01:28 --> Table 'baliwagc_peso_db.roles' doesn't exist
ERROR - 2023-04-21 08:01:55 --> Table 'baliwagc_peso_db.departments' doesn't exist
ERROR - 2023-04-21 08:01:55 --> Table 'baliwagc_peso_db.roles' doesn't exist
ERROR - 2023-04-21 08:02:30 --> Table 'baliwagc_peso_db.departments' doesn't exist
ERROR - 2023-04-21 08:02:30 --> Table 'baliwagc_peso_db.roles' doesn't exist
ERROR - 2023-04-21 08:02:41 --> Table 'baliwagc_peso_db.departments' doesn't exist
ERROR - 2023-04-21 08:02:41 --> Table 'baliwagc_peso_db.roles' doesn't exist
ERROR - 2023-04-21 08:03:06 --> Table 'baliwagc_peso_db.departments' doesn't exist
ERROR - 2023-04-21 08:03:06 --> Table 'baliwagc_peso_db.roles' doesn't exist
ERROR - 2023-04-21 08:05:03 --> Table 'baliwagc_peso_db.departments' doesn't exist
ERROR - 2023-04-21 08:05:03 --> Table 'baliwagc_peso_db.roles' doesn't exist
ERROR - 2023-04-21 08:06:01 --> Table 'baliwagc_peso_db.departments' doesn't exist
ERROR - 2023-04-21 08:06:01 --> Table 'baliwagc_peso_db.roles' doesn't exist
ERROR - 2023-04-21 08:06:05 --> Table 'baliwagc_peso_db.departments' doesn't exist
ERROR - 2023-04-21 08:06:05 --> Table 'baliwagc_peso_db.roles' doesn't exist
ERROR - 2023-04-21 08:06:08 --> Table 'baliwagc_peso_db.departments' doesn't exist
ERROR - 2023-04-21 08:06:08 --> Table 'baliwagc_peso_db.roles' doesn't exist
ERROR - 2023-04-21 08:06:23 --> Table 'baliwagc_peso_db.departments' doesn't exist
ERROR - 2023-04-21 08:06:23 --> Table 'baliwagc_peso_db.roles' doesn't exist
ERROR - 2023-04-21 08:07:50 --> Table 'baliwagc_peso_db.departments' doesn't exist
ERROR - 2023-04-21 08:07:50 --> Table 'baliwagc_peso_db.roles' doesn't exist
ERROR - 2023-04-21 08:08:26 --> Table 'baliwagc_peso_db.departments' doesn't exist
ERROR - 2023-04-21 08:08:26 --> Table 'baliwagc_peso_db.roles' doesn't exist
ERROR - 2023-04-21 08:08:58 --> Table 'baliwagc_peso_db.departments' doesn't exist
ERROR - 2023-04-21 08:08:58 --> Table 'baliwagc_peso_db.roles' doesn't exist
ERROR - 2023-04-21 08:09:22 --> Table 'baliwagc_peso_db.departments' doesn't exist
ERROR - 2023-04-21 08:09:22 --> Table 'baliwagc_peso_db.roles' doesn't exist
ERROR - 2023-04-21 08:09:36 --> Table 'baliwagc_peso_db.departments' doesn't exist
ERROR - 2023-04-21 08:09:36 --> Table 'baliwagc_peso_db.roles' doesn't exist
ERROR - 2023-04-21 08:11:19 --> Table 'baliwagc_peso_db.departments' doesn't exist
ERROR - 2023-04-21 08:11:19 --> Table 'baliwagc_peso_db.roles' doesn't exist
ERROR - 2023-04-21 08:11:44 --> Table 'baliwagc_peso_db.departments' doesn't exist
ERROR - 2023-04-21 08:11:44 --> Table 'baliwagc_peso_db.roles' doesn't exist
ERROR - 2023-04-21 08:13:58 --> Table 'baliwagc_peso_db.departments' doesn't exist
ERROR - 2023-04-21 08:13:58 --> Table 'baliwagc_peso_db.roles' doesn't exist
ERROR - 2023-04-21 08:14:59 --> Table 'baliwagc_peso_db.departments' doesn't exist
ERROR - 2023-04-21 08:14:59 --> Table 'baliwagc_peso_db.roles' doesn't exist
ERROR - 2023-04-21 08:15:37 --> Table 'baliwagc_peso_db.departments' doesn't exist
ERROR - 2023-04-21 08:15:37 --> Table 'baliwagc_peso_db.roles' doesn't exist
ERROR - 2023-04-21 08:15:43 --> Table 'baliwagc_peso_db.departments' doesn't exist
ERROR - 2023-04-21 08:15:43 --> Table 'baliwagc_peso_db.roles' doesn't exist
ERROR - 2023-04-21 08:16:40 --> Table 'baliwagc_peso_db.departments' doesn't exist
ERROR - 2023-04-21 08:16:40 --> Table 'baliwagc_peso_db.roles' doesn't exist
ERROR - 2023-04-21 08:16:55 --> Table 'baliwagc_peso_db.departments' doesn't exist
ERROR - 2023-04-21 08:16:55 --> Table 'baliwagc_peso_db.roles' doesn't exist
ERROR - 2023-04-21 08:19:02 --> Table 'baliwagc_peso_db.departments' doesn't exist
ERROR - 2023-04-21 08:19:02 --> Table 'baliwagc_peso_db.roles' doesn't exist
ERROR - 2023-04-21 08:19:22 --> Table 'baliwagc_peso_db.departments' doesn't exist
ERROR - 2023-04-21 08:19:22 --> Table 'baliwagc_peso_db.roles' doesn't exist
ERROR - 2023-04-21 08:19:45 --> Table 'baliwagc_peso_db.departments' doesn't exist
ERROR - 2023-04-21 08:19:45 --> Table 'baliwagc_peso_db.roles' doesn't exist
ERROR - 2023-04-21 08:20:28 --> Table 'baliwagc_peso_db.departments' doesn't exist
ERROR - 2023-04-21 08:20:28 --> Table 'baliwagc_peso_db.roles' doesn't exist
ERROR - 2023-04-21 08:22:12 --> Table 'baliwagc_peso_db.departments' doesn't exist
ERROR - 2023-04-21 08:22:12 --> Table 'baliwagc_peso_db.roles' doesn't exist
ERROR - 2023-04-21 08:22:29 --> Table 'baliwagc_peso_db.departments' doesn't exist
ERROR - 2023-04-21 08:22:29 --> Table 'baliwagc_peso_db.roles' doesn't exist
ERROR - 2023-04-21 08:22:39 --> Table 'baliwagc_peso_db.departments' doesn't exist
ERROR - 2023-04-21 08:22:39 --> Table 'baliwagc_peso_db.roles' doesn't exist
ERROR - 2023-04-21 08:24:26 --> Table 'baliwagc_peso_db.departments' doesn't exist
ERROR - 2023-04-21 08:24:26 --> Table 'baliwagc_peso_db.roles' doesn't exist
ERROR - 2023-04-21 08:25:44 --> Table 'baliwagc_peso_db.departments' doesn't exist
ERROR - 2023-04-21 08:25:44 --> Table 'baliwagc_peso_db.roles' doesn't exist
ERROR - 2023-04-21 08:26:11 --> Table 'baliwagc_peso_db.departments' doesn't exist
ERROR - 2023-04-21 08:26:11 --> Table 'baliwagc_peso_db.roles' doesn't exist
ERROR - 2023-04-21 08:27:54 --> Table 'baliwagc_peso_db.departments' doesn't exist
ERROR - 2023-04-21 08:27:54 --> Table 'baliwagc_peso_db.roles' doesn't exist
ERROR - 2023-04-21 08:28:00 --> Table 'baliwagc_peso_db.departments' doesn't exist
ERROR - 2023-04-21 08:28:00 --> Table 'baliwagc_peso_db.roles' doesn't exist
ERROR - 2023-04-21 08:28:11 --> Table 'baliwagc_peso_db.departments' doesn't exist
ERROR - 2023-04-21 08:28:11 --> Table 'baliwagc_peso_db.roles' doesn't exist
ERROR - 2023-04-21 08:28:48 --> Table 'baliwagc_peso_db.departments' doesn't exist
ERROR - 2023-04-21 08:28:48 --> Table 'baliwagc_peso_db.roles' doesn't exist
ERROR - 2023-04-21 08:29:07 --> Table 'baliwagc_peso_db.departments' doesn't exist
ERROR - 2023-04-21 08:29:07 --> Table 'baliwagc_peso_db.roles' doesn't exist
ERROR - 2023-04-21 08:29:37 --> Table 'baliwagc_peso_db.departments' doesn't exist
ERROR - 2023-04-21 08:29:37 --> Table 'baliwagc_peso_db.roles' doesn't exist
ERROR - 2023-04-21 08:32:06 --> Table 'baliwagc_peso_db.departments' doesn't exist
ERROR - 2023-04-21 08:32:06 --> Table 'baliwagc_peso_db.roles' doesn't exist
ERROR - 2023-04-21 08:34:14 --> Table 'baliwagc_peso_db.departments' doesn't exist
ERROR - 2023-04-21 08:34:14 --> Table 'baliwagc_peso_db.roles' doesn't exist
CRITICAL - 2023-04-21 08:39:26 --> Attempt to read property "user_photo" on string
#0 C:\xampp\htdocs\peso\app\Views\partials\header.php(3642): CodeIgniter\Debug\Exceptions->errorHandler(2, 'Attempt to read...', 'C:\\xampp\\htdocs...', 3642)
#1 C:\xampp\htdocs\peso\vendor\codeigniter4\framework\system\View\View.php(210): include('C:\\xampp\\htdocs...')
#2 C:\xampp\htdocs\peso\vendor\codeigniter4\framework\system\View\View.php(213): CodeIgniter\View\View->CodeIgniter\View\{closure}()
#3 C:\xampp\htdocs\peso\vendor\codeigniter4\framework\system\View\View.php(424): CodeIgniter\View\View->render('partials/header', NULL, true)
#4 C:\xampp\htdocs\peso\app\Views\layouts\main.php(71): CodeIgniter\View\View->include('partials/header')
#5 C:\xampp\htdocs\peso\vendor\codeigniter4\framework\system\View\View.php(210): include('C:\\xampp\\htdocs...')
#6 C:\xampp\htdocs\peso\vendor\codeigniter4\framework\system\View\View.php(213): CodeIgniter\View\View->CodeIgniter\View\{closure}()
#7 C:\xampp\htdocs\peso\vendor\codeigniter4\framework\system\View\View.php(226): CodeIgniter\View\View->render('layouts/main', Array, true)
#8 C:\xampp\htdocs\peso\vendor\codeigniter4\framework\system\Common.php(1089): CodeIgniter\View\View->render('news/news-build...', Array, true)
#9 C:\xampp\htdocs\peso\app\Controllers\News.php(69): view('news/news-build...', Array)
#10 C:\xampp\htdocs\peso\vendor\codeigniter4\framework\system\CodeIgniter.php(832): App\Controllers\News->edit_post('7')
#11 C:\xampp\htdocs\peso\vendor\codeigniter4\framework\system\CodeIgniter.php(419): CodeIgniter\CodeIgniter->runController(Object(App\Controllers\News))
#12 C:\xampp\htdocs\peso\vendor\codeigniter4\framework\system\CodeIgniter.php(326): CodeIgniter\CodeIgniter->handleRequest(NULL, Object(Config\Cache), false)
#13 C:\xampp\htdocs\peso\index.php(38): CodeIgniter\CodeIgniter->run()
#14 {main}
ERROR - 2023-04-21 08:40:12 --> Table 'baliwagc_peso_db.departments' doesn't exist
ERROR - 2023-04-21 08:40:12 --> Table 'baliwagc_peso_db.roles' doesn't exist
CRITICAL - 2023-04-21 08:43:14 --> Attempt to read property "user_photo" on bool
#0 C:\xampp\htdocs\peso\app\Views\partials\header.php(3642): CodeIgniter\Debug\Exceptions->errorHandler(2, 'Attempt to read...', 'C:\\xampp\\htdocs...', 3642)
#1 C:\xampp\htdocs\peso\vendor\codeigniter4\framework\system\View\View.php(210): include('C:\\xampp\\htdocs...')
#2 C:\xampp\htdocs\peso\vendor\codeigniter4\framework\system\View\View.php(213): CodeIgniter\View\View->CodeIgniter\View\{closure}()
#3 C:\xampp\htdocs\peso\vendor\codeigniter4\framework\system\View\View.php(424): CodeIgniter\View\View->render('partials/header', NULL, true)
#4 C:\xampp\htdocs\peso\app\Views\layouts\main.php(71): CodeIgniter\View\View->include('partials/header')
#5 C:\xampp\htdocs\peso\vendor\codeigniter4\framework\system\View\View.php(210): include('C:\\xampp\\htdocs...')
#6 C:\xampp\htdocs\peso\vendor\codeigniter4\framework\system\View\View.php(213): CodeIgniter\View\View->CodeIgniter\View\{closure}()
#7 C:\xampp\htdocs\peso\vendor\codeigniter4\framework\system\View\View.php(226): CodeIgniter\View\View->render('layouts/main', Array, true)
#8 C:\xampp\htdocs\peso\vendor\codeigniter4\framework\system\Common.php(1089): CodeIgniter\View\View->render('jobs/job-applic...', Array, true)
#9 C:\xampp\htdocs\peso\app\Controllers\Jobs.php(165): view('jobs/job-applic...', Array)
#10 C:\xampp\htdocs\peso\vendor\codeigniter4\framework\system\CodeIgniter.php(832): App\Controllers\Jobs->applicants('17')
#11 C:\xampp\htdocs\peso\vendor\codeigniter4\framework\system\CodeIgniter.php(419): CodeIgniter\CodeIgniter->runController(Object(App\Controllers\Jobs))
#12 C:\xampp\htdocs\peso\vendor\codeigniter4\framework\system\CodeIgniter.php(326): CodeIgniter\CodeIgniter->handleRequest(NULL, Object(Config\Cache), false)
#13 C:\xampp\htdocs\peso\index.php(38): CodeIgniter\CodeIgniter->run()
#14 {main}
ERROR - 2023-04-21 09:29:51 --> Table 'baliwagc_peso_db.departments' doesn't exist
ERROR - 2023-04-21 09:29:51 --> Table 'baliwagc_peso_db.roles' doesn't exist
ERROR - 2023-04-21 09:31:16 --> Table 'baliwagc_peso_db.departments' doesn't exist
ERROR - 2023-04-21 09:31:16 --> Table 'baliwagc_peso_db.roles' doesn't exist
CRITICAL - 2023-04-21 09:32:45 --> Attempt to read property "user_photo" on bool
#0 C:\xampp\htdocs\peso\app\Views\partials\header.php(3642): CodeIgniter\Debug\Exceptions->errorHandler(2, 'Attempt to read...', 'C:\\xampp\\htdocs...', 3642)
#1 C:\xampp\htdocs\peso\vendor\codeigniter4\framework\system\View\View.php(210): include('C:\\xampp\\htdocs...')
#2 C:\xampp\htdocs\peso\vendor\codeigniter4\framework\system\View\View.php(213): CodeIgniter\View\View->CodeIgniter\View\{closure}()
#3 C:\xampp\htdocs\peso\vendor\codeigniter4\framework\system\View\View.php(424): CodeIgniter\View\View->render('partials/header', NULL, true)
#4 C:\xampp\htdocs\peso\app\Views\layouts\main.php(71): CodeIgniter\View\View->include('partials/header')
#5 C:\xampp\htdocs\peso\vendor\codeigniter4\framework\system\View\View.php(210): include('C:\\xampp\\htdocs...')
#6 C:\xampp\htdocs\peso\vendor\codeigniter4\framework\system\View\View.php(213): CodeIgniter\View\View->CodeIgniter\View\{closure}()
#7 C:\xampp\htdocs\peso\vendor\codeigniter4\framework\system\View\View.php(226): CodeIgniter\View\View->render('layouts/main', Array, true)
#8 C:\xampp\htdocs\peso\vendor\codeigniter4\framework\system\Common.php(1089): CodeIgniter\View\View->render('jobs/job-applic...', Array, true)
#9 C:\xampp\htdocs\peso\app\Controllers\Jobs.php(165): view('jobs/job-applic...', Array)
#10 C:\xampp\htdocs\peso\vendor\codeigniter4\framework\system\CodeIgniter.php(832): App\Controllers\Jobs->applicants('15')
#11 C:\xampp\htdocs\peso\vendor\codeigniter4\framework\system\CodeIgniter.php(419): CodeIgniter\CodeIgniter->runController(Object(App\Controllers\Jobs))
#12 C:\xampp\htdocs\peso\vendor\codeigniter4\framework\system\CodeIgniter.php(326): CodeIgniter\CodeIgniter->handleRequest(NULL, Object(Config\Cache), false)
#13 C:\xampp\htdocs\peso\index.php(38): CodeIgniter\CodeIgniter->run()
#14 {main}
ERROR - 2023-04-21 09:44:27 --> Table 'baliwagc_peso_db.departments' doesn't exist
ERROR - 2023-04-21 09:44:27 --> Table 'baliwagc_peso_db.roles' doesn't exist
CRITICAL - 2023-04-21 09:44:27 --> foreach() argument must be of type array|object, bool given
#0 C:\xampp\htdocs\peso\app\Views\users\users.php(119): CodeIgniter\Debug\Exceptions->errorHandler(2, 'foreach() argum...', 'C:\\xampp\\htdocs...', 119)
#1 C:\xampp\htdocs\peso\vendor\codeigniter4\framework\system\View\View.php(210): include('C:\\xampp\\htdocs...')
#2 C:\xampp\htdocs\peso\vendor\codeigniter4\framework\system\View\View.php(213): CodeIgniter\View\View->CodeIgniter\View\{closure}()
#3 C:\xampp\htdocs\peso\vendor\codeigniter4\framework\system\Common.php(1089): CodeIgniter\View\View->render('users/users', Array, true)
#4 C:\xampp\htdocs\peso\app\Controllers\Users.php(32): view('users/users', Array)
#5 C:\xampp\htdocs\peso\vendor\codeigniter4\framework\system\CodeIgniter.php(832): App\Controllers\Users->index()
#6 C:\xampp\htdocs\peso\vendor\codeigniter4\framework\system\CodeIgniter.php(419): CodeIgniter\CodeIgniter->runController(Object(App\Controllers\Users))
#7 C:\xampp\htdocs\peso\vendor\codeigniter4\framework\system\CodeIgniter.php(326): CodeIgniter\CodeIgniter->handleRequest(NULL, Object(Config\Cache), false)
#8 C:\xampp\htdocs\peso\index.php(38): CodeIgniter\CodeIgniter->run()
#9 {main}
ERROR - 2023-04-21 09:50:51 --> Table 'baliwagc_peso_db.departments' doesn't exist
ERROR - 2023-04-21 09:50:51 --> Table 'baliwagc_peso_db.roles' doesn't exist
ERROR - 2023-04-21 09:50:55 --> Table 'baliwagc_peso_db.departments' doesn't exist
ERROR - 2023-04-21 09:50:55 --> Table 'baliwagc_peso_db.roles' doesn't exist
ERROR - 2023-04-21 10:00:03 --> Table 'baliwagc_peso_db.logs' doesn't exist
ERROR - 2023-04-21 10:00:04 --> Table 'baliwagc_peso_db.logs' doesn't exist
CRITICAL - 2023-04-21 10:00:04 --> Table 'baliwagc_peso_db.logs' doesn't exist
#0 C:\xampp\htdocs\peso\vendor\codeigniter4\framework\system\Database\MySQLi\Connection.php(292): mysqli->query('SELECT COUNT(*)...', 0)
#1 C:\xampp\htdocs\peso\vendor\codeigniter4\framework\system\Database\BaseConnection.php(670): CodeIgniter\Database\MySQLi\Connection->execute('SELECT COUNT(*)...')
#2 C:\xampp\htdocs\peso\vendor\codeigniter4\framework\system\Database\BaseConnection.php(598): CodeIgniter\Database\BaseConnection->simpleQuery('SELECT COUNT(*)...')
#3 C:\xampp\htdocs\peso\vendor\codeigniter4\framework\system\Database\BaseBuilder.php(1539): CodeIgniter\Database\BaseConnection->query('SELECT COUNT(*)...', Array, false)
#4 C:\xampp\htdocs\peso\vendor\hermawan\codeigniter4-datatables\src\DataTableQuery.php(53): CodeIgniter\Database\BaseBuilder->countAllResults()
#5 C:\xampp\htdocs\peso\vendor\hermawan\codeigniter4-datatables\src\DataTable.php(174): Hermawan\DataTables\DataTableQuery->countAll()
#6 C:\xampp\htdocs\peso\app\Controllers\Logs.php(53): Hermawan\DataTables\DataTable->toJson(true)
#7 C:\xampp\htdocs\peso\vendor\codeigniter4\framework\system\CodeIgniter.php(832): App\Controllers\Logs->getLogs()
#8 C:\xampp\htdocs\peso\vendor\codeigniter4\framework\system\CodeIgniter.php(419): CodeIgniter\CodeIgniter->runController(Object(App\Controllers\Logs))
#9 C:\xampp\htdocs\peso\vendor\codeigniter4\framework\system\CodeIgniter.php(326): CodeIgniter\CodeIgniter->handleRequest(NULL, Object(Config\Cache), false)
#10 C:\xampp\htdocs\peso\index.php(38): CodeIgniter\CodeIgniter->run()
#11 {main}
ERROR - 2023-04-21 10:01:19 --> Table 'baliwagc_peso_db.logs' doesn't exist
ERROR - 2023-04-21 10:01:21 --> Table 'baliwagc_peso_db.logs' doesn't exist
CRITICAL - 2023-04-21 10:01:21 --> Table 'baliwagc_peso_db.logs' doesn't exist
#0 C:\xampp\htdocs\peso\vendor\codeigniter4\framework\system\Database\MySQLi\Connection.php(292): mysqli->query('SELECT COUNT(*)...', 0)
#1 C:\xampp\htdocs\peso\vendor\codeigniter4\framework\system\Database\BaseConnection.php(670): CodeIgniter\Database\MySQLi\Connection->execute('SELECT COUNT(*)...')
#2 C:\xampp\htdocs\peso\vendor\codeigniter4\framework\system\Database\BaseConnection.php(598): CodeIgniter\Database\BaseConnection->simpleQuery('SELECT COUNT(*)...')
#3 C:\xampp\htdocs\peso\vendor\codeigniter4\framework\system\Database\BaseBuilder.php(1539): CodeIgniter\Database\BaseConnection->query('SELECT COUNT(*)...', Array, false)
#4 C:\xampp\htdocs\peso\vendor\hermawan\codeigniter4-datatables\src\DataTableQuery.php(53): CodeIgniter\Database\BaseBuilder->countAllResults()
#5 C:\xampp\htdocs\peso\vendor\hermawan\codeigniter4-datatables\src\DataTable.php(174): Hermawan\DataTables\DataTableQuery->countAll()
#6 C:\xampp\htdocs\peso\app\Controllers\Logs.php(53): Hermawan\DataTables\DataTable->toJson(true)
#7 C:\xampp\htdocs\peso\vendor\codeigniter4\framework\system\CodeIgniter.php(832): App\Controllers\Logs->getLogs()
#8 C:\xampp\htdocs\peso\vendor\codeigniter4\framework\system\CodeIgniter.php(419): CodeIgniter\CodeIgniter->runController(Object(App\Controllers\Logs))
#9 C:\xampp\htdocs\peso\vendor\codeigniter4\framework\system\CodeIgniter.php(326): CodeIgniter\CodeIgniter->handleRequest(NULL, Object(Config\Cache), false)
#10 C:\xampp\htdocs\peso\index.php(38): CodeIgniter\CodeIgniter->run()
#11 {main}
