ERROR - 2023-06-19 07:25:52 --> Table 'baliwagc_peso_db.logs' doesn't exist
ERROR - 2023-06-19 07:25:53 --> Table 'baliwagc_peso_db.departments' doesn't exist
CRITICAL - 2023-06-19 09:49:09 --> syntax error, unexpected token "endif"
#0 C:\xampp\htdocs\peso\vendor\codeigniter4\framework\system\View\View.php(213): CodeIgniter\View\View->CodeIgniter\View\{closure}()
#1 C:\xampp\htdocs\peso\vendor\codeigniter4\framework\system\Common.php(1089): CodeIgniter\View\View->render('users/editProfi...', Array, true)
#2 C:\xampp\htdocs\peso\app\Controllers\Dashboard.php(286): view('users/editProfi...', Array)
#3 C:\xampp\htdocs\peso\vendor\codeigniter4\framework\system\CodeIgniter.php(832): App\Controllers\Dashboard->profile()
#4 C:\xampp\htdocs\peso\vendor\codeigniter4\framework\system\CodeIgniter.php(419): CodeIgniter\CodeIgniter->runController(Object(App\Controllers\Dashboard))
#5 C:\xampp\htdocs\peso\vendor\codeigniter4\framework\system\CodeIgniter.php(326): CodeIgniter\CodeIgniter->handleRequest(NULL, Object(Config\Cache), false)
#6 C:\xampp\htdocs\peso\index.php(38): CodeIgniter\CodeIgniter->run()
#7 {main}
CRITICAL - 2023-06-19 10:37:01 --> syntax error, unexpected end of file
#0 C:\xampp\htdocs\peso\vendor\codeigniter4\framework\system\View\View.php(213): CodeIgniter\View\View->CodeIgniter\View\{closure}()
#1 C:\xampp\htdocs\peso\vendor\codeigniter4\framework\system\Common.php(1089): CodeIgniter\View\View->render('users/editProfi...', Array, true)
#2 C:\xampp\htdocs\peso\app\Controllers\Dashboard.php(286): view('users/editProfi...', Array)
#3 C:\xampp\htdocs\peso\vendor\codeigniter4\framework\system\CodeIgniter.php(832): App\Controllers\Dashboard->profile()
#4 C:\xampp\htdocs\peso\vendor\codeigniter4\framework\system\CodeIgniter.php(419): CodeIgniter\CodeIgniter->runController(Object(App\Controllers\Dashboard))
#5 C:\xampp\htdocs\peso\vendor\codeigniter4\framework\system\CodeIgniter.php(326): CodeIgniter\CodeIgniter->handleRequest(NULL, Object(Config\Cache), false)
#6 C:\xampp\htdocs\peso\index.php(38): CodeIgniter\CodeIgniter->run()
#7 {main}
ERROR - 2023-06-19 13:25:39 --> Table 'baliwagc_peso_db.departments' doesn't exist
ERROR - 2023-06-19 14:45:46 --> Table 'baliwagc_peso_db.departments' doesn't exist
ERROR - 2023-06-19 16:35:58 --> Table 'baliwagc_peso_db.logs' doesn't exist
ERROR - 2023-06-19 16:35:58 --> Table 'baliwagc_peso_db.departments' doesn't exist
