ERROR - 2023-02-01 09:31:27 --> Table 'baliwagc_bessy_db.applications' doesn't exist
ERROR - 2023-02-01 09:32:04 --> Table 'baliwagc_bessy_db.applications' doesn't exist
ERROR - 2023-02-01 09:32:16 --> Table 'baliwagc_bessy_db.applications' doesn't exist
ERROR - 2023-02-01 09:32:43 --> Table 'baliwagc_bessy_db.applications' doesn't exist
ERROR - 2023-02-01 09:33:11 --> Table 'baliwagc_bessy_db.applications' doesn't exist
ERROR - 2023-02-01 09:41:20 --> Table 'baliwagc_bessy_db.applications' doesn't exist
ERROR - 2023-02-01 09:51:40 --> Table 'baliwagc_bessy_db.applications' doesn't exist
ERROR - 2023-02-01 09:58:37 --> Table 'baliwagc_bessy_db.applications' doesn't exist
ERROR - 2023-02-01 09:58:58 --> Table 'baliwagc_bessy_db.applications' doesn't exist
ERROR - 2023-02-01 10:00:04 --> Table 'baliwagc_bessy_db.applications' doesn't exist
ERROR - 2023-02-01 10:02:54 --> Table 'baliwagc_bessy_db.applications' doesn't exist
ERROR - 2023-02-01 10:04:40 --> Table 'baliwagc_bessy_db.applications' doesn't exist
ERROR - 2023-02-01 10:05:34 --> Table 'baliwagc_bessy_db.applications' doesn't exist
ERROR - 2023-02-01 10:06:42 --> Table 'baliwagc_bessy_db.applications' doesn't exist
ERROR - 2023-02-01 10:10:31 --> Table 'baliwagc_bessy_db.applications' doesn't exist
ERROR - 2023-02-01 10:10:56 --> Table 'baliwagc_bessy_db.applications' doesn't exist
ERROR - 2023-02-01 10:11:49 --> Table 'baliwagc_bessy_db.applications' doesn't exist
ERROR - 2023-02-01 10:14:54 --> Table 'baliwagc_bessy_db.applications' doesn't exist
ERROR - 2023-02-01 10:16:45 --> Table 'baliwagc_bessy_db.applications' doesn't exist
ERROR - 2023-02-01 10:20:16 --> Table 'baliwagc_bessy_db.applications' doesn't exist
ERROR - 2023-02-01 10:20:59 --> Table 'baliwagc_bessy_db.applications' doesn't exist
ERROR - 2023-02-01 10:28:26 --> Table 'baliwagc_bessy_db.applications' doesn't exist
ERROR - 2023-02-01 10:28:33 --> Table 'baliwagc_bessy_db.applications' doesn't exist
ERROR - 2023-02-01 10:28:54 --> Table 'baliwagc_bessy_db.applications' doesn't exist
CRITICAL - 2023-02-01 10:29:16 --> Call to undefined function App\Controllers\insert()
#0 C:\xampp\htdocs\Bessy\vendor\codeigniter4\framework\system\CodeIgniter.php(832): App\Controllers\Users->addPublicUserInfo()
#1 C:\xampp\htdocs\Bessy\vendor\codeigniter4\framework\system\CodeIgniter.php(419): CodeIgniter\CodeIgniter->runController(Object(App\Controllers\Users))
#2 C:\xampp\htdocs\Bessy\vendor\codeigniter4\framework\system\CodeIgniter.php(326): CodeIgniter\CodeIgniter->handleRequest(NULL, Object(Config\Cache), false)
#3 C:\xampp\htdocs\Bessy\index.php(38): CodeIgniter\CodeIgniter->run()
#4 {main}
CRITICAL - 2023-02-01 10:29:29 --> Call to undefined function App\Controllers\insert()
#0 C:\xampp\htdocs\Bessy\vendor\codeigniter4\framework\system\CodeIgniter.php(832): App\Controllers\Users->addPublicUserInfo()
#1 C:\xampp\htdocs\Bessy\vendor\codeigniter4\framework\system\CodeIgniter.php(419): CodeIgniter\CodeIgniter->runController(Object(App\Controllers\Users))
#2 C:\xampp\htdocs\Bessy\vendor\codeigniter4\framework\system\CodeIgniter.php(326): CodeIgniter\CodeIgniter->handleRequest(NULL, Object(Config\Cache), false)
#3 C:\xampp\htdocs\Bessy\index.php(38): CodeIgniter\CodeIgniter->run()
#4 {main}
CRITICAL - 2023-02-01 10:29:51 --> You must use the "set" method to update an entry.
#0 C:\xampp\htdocs\Bessy\vendor\codeigniter4\framework\system\Database\BaseBuilder.php(1758): CodeIgniter\Database\BaseBuilder->validateInsert()
#1 C:\xampp\htdocs\Bessy\app\Models\MasterModel.php(98): CodeIgniter\Database\BaseBuilder->insert(Array)
#2 C:\xampp\htdocs\Bessy\app\Controllers\Users.php(433): App\Models\MasterModel->insert('public_user_inf...', Array)
#3 C:\xampp\htdocs\Bessy\vendor\codeigniter4\framework\system\CodeIgniter.php(832): App\Controllers\Users->addPublicUserInfo()
#4 C:\xampp\htdocs\Bessy\vendor\codeigniter4\framework\system\CodeIgniter.php(419): CodeIgniter\CodeIgniter->runController(Object(App\Controllers\Users))
#5 C:\xampp\htdocs\Bessy\vendor\codeigniter4\framework\system\CodeIgniter.php(326): CodeIgniter\CodeIgniter->handleRequest(NULL, Object(Config\Cache), false)
#6 C:\xampp\htdocs\Bessy\index.php(38): CodeIgniter\CodeIgniter->run()
#7 {main}
CRITICAL - 2023-02-01 10:32:58 --> You must use the "set" method to update an entry.
#0 C:\xampp\htdocs\Bessy\vendor\codeigniter4\framework\system\Database\BaseBuilder.php(1758): CodeIgniter\Database\BaseBuilder->validateInsert()
#1 C:\xampp\htdocs\Bessy\app\Models\MasterModel.php(98): CodeIgniter\Database\BaseBuilder->insert(Array)
#2 C:\xampp\htdocs\Bessy\app\Controllers\Users.php(434): App\Models\MasterModel->insert('public_user_inf...', Array)
#3 C:\xampp\htdocs\Bessy\vendor\codeigniter4\framework\system\CodeIgniter.php(832): App\Controllers\Users->addPublicUserInfo()
#4 C:\xampp\htdocs\Bessy\vendor\codeigniter4\framework\system\CodeIgniter.php(419): CodeIgniter\CodeIgniter->runController(Object(App\Controllers\Users))
#5 C:\xampp\htdocs\Bessy\vendor\codeigniter4\framework\system\CodeIgniter.php(326): CodeIgniter\CodeIgniter->handleRequest(NULL, Object(Config\Cache), false)
#6 C:\xampp\htdocs\Bessy\index.php(38): CodeIgniter\CodeIgniter->run()
#7 {main}
ERROR - 2023-02-01 10:34:02 --> Table 'baliwagc_bessy_db.applications' doesn't exist
ERROR - 2023-02-01 10:34:08 --> Table 'baliwagc_bessy_db.applications' doesn't exist
ERROR - 2023-02-01 10:34:24 --> Table 'baliwagc_bessy_db.applications' doesn't exist
CRITICAL - 2023-02-01 10:34:24 --> Undefined property: stdClass::$birthday
#0 C:\xampp\htdocs\Bessy\app\Libraries\TemplateLib.php(129): CodeIgniter\Debug\Exceptions->errorHandler(2, 'Undefined prope...', 'C:\\xampp\\htdocs...', 129)
#1 C:\xampp\htdocs\Bessy\app\Controllers\Dashboard.php(49): App\Libraries\TemplateLib::isUserFilled('20')
#2 C:\xampp\htdocs\Bessy\vendor\codeigniter4\framework\system\CodeIgniter.php(832): App\Controllers\Dashboard->index()
#3 C:\xampp\htdocs\Bessy\vendor\codeigniter4\framework\system\CodeIgniter.php(419): CodeIgniter\CodeIgniter->runController(Object(App\Controllers\Dashboard))
#4 C:\xampp\htdocs\Bessy\vendor\codeigniter4\framework\system\CodeIgniter.php(326): CodeIgniter\CodeIgniter->handleRequest(NULL, Object(Config\Cache), false)
#5 C:\xampp\htdocs\Bessy\index.php(38): CodeIgniter\CodeIgniter->run()
#6 {main}
ERROR - 2023-02-01 10:35:24 --> Table 'baliwagc_bessy_db.applications' doesn't exist
CRITICAL - 2023-02-01 10:35:24 --> Undefined property: stdClass::$contact_number
#0 C:\xampp\htdocs\Bessy\app\Libraries\TemplateLib.php(129): CodeIgniter\Debug\Exceptions->errorHandler(2, 'Undefined prope...', 'C:\\xampp\\htdocs...', 129)
#1 C:\xampp\htdocs\Bessy\app\Controllers\Dashboard.php(49): App\Libraries\TemplateLib::isUserFilled('20')
#2 C:\xampp\htdocs\Bessy\vendor\codeigniter4\framework\system\CodeIgniter.php(832): App\Controllers\Dashboard->index()
#3 C:\xampp\htdocs\Bessy\vendor\codeigniter4\framework\system\CodeIgniter.php(419): CodeIgniter\CodeIgniter->runController(Object(App\Controllers\Dashboard))
#4 C:\xampp\htdocs\Bessy\vendor\codeigniter4\framework\system\CodeIgniter.php(326): CodeIgniter\CodeIgniter->handleRequest(NULL, Object(Config\Cache), false)
#5 C:\xampp\htdocs\Bessy\index.php(38): CodeIgniter\CodeIgniter->run()
#6 {main}
ERROR - 2023-02-01 10:35:33 --> Table 'baliwagc_bessy_db.applications' doesn't exist
CRITICAL - 2023-02-01 10:35:33 --> Undefined property: stdClass::$contact_number
#0 C:\xampp\htdocs\Bessy\app\Libraries\TemplateLib.php(129): CodeIgniter\Debug\Exceptions->errorHandler(2, 'Undefined prope...', 'C:\\xampp\\htdocs...', 129)
#1 C:\xampp\htdocs\Bessy\app\Controllers\Dashboard.php(49): App\Libraries\TemplateLib::isUserFilled('20')
#2 C:\xampp\htdocs\Bessy\vendor\codeigniter4\framework\system\CodeIgniter.php(832): App\Controllers\Dashboard->index()
#3 C:\xampp\htdocs\Bessy\vendor\codeigniter4\framework\system\CodeIgniter.php(419): CodeIgniter\CodeIgniter->runController(Object(App\Controllers\Dashboard))
#4 C:\xampp\htdocs\Bessy\vendor\codeigniter4\framework\system\CodeIgniter.php(326): CodeIgniter\CodeIgniter->handleRequest(NULL, Object(Config\Cache), false)
#5 C:\xampp\htdocs\Bessy\index.php(38): CodeIgniter\CodeIgniter->run()
#6 {main}
ERROR - 2023-02-01 10:36:04 --> Table 'baliwagc_bessy_db.applications' doesn't exist
ERROR - 2023-02-01 10:36:18 --> Table 'baliwagc_bessy_db.applications' doesn't exist
ERROR - 2023-02-01 10:45:33 --> Duplicate entry 'Darrels' for key 'username'
ERROR - 2023-02-01 10:49:51 --> Table 'baliwagc_bessy_db.applications' doesn't exist
ERROR - 2023-02-01 10:49:57 --> Table 'baliwagc_bessy_db.applications' doesn't exist
ERROR - 2023-02-01 10:50:09 --> Table 'baliwagc_bessy_db.applications' doesn't exist
ERROR - 2023-02-01 10:50:14 --> Table 'baliwagc_bessy_db.applications' doesn't exist
ERROR - 2023-02-01 10:50:42 --> Table 'baliwagc_bessy_db.applications' doesn't exist
ERROR - 2023-02-01 10:51:22 --> Table 'baliwagc_bessy_db.applications' doesn't exist
ERROR - 2023-02-01 10:51:39 --> Duplicate entry 'Darrels' for key 'username'
ERROR - 2023-02-01 10:52:01 --> Table 'baliwagc_bessy_db.applications' doesn't exist
ERROR - 2023-02-01 10:52:06 --> Duplicate entry 'Darrels' for key 'username'
ERROR - 2023-02-01 10:52:27 --> Table 'baliwagc_bessy_db.applications' doesn't exist
ERROR - 2023-02-01 10:52:32 --> Table 'baliwagc_bessy_db.applications' doesn't exist
ERROR - 2023-02-01 10:56:52 --> Table 'baliwagc_bessy_db.applications' doesn't exist
CRITICAL - 2023-02-01 10:56:52 --> Undefined property: stdClass::$department_name
#0 C:\xampp\htdocs\Bessy\app\Views\partials\header.php(3744): CodeIgniter\Debug\Exceptions->errorHandler(2, 'Undefined prope...', 'C:\\xampp\\htdocs...', 3744)
#1 C:\xampp\htdocs\Bessy\vendor\codeigniter4\framework\system\View\View.php(210): include('C:\\xampp\\htdocs...')
#2 C:\xampp\htdocs\Bessy\vendor\codeigniter4\framework\system\View\View.php(213): CodeIgniter\View\View->CodeIgniter\View\{closure}()
#3 C:\xampp\htdocs\Bessy\vendor\codeigniter4\framework\system\View\View.php(424): CodeIgniter\View\View->render('partials/header', NULL, true)
#4 C:\xampp\htdocs\Bessy\app\Views\layouts\main.php(73): CodeIgniter\View\View->include('partials/header')
#5 C:\xampp\htdocs\Bessy\vendor\codeigniter4\framework\system\View\View.php(210): include('C:\\xampp\\htdocs...')
#6 C:\xampp\htdocs\Bessy\vendor\codeigniter4\framework\system\View\View.php(213): CodeIgniter\View\View->CodeIgniter\View\{closure}()
#7 C:\xampp\htdocs\Bessy\vendor\codeigniter4\framework\system\View\View.php(226): CodeIgniter\View\View->render('layouts/main', Array, true)
#8 C:\xampp\htdocs\Bessy\vendor\codeigniter4\framework\system\Common.php(1089): CodeIgniter\View\View->render('dashboards/user', Array, true)
#9 C:\xampp\htdocs\Bessy\app\Controllers\Dashboard.php(51): view('dashboards/user', Array)
#10 C:\xampp\htdocs\Bessy\vendor\codeigniter4\framework\system\CodeIgniter.php(832): App\Controllers\Dashboard->index()
#11 C:\xampp\htdocs\Bessy\vendor\codeigniter4\framework\system\CodeIgniter.php(419): CodeIgniter\CodeIgniter->runController(Object(App\Controllers\Dashboard))
#12 C:\xampp\htdocs\Bessy\vendor\codeigniter4\framework\system\CodeIgniter.php(326): CodeIgniter\CodeIgniter->handleRequest(NULL, Object(Config\Cache), false)
#13 C:\xampp\htdocs\Bessy\index.php(38): CodeIgniter\CodeIgniter->run()
#14 {main}
ERROR - 2023-02-01 10:57:16 --> Table 'baliwagc_bessy_db.applications' doesn't exist
ERROR - 2023-02-01 11:03:14 --> Column 'id' in where clause is ambiguous
CRITICAL - 2023-02-01 11:03:14 --> Attempt to read property "firstname" on string
#0 C:\xampp\htdocs\Bessy\app\Controllers\Dashboard.php(23): CodeIgniter\Debug\Exceptions->errorHandler(2, 'Attempt to read...', 'C:\\xampp\\htdocs...', 23)
#1 C:\xampp\htdocs\Bessy\vendor\codeigniter4\framework\system\CodeIgniter.php(832): App\Controllers\Dashboard->index()
#2 C:\xampp\htdocs\Bessy\vendor\codeigniter4\framework\system\CodeIgniter.php(419): CodeIgniter\CodeIgniter->runController(Object(App\Controllers\Dashboard))
#3 C:\xampp\htdocs\Bessy\vendor\codeigniter4\framework\system\CodeIgniter.php(326): CodeIgniter\CodeIgniter->handleRequest(NULL, Object(Config\Cache), false)
#4 C:\xampp\htdocs\Bessy\index.php(38): CodeIgniter\CodeIgniter->run()
#5 {main}
ERROR - 2023-02-01 11:04:23 --> Column 'id' in where clause is ambiguous
CRITICAL - 2023-02-01 11:04:23 --> Attempt to read property "firstname" on string
#0 C:\xampp\htdocs\Bessy\app\Controllers\Dashboard.php(23): CodeIgniter\Debug\Exceptions->errorHandler(2, 'Attempt to read...', 'C:\\xampp\\htdocs...', 23)
#1 C:\xampp\htdocs\Bessy\vendor\codeigniter4\framework\system\CodeIgniter.php(832): App\Controllers\Dashboard->index()
#2 C:\xampp\htdocs\Bessy\vendor\codeigniter4\framework\system\CodeIgniter.php(419): CodeIgniter\CodeIgniter->runController(Object(App\Controllers\Dashboard))
#3 C:\xampp\htdocs\Bessy\vendor\codeigniter4\framework\system\CodeIgniter.php(326): CodeIgniter\CodeIgniter->handleRequest(NULL, Object(Config\Cache), false)
#4 C:\xampp\htdocs\Bessy\index.php(38): CodeIgniter\CodeIgniter->run()
#5 {main}
CRITICAL - 2023-02-01 11:04:40 --> Array to string conversion
#0 C:\xampp\htdocs\Bessy\app\Libraries\TemplateLib.php(73): CodeIgniter\Debug\Exceptions->errorHandler(2, 'Array to string...', 'C:\\xampp\\htdocs...', 73)
#1 C:\xampp\htdocs\Bessy\app\Controllers\Dashboard.php(14): App\Libraries\TemplateLib::userInformation('20')
#2 C:\xampp\htdocs\Bessy\vendor\codeigniter4\framework\system\CodeIgniter.php(809): App\Controllers\Dashboard->__construct()
#3 C:\xampp\htdocs\Bessy\vendor\codeigniter4\framework\system\CodeIgniter.php(410): CodeIgniter\CodeIgniter->createController()
#4 C:\xampp\htdocs\Bessy\vendor\codeigniter4\framework\system\CodeIgniter.php(326): CodeIgniter\CodeIgniter->handleRequest(NULL, Object(Config\Cache), false)
#5 C:\xampp\htdocs\Bessy\index.php(38): CodeIgniter\CodeIgniter->run()
#6 {main}
CRITICAL - 2023-02-01 11:04:58 --> Attempt to read property "firstname" on string
#0 C:\xampp\htdocs\Bessy\app\Controllers\Dashboard.php(23): CodeIgniter\Debug\Exceptions->errorHandler(2, 'Attempt to read...', 'C:\\xampp\\htdocs...', 23)
#1 C:\xampp\htdocs\Bessy\vendor\codeigniter4\framework\system\CodeIgniter.php(832): App\Controllers\Dashboard->index()
#2 C:\xampp\htdocs\Bessy\vendor\codeigniter4\framework\system\CodeIgniter.php(419): CodeIgniter\CodeIgniter->runController(Object(App\Controllers\Dashboard))
#3 C:\xampp\htdocs\Bessy\vendor\codeigniter4\framework\system\CodeIgniter.php(326): CodeIgniter\CodeIgniter->handleRequest(NULL, Object(Config\Cache), false)
#4 C:\xampp\htdocs\Bessy\index.php(38): CodeIgniter\CodeIgniter->run()
#5 {main}
ERROR - 2023-02-01 11:05:39 --> Table 'baliwagc_bessy_db.applications' doesn't exist
ERROR - 2023-02-01 11:08:00 --> Table 'baliwagc_bessy_db.applications' doesn't exist
ERROR - 2023-02-01 11:09:15 --> Table 'baliwagc_bessy_db.applications' doesn't exist
ERROR - 2023-02-01 11:09:27 --> Table 'baliwagc_bessy_db.applications' doesn't exist
ERROR - 2023-02-01 11:09:32 --> Table 'baliwagc_bessy_db.applications' doesn't exist
ERROR - 2023-02-01 11:09:38 --> Table 'baliwagc_bessy_db.applications' doesn't exist
ERROR - 2023-02-01 11:16:33 --> Table 'baliwagc_bessy_db.applications' doesn't exist
ERROR - 2023-02-01 11:18:13 --> Table 'baliwagc_bessy_db.applications' doesn't exist
ERROR - 2023-02-01 11:18:45 --> Table 'baliwagc_bessy_db.applications' doesn't exist
ERROR - 2023-02-01 11:18:50 --> Unknown column 'id' in 'field list'
ERROR - 2023-02-01 11:23:12 --> Unknown column 'email' in 'field list'
ERROR - 2023-02-01 11:24:36 --> Unknown column 'username' in 'field list'
ERROR - 2023-02-01 11:28:54 --> Table 'baliwagc_bessy_db.applications' doesn't exist
ERROR - 2023-02-01 11:29:03 --> Table 'baliwagc_bessy_db.applications' doesn't exist
ERROR - 2023-02-01 11:47:03 --> Table 'baliwagc_bessy_db.applications' doesn't exist
CRITICAL - 2023-02-01 11:47:14 --> Class "App\Contollers\UtilController" not found
#0 C:\xampp\htdocs\Bessy\vendor\codeigniter4\framework\system\CodeIgniter.php(832): App\Controllers\Users->updateUser()
#1 C:\xampp\htdocs\Bessy\vendor\codeigniter4\framework\system\CodeIgniter.php(419): CodeIgniter\CodeIgniter->runController(Object(App\Controllers\Users))
#2 C:\xampp\htdocs\Bessy\vendor\codeigniter4\framework\system\CodeIgniter.php(326): CodeIgniter\CodeIgniter->handleRequest(NULL, Object(Config\Cache), false)
#3 C:\xampp\htdocs\Bessy\index.php(38): CodeIgniter\CodeIgniter->run()
#4 {main}
CRITICAL - 2023-02-01 11:47:19 --> Class "App\Contollers\UtilController" not found
#0 C:\xampp\htdocs\Bessy\vendor\codeigniter4\framework\system\CodeIgniter.php(832): App\Controllers\Users->updateUser()
#1 C:\xampp\htdocs\Bessy\vendor\codeigniter4\framework\system\CodeIgniter.php(419): CodeIgniter\CodeIgniter->runController(Object(App\Controllers\Users))
#2 C:\xampp\htdocs\Bessy\vendor\codeigniter4\framework\system\CodeIgniter.php(326): CodeIgniter\CodeIgniter->handleRequest(NULL, Object(Config\Cache), false)
#3 C:\xampp\htdocs\Bessy\index.php(38): CodeIgniter\CodeIgniter->run()
#4 {main}
CRITICAL - 2023-02-01 11:47:37 --> Non-static method App\Controllers\UtilController::getUserRole() cannot be called statically
#0 C:\xampp\htdocs\Bessy\vendor\codeigniter4\framework\system\CodeIgniter.php(832): App\Controllers\Users->updateUser()
#1 C:\xampp\htdocs\Bessy\vendor\codeigniter4\framework\system\CodeIgniter.php(419): CodeIgniter\CodeIgniter->runController(Object(App\Controllers\Users))
#2 C:\xampp\htdocs\Bessy\vendor\codeigniter4\framework\system\CodeIgniter.php(326): CodeIgniter\CodeIgniter->handleRequest(NULL, Object(Config\Cache), false)
#3 C:\xampp\htdocs\Bessy\index.php(38): CodeIgniter\CodeIgniter->run()
#4 {main}
ERROR - 2023-02-01 11:48:08 --> Unknown column 'public_user_info.id' in 'field list'
ERROR - 2023-02-01 11:49:03 --> Unknown column 'public_user_info.id' in 'field list'
ERROR - 2023-02-01 11:49:32 --> Unknown column 'public_user_info.id' in 'field list'
ERROR - 2023-02-01 11:49:32 --> Unknown column 'public_user_info.id' in 'field list'
ERROR - 2023-02-01 11:50:45 --> Unknown column 'public_user_info.id' in 'field list'
ERROR - 2023-02-01 12:56:33 --> Table 'baliwagc_bessy_db.applications' doesn't exist
ERROR - 2023-02-01 12:57:08 --> Table 'baliwagc_bessy_db.applications' doesn't exist
ERROR - 2023-02-01 12:57:08 --> Table 'baliwagc_bessy_db.applications' doesn't exist
ERROR - 2023-02-01 12:57:31 --> Table 'baliwagc_bessy_db.applications' doesn't exist
ERROR - 2023-02-01 12:57:58 --> Table 'baliwagc_bessy_db.applications' doesn't exist
ERROR - 2023-02-01 13:00:19 --> Table 'baliwagc_bessy_db.applications' doesn't exist
ERROR - 2023-02-01 13:00:33 --> Table 'baliwagc_bessy_db.applications' doesn't exist
ERROR - 2023-02-01 13:00:51 --> Table 'baliwagc_bessy_db.applications' doesn't exist
ERROR - 2023-02-01 13:01:00 --> Table 'baliwagc_bessy_db.applications' doesn't exist
ERROR - 2023-02-01 13:01:44 --> Table 'baliwagc_bessy_db.applications' doesn't exist
ERROR - 2023-02-01 13:02:24 --> Table 'baliwagc_bessy_db.applications' doesn't exist
ERROR - 2023-02-01 13:03:24 --> Table 'baliwagc_bessy_db.applications' doesn't exist
ERROR - 2023-02-01 13:04:15 --> Table 'baliwagc_bessy_db.applications' doesn't exist
ERROR - 2023-02-01 13:04:39 --> Table 'baliwagc_bessy_db.applications' doesn't exist
ERROR - 2023-02-01 13:05:02 --> Table 'baliwagc_bessy_db.applications' doesn't exist
ERROR - 2023-02-01 13:26:26 --> Table 'baliwagc_bessy_db.applications' doesn't exist
ERROR - 2023-02-01 13:27:20 --> Table 'baliwagc_bessy_db.applications' doesn't exist
ERROR - 2023-02-01 13:28:22 --> Table 'baliwagc_bessy_db.applications' doesn't exist
ERROR - 2023-02-01 13:29:17 --> Table 'baliwagc_bessy_db.applications' doesn't exist
ERROR - 2023-02-01 13:29:59 --> Table 'baliwagc_bessy_db.applications' doesn't exist
ERROR - 2023-02-01 13:30:23 --> Table 'baliwagc_bessy_db.applications' doesn't exist
ERROR - 2023-02-01 13:31:33 --> Table 'baliwagc_bessy_db.applications' doesn't exist
ERROR - 2023-02-01 13:32:34 --> Table 'baliwagc_bessy_db.applications' doesn't exist
ERROR - 2023-02-01 13:33:18 --> Table 'baliwagc_bessy_db.applications' doesn't exist
ERROR - 2023-02-01 13:33:45 --> Table 'baliwagc_bessy_db.applications' doesn't exist
ERROR - 2023-02-01 13:34:35 --> Table 'baliwagc_bessy_db.applications' doesn't exist
ERROR - 2023-02-01 13:36:08 --> Table 'baliwagc_bessy_db.applications' doesn't exist
ERROR - 2023-02-01 13:36:21 --> Table 'baliwagc_bessy_db.applications' doesn't exist
ERROR - 2023-02-01 13:37:48 --> Table 'baliwagc_bessy_db.applications' doesn't exist
ERROR - 2023-02-01 13:38:36 --> Table 'baliwagc_bessy_db.applications' doesn't exist
ERROR - 2023-02-01 13:38:41 --> Table 'baliwagc_bessy_db.applications' doesn't exist
ERROR - 2023-02-01 13:38:57 --> Table 'baliwagc_bessy_db.applications' doesn't exist
ERROR - 2023-02-01 13:39:56 --> Table 'baliwagc_bessy_db.applications' doesn't exist
ERROR - 2023-02-01 13:41:56 --> Table 'baliwagc_bessy_db.applications' doesn't exist
ERROR - 2023-02-01 13:42:28 --> Table 'baliwagc_bessy_db.applications' doesn't exist
ERROR - 2023-02-01 13:43:12 --> Table 'baliwagc_bessy_db.applications' doesn't exist
ERROR - 2023-02-01 13:44:48 --> Table 'baliwagc_bessy_db.applications' doesn't exist
ERROR - 2023-02-01 14:45:27 --> Column 'citymunCode' in field list is ambiguous
CRITICAL - 2023-02-01 14:45:27 --> Attempt to read property "firstname" on string
#0 C:\xampp\htdocs\Bessy\app\Controllers\Dashboard.php(23): CodeIgniter\Debug\Exceptions->errorHandler(2, 'Attempt to read...', 'C:\\xampp\\htdocs...', 23)
#1 C:\xampp\htdocs\Bessy\vendor\codeigniter4\framework\system\CodeIgniter.php(832): App\Controllers\Dashboard->index()
#2 C:\xampp\htdocs\Bessy\vendor\codeigniter4\framework\system\CodeIgniter.php(419): CodeIgniter\CodeIgniter->runController(Object(App\Controllers\Dashboard))
#3 C:\xampp\htdocs\Bessy\vendor\codeigniter4\framework\system\CodeIgniter.php(326): CodeIgniter\CodeIgniter->handleRequest(NULL, Object(Config\Cache), false)
#4 C:\xampp\htdocs\Bessy\index.php(38): CodeIgniter\CodeIgniter->run()
#5 {main}
ERROR - 2023-02-01 14:45:32 --> Column 'citymunCode' in field list is ambiguous
CRITICAL - 2023-02-01 14:45:32 --> Undefined variable $title
#0 C:\xampp\htdocs\Bessy\app\Views\dashboards\admin.php(7): CodeIgniter\Debug\Exceptions->errorHandler(2, 'Undefined varia...', 'C:\\xampp\\htdocs...', 7)
#1 C:\xampp\htdocs\Bessy\vendor\codeigniter4\framework\system\View\View.php(210): include('C:\\xampp\\htdocs...')
#2 C:\xampp\htdocs\Bessy\vendor\codeigniter4\framework\system\View\View.php(213): CodeIgniter\View\View->CodeIgniter\View\{closure}()
#3 C:\xampp\htdocs\Bessy\vendor\codeigniter4\framework\system\Common.php(1089): CodeIgniter\View\View->render('dashboards/admi...', Array, true)
#4 C:\xampp\htdocs\Bessy\app\Controllers\Dashboard.php(98): view('dashboards/admi...', Array)
#5 C:\xampp\htdocs\Bessy\vendor\codeigniter4\framework\system\CodeIgniter.php(832): App\Controllers\Dashboard->test()
#6 C:\xampp\htdocs\Bessy\vendor\codeigniter4\framework\system\CodeIgniter.php(419): CodeIgniter\CodeIgniter->runController(Object(App\Controllers\Dashboard))
#7 C:\xampp\htdocs\Bessy\vendor\codeigniter4\framework\system\CodeIgniter.php(326): CodeIgniter\CodeIgniter->handleRequest(NULL, Object(Config\Cache), false)
#8 C:\xampp\htdocs\Bessy\index.php(38): CodeIgniter\CodeIgniter->run()
#9 {main}
ERROR - 2023-02-01 14:45:45 --> Column 'citymunCode' in field list is ambiguous
ERROR - 2023-02-01 14:47:02 --> Column 'citymunCode' in field list is ambiguous
ERROR - 2023-02-01 14:47:14 --> Column 'citymunCode' in field list is ambiguous
CRITICAL - 2023-02-01 14:47:14 --> Attempt to read property "firstname" on string
#0 C:\xampp\htdocs\Bessy\app\Controllers\Dashboard.php(101): CodeIgniter\Debug\Exceptions->errorHandler(2, 'Attempt to read...', 'C:\\xampp\\htdocs...', 101)
#1 C:\xampp\htdocs\Bessy\vendor\codeigniter4\framework\system\CodeIgniter.php(832): App\Controllers\Dashboard->profile()
#2 C:\xampp\htdocs\Bessy\vendor\codeigniter4\framework\system\CodeIgniter.php(419): CodeIgniter\CodeIgniter->runController(Object(App\Controllers\Dashboard))
#3 C:\xampp\htdocs\Bessy\vendor\codeigniter4\framework\system\CodeIgniter.php(326): CodeIgniter\CodeIgniter->handleRequest(NULL, Object(Config\Cache), false)
#4 C:\xampp\htdocs\Bessy\index.php(38): CodeIgniter\CodeIgniter->run()
#5 {main}
ERROR - 2023-02-01 14:48:30 --> Column 'citymunCode' in field list is ambiguous
CRITICAL - 2023-02-01 14:48:30 --> Attempt to read property "user_id" on string
#0 C:\xampp\htdocs\Bessy\app\Views\users\editProfile.php(24): CodeIgniter\Debug\Exceptions->errorHandler(2, 'Attempt to read...', 'C:\\xampp\\htdocs...', 24)
#1 C:\xampp\htdocs\Bessy\vendor\codeigniter4\framework\system\View\View.php(210): include('C:\\xampp\\htdocs...')
#2 C:\xampp\htdocs\Bessy\vendor\codeigniter4\framework\system\View\View.php(213): CodeIgniter\View\View->CodeIgniter\View\{closure}()
#3 C:\xampp\htdocs\Bessy\vendor\codeigniter4\framework\system\Common.php(1089): CodeIgniter\View\View->render('users/editProfi...', Array, true)
#4 C:\xampp\htdocs\Bessy\app\Controllers\Dashboard.php(104): view('users/editProfi...', Array)
#5 C:\xampp\htdocs\Bessy\vendor\codeigniter4\framework\system\CodeIgniter.php(832): App\Controllers\Dashboard->profile()
#6 C:\xampp\htdocs\Bessy\vendor\codeigniter4\framework\system\CodeIgniter.php(419): CodeIgniter\CodeIgniter->runController(Object(App\Controllers\Dashboard))
#7 C:\xampp\htdocs\Bessy\vendor\codeigniter4\framework\system\CodeIgniter.php(326): CodeIgniter\CodeIgniter->handleRequest(NULL, Object(Config\Cache), false)
#8 C:\xampp\htdocs\Bessy\index.php(38): CodeIgniter\CodeIgniter->run()
#9 {main}
ERROR - 2023-02-01 14:48:39 --> Column 'citymunCode' in field list is ambiguous
CRITICAL - 2023-02-01 14:48:39 --> Attempt to read property "firstname" on string
#0 C:\xampp\htdocs\Bessy\app\Controllers\Dashboard.php(23): CodeIgniter\Debug\Exceptions->errorHandler(2, 'Attempt to read...', 'C:\\xampp\\htdocs...', 23)
#1 C:\xampp\htdocs\Bessy\vendor\codeigniter4\framework\system\CodeIgniter.php(832): App\Controllers\Dashboard->index()
#2 C:\xampp\htdocs\Bessy\vendor\codeigniter4\framework\system\CodeIgniter.php(419): CodeIgniter\CodeIgniter->runController(Object(App\Controllers\Dashboard))
#3 C:\xampp\htdocs\Bessy\vendor\codeigniter4\framework\system\CodeIgniter.php(326): CodeIgniter\CodeIgniter->handleRequest(NULL, Object(Config\Cache), false)
#4 C:\xampp\htdocs\Bessy\index.php(38): CodeIgniter\CodeIgniter->run()
#5 {main}
ERROR - 2023-02-01 14:48:40 --> Column 'citymunCode' in field list is ambiguous
CRITICAL - 2023-02-01 14:48:40 --> Attempt to read property "user_photo" on string
#0 C:\xampp\htdocs\Bessy\app\Views\partials\header.php(3641): CodeIgniter\Debug\Exceptions->errorHandler(2, 'Attempt to read...', 'C:\\xampp\\htdocs...', 3641)
#1 C:\xampp\htdocs\Bessy\vendor\codeigniter4\framework\system\View\View.php(210): include('C:\\xampp\\htdocs...')
#2 C:\xampp\htdocs\Bessy\vendor\codeigniter4\framework\system\View\View.php(213): CodeIgniter\View\View->CodeIgniter\View\{closure}()
#3 C:\xampp\htdocs\Bessy\vendor\codeigniter4\framework\system\View\View.php(424): CodeIgniter\View\View->render('partials/header', NULL, true)
#4 C:\xampp\htdocs\Bessy\app\Views\layouts\main.php(73): CodeIgniter\View\View->include('partials/header')
#5 C:\xampp\htdocs\Bessy\vendor\codeigniter4\framework\system\View\View.php(210): include('C:\\xampp\\htdocs...')
#6 C:\xampp\htdocs\Bessy\vendor\codeigniter4\framework\system\View\View.php(213): CodeIgniter\View\View->CodeIgniter\View\{closure}()
#7 C:\xampp\htdocs\Bessy\vendor\codeigniter4\framework\system\View\View.php(226): CodeIgniter\View\View->render('layouts/main', Array, true)
#8 C:\xampp\htdocs\Bessy\vendor\codeigniter4\framework\system\Common.php(1089): CodeIgniter\View\View->render('users/users', Array, true)
#9 C:\xampp\htdocs\Bessy\app\Controllers\Users.php(33): view('users/users', Array)
#10 C:\xampp\htdocs\Bessy\vendor\codeigniter4\framework\system\CodeIgniter.php(832): App\Controllers\Users->index()
#11 C:\xampp\htdocs\Bessy\vendor\codeigniter4\framework\system\CodeIgniter.php(419): CodeIgniter\CodeIgniter->runController(Object(App\Controllers\Users))
#12 C:\xampp\htdocs\Bessy\vendor\codeigniter4\framework\system\CodeIgniter.php(326): CodeIgniter\CodeIgniter->handleRequest(NULL, Object(Config\Cache), false)
#13 C:\xampp\htdocs\Bessy\index.php(38): CodeIgniter\CodeIgniter->run()
#14 {main}
ERROR - 2023-02-01 14:48:47 --> Column 'citymunCode' in field list is ambiguous
CRITICAL - 2023-02-01 14:48:47 --> Attempt to read property "firstname" on string
#0 C:\xampp\htdocs\Bessy\app\Controllers\Dashboard.php(23): CodeIgniter\Debug\Exceptions->errorHandler(2, 'Attempt to read...', 'C:\\xampp\\htdocs...', 23)
#1 C:\xampp\htdocs\Bessy\vendor\codeigniter4\framework\system\CodeIgniter.php(832): App\Controllers\Dashboard->index()
#2 C:\xampp\htdocs\Bessy\vendor\codeigniter4\framework\system\CodeIgniter.php(419): CodeIgniter\CodeIgniter->runController(Object(App\Controllers\Dashboard))
#3 C:\xampp\htdocs\Bessy\vendor\codeigniter4\framework\system\CodeIgniter.php(326): CodeIgniter\CodeIgniter->handleRequest(NULL, Object(Config\Cache), false)
#4 C:\xampp\htdocs\Bessy\index.php(38): CodeIgniter\CodeIgniter->run()
#5 {main}
ERROR - 2023-02-01 14:49:02 --> Column 'citymunCode' in field list is ambiguous
CRITICAL - 2023-02-01 14:49:02 --> Attempt to read property "firstname" on string
#0 C:\xampp\htdocs\Bessy\app\Controllers\Dashboard.php(23): CodeIgniter\Debug\Exceptions->errorHandler(2, 'Attempt to read...', 'C:\\xampp\\htdocs...', 23)
#1 C:\xampp\htdocs\Bessy\vendor\codeigniter4\framework\system\CodeIgniter.php(832): App\Controllers\Dashboard->index()
#2 C:\xampp\htdocs\Bessy\vendor\codeigniter4\framework\system\CodeIgniter.php(419): CodeIgniter\CodeIgniter->runController(Object(App\Controllers\Dashboard))
#3 C:\xampp\htdocs\Bessy\vendor\codeigniter4\framework\system\CodeIgniter.php(326): CodeIgniter\CodeIgniter->handleRequest(NULL, Object(Config\Cache), false)
#4 C:\xampp\htdocs\Bessy\index.php(38): CodeIgniter\CodeIgniter->run()
#5 {main}
ERROR - 2023-02-01 14:49:32 --> Column 'citymunCode' in field list is ambiguous
CRITICAL - 2023-02-01 14:49:32 --> Attempt to read property "firstname" on string
#0 C:\xampp\htdocs\Bessy\app\Controllers\Dashboard.php(23): CodeIgniter\Debug\Exceptions->errorHandler(2, 'Attempt to read...', 'C:\\xampp\\htdocs...', 23)
#1 C:\xampp\htdocs\Bessy\vendor\codeigniter4\framework\system\CodeIgniter.php(832): App\Controllers\Dashboard->index()
#2 C:\xampp\htdocs\Bessy\vendor\codeigniter4\framework\system\CodeIgniter.php(419): CodeIgniter\CodeIgniter->runController(Object(App\Controllers\Dashboard))
#3 C:\xampp\htdocs\Bessy\vendor\codeigniter4\framework\system\CodeIgniter.php(326): CodeIgniter\CodeIgniter->handleRequest(NULL, Object(Config\Cache), false)
#4 C:\xampp\htdocs\Bessy\index.php(38): CodeIgniter\CodeIgniter->run()
#5 {main}
ERROR - 2023-02-01 14:49:34 --> Column 'citymunCode' in field list is ambiguous
CRITICAL - 2023-02-01 14:49:34 --> Attempt to read property "firstname" on string
#0 C:\xampp\htdocs\Bessy\app\Controllers\Dashboard.php(23): CodeIgniter\Debug\Exceptions->errorHandler(2, 'Attempt to read...', 'C:\\xampp\\htdocs...', 23)
#1 C:\xampp\htdocs\Bessy\vendor\codeigniter4\framework\system\CodeIgniter.php(832): App\Controllers\Dashboard->index()
#2 C:\xampp\htdocs\Bessy\vendor\codeigniter4\framework\system\CodeIgniter.php(419): CodeIgniter\CodeIgniter->runController(Object(App\Controllers\Dashboard))
#3 C:\xampp\htdocs\Bessy\vendor\codeigniter4\framework\system\CodeIgniter.php(326): CodeIgniter\CodeIgniter->handleRequest(NULL, Object(Config\Cache), false)
#4 C:\xampp\htdocs\Bessy\index.php(38): CodeIgniter\CodeIgniter->run()
#5 {main}
ERROR - 2023-02-01 14:49:38 --> Column 'citymunCode' in field list is ambiguous
CRITICAL - 2023-02-01 14:49:38 --> Attempt to read property "firstname" on string
#0 C:\xampp\htdocs\Bessy\app\Controllers\Dashboard.php(23): CodeIgniter\Debug\Exceptions->errorHandler(2, 'Attempt to read...', 'C:\\xampp\\htdocs...', 23)
#1 C:\xampp\htdocs\Bessy\vendor\codeigniter4\framework\system\CodeIgniter.php(832): App\Controllers\Dashboard->index()
#2 C:\xampp\htdocs\Bessy\vendor\codeigniter4\framework\system\CodeIgniter.php(419): CodeIgniter\CodeIgniter->runController(Object(App\Controllers\Dashboard))
#3 C:\xampp\htdocs\Bessy\vendor\codeigniter4\framework\system\CodeIgniter.php(326): CodeIgniter\CodeIgniter->handleRequest(NULL, Object(Config\Cache), false)
#4 C:\xampp\htdocs\Bessy\index.php(38): CodeIgniter\CodeIgniter->run()
#5 {main}
ERROR - 2023-02-01 14:49:44 --> Column 'citymunCode' in field list is ambiguous
CRITICAL - 2023-02-01 14:49:44 --> Attempt to read property "role" on string
#0 C:\xampp\htdocs\Bessy\app\Controllers\Dashboard.php(29): CodeIgniter\Debug\Exceptions->errorHandler(2, 'Attempt to read...', 'C:\\xampp\\htdocs...', 29)
#1 C:\xampp\htdocs\Bessy\vendor\codeigniter4\framework\system\CodeIgniter.php(832): App\Controllers\Dashboard->index()
#2 C:\xampp\htdocs\Bessy\vendor\codeigniter4\framework\system\CodeIgniter.php(419): CodeIgniter\CodeIgniter->runController(Object(App\Controllers\Dashboard))
#3 C:\xampp\htdocs\Bessy\vendor\codeigniter4\framework\system\CodeIgniter.php(326): CodeIgniter\CodeIgniter->handleRequest(NULL, Object(Config\Cache), false)
#4 C:\xampp\htdocs\Bessy\index.php(38): CodeIgniter\CodeIgniter->run()
#5 {main}
ERROR - 2023-02-01 14:50:10 --> Column 'citymunCode' in field list is ambiguous
CRITICAL - 2023-02-01 14:50:10 --> Attempt to read property "role" on string
#0 C:\xampp\htdocs\Bessy\app\Controllers\Dashboard.php(29): CodeIgniter\Debug\Exceptions->errorHandler(2, 'Attempt to read...', 'C:\\xampp\\htdocs...', 29)
#1 C:\xampp\htdocs\Bessy\vendor\codeigniter4\framework\system\CodeIgniter.php(832): App\Controllers\Dashboard->index()
#2 C:\xampp\htdocs\Bessy\vendor\codeigniter4\framework\system\CodeIgniter.php(419): CodeIgniter\CodeIgniter->runController(Object(App\Controllers\Dashboard))
#3 C:\xampp\htdocs\Bessy\vendor\codeigniter4\framework\system\CodeIgniter.php(326): CodeIgniter\CodeIgniter->handleRequest(NULL, Object(Config\Cache), false)
#4 C:\xampp\htdocs\Bessy\index.php(38): CodeIgniter\CodeIgniter->run()
#5 {main}
CRITICAL - 2023-02-01 14:50:47 --> Attempt to read property "role" on array
#0 C:\xampp\htdocs\Bessy\app\Controllers\Dashboard.php(29): CodeIgniter\Debug\Exceptions->errorHandler(2, 'Attempt to read...', 'C:\\xampp\\htdocs...', 29)
#1 C:\xampp\htdocs\Bessy\vendor\codeigniter4\framework\system\CodeIgniter.php(832): App\Controllers\Dashboard->index()
#2 C:\xampp\htdocs\Bessy\vendor\codeigniter4\framework\system\CodeIgniter.php(419): CodeIgniter\CodeIgniter->runController(Object(App\Controllers\Dashboard))
#3 C:\xampp\htdocs\Bessy\vendor\codeigniter4\framework\system\CodeIgniter.php(326): CodeIgniter\CodeIgniter->handleRequest(NULL, Object(Config\Cache), false)
#4 C:\xampp\htdocs\Bessy\index.php(38): CodeIgniter\CodeIgniter->run()
#5 {main}
ERROR - 2023-02-01 14:51:04 --> Table 'baliwagc_bessy_db.applications' doesn't exist
CRITICAL - 2023-02-01 14:51:04 --> Undefined variable $title
#0 C:\xampp\htdocs\Bessy\app\Views\dashboards\user.php(10): CodeIgniter\Debug\Exceptions->errorHandler(2, 'Undefined varia...', 'C:\\xampp\\htdocs...', 10)
#1 C:\xampp\htdocs\Bessy\vendor\codeigniter4\framework\system\View\View.php(210): include('C:\\xampp\\htdocs...')
#2 C:\xampp\htdocs\Bessy\vendor\codeigniter4\framework\system\View\View.php(213): CodeIgniter\View\View->CodeIgniter\View\{closure}()
#3 C:\xampp\htdocs\Bessy\vendor\codeigniter4\framework\system\Common.php(1089): CodeIgniter\View\View->render('dashboards/user', Array, true)
#4 C:\xampp\htdocs\Bessy\app\Controllers\Dashboard.php(53): view('dashboards/user', Array)
#5 C:\xampp\htdocs\Bessy\vendor\codeigniter4\framework\system\CodeIgniter.php(832): App\Controllers\Dashboard->index()
#6 C:\xampp\htdocs\Bessy\vendor\codeigniter4\framework\system\CodeIgniter.php(419): CodeIgniter\CodeIgniter->runController(Object(App\Controllers\Dashboard))
#7 C:\xampp\htdocs\Bessy\vendor\codeigniter4\framework\system\CodeIgniter.php(326): CodeIgniter\CodeIgniter->handleRequest(NULL, Object(Config\Cache), false)
#8 C:\xampp\htdocs\Bessy\index.php(38): CodeIgniter\CodeIgniter->run()
#9 {main}
ERROR - 2023-02-01 14:51:13 --> Table 'baliwagc_bessy_db.applications' doesn't exist
ERROR - 2023-02-01 14:51:27 --> Table 'baliwagc_bessy_db.applications' doesn't exist
ERROR - 2023-02-01 14:52:02 --> Table 'baliwagc_bessy_db.applications' doesn't exist
ERROR - 2023-02-01 14:52:41 --> Table 'baliwagc_bessy_db.applications' doesn't exist
CRITICAL - 2023-02-01 14:52:44 --> Undefined variable $provinces
#0 C:\xampp\htdocs\Bessy\app\Views\users\editProfile.php(110): CodeIgniter\Debug\Exceptions->errorHandler(2, 'Undefined varia...', 'C:\\xampp\\htdocs...', 110)
#1 C:\xampp\htdocs\Bessy\vendor\codeigniter4\framework\system\View\View.php(210): include('C:\\xampp\\htdocs...')
#2 C:\xampp\htdocs\Bessy\vendor\codeigniter4\framework\system\View\View.php(213): CodeIgniter\View\View->CodeIgniter\View\{closure}()
#3 C:\xampp\htdocs\Bessy\vendor\codeigniter4\framework\system\Common.php(1089): CodeIgniter\View\View->render('users/editProfi...', Array, true)
#4 C:\xampp\htdocs\Bessy\app\Controllers\Dashboard.php(104): view('users/editProfi...', Array)
#5 C:\xampp\htdocs\Bessy\vendor\codeigniter4\framework\system\CodeIgniter.php(832): App\Controllers\Dashboard->profile()
#6 C:\xampp\htdocs\Bessy\vendor\codeigniter4\framework\system\CodeIgniter.php(419): CodeIgniter\CodeIgniter->runController(Object(App\Controllers\Dashboard))
#7 C:\xampp\htdocs\Bessy\vendor\codeigniter4\framework\system\CodeIgniter.php(326): CodeIgniter\CodeIgniter->handleRequest(NULL, Object(Config\Cache), false)
#8 C:\xampp\htdocs\Bessy\index.php(38): CodeIgniter\CodeIgniter->run()
#9 {main}
CRITICAL - 2023-02-01 14:53:09 --> Undefined variable $provinces
#0 C:\xampp\htdocs\Bessy\app\Views\users\editProfile.php(110): CodeIgniter\Debug\Exceptions->errorHandler(2, 'Undefined varia...', 'C:\\xampp\\htdocs...', 110)
#1 C:\xampp\htdocs\Bessy\vendor\codeigniter4\framework\system\View\View.php(210): include('C:\\xampp\\htdocs...')
#2 C:\xampp\htdocs\Bessy\vendor\codeigniter4\framework\system\View\View.php(213): CodeIgniter\View\View->CodeIgniter\View\{closure}()
#3 C:\xampp\htdocs\Bessy\vendor\codeigniter4\framework\system\Common.php(1089): CodeIgniter\View\View->render('users/editProfi...', Array, true)
#4 C:\xampp\htdocs\Bessy\app\Controllers\Dashboard.php(104): view('users/editProfi...', Array)
#5 C:\xampp\htdocs\Bessy\vendor\codeigniter4\framework\system\CodeIgniter.php(832): App\Controllers\Dashboard->profile()
#6 C:\xampp\htdocs\Bessy\vendor\codeigniter4\framework\system\CodeIgniter.php(419): CodeIgniter\CodeIgniter->runController(Object(App\Controllers\Dashboard))
#7 C:\xampp\htdocs\Bessy\vendor\codeigniter4\framework\system\CodeIgniter.php(326): CodeIgniter\CodeIgniter->handleRequest(NULL, Object(Config\Cache), false)
#8 C:\xampp\htdocs\Bessy\index.php(38): CodeIgniter\CodeIgniter->run()
#9 {main}
CRITICAL - 2023-02-01 14:53:14 --> Undefined variable $provinces
#0 C:\xampp\htdocs\Bessy\app\Views\users\editProfile.php(110): CodeIgniter\Debug\Exceptions->errorHandler(2, 'Undefined varia...', 'C:\\xampp\\htdocs...', 110)
#1 C:\xampp\htdocs\Bessy\vendor\codeigniter4\framework\system\View\View.php(210): include('C:\\xampp\\htdocs...')
#2 C:\xampp\htdocs\Bessy\vendor\codeigniter4\framework\system\View\View.php(213): CodeIgniter\View\View->CodeIgniter\View\{closure}()
#3 C:\xampp\htdocs\Bessy\vendor\codeigniter4\framework\system\Common.php(1089): CodeIgniter\View\View->render('users/editProfi...', Array, true)
#4 C:\xampp\htdocs\Bessy\app\Controllers\Dashboard.php(104): view('users/editProfi...', Array)
#5 C:\xampp\htdocs\Bessy\vendor\codeigniter4\framework\system\CodeIgniter.php(832): App\Controllers\Dashboard->profile()
#6 C:\xampp\htdocs\Bessy\vendor\codeigniter4\framework\system\CodeIgniter.php(419): CodeIgniter\CodeIgniter->runController(Object(App\Controllers\Dashboard))
#7 C:\xampp\htdocs\Bessy\vendor\codeigniter4\framework\system\CodeIgniter.php(326): CodeIgniter\CodeIgniter->handleRequest(NULL, Object(Config\Cache), false)
#8 C:\xampp\htdocs\Bessy\index.php(38): CodeIgniter\CodeIgniter->run()
#9 {main}
CRITICAL - 2023-02-01 15:16:26 --> Undefined variable $provinces
#0 C:\xampp\htdocs\Bessy\app\Views\users\editProfile.php(119): CodeIgniter\Debug\Exceptions->errorHandler(2, 'Undefined varia...', 'C:\\xampp\\htdocs...', 119)
#1 C:\xampp\htdocs\Bessy\vendor\codeigniter4\framework\system\View\View.php(210): include('C:\\xampp\\htdocs...')
#2 C:\xampp\htdocs\Bessy\vendor\codeigniter4\framework\system\View\View.php(213): CodeIgniter\View\View->CodeIgniter\View\{closure}()
#3 C:\xampp\htdocs\Bessy\vendor\codeigniter4\framework\system\Common.php(1089): CodeIgniter\View\View->render('users/editProfi...', Array, true)
#4 C:\xampp\htdocs\Bessy\app\Controllers\Dashboard.php(106): view('users/editProfi...', Array)
#5 C:\xampp\htdocs\Bessy\vendor\codeigniter4\framework\system\CodeIgniter.php(832): App\Controllers\Dashboard->profile()
#6 C:\xampp\htdocs\Bessy\vendor\codeigniter4\framework\system\CodeIgniter.php(419): CodeIgniter\CodeIgniter->runController(Object(App\Controllers\Dashboard))
#7 C:\xampp\htdocs\Bessy\vendor\codeigniter4\framework\system\CodeIgniter.php(326): CodeIgniter\CodeIgniter->handleRequest(NULL, Object(Config\Cache), false)
#8 C:\xampp\htdocs\Bessy\index.php(38): CodeIgniter\CodeIgniter->run()
#9 {main}
CRITICAL - 2023-02-01 15:20:47 --> Undefined property: stdClass::$provCode
#0 C:\xampp\htdocs\Bessy\app\Controllers\UtilController.php(89): CodeIgniter\Debug\Exceptions->errorHandler(2, 'Undefined prope...', 'C:\\xampp\\htdocs...', 89)
#1 C:\xampp\htdocs\Bessy\app\Controllers\Dashboard.php(104): App\Controllers\UtilController::userBarangaysCitiesAndProvinces('6530')
#2 C:\xampp\htdocs\Bessy\vendor\codeigniter4\framework\system\CodeIgniter.php(832): App\Controllers\Dashboard->profile()
#3 C:\xampp\htdocs\Bessy\vendor\codeigniter4\framework\system\CodeIgniter.php(419): CodeIgniter\CodeIgniter->runController(Object(App\Controllers\Dashboard))
#4 C:\xampp\htdocs\Bessy\vendor\codeigniter4\framework\system\CodeIgniter.php(326): CodeIgniter\CodeIgniter->handleRequest(NULL, Object(Config\Cache), false)
#5 C:\xampp\htdocs\Bessy\index.php(38): CodeIgniter\CodeIgniter->run()
#6 {main}
CRITICAL - 2023-02-01 15:35:29 --> Undefined property: stdClass::$selected_cities
#0 C:\xampp\htdocs\Bessy\app\Views\users\editProfile.php(129): CodeIgniter\Debug\Exceptions->errorHandler(2, 'Undefined prope...', 'C:\\xampp\\htdocs...', 129)
#1 C:\xampp\htdocs\Bessy\vendor\codeigniter4\framework\system\View\View.php(210): include('C:\\xampp\\htdocs...')
#2 C:\xampp\htdocs\Bessy\vendor\codeigniter4\framework\system\View\View.php(213): CodeIgniter\View\View->CodeIgniter\View\{closure}()
#3 C:\xampp\htdocs\Bessy\vendor\codeigniter4\framework\system\Common.php(1089): CodeIgniter\View\View->render('users/editProfi...', Array, true)
#4 C:\xampp\htdocs\Bessy\app\Controllers\Dashboard.php(106): view('users/editProfi...', Array)
#5 C:\xampp\htdocs\Bessy\vendor\codeigniter4\framework\system\CodeIgniter.php(832): App\Controllers\Dashboard->profile()
#6 C:\xampp\htdocs\Bessy\vendor\codeigniter4\framework\system\CodeIgniter.php(419): CodeIgniter\CodeIgniter->runController(Object(App\Controllers\Dashboard))
#7 C:\xampp\htdocs\Bessy\vendor\codeigniter4\framework\system\CodeIgniter.php(326): CodeIgniter\CodeIgniter->handleRequest(NULL, Object(Config\Cache), false)
#8 C:\xampp\htdocs\Bessy\index.php(38): CodeIgniter\CodeIgniter->run()
#9 {main}
CRITICAL - 2023-02-01 15:46:10 --> Undefined array key "id"
#0 C:\xampp\htdocs\Bessy\app\Controllers\Users.php(152): CodeIgniter\Debug\Exceptions->errorHandler(2, 'Undefined array...', 'C:\\xampp\\htdocs...', 152)
#1 C:\xampp\htdocs\Bessy\vendor\codeigniter4\framework\system\CodeIgniter.php(832): App\Controllers\Users->updateUser()
#2 C:\xampp\htdocs\Bessy\vendor\codeigniter4\framework\system\CodeIgniter.php(419): CodeIgniter\CodeIgniter->runController(Object(App\Controllers\Users))
#3 C:\xampp\htdocs\Bessy\vendor\codeigniter4\framework\system\CodeIgniter.php(326): CodeIgniter\CodeIgniter->handleRequest(NULL, Object(Config\Cache), false)
#4 C:\xampp\htdocs\Bessy\index.php(38): CodeIgniter\CodeIgniter->run()
#5 {main}
CRITICAL - 2023-02-01 15:46:14 --> Undefined array key "id"
#0 C:\xampp\htdocs\Bessy\app\Controllers\Users.php(152): CodeIgniter\Debug\Exceptions->errorHandler(2, 'Undefined array...', 'C:\\xampp\\htdocs...', 152)
#1 C:\xampp\htdocs\Bessy\vendor\codeigniter4\framework\system\CodeIgniter.php(832): App\Controllers\Users->updateUser()
#2 C:\xampp\htdocs\Bessy\vendor\codeigniter4\framework\system\CodeIgniter.php(419): CodeIgniter\CodeIgniter->runController(Object(App\Controllers\Users))
#3 C:\xampp\htdocs\Bessy\vendor\codeigniter4\framework\system\CodeIgniter.php(326): CodeIgniter\CodeIgniter->handleRequest(NULL, Object(Config\Cache), false)
#4 C:\xampp\htdocs\Bessy\index.php(38): CodeIgniter\CodeIgniter->run()
#5 {main}
ERROR - 2023-02-01 15:47:52 --> Unknown column 'suffix' in 'field list'
ERROR - 2023-02-01 15:47:53 --> Unknown column 'suffix' in 'field list'
ERROR - 2023-02-01 15:47:58 --> Unknown column 'suffix' in 'field list'
ERROR - 2023-02-01 15:49:01 --> Unknown column 'suffix' in 'field list'
ERROR - 2023-02-01 15:49:14 --> Unknown column 'suffix' in 'field list'
ERROR - 2023-02-01 15:57:31 --> Table 'baliwagc_bessy_db.applications' doesn't exist
