CRITICAL - 2023-04-20 08:49:22 --> Attempt to read property "user_photo" on bool
#0 C:\xampp\htdocs\peso\app\Views\partials\header.php(3642): CodeIgniter\Debug\Exceptions->errorHandler(2, 'Attempt to read...', 'C:\\xampp\\htdocs...', 3642)
#1 C:\xampp\htdocs\peso\vendor\codeigniter4\framework\system\View\View.php(210): include('C:\\xampp\\htdocs...')
#2 C:\xampp\htdocs\peso\vendor\codeigniter4\framework\system\View\View.php(213): CodeIgniter\View\View->CodeIgniter\View\{closure}()
#3 C:\xampp\htdocs\peso\vendor\codeigniter4\framework\system\View\View.php(424): CodeIgniter\View\View->render('partials/header', NULL, true)
#4 C:\xampp\htdocs\peso\app\Views\layouts\main.php(71): CodeIgniter\View\View->include('partials/header')
#5 C:\xampp\htdocs\peso\vendor\codeigniter4\framework\system\View\View.php(210): include('C:\\xampp\\htdocs...')
#6 C:\xampp\htdocs\peso\vendor\codeigniter4\framework\system\View\View.php(213): CodeIgniter\View\View->CodeIgniter\View\{closure}()
#7 C:\xampp\htdocs\peso\vendor\codeigniter4\framework\system\View\View.php(226): CodeIgniter\View\View->render('layouts/main', Array, true)
#8 C:\xampp\htdocs\peso\vendor\codeigniter4\framework\system\Common.php(1089): CodeIgniter\View\View->render('jobs/job-applic...', Array, true)
#9 C:\xampp\htdocs\peso\app\Controllers\Jobs.php(153): view('jobs/job-applic...', Array)
#10 C:\xampp\htdocs\peso\vendor\codeigniter4\framework\system\CodeIgniter.php(832): App\Controllers\Jobs->applicants('15')
#11 C:\xampp\htdocs\peso\vendor\codeigniter4\framework\system\CodeIgniter.php(419): CodeIgniter\CodeIgniter->runController(Object(App\Controllers\Jobs))
#12 C:\xampp\htdocs\peso\vendor\codeigniter4\framework\system\CodeIgniter.php(326): CodeIgniter\CodeIgniter->handleRequest(NULL, Object(Config\Cache), false)
#13 C:\xampp\htdocs\peso\index.php(38): CodeIgniter\CodeIgniter->run()
#14 {main}
ERROR - 2023-04-20 08:49:50 --> Table 'baliwagc_peso_db.logs' doesn't exist
CRITICAL - 2023-04-20 08:59:35 --> Attempt to read property "user_photo" on bool
#0 C:\xampp\htdocs\peso\app\Views\partials\header.php(3642): CodeIgniter\Debug\Exceptions->errorHandler(2, 'Attempt to read...', 'C:\\xampp\\htdocs...', 3642)
#1 C:\xampp\htdocs\peso\vendor\codeigniter4\framework\system\View\View.php(210): include('C:\\xampp\\htdocs...')
#2 C:\xampp\htdocs\peso\vendor\codeigniter4\framework\system\View\View.php(213): CodeIgniter\View\View->CodeIgniter\View\{closure}()
#3 C:\xampp\htdocs\peso\vendor\codeigniter4\framework\system\View\View.php(424): CodeIgniter\View\View->render('partials/header', NULL, true)
#4 C:\xampp\htdocs\peso\app\Views\layouts\main.php(71): CodeIgniter\View\View->include('partials/header')
#5 C:\xampp\htdocs\peso\vendor\codeigniter4\framework\system\View\View.php(210): include('C:\\xampp\\htdocs...')
#6 C:\xampp\htdocs\peso\vendor\codeigniter4\framework\system\View\View.php(213): CodeIgniter\View\View->CodeIgniter\View\{closure}()
#7 C:\xampp\htdocs\peso\vendor\codeigniter4\framework\system\View\View.php(226): CodeIgniter\View\View->render('layouts/main', Array, true)
#8 C:\xampp\htdocs\peso\vendor\codeigniter4\framework\system\Common.php(1089): CodeIgniter\View\View->render('jobs/job-applic...', Array, true)
#9 C:\xampp\htdocs\peso\app\Controllers\Jobs.php(153): view('jobs/job-applic...', Array)
#10 C:\xampp\htdocs\peso\vendor\codeigniter4\framework\system\CodeIgniter.php(832): App\Controllers\Jobs->applicants('17')
#11 C:\xampp\htdocs\peso\vendor\codeigniter4\framework\system\CodeIgniter.php(419): CodeIgniter\CodeIgniter->runController(Object(App\Controllers\Jobs))
#12 C:\xampp\htdocs\peso\vendor\codeigniter4\framework\system\CodeIgniter.php(326): CodeIgniter\CodeIgniter->handleRequest(NULL, Object(Config\Cache), false)
#13 C:\xampp\htdocs\peso\index.php(38): CodeIgniter\CodeIgniter->run()
#14 {main}
ERROR - 2023-04-20 09:17:06 --> Table 'baliwagc_peso_db.logs' doesn't exist
CRITICAL - 2023-04-20 09:17:06 --> Undefined array key 1
#0 C:\xampp\htdocs\peso\app\Views\home\home.php(169): CodeIgniter\Debug\Exceptions->errorHandler(2, 'Undefined array...', 'C:\\xampp\\htdocs...', 169)
#1 C:\xampp\htdocs\peso\vendor\codeigniter4\framework\system\View\View.php(210): include('C:\\xampp\\htdocs...')
#2 C:\xampp\htdocs\peso\vendor\codeigniter4\framework\system\View\View.php(213): CodeIgniter\View\View->CodeIgniter\View\{closure}()
#3 C:\xampp\htdocs\peso\vendor\codeigniter4\framework\system\Common.php(1089): CodeIgniter\View\View->render('home/home', Array, true)
#4 C:\xampp\htdocs\peso\app\Controllers\Home.php(41): view('home/home', Array)
#5 C:\xampp\htdocs\peso\vendor\codeigniter4\framework\system\CodeIgniter.php(832): App\Controllers\Home->index()
#6 C:\xampp\htdocs\peso\vendor\codeigniter4\framework\system\CodeIgniter.php(419): CodeIgniter\CodeIgniter->runController(Object(App\Controllers\Home))
#7 C:\xampp\htdocs\peso\vendor\codeigniter4\framework\system\CodeIgniter.php(326): CodeIgniter\CodeIgniter->handleRequest(NULL, Object(Config\Cache), false)
#8 C:\xampp\htdocs\peso\index.php(38): CodeIgniter\CodeIgniter->run()
#9 {main}
CRITICAL - 2023-04-20 09:18:03 --> Undefined array key "status"
#0 C:\xampp\htdocs\peso\app\Views\home\home.php(152): CodeIgniter\Debug\Exceptions->errorHandler(2, 'Undefined array...', 'C:\\xampp\\htdocs...', 152)
#1 C:\xampp\htdocs\peso\vendor\codeigniter4\framework\system\View\View.php(210): include('C:\\xampp\\htdocs...')
#2 C:\xampp\htdocs\peso\vendor\codeigniter4\framework\system\View\View.php(213): CodeIgniter\View\View->CodeIgniter\View\{closure}()
#3 C:\xampp\htdocs\peso\vendor\codeigniter4\framework\system\Common.php(1089): CodeIgniter\View\View->render('home/home', Array, true)
#4 C:\xampp\htdocs\peso\app\Controllers\Home.php(41): view('home/home', Array)
#5 C:\xampp\htdocs\peso\vendor\codeigniter4\framework\system\CodeIgniter.php(832): App\Controllers\Home->index()
#6 C:\xampp\htdocs\peso\vendor\codeigniter4\framework\system\CodeIgniter.php(419): CodeIgniter\CodeIgniter->runController(Object(App\Controllers\Home))
#7 C:\xampp\htdocs\peso\vendor\codeigniter4\framework\system\CodeIgniter.php(326): CodeIgniter\CodeIgniter->handleRequest(NULL, Object(Config\Cache), false)
#8 C:\xampp\htdocs\peso\index.php(38): CodeIgniter\CodeIgniter->run()
#9 {main}
ERROR - 2023-04-20 10:27:11 --> Table 'baliwagc_peso_db.logs' doesn't exist
CRITICAL - 2023-04-20 10:27:11 --> Undefined array key 1
#0 C:\xampp\htdocs\peso\app\Views\home\home.php(170): CodeIgniter\Debug\Exceptions->errorHandler(2, 'Undefined array...', 'C:\\xampp\\htdocs...', 170)
#1 C:\xampp\htdocs\peso\vendor\codeigniter4\framework\system\View\View.php(210): include('C:\\xampp\\htdocs...')
#2 C:\xampp\htdocs\peso\vendor\codeigniter4\framework\system\View\View.php(213): CodeIgniter\View\View->CodeIgniter\View\{closure}()
#3 C:\xampp\htdocs\peso\vendor\codeigniter4\framework\system\Common.php(1089): CodeIgniter\View\View->render('home/home', Array, true)
#4 C:\xampp\htdocs\peso\app\Controllers\Home.php(42): view('home/home', Array)
#5 C:\xampp\htdocs\peso\vendor\codeigniter4\framework\system\CodeIgniter.php(832): App\Controllers\Home->index()
#6 C:\xampp\htdocs\peso\vendor\codeigniter4\framework\system\CodeIgniter.php(419): CodeIgniter\CodeIgniter->runController(Object(App\Controllers\Home))
#7 C:\xampp\htdocs\peso\vendor\codeigniter4\framework\system\CodeIgniter.php(326): CodeIgniter\CodeIgniter->handleRequest(NULL, Object(Config\Cache), false)
#8 C:\xampp\htdocs\peso\index.php(38): CodeIgniter\CodeIgniter->run()
#9 {main}
CRITICAL - 2023-04-20 10:28:02 --> Undefined array key 1
#0 C:\xampp\htdocs\peso\app\Views\home\home.php(170): CodeIgniter\Debug\Exceptions->errorHandler(2, 'Undefined array...', 'C:\\xampp\\htdocs...', 170)
#1 C:\xampp\htdocs\peso\vendor\codeigniter4\framework\system\View\View.php(210): include('C:\\xampp\\htdocs...')
#2 C:\xampp\htdocs\peso\vendor\codeigniter4\framework\system\View\View.php(213): CodeIgniter\View\View->CodeIgniter\View\{closure}()
#3 C:\xampp\htdocs\peso\vendor\codeigniter4\framework\system\Common.php(1089): CodeIgniter\View\View->render('home/home', Array, true)
#4 C:\xampp\htdocs\peso\app\Controllers\Home.php(42): view('home/home', Array)
#5 C:\xampp\htdocs\peso\vendor\codeigniter4\framework\system\CodeIgniter.php(832): App\Controllers\Home->index()
#6 C:\xampp\htdocs\peso\vendor\codeigniter4\framework\system\CodeIgniter.php(419): CodeIgniter\CodeIgniter->runController(Object(App\Controllers\Home))
#7 C:\xampp\htdocs\peso\vendor\codeigniter4\framework\system\CodeIgniter.php(326): CodeIgniter\CodeIgniter->handleRequest(NULL, Object(Config\Cache), false)
#8 C:\xampp\htdocs\peso\index.php(38): CodeIgniter\CodeIgniter->run()
#9 {main}
ERROR - 2023-04-20 10:29:37 --> Table 'baliwagc_peso_db.logs' doesn't exist
CRITICAL - 2023-04-20 10:31:54 --> Cannot use object of type stdClass as array
#0 C:\xampp\htdocs\peso\vendor\codeigniter4\framework\system\View\View.php(210): include()
#1 C:\xampp\htdocs\peso\vendor\codeigniter4\framework\system\View\View.php(213): CodeIgniter\View\View->CodeIgniter\View\{closure}()
#2 C:\xampp\htdocs\peso\vendor\codeigniter4\framework\system\Common.php(1089): CodeIgniter\View\View->render('jobs/job-applic...', Array, true)
#3 C:\xampp\htdocs\peso\app\Controllers\Jobs.php(158): view('jobs/job-applic...', Array)
#4 C:\xampp\htdocs\peso\vendor\codeigniter4\framework\system\CodeIgniter.php(832): App\Controllers\Jobs->applicants('17')
#5 C:\xampp\htdocs\peso\vendor\codeigniter4\framework\system\CodeIgniter.php(419): CodeIgniter\CodeIgniter->runController(Object(App\Controllers\Jobs))
#6 C:\xampp\htdocs\peso\vendor\codeigniter4\framework\system\CodeIgniter.php(326): CodeIgniter\CodeIgniter->handleRequest(NULL, Object(Config\Cache), false)
#7 C:\xampp\htdocs\peso\index.php(38): CodeIgniter\CodeIgniter->run()
#8 {main}
CRITICAL - 2023-04-20 11:26:47 --> Attempt to read property "user_photo" on bool
#0 C:\xampp\htdocs\peso\app\Views\partials\header.php(3642): CodeIgniter\Debug\Exceptions->errorHandler(2, 'Attempt to read...', 'C:\\xampp\\htdocs...', 3642)
#1 C:\xampp\htdocs\peso\vendor\codeigniter4\framework\system\View\View.php(210): include('C:\\xampp\\htdocs...')
#2 C:\xampp\htdocs\peso\vendor\codeigniter4\framework\system\View\View.php(213): CodeIgniter\View\View->CodeIgniter\View\{closure}()
#3 C:\xampp\htdocs\peso\vendor\codeigniter4\framework\system\View\View.php(424): CodeIgniter\View\View->render('partials/header', NULL, true)
#4 C:\xampp\htdocs\peso\app\Views\layouts\main.php(71): CodeIgniter\View\View->include('partials/header')
#5 C:\xampp\htdocs\peso\vendor\codeigniter4\framework\system\View\View.php(210): include('C:\\xampp\\htdocs...')
#6 C:\xampp\htdocs\peso\vendor\codeigniter4\framework\system\View\View.php(213): CodeIgniter\View\View->CodeIgniter\View\{closure}()
#7 C:\xampp\htdocs\peso\vendor\codeigniter4\framework\system\View\View.php(226): CodeIgniter\View\View->render('layouts/main', Array, true)
#8 C:\xampp\htdocs\peso\vendor\codeigniter4\framework\system\Common.php(1089): CodeIgniter\View\View->render('jobs/job-applic...', Array, true)
#9 C:\xampp\htdocs\peso\app\Controllers\Jobs.php(158): view('jobs/job-applic...', Array)
#10 C:\xampp\htdocs\peso\vendor\codeigniter4\framework\system\CodeIgniter.php(832): App\Controllers\Jobs->applicants('17')
#11 C:\xampp\htdocs\peso\vendor\codeigniter4\framework\system\CodeIgniter.php(419): CodeIgniter\CodeIgniter->runController(Object(App\Controllers\Jobs))
#12 C:\xampp\htdocs\peso\vendor\codeigniter4\framework\system\CodeIgniter.php(326): CodeIgniter\CodeIgniter->handleRequest(NULL, Object(Config\Cache), false)
#13 C:\xampp\htdocs\peso\index.php(38): CodeIgniter\CodeIgniter->run()
#14 {main}
ERROR - 2023-04-20 13:51:17 --> You have an error in your SQL syntax; check the manual that corresponds to your MariaDB server version for the right syntax to use near '* FROM job_applications WHERE application_status <> 3 GROUP BY job_post_id) A...' at line 4
CRITICAL - 2023-04-20 13:53:19 --> foreach() argument must be of type array|object, string given
#0 C:\xampp\htdocs\peso\app\Views\home\home.php(82): CodeIgniter\Debug\Exceptions->errorHandler(2, 'foreach() argum...', 'C:\\xampp\\htdocs...', 82)
#1 C:\xampp\htdocs\peso\vendor\codeigniter4\framework\system\View\View.php(210): include('C:\\xampp\\htdocs...')
#2 C:\xampp\htdocs\peso\vendor\codeigniter4\framework\system\View\View.php(213): CodeIgniter\View\View->CodeIgniter\View\{closure}()
#3 C:\xampp\htdocs\peso\vendor\codeigniter4\framework\system\Common.php(1089): CodeIgniter\View\View->render('home/home', Array, true)
#4 C:\xampp\htdocs\peso\app\Controllers\Home.php(50): view('home/home', Array)
#5 C:\xampp\htdocs\peso\vendor\codeigniter4\framework\system\CodeIgniter.php(832): App\Controllers\Home->index()
#6 C:\xampp\htdocs\peso\vendor\codeigniter4\framework\system\CodeIgniter.php(419): CodeIgniter\CodeIgniter->runController(Object(App\Controllers\Home))
#7 C:\xampp\htdocs\peso\vendor\codeigniter4\framework\system\CodeIgniter.php(326): CodeIgniter\CodeIgniter->handleRequest(NULL, Object(Config\Cache), false)
#8 C:\xampp\htdocs\peso\index.php(38): CodeIgniter\CodeIgniter->run()
#9 {main}
ERROR - 2023-04-20 14:22:46 --> Table 'baliwagc_peso_db.departments' doesn't exist
ERROR - 2023-04-20 14:22:46 --> Table 'baliwagc_peso_db.roles' doesn't exist
CRITICAL - 2023-04-20 14:22:46 --> Undefined variable $view_data
#0 C:\xampp\htdocs\peso\app\Controllers\Users.php(62): CodeIgniter\Debug\Exceptions->errorHandler(2, 'Undefined varia...', 'C:\\xampp\\htdocs...', 62)
#1 C:\xampp\htdocs\peso\vendor\codeigniter4\framework\system\CodeIgniter.php(832): App\Controllers\Users->export_applicants('4')
#2 C:\xampp\htdocs\peso\vendor\codeigniter4\framework\system\CodeIgniter.php(419): CodeIgniter\CodeIgniter->runController(Object(App\Controllers\Users))
#3 C:\xampp\htdocs\peso\vendor\codeigniter4\framework\system\CodeIgniter.php(326): CodeIgniter\CodeIgniter->handleRequest(NULL, Object(Config\Cache), false)
#4 C:\xampp\htdocs\peso\index.php(38): CodeIgniter\CodeIgniter->run()
#5 {main}
ERROR - 2023-04-20 14:33:00 --> Table 'baliwagc_peso_db.departments' doesn't exist
ERROR - 2023-04-20 14:33:00 --> Table 'baliwagc_peso_db.roles' doesn't exist
ERROR - 2023-04-20 14:33:00 --> Column 'id' in where clause is ambiguous
CRITICAL - 2023-04-20 14:33:00 --> Column 'id' in where clause is ambiguous
#0 C:\xampp\htdocs\peso\vendor\codeigniter4\framework\system\Database\MySQLi\Connection.php(292): mysqli->query('SELECT `public_...', 0)
#1 C:\xampp\htdocs\peso\vendor\codeigniter4\framework\system\Database\BaseConnection.php(670): CodeIgniter\Database\MySQLi\Connection->execute('SELECT `public_...')
#2 C:\xampp\htdocs\peso\vendor\codeigniter4\framework\system\Database\BaseConnection.php(598): CodeIgniter\Database\BaseConnection->simpleQuery('SELECT `public_...')
#3 C:\xampp\htdocs\peso\vendor\codeigniter4\framework\system\Database\BaseBuilder.php(1455): CodeIgniter\Database\BaseConnection->query('SELECT `public_...', Array, false)
#4 C:\xampp\htdocs\peso\app\Controllers\Users.php(68): CodeIgniter\Database\BaseBuilder->get()
#5 C:\xampp\htdocs\peso\vendor\codeigniter4\framework\system\CodeIgniter.php(832): App\Controllers\Users->export_applicants('4')
#6 C:\xampp\htdocs\peso\vendor\codeigniter4\framework\system\CodeIgniter.php(419): CodeIgniter\CodeIgniter->runController(Object(App\Controllers\Users))
#7 C:\xampp\htdocs\peso\vendor\codeigniter4\framework\system\CodeIgniter.php(326): CodeIgniter\CodeIgniter->handleRequest(NULL, Object(Config\Cache), false)
#8 C:\xampp\htdocs\peso\index.php(38): CodeIgniter\CodeIgniter->run()
#9 {main}
ERROR - 2023-04-20 14:33:20 --> Table 'baliwagc_peso_db.departments' doesn't exist
ERROR - 2023-04-20 14:33:20 --> Table 'baliwagc_peso_db.roles' doesn't exist
CRITICAL - 2023-04-20 14:33:20 --> Invalid file: layouts/empytMain.php
#0 C:\xampp\htdocs\peso\vendor\codeigniter4\framework\system\View\View.php(198): CodeIgniter\Exceptions\FrameworkException::forInvalidFile('layouts/empytMa...')
#1 C:\xampp\htdocs\peso\vendor\codeigniter4\framework\system\View\View.php(226): CodeIgniter\View\View->render('layouts/empytMa...', Array, true)
#2 C:\xampp\htdocs\peso\vendor\codeigniter4\framework\system\Common.php(1089): CodeIgniter\View\View->render('users/export-ap...', Array, true)
#3 C:\xampp\htdocs\peso\app\Controllers\Users.php(72): view('users/export-ap...', Array)
#4 C:\xampp\htdocs\peso\vendor\codeigniter4\framework\system\CodeIgniter.php(832): App\Controllers\Users->export_applicants('4')
#5 C:\xampp\htdocs\peso\vendor\codeigniter4\framework\system\CodeIgniter.php(419): CodeIgniter\CodeIgniter->runController(Object(App\Controllers\Users))
#6 C:\xampp\htdocs\peso\vendor\codeigniter4\framework\system\CodeIgniter.php(326): CodeIgniter\CodeIgniter->handleRequest(NULL, Object(Config\Cache), false)
#7 C:\xampp\htdocs\peso\index.php(38): CodeIgniter\CodeIgniter->run()
#8 {main}
ERROR - 2023-04-20 14:33:52 --> Table 'baliwagc_peso_db.departments' doesn't exist
ERROR - 2023-04-20 14:33:52 --> Table 'baliwagc_peso_db.roles' doesn't exist
CRITICAL - 2023-04-20 14:33:52 --> Invalid file: layouts/empytMain.php
#0 C:\xampp\htdocs\peso\vendor\codeigniter4\framework\system\View\View.php(198): CodeIgniter\Exceptions\FrameworkException::forInvalidFile('layouts/empytMa...')
#1 C:\xampp\htdocs\peso\vendor\codeigniter4\framework\system\View\View.php(226): CodeIgniter\View\View->render('layouts/empytMa...', Array, true)
#2 C:\xampp\htdocs\peso\vendor\codeigniter4\framework\system\Common.php(1089): CodeIgniter\View\View->render('users/export-ap...', Array, true)
#3 C:\xampp\htdocs\peso\app\Controllers\Users.php(72): view('users/export-ap...', Array)
#4 C:\xampp\htdocs\peso\vendor\codeigniter4\framework\system\CodeIgniter.php(832): App\Controllers\Users->export_applicants('4')
#5 C:\xampp\htdocs\peso\vendor\codeigniter4\framework\system\CodeIgniter.php(419): CodeIgniter\CodeIgniter->runController(Object(App\Controllers\Users))
#6 C:\xampp\htdocs\peso\vendor\codeigniter4\framework\system\CodeIgniter.php(326): CodeIgniter\CodeIgniter->handleRequest(NULL, Object(Config\Cache), false)
#7 C:\xampp\htdocs\peso\index.php(38): CodeIgniter\CodeIgniter->run()
#8 {main}
ERROR - 2023-04-20 14:34:24 --> Table 'baliwagc_peso_db.departments' doesn't exist
ERROR - 2023-04-20 14:34:24 --> Table 'baliwagc_peso_db.roles' doesn't exist
CRITICAL - 2023-04-20 14:34:24 --> Undefined variable $userInformation
#0 C:\xampp\htdocs\peso\app\Views\layouts\emptyMain.php(118): CodeIgniter\Debug\Exceptions->errorHandler(2, 'Undefined varia...', 'C:\\xampp\\htdocs...', 118)
#1 C:\xampp\htdocs\peso\vendor\codeigniter4\framework\system\View\View.php(210): include('C:\\xampp\\htdocs...')
#2 C:\xampp\htdocs\peso\vendor\codeigniter4\framework\system\View\View.php(213): CodeIgniter\View\View->CodeIgniter\View\{closure}()
#3 C:\xampp\htdocs\peso\vendor\codeigniter4\framework\system\View\View.php(226): CodeIgniter\View\View->render('layouts/emptyMa...', Array, true)
#4 C:\xampp\htdocs\peso\vendor\codeigniter4\framework\system\Common.php(1089): CodeIgniter\View\View->render('users/export-ap...', Array, true)
#5 C:\xampp\htdocs\peso\app\Controllers\Users.php(72): view('users/export-ap...', Array)
#6 C:\xampp\htdocs\peso\vendor\codeigniter4\framework\system\CodeIgniter.php(832): App\Controllers\Users->export_applicants('4')
#7 C:\xampp\htdocs\peso\vendor\codeigniter4\framework\system\CodeIgniter.php(419): CodeIgniter\CodeIgniter->runController(Object(App\Controllers\Users))
#8 C:\xampp\htdocs\peso\vendor\codeigniter4\framework\system\CodeIgniter.php(326): CodeIgniter\CodeIgniter->handleRequest(NULL, Object(Config\Cache), false)
#9 C:\xampp\htdocs\peso\index.php(38): CodeIgniter\CodeIgniter->run()
#10 {main}
ERROR - 2023-04-20 14:34:57 --> Table 'baliwagc_peso_db.departments' doesn't exist
ERROR - 2023-04-20 14:34:57 --> Table 'baliwagc_peso_db.roles' doesn't exist
ERROR - 2023-04-20 14:35:36 --> Table 'baliwagc_peso_db.departments' doesn't exist
ERROR - 2023-04-20 14:35:36 --> Table 'baliwagc_peso_db.roles' doesn't exist
ERROR - 2023-04-20 14:35:49 --> Table 'baliwagc_peso_db.departments' doesn't exist
ERROR - 2023-04-20 14:35:49 --> Table 'baliwagc_peso_db.roles' doesn't exist
ERROR - 2023-04-20 14:36:03 --> Table 'baliwagc_peso_db.departments' doesn't exist
ERROR - 2023-04-20 14:36:03 --> Table 'baliwagc_peso_db.roles' doesn't exist
ERROR - 2023-04-20 14:43:37 --> Table 'baliwagc_peso_db.departments' doesn't exist
ERROR - 2023-04-20 14:43:37 --> Table 'baliwagc_peso_db.roles' doesn't exist
ERROR - 2023-04-20 14:44:12 --> Table 'baliwagc_peso_db.departments' doesn't exist
ERROR - 2023-04-20 14:44:12 --> Table 'baliwagc_peso_db.roles' doesn't exist
ERROR - 2023-04-20 14:45:44 --> Table 'baliwagc_peso_db.departments' doesn't exist
ERROR - 2023-04-20 14:45:44 --> Table 'baliwagc_peso_db.roles' doesn't exist
ERROR - 2023-04-20 14:45:52 --> Table 'baliwagc_peso_db.departments' doesn't exist
ERROR - 2023-04-20 14:45:52 --> Table 'baliwagc_peso_db.roles' doesn't exist
ERROR - 2023-04-20 14:48:22 --> Table 'baliwagc_peso_db.departments' doesn't exist
ERROR - 2023-04-20 14:48:22 --> Table 'baliwagc_peso_db.roles' doesn't exist
ERROR - 2023-04-20 14:48:24 --> Table 'baliwagc_peso_db.departments' doesn't exist
ERROR - 2023-04-20 14:48:24 --> Table 'baliwagc_peso_db.roles' doesn't exist
ERROR - 2023-04-20 14:48:37 --> Table 'baliwagc_peso_db.departments' doesn't exist
ERROR - 2023-04-20 14:48:37 --> Table 'baliwagc_peso_db.roles' doesn't exist
ERROR - 2023-04-20 14:49:21 --> Table 'baliwagc_peso_db.departments' doesn't exist
ERROR - 2023-04-20 14:49:21 --> Table 'baliwagc_peso_db.roles' doesn't exist
ERROR - 2023-04-20 14:50:07 --> Table 'baliwagc_peso_db.departments' doesn't exist
ERROR - 2023-04-20 14:50:07 --> Table 'baliwagc_peso_db.roles' doesn't exist
ERROR - 2023-04-20 14:50:16 --> Table 'baliwagc_peso_db.departments' doesn't exist
ERROR - 2023-04-20 14:50:16 --> Table 'baliwagc_peso_db.roles' doesn't exist
ERROR - 2023-04-20 14:51:45 --> Table 'baliwagc_peso_db.departments' doesn't exist
ERROR - 2023-04-20 14:51:45 --> Table 'baliwagc_peso_db.roles' doesn't exist
ERROR - 2023-04-20 14:56:01 --> Table 'baliwagc_peso_db.departments' doesn't exist
ERROR - 2023-04-20 14:56:01 --> Table 'baliwagc_peso_db.roles' doesn't exist
ERROR - 2023-04-20 14:56:11 --> Table 'baliwagc_peso_db.departments' doesn't exist
ERROR - 2023-04-20 14:56:11 --> Table 'baliwagc_peso_db.roles' doesn't exist
ERROR - 2023-04-20 14:56:29 --> Table 'baliwagc_peso_db.departments' doesn't exist
ERROR - 2023-04-20 14:56:29 --> Table 'baliwagc_peso_db.roles' doesn't exist
ERROR - 2023-04-20 14:56:36 --> Table 'baliwagc_peso_db.departments' doesn't exist
ERROR - 2023-04-20 14:56:36 --> Table 'baliwagc_peso_db.roles' doesn't exist
ERROR - 2023-04-20 14:57:04 --> Table 'baliwagc_peso_db.departments' doesn't exist
ERROR - 2023-04-20 14:57:04 --> Table 'baliwagc_peso_db.roles' doesn't exist
ERROR - 2023-04-20 14:57:10 --> Table 'baliwagc_peso_db.departments' doesn't exist
ERROR - 2023-04-20 14:57:10 --> Table 'baliwagc_peso_db.roles' doesn't exist
ERROR - 2023-04-20 14:58:52 --> Table 'baliwagc_peso_db.departments' doesn't exist
ERROR - 2023-04-20 14:58:52 --> Table 'baliwagc_peso_db.roles' doesn't exist
ERROR - 2023-04-20 14:58:58 --> Table 'baliwagc_peso_db.departments' doesn't exist
ERROR - 2023-04-20 14:58:58 --> Table 'baliwagc_peso_db.roles' doesn't exist
ERROR - 2023-04-20 14:59:30 --> Table 'baliwagc_peso_db.departments' doesn't exist
ERROR - 2023-04-20 14:59:30 --> Table 'baliwagc_peso_db.roles' doesn't exist
ERROR - 2023-04-20 15:02:08 --> Table 'baliwagc_peso_db.departments' doesn't exist
ERROR - 2023-04-20 15:02:08 --> Table 'baliwagc_peso_db.roles' doesn't exist
ERROR - 2023-04-20 15:02:08 --> Table 'baliwagc_peso_db.departments' doesn't exist
ERROR - 2023-04-20 15:02:08 --> Table 'baliwagc_peso_db.roles' doesn't exist
ERROR - 2023-04-20 15:02:32 --> Table 'baliwagc_peso_db.departments' doesn't exist
ERROR - 2023-04-20 15:02:32 --> Table 'baliwagc_peso_db.roles' doesn't exist
ERROR - 2023-04-20 15:02:33 --> Table 'baliwagc_peso_db.departments' doesn't exist
ERROR - 2023-04-20 15:02:33 --> Table 'baliwagc_peso_db.roles' doesn't exist
ERROR - 2023-04-20 15:02:43 --> Table 'baliwagc_peso_db.departments' doesn't exist
ERROR - 2023-04-20 15:02:43 --> Table 'baliwagc_peso_db.roles' doesn't exist
ERROR - 2023-04-20 15:03:56 --> Table 'baliwagc_peso_db.departments' doesn't exist
ERROR - 2023-04-20 15:03:56 --> Table 'baliwagc_peso_db.roles' doesn't exist
ERROR - 2023-04-20 15:04:23 --> Table 'baliwagc_peso_db.departments' doesn't exist
ERROR - 2023-04-20 15:04:23 --> Table 'baliwagc_peso_db.roles' doesn't exist
ERROR - 2023-04-20 15:05:03 --> Table 'baliwagc_peso_db.departments' doesn't exist
ERROR - 2023-04-20 15:05:03 --> Table 'baliwagc_peso_db.roles' doesn't exist
ERROR - 2023-04-20 15:05:34 --> Table 'baliwagc_peso_db.departments' doesn't exist
ERROR - 2023-04-20 15:05:34 --> Table 'baliwagc_peso_db.roles' doesn't exist
ERROR - 2023-04-20 15:06:50 --> Table 'baliwagc_peso_db.departments' doesn't exist
ERROR - 2023-04-20 15:06:50 --> Table 'baliwagc_peso_db.roles' doesn't exist
ERROR - 2023-04-20 15:10:11 --> Table 'baliwagc_peso_db.departments' doesn't exist
ERROR - 2023-04-20 15:10:11 --> Table 'baliwagc_peso_db.roles' doesn't exist
ERROR - 2023-04-20 15:10:17 --> Table 'baliwagc_peso_db.departments' doesn't exist
ERROR - 2023-04-20 15:10:17 --> Table 'baliwagc_peso_db.roles' doesn't exist
ERROR - 2023-04-20 15:15:57 --> Table 'baliwagc_peso_db.departments' doesn't exist
ERROR - 2023-04-20 15:15:57 --> Table 'baliwagc_peso_db.roles' doesn't exist
ERROR - 2023-04-20 15:16:30 --> Table 'baliwagc_peso_db.departments' doesn't exist
ERROR - 2023-04-20 15:16:30 --> Table 'baliwagc_peso_db.roles' doesn't exist
ERROR - 2023-04-20 15:16:39 --> Table 'baliwagc_peso_db.departments' doesn't exist
ERROR - 2023-04-20 15:16:39 --> Table 'baliwagc_peso_db.roles' doesn't exist
ERROR - 2023-04-20 15:16:45 --> Table 'baliwagc_peso_db.departments' doesn't exist
ERROR - 2023-04-20 15:16:45 --> Table 'baliwagc_peso_db.roles' doesn't exist
ERROR - 2023-04-20 15:17:30 --> Table 'baliwagc_peso_db.departments' doesn't exist
ERROR - 2023-04-20 15:17:30 --> Table 'baliwagc_peso_db.roles' doesn't exist
ERROR - 2023-04-20 15:17:41 --> Table 'baliwagc_peso_db.departments' doesn't exist
ERROR - 2023-04-20 15:17:41 --> Table 'baliwagc_peso_db.roles' doesn't exist
ERROR - 2023-04-20 15:18:39 --> Table 'baliwagc_peso_db.departments' doesn't exist
ERROR - 2023-04-20 15:18:39 --> Table 'baliwagc_peso_db.roles' doesn't exist
ERROR - 2023-04-20 15:18:45 --> Table 'baliwagc_peso_db.departments' doesn't exist
ERROR - 2023-04-20 15:18:45 --> Table 'baliwagc_peso_db.roles' doesn't exist
ERROR - 2023-04-20 15:21:20 --> Table 'baliwagc_peso_db.departments' doesn't exist
ERROR - 2023-04-20 15:21:20 --> Table 'baliwagc_peso_db.roles' doesn't exist
CRITICAL - 2023-04-20 15:21:20 --> Attempt to read property "user_photo" on array
#0 C:\xampp\htdocs\peso\app\Views\users\export-applicants.php(27): CodeIgniter\Debug\Exceptions->errorHandler(2, 'Attempt to read...', 'C:\\xampp\\htdocs...', 27)
#1 C:\xampp\htdocs\peso\vendor\codeigniter4\framework\system\View\View.php(210): include('C:\\xampp\\htdocs...')
#2 C:\xampp\htdocs\peso\vendor\codeigniter4\framework\system\View\View.php(213): CodeIgniter\View\View->CodeIgniter\View\{closure}()
#3 C:\xampp\htdocs\peso\vendor\codeigniter4\framework\system\Common.php(1089): CodeIgniter\View\View->render('users/export-ap...', Array, true)
#4 C:\xampp\htdocs\peso\app\Controllers\Users.php(73): view('users/export-ap...', Array)
#5 C:\xampp\htdocs\peso\vendor\codeigniter4\framework\system\CodeIgniter.php(832): App\Controllers\Users->export_applicants('4')
#6 C:\xampp\htdocs\peso\vendor\codeigniter4\framework\system\CodeIgniter.php(419): CodeIgniter\CodeIgniter->runController(Object(App\Controllers\Users))
#7 C:\xampp\htdocs\peso\vendor\codeigniter4\framework\system\CodeIgniter.php(326): CodeIgniter\CodeIgniter->handleRequest(NULL, Object(Config\Cache), false)
#8 C:\xampp\htdocs\peso\index.php(38): CodeIgniter\CodeIgniter->run()
#9 {main}
ERROR - 2023-04-20 15:21:44 --> Table 'baliwagc_peso_db.departments' doesn't exist
ERROR - 2023-04-20 15:21:44 --> Table 'baliwagc_peso_db.roles' doesn't exist
ERROR - 2023-04-20 15:22:03 --> Table 'baliwagc_peso_db.departments' doesn't exist
ERROR - 2023-04-20 15:22:03 --> Table 'baliwagc_peso_db.roles' doesn't exist
CRITICAL - 2023-04-20 15:22:03 --> Attempt to read property "user_photo" on array
#0 C:\xampp\htdocs\peso\app\Views\users\export-applicants.php(27): CodeIgniter\Debug\Exceptions->errorHandler(2, 'Attempt to read...', 'C:\\xampp\\htdocs...', 27)
#1 C:\xampp\htdocs\peso\vendor\codeigniter4\framework\system\View\View.php(210): include('C:\\xampp\\htdocs...')
#2 C:\xampp\htdocs\peso\vendor\codeigniter4\framework\system\View\View.php(213): CodeIgniter\View\View->CodeIgniter\View\{closure}()
#3 C:\xampp\htdocs\peso\vendor\codeigniter4\framework\system\Common.php(1089): CodeIgniter\View\View->render('users/export-ap...', Array, true)
#4 C:\xampp\htdocs\peso\app\Controllers\Users.php(73): view('users/export-ap...', Array)
#5 C:\xampp\htdocs\peso\vendor\codeigniter4\framework\system\CodeIgniter.php(832): App\Controllers\Users->export_applicants('4')
#6 C:\xampp\htdocs\peso\vendor\codeigniter4\framework\system\CodeIgniter.php(419): CodeIgniter\CodeIgniter->runController(Object(App\Controllers\Users))
#7 C:\xampp\htdocs\peso\vendor\codeigniter4\framework\system\CodeIgniter.php(326): CodeIgniter\CodeIgniter->handleRequest(NULL, Object(Config\Cache), false)
#8 C:\xampp\htdocs\peso\index.php(38): CodeIgniter\CodeIgniter->run()
#9 {main}
ERROR - 2023-04-20 15:22:17 --> Table 'baliwagc_peso_db.departments' doesn't exist
ERROR - 2023-04-20 15:22:17 --> Table 'baliwagc_peso_db.roles' doesn't exist
ERROR - 2023-04-20 15:22:44 --> Table 'baliwagc_peso_db.departments' doesn't exist
ERROR - 2023-04-20 15:22:44 --> Table 'baliwagc_peso_db.roles' doesn't exist
ERROR - 2023-04-20 15:23:33 --> Table 'baliwagc_peso_db.departments' doesn't exist
ERROR - 2023-04-20 15:23:33 --> Table 'baliwagc_peso_db.roles' doesn't exist
ERROR - 2023-04-20 15:24:00 --> Table 'baliwagc_peso_db.departments' doesn't exist
ERROR - 2023-04-20 15:24:00 --> Table 'baliwagc_peso_db.roles' doesn't exist
ERROR - 2023-04-20 15:25:25 --> Table 'baliwagc_peso_db.departments' doesn't exist
ERROR - 2023-04-20 15:25:25 --> Table 'baliwagc_peso_db.roles' doesn't exist
ERROR - 2023-04-20 15:25:49 --> Table 'baliwagc_peso_db.departments' doesn't exist
ERROR - 2023-04-20 15:25:49 --> Table 'baliwagc_peso_db.roles' doesn't exist
ERROR - 2023-04-20 15:26:32 --> Table 'baliwagc_peso_db.departments' doesn't exist
ERROR - 2023-04-20 15:26:32 --> Table 'baliwagc_peso_db.roles' doesn't exist
ERROR - 2023-04-20 15:27:30 --> Table 'baliwagc_peso_db.departments' doesn't exist
ERROR - 2023-04-20 15:27:30 --> Table 'baliwagc_peso_db.roles' doesn't exist
ERROR - 2023-04-20 15:28:02 --> Table 'baliwagc_peso_db.departments' doesn't exist
ERROR - 2023-04-20 15:28:02 --> Table 'baliwagc_peso_db.roles' doesn't exist
ERROR - 2023-04-20 15:28:16 --> Table 'baliwagc_peso_db.departments' doesn't exist
ERROR - 2023-04-20 15:28:16 --> Table 'baliwagc_peso_db.roles' doesn't exist
ERROR - 2023-04-20 15:28:35 --> Table 'baliwagc_peso_db.departments' doesn't exist
ERROR - 2023-04-20 15:28:35 --> Table 'baliwagc_peso_db.roles' doesn't exist
ERROR - 2023-04-20 15:28:48 --> Table 'baliwagc_peso_db.departments' doesn't exist
ERROR - 2023-04-20 15:28:48 --> Table 'baliwagc_peso_db.roles' doesn't exist
ERROR - 2023-04-20 15:29:32 --> Table 'baliwagc_peso_db.departments' doesn't exist
ERROR - 2023-04-20 15:29:32 --> Table 'baliwagc_peso_db.roles' doesn't exist
ERROR - 2023-04-20 15:29:45 --> Table 'baliwagc_peso_db.departments' doesn't exist
ERROR - 2023-04-20 15:29:45 --> Table 'baliwagc_peso_db.roles' doesn't exist
CRITICAL - 2023-04-20 15:29:45 --> Undefined array key "email"
#0 C:\xampp\htdocs\peso\app\Views\users\export-applicants.php(53): CodeIgniter\Debug\Exceptions->errorHandler(2, 'Undefined array...', 'C:\\xampp\\htdocs...', 53)
#1 C:\xampp\htdocs\peso\vendor\codeigniter4\framework\system\View\View.php(210): include('C:\\xampp\\htdocs...')
#2 C:\xampp\htdocs\peso\vendor\codeigniter4\framework\system\View\View.php(213): CodeIgniter\View\View->CodeIgniter\View\{closure}()
#3 C:\xampp\htdocs\peso\vendor\codeigniter4\framework\system\Common.php(1089): CodeIgniter\View\View->render('users/export-ap...', Array, true)
#4 C:\xampp\htdocs\peso\app\Controllers\Users.php(73): view('users/export-ap...', Array)
#5 C:\xampp\htdocs\peso\vendor\codeigniter4\framework\system\CodeIgniter.php(832): App\Controllers\Users->export_applicants('4')
#6 C:\xampp\htdocs\peso\vendor\codeigniter4\framework\system\CodeIgniter.php(419): CodeIgniter\CodeIgniter->runController(Object(App\Controllers\Users))
#7 C:\xampp\htdocs\peso\vendor\codeigniter4\framework\system\CodeIgniter.php(326): CodeIgniter\CodeIgniter->handleRequest(NULL, Object(Config\Cache), false)
#8 C:\xampp\htdocs\peso\index.php(38): CodeIgniter\CodeIgniter->run()
#9 {main}
ERROR - 2023-04-20 15:30:06 --> Table 'baliwagc_peso_db.departments' doesn't exist
ERROR - 2023-04-20 15:30:06 --> Table 'baliwagc_peso_db.roles' doesn't exist
CRITICAL - 2023-04-20 15:30:06 --> Undefined array key "email"
#0 C:\xampp\htdocs\peso\app\Views\users\export-applicants.php(53): CodeIgniter\Debug\Exceptions->errorHandler(2, 'Undefined array...', 'C:\\xampp\\htdocs...', 53)
#1 C:\xampp\htdocs\peso\vendor\codeigniter4\framework\system\View\View.php(210): include('C:\\xampp\\htdocs...')
#2 C:\xampp\htdocs\peso\vendor\codeigniter4\framework\system\View\View.php(213): CodeIgniter\View\View->CodeIgniter\View\{closure}()
#3 C:\xampp\htdocs\peso\vendor\codeigniter4\framework\system\Common.php(1089): CodeIgniter\View\View->render('users/export-ap...', Array, true)
#4 C:\xampp\htdocs\peso\app\Controllers\Users.php(74): view('users/export-ap...', Array)
#5 C:\xampp\htdocs\peso\vendor\codeigniter4\framework\system\CodeIgniter.php(832): App\Controllers\Users->export_applicants('4')
#6 C:\xampp\htdocs\peso\vendor\codeigniter4\framework\system\CodeIgniter.php(419): CodeIgniter\CodeIgniter->runController(Object(App\Controllers\Users))
#7 C:\xampp\htdocs\peso\vendor\codeigniter4\framework\system\CodeIgniter.php(326): CodeIgniter\CodeIgniter->handleRequest(NULL, Object(Config\Cache), false)
#8 C:\xampp\htdocs\peso\index.php(38): CodeIgniter\CodeIgniter->run()
#9 {main}
ERROR - 2023-04-20 15:30:14 --> Table 'baliwagc_peso_db.departments' doesn't exist
ERROR - 2023-04-20 15:30:14 --> Table 'baliwagc_peso_db.roles' doesn't exist
ERROR - 2023-04-20 15:30:38 --> Table 'baliwagc_peso_db.departments' doesn't exist
ERROR - 2023-04-20 15:30:38 --> Table 'baliwagc_peso_db.roles' doesn't exist
ERROR - 2023-04-20 15:31:25 --> Table 'baliwagc_peso_db.departments' doesn't exist
ERROR - 2023-04-20 15:31:25 --> Table 'baliwagc_peso_db.roles' doesn't exist
ERROR - 2023-04-20 15:31:42 --> Table 'baliwagc_peso_db.departments' doesn't exist
ERROR - 2023-04-20 15:31:42 --> Table 'baliwagc_peso_db.roles' doesn't exist
ERROR - 2023-04-20 15:32:20 --> Table 'baliwagc_peso_db.departments' doesn't exist
ERROR - 2023-04-20 15:32:20 --> Table 'baliwagc_peso_db.roles' doesn't exist
ERROR - 2023-04-20 15:33:13 --> Table 'baliwagc_peso_db.departments' doesn't exist
ERROR - 2023-04-20 15:33:13 --> Table 'baliwagc_peso_db.roles' doesn't exist
ERROR - 2023-04-20 15:34:00 --> Table 'baliwagc_peso_db.departments' doesn't exist
ERROR - 2023-04-20 15:34:00 --> Table 'baliwagc_peso_db.roles' doesn't exist
ERROR - 2023-04-20 15:34:08 --> Table 'baliwagc_peso_db.departments' doesn't exist
ERROR - 2023-04-20 15:34:08 --> Table 'baliwagc_peso_db.roles' doesn't exist
ERROR - 2023-04-20 15:34:18 --> Table 'baliwagc_peso_db.departments' doesn't exist
ERROR - 2023-04-20 15:34:18 --> Table 'baliwagc_peso_db.roles' doesn't exist
ERROR - 2023-04-20 15:34:22 --> Table 'baliwagc_peso_db.departments' doesn't exist
ERROR - 2023-04-20 15:34:22 --> Table 'baliwagc_peso_db.roles' doesn't exist
ERROR - 2023-04-20 15:34:54 --> Table 'baliwagc_peso_db.departments' doesn't exist
ERROR - 2023-04-20 15:34:54 --> Table 'baliwagc_peso_db.roles' doesn't exist
ERROR - 2023-04-20 15:35:08 --> Table 'baliwagc_peso_db.departments' doesn't exist
ERROR - 2023-04-20 15:35:08 --> Table 'baliwagc_peso_db.roles' doesn't exist
ERROR - 2023-04-20 15:35:14 --> Table 'baliwagc_peso_db.departments' doesn't exist
ERROR - 2023-04-20 15:35:14 --> Table 'baliwagc_peso_db.roles' doesn't exist
ERROR - 2023-04-20 15:35:19 --> Table 'baliwagc_peso_db.departments' doesn't exist
ERROR - 2023-04-20 15:35:19 --> Table 'baliwagc_peso_db.roles' doesn't exist
ERROR - 2023-04-20 15:36:18 --> Table 'baliwagc_peso_db.departments' doesn't exist
ERROR - 2023-04-20 15:36:18 --> Table 'baliwagc_peso_db.roles' doesn't exist
ERROR - 2023-04-20 15:36:32 --> Table 'baliwagc_peso_db.departments' doesn't exist
ERROR - 2023-04-20 15:36:32 --> Table 'baliwagc_peso_db.roles' doesn't exist
ERROR - 2023-04-20 15:38:23 --> Table 'baliwagc_peso_db.departments' doesn't exist
ERROR - 2023-04-20 15:38:23 --> Table 'baliwagc_peso_db.roles' doesn't exist
ERROR - 2023-04-20 15:39:34 --> Table 'baliwagc_peso_db.departments' doesn't exist
ERROR - 2023-04-20 15:39:34 --> Table 'baliwagc_peso_db.roles' doesn't exist
ERROR - 2023-04-20 15:39:46 --> Table 'baliwagc_peso_db.departments' doesn't exist
ERROR - 2023-04-20 15:39:46 --> Table 'baliwagc_peso_db.roles' doesn't exist
ERROR - 2023-04-20 15:40:41 --> Table 'baliwagc_peso_db.departments' doesn't exist
ERROR - 2023-04-20 15:40:41 --> Table 'baliwagc_peso_db.roles' doesn't exist
ERROR - 2023-04-20 15:41:24 --> Table 'baliwagc_peso_db.departments' doesn't exist
ERROR - 2023-04-20 15:41:24 --> Table 'baliwagc_peso_db.roles' doesn't exist
ERROR - 2023-04-20 15:41:42 --> Table 'baliwagc_peso_db.departments' doesn't exist
ERROR - 2023-04-20 15:41:42 --> Table 'baliwagc_peso_db.roles' doesn't exist
ERROR - 2023-04-20 15:45:02 --> Table 'baliwagc_peso_db.departments' doesn't exist
ERROR - 2023-04-20 15:45:02 --> Table 'baliwagc_peso_db.roles' doesn't exist
ERROR - 2023-04-20 15:45:16 --> Table 'baliwagc_peso_db.departments' doesn't exist
ERROR - 2023-04-20 15:45:16 --> Table 'baliwagc_peso_db.roles' doesn't exist
ERROR - 2023-04-20 15:45:28 --> Table 'baliwagc_peso_db.departments' doesn't exist
ERROR - 2023-04-20 15:45:28 --> Table 'baliwagc_peso_db.roles' doesn't exist
ERROR - 2023-04-20 15:45:43 --> Table 'baliwagc_peso_db.departments' doesn't exist
ERROR - 2023-04-20 15:45:43 --> Table 'baliwagc_peso_db.roles' doesn't exist
ERROR - 2023-04-20 15:46:01 --> Table 'baliwagc_peso_db.departments' doesn't exist
ERROR - 2023-04-20 15:46:01 --> Table 'baliwagc_peso_db.roles' doesn't exist
ERROR - 2023-04-20 15:46:13 --> Table 'baliwagc_peso_db.departments' doesn't exist
ERROR - 2023-04-20 15:46:13 --> Table 'baliwagc_peso_db.roles' doesn't exist
ERROR - 2023-04-20 15:48:30 --> Table 'baliwagc_peso_db.departments' doesn't exist
ERROR - 2023-04-20 15:48:30 --> Table 'baliwagc_peso_db.roles' doesn't exist
ERROR - 2023-04-20 15:48:45 --> Table 'baliwagc_peso_db.departments' doesn't exist
ERROR - 2023-04-20 15:48:45 --> Table 'baliwagc_peso_db.roles' doesn't exist
ERROR - 2023-04-20 15:48:47 --> Table 'baliwagc_peso_db.departments' doesn't exist
ERROR - 2023-04-20 15:48:47 --> Table 'baliwagc_peso_db.roles' doesn't exist
ERROR - 2023-04-20 15:49:19 --> Table 'baliwagc_peso_db.departments' doesn't exist
ERROR - 2023-04-20 15:49:19 --> Table 'baliwagc_peso_db.roles' doesn't exist
ERROR - 2023-04-20 15:49:53 --> Table 'baliwagc_peso_db.departments' doesn't exist
ERROR - 2023-04-20 15:49:53 --> Table 'baliwagc_peso_db.roles' doesn't exist
ERROR - 2023-04-20 15:51:09 --> Table 'baliwagc_peso_db.departments' doesn't exist
ERROR - 2023-04-20 15:51:09 --> Table 'baliwagc_peso_db.roles' doesn't exist
ERROR - 2023-04-20 15:51:15 --> Table 'baliwagc_peso_db.departments' doesn't exist
ERROR - 2023-04-20 15:51:15 --> Table 'baliwagc_peso_db.roles' doesn't exist
ERROR - 2023-04-20 15:51:20 --> Table 'baliwagc_peso_db.departments' doesn't exist
ERROR - 2023-04-20 15:51:20 --> Table 'baliwagc_peso_db.roles' doesn't exist
ERROR - 2023-04-20 15:51:28 --> Table 'baliwagc_peso_db.departments' doesn't exist
ERROR - 2023-04-20 15:51:28 --> Table 'baliwagc_peso_db.roles' doesn't exist
ERROR - 2023-04-20 15:52:01 --> Table 'baliwagc_peso_db.departments' doesn't exist
ERROR - 2023-04-20 15:52:01 --> Table 'baliwagc_peso_db.roles' doesn't exist
ERROR - 2023-04-20 15:52:25 --> Table 'baliwagc_peso_db.departments' doesn't exist
ERROR - 2023-04-20 15:52:25 --> Table 'baliwagc_peso_db.roles' doesn't exist
ERROR - 2023-04-20 15:54:01 --> Table 'baliwagc_peso_db.departments' doesn't exist
ERROR - 2023-04-20 15:54:01 --> Table 'baliwagc_peso_db.roles' doesn't exist
ERROR - 2023-04-20 15:54:21 --> Table 'baliwagc_peso_db.departments' doesn't exist
ERROR - 2023-04-20 15:54:21 --> Table 'baliwagc_peso_db.roles' doesn't exist
ERROR - 2023-04-20 15:54:32 --> Table 'baliwagc_peso_db.departments' doesn't exist
ERROR - 2023-04-20 15:54:32 --> Table 'baliwagc_peso_db.roles' doesn't exist
ERROR - 2023-04-20 15:54:39 --> Table 'baliwagc_peso_db.departments' doesn't exist
ERROR - 2023-04-20 15:54:39 --> Table 'baliwagc_peso_db.roles' doesn't exist
ERROR - 2023-04-20 15:54:43 --> Table 'baliwagc_peso_db.departments' doesn't exist
ERROR - 2023-04-20 15:54:43 --> Table 'baliwagc_peso_db.roles' doesn't exist
ERROR - 2023-04-20 15:56:47 --> Table 'baliwagc_peso_db.departments' doesn't exist
ERROR - 2023-04-20 15:56:47 --> Table 'baliwagc_peso_db.roles' doesn't exist
ERROR - 2023-04-20 15:57:26 --> Table 'baliwagc_peso_db.departments' doesn't exist
ERROR - 2023-04-20 15:57:26 --> Table 'baliwagc_peso_db.roles' doesn't exist
ERROR - 2023-04-20 15:57:40 --> Table 'baliwagc_peso_db.departments' doesn't exist
ERROR - 2023-04-20 15:57:40 --> Table 'baliwagc_peso_db.roles' doesn't exist
ERROR - 2023-04-20 15:58:08 --> Table 'baliwagc_peso_db.departments' doesn't exist
ERROR - 2023-04-20 15:58:08 --> Table 'baliwagc_peso_db.roles' doesn't exist
ERROR - 2023-04-20 16:01:25 --> Table 'baliwagc_peso_db.departments' doesn't exist
ERROR - 2023-04-20 16:01:25 --> Table 'baliwagc_peso_db.roles' doesn't exist
ERROR - 2023-04-20 16:02:46 --> Table 'baliwagc_peso_db.departments' doesn't exist
ERROR - 2023-04-20 16:02:46 --> Table 'baliwagc_peso_db.roles' doesn't exist
ERROR - 2023-04-20 16:04:19 --> Table 'baliwagc_peso_db.departments' doesn't exist
ERROR - 2023-04-20 16:04:19 --> Table 'baliwagc_peso_db.roles' doesn't exist
ERROR - 2023-04-20 16:04:38 --> Table 'baliwagc_peso_db.departments' doesn't exist
ERROR - 2023-04-20 16:04:38 --> Table 'baliwagc_peso_db.roles' doesn't exist
ERROR - 2023-04-20 16:04:55 --> Table 'baliwagc_peso_db.departments' doesn't exist
ERROR - 2023-04-20 16:04:55 --> Table 'baliwagc_peso_db.roles' doesn't exist
ERROR - 2023-04-20 16:05:36 --> Table 'baliwagc_peso_db.departments' doesn't exist
ERROR - 2023-04-20 16:05:36 --> Table 'baliwagc_peso_db.roles' doesn't exist
ERROR - 2023-04-20 16:06:20 --> Table 'baliwagc_peso_db.departments' doesn't exist
ERROR - 2023-04-20 16:06:20 --> Table 'baliwagc_peso_db.roles' doesn't exist
ERROR - 2023-04-20 16:07:30 --> Table 'baliwagc_peso_db.departments' doesn't exist
ERROR - 2023-04-20 16:07:30 --> Table 'baliwagc_peso_db.roles' doesn't exist
ERROR - 2023-04-20 16:08:06 --> Table 'baliwagc_peso_db.departments' doesn't exist
ERROR - 2023-04-20 16:08:06 --> Table 'baliwagc_peso_db.roles' doesn't exist
ERROR - 2023-04-20 16:08:33 --> Table 'baliwagc_peso_db.departments' doesn't exist
ERROR - 2023-04-20 16:08:33 --> Table 'baliwagc_peso_db.roles' doesn't exist
ERROR - 2023-04-20 16:09:50 --> Table 'baliwagc_peso_db.departments' doesn't exist
ERROR - 2023-04-20 16:09:50 --> Table 'baliwagc_peso_db.roles' doesn't exist
ERROR - 2023-04-20 16:10:00 --> Table 'baliwagc_peso_db.departments' doesn't exist
ERROR - 2023-04-20 16:10:00 --> Table 'baliwagc_peso_db.roles' doesn't exist
ERROR - 2023-04-20 16:35:15 --> Table 'baliwagc_peso_db.departments' doesn't exist
ERROR - 2023-04-20 16:35:15 --> Table 'baliwagc_peso_db.roles' doesn't exist
CRITICAL - 2023-04-20 16:35:15 --> Undefined property: stdClass::$resume
#0 C:\xampp\htdocs\peso\app\Views\users\export-applicants.php(263): CodeIgniter\Debug\Exceptions->errorHandler(2, 'Undefined prope...', 'C:\\xampp\\htdocs...', 263)
#1 C:\xampp\htdocs\peso\vendor\codeigniter4\framework\system\View\View.php(210): include('C:\\xampp\\htdocs...')
#2 C:\xampp\htdocs\peso\vendor\codeigniter4\framework\system\View\View.php(213): CodeIgniter\View\View->CodeIgniter\View\{closure}()
#3 C:\xampp\htdocs\peso\vendor\codeigniter4\framework\system\Common.php(1089): CodeIgniter\View\View->render('users/export-ap...', Array, true)
#4 C:\xampp\htdocs\peso\app\Controllers\Users.php(77): view('users/export-ap...', Array)
#5 C:\xampp\htdocs\peso\vendor\codeigniter4\framework\system\CodeIgniter.php(832): App\Controllers\Users->export_applicants('4')
#6 C:\xampp\htdocs\peso\vendor\codeigniter4\framework\system\CodeIgniter.php(419): CodeIgniter\CodeIgniter->runController(Object(App\Controllers\Users))
#7 C:\xampp\htdocs\peso\vendor\codeigniter4\framework\system\CodeIgniter.php(326): CodeIgniter\CodeIgniter->handleRequest(NULL, Object(Config\Cache), false)
#8 C:\xampp\htdocs\peso\index.php(38): CodeIgniter\CodeIgniter->run()
#9 {main}
ERROR - 2023-04-20 16:35:35 --> Table 'baliwagc_peso_db.departments' doesn't exist
ERROR - 2023-04-20 16:35:35 --> Table 'baliwagc_peso_db.roles' doesn't exist
ERROR - 2023-04-20 16:36:00 --> Table 'baliwagc_peso_db.departments' doesn't exist
ERROR - 2023-04-20 16:36:00 --> Table 'baliwagc_peso_db.roles' doesn't exist
ERROR - 2023-04-20 16:41:35 --> Table 'baliwagc_peso_db.departments' doesn't exist
ERROR - 2023-04-20 16:41:35 --> Table 'baliwagc_peso_db.roles' doesn't exist
ERROR - 2023-04-20 16:41:55 --> Table 'baliwagc_peso_db.departments' doesn't exist
ERROR - 2023-04-20 16:41:55 --> Table 'baliwagc_peso_db.roles' doesn't exist
ERROR - 2023-04-20 16:48:44 --> Table 'baliwagc_peso_db.departments' doesn't exist
ERROR - 2023-04-20 16:48:44 --> Table 'baliwagc_peso_db.roles' doesn't exist
ERROR - 2023-04-20 16:49:22 --> Table 'baliwagc_peso_db.departments' doesn't exist
ERROR - 2023-04-20 16:49:22 --> Table 'baliwagc_peso_db.roles' doesn't exist
ERROR - 2023-04-20 16:49:43 --> Table 'baliwagc_peso_db.departments' doesn't exist
ERROR - 2023-04-20 16:49:43 --> Table 'baliwagc_peso_db.roles' doesn't exist
ERROR - 2023-04-20 16:51:37 --> Table 'baliwagc_peso_db.departments' doesn't exist
ERROR - 2023-04-20 16:51:37 --> Table 'baliwagc_peso_db.roles' doesn't exist
ERROR - 2023-04-20 16:51:48 --> Table 'baliwagc_peso_db.departments' doesn't exist
ERROR - 2023-04-20 16:51:48 --> Table 'baliwagc_peso_db.roles' doesn't exist
ERROR - 2023-04-20 16:52:05 --> Table 'baliwagc_peso_db.departments' doesn't exist
ERROR - 2023-04-20 16:52:05 --> Table 'baliwagc_peso_db.roles' doesn't exist
ERROR - 2023-04-20 16:52:24 --> Table 'baliwagc_peso_db.departments' doesn't exist
ERROR - 2023-04-20 16:52:24 --> Table 'baliwagc_peso_db.roles' doesn't exist
ERROR - 2023-04-20 16:53:42 --> Table 'baliwagc_peso_db.departments' doesn't exist
ERROR - 2023-04-20 16:53:42 --> Table 'baliwagc_peso_db.roles' doesn't exist
ERROR - 2023-04-20 16:53:46 --> Table 'baliwagc_peso_db.departments' doesn't exist
ERROR - 2023-04-20 16:53:46 --> Table 'baliwagc_peso_db.roles' doesn't exist
ERROR - 2023-04-20 16:53:52 --> Table 'baliwagc_peso_db.departments' doesn't exist
ERROR - 2023-04-20 16:53:52 --> Table 'baliwagc_peso_db.roles' doesn't exist
ERROR - 2023-04-20 16:54:01 --> Table 'baliwagc_peso_db.departments' doesn't exist
ERROR - 2023-04-20 16:54:01 --> Table 'baliwagc_peso_db.roles' doesn't exist
ERROR - 2023-04-20 16:55:54 --> Table 'baliwagc_peso_db.departments' doesn't exist
ERROR - 2023-04-20 16:55:54 --> Table 'baliwagc_peso_db.roles' doesn't exist
ERROR - 2023-04-20 16:56:17 --> Table 'baliwagc_peso_db.departments' doesn't exist
ERROR - 2023-04-20 16:56:17 --> Table 'baliwagc_peso_db.roles' doesn't exist
ERROR - 2023-04-20 16:57:22 --> Table 'baliwagc_peso_db.departments' doesn't exist
ERROR - 2023-04-20 16:57:22 --> Table 'baliwagc_peso_db.roles' doesn't exist
ERROR - 2023-04-20 16:57:49 --> Table 'baliwagc_peso_db.departments' doesn't exist
ERROR - 2023-04-20 16:57:49 --> Table 'baliwagc_peso_db.roles' doesn't exist
ERROR - 2023-04-20 16:57:50 --> Table 'baliwagc_peso_db.departments' doesn't exist
ERROR - 2023-04-20 16:57:50 --> Table 'baliwagc_peso_db.roles' doesn't exist
ERROR - 2023-04-20 16:57:50 --> You have an error in your SQL syntax; check the manual that corresponds to your MariaDB server version for the right syntax to use near ')
AND `job_applications`.`application_status` <> 3' at line 8
CRITICAL - 2023-04-20 16:57:50 --> You have an error in your SQL syntax; check the manual that corresponds to your MariaDB server version for the right syntax to use near ')
AND `job_applications`.`application_status` <> 3' at line 8
#0 C:\xampp\htdocs\peso\vendor\codeigniter4\framework\system\Database\MySQLi\Connection.php(292): mysqli->query('SELECT `public_...', 0)
#1 C:\xampp\htdocs\peso\vendor\codeigniter4\framework\system\Database\BaseConnection.php(670): CodeIgniter\Database\MySQLi\Connection->execute('SELECT `public_...')
#2 C:\xampp\htdocs\peso\vendor\codeigniter4\framework\system\Database\BaseConnection.php(598): CodeIgniter\Database\BaseConnection->simpleQuery('SELECT `public_...')
#3 C:\xampp\htdocs\peso\vendor\codeigniter4\framework\system\Database\BaseBuilder.php(1455): CodeIgniter\Database\BaseConnection->query('SELECT `public_...', Array, false)
#4 C:\xampp\htdocs\peso\app\Controllers\Users.php(72): CodeIgniter\Database\BaseBuilder->get()
#5 C:\xampp\htdocs\peso\vendor\codeigniter4\framework\system\CodeIgniter.php(832): App\Controllers\Users->export_applicants()
#6 C:\xampp\htdocs\peso\vendor\codeigniter4\framework\system\CodeIgniter.php(419): CodeIgniter\CodeIgniter->runController(Object(App\Controllers\Users))
#7 C:\xampp\htdocs\peso\vendor\codeigniter4\framework\system\CodeIgniter.php(326): CodeIgniter\CodeIgniter->handleRequest(NULL, Object(Config\Cache), false)
#8 C:\xampp\htdocs\peso\index.php(38): CodeIgniter\CodeIgniter->run()
#9 {main}
