ERROR - 2023-03-16 14:11:56 --> Table 'baliwagc_peso_db.logs' doesn't exist
ERROR - 2023-03-16 14:11:59 --> Table 'baliwagc_peso_db.logs' doesn't exist
ERROR - 2023-03-16 14:12:02 --> Table 'baliwagc_peso_db.logs' doesn't exist
ERROR - 2023-03-16 16:00:07 --> Unknown column 'author_name' in 'field list'
CRITICAL - 2023-03-16 16:00:07 --> Attempt to read property "status" on array
#0 C:\xampp\htdocs\peso\app\Controllers\News.php(55): CodeIgniter\Debug\Exceptions->errorHandler(2, 'Attempt to read...', 'C:\\xampp\\htdocs...', 55)
#1 C:\xampp\htdocs\peso\vendor\codeigniter4\framework\system\CodeIgniter.php(832): App\Controllers\News->createPost()
#2 C:\xampp\htdocs\peso\vendor\codeigniter4\framework\system\CodeIgniter.php(419): CodeIgniter\CodeIgniter->runController(Object(App\Controllers\News))
#3 C:\xampp\htdocs\peso\vendor\codeigniter4\framework\system\CodeIgniter.php(326): CodeIgniter\CodeIgniter->handleRequest(NULL, Object(Config\Cache), false)
#4 C:\xampp\htdocs\peso\index.php(38): CodeIgniter\CodeIgniter->run()
#5 {main}
ERROR - 2023-03-16 16:00:53 --> Unknown column 'author_name' in 'field list'
ERROR - 2023-03-16 16:05:52 --> Unknown column 'author_name' in 'field list'
CRITICAL - 2023-03-16 16:25:21 --> Call to undefined function App\Controllers\getDataTables()
#0 C:\xampp\htdocs\peso\vendor\codeigniter4\framework\system\CodeIgniter.php(832): App\Controllers\News->postDatatable()
#1 C:\xampp\htdocs\peso\vendor\codeigniter4\framework\system\CodeIgniter.php(419): CodeIgniter\CodeIgniter->runController(Object(App\Controllers\News))
#2 C:\xampp\htdocs\peso\vendor\codeigniter4\framework\system\CodeIgniter.php(326): CodeIgniter\CodeIgniter->handleRequest(NULL, Object(Config\Cache), false)
#3 C:\xampp\htdocs\peso\index.php(38): CodeIgniter\CodeIgniter->run()
#4 {main}
CRITICAL - 2023-03-16 16:25:27 --> Call to undefined function App\Controllers\getDataTables()
#0 C:\xampp\htdocs\peso\vendor\codeigniter4\framework\system\CodeIgniter.php(832): App\Controllers\News->postDatatable()
#1 C:\xampp\htdocs\peso\vendor\codeigniter4\framework\system\CodeIgniter.php(419): CodeIgniter\CodeIgniter->runController(Object(App\Controllers\News))
#2 C:\xampp\htdocs\peso\vendor\codeigniter4\framework\system\CodeIgniter.php(326): CodeIgniter\CodeIgniter->handleRequest(NULL, Object(Config\Cache), false)
#3 C:\xampp\htdocs\peso\index.php(38): CodeIgniter\CodeIgniter->run()
#4 {main}
CRITICAL - 2023-03-16 16:25:57 --> Undefined array key "no_quotes"
#0 C:\xampp\htdocs\peso\vendor\hermawan\codeigniter4-datatables\src\DataTableColumnDefs.php(261): CodeIgniter\Debug\Exceptions->errorHandler(2, 'Undefined array...', 'C:\\xampp\\htdocs...', 261)
#1 C:\xampp\htdocs\peso\vendor\hermawan\codeigniter4-datatables\src\DataTableColumnDefs.php(17): Hermawan\DataTables\DataTableColumnDefs->initFromBuilder(Object(CodeIgniter\Database\MySQLi\Builder))
#2 C:\xampp\htdocs\peso\vendor\hermawan\codeigniter4-datatables\src\DataTable.php(35): Hermawan\DataTables\DataTableColumnDefs->__construct(Object(CodeIgniter\Database\MySQLi\Builder))
#3 C:\xampp\htdocs\peso\vendor\hermawan\codeigniter4-datatables\src\DataTable.php(46): Hermawan\DataTables\DataTable->__construct(Object(CodeIgniter\Database\MySQLi\Builder))
#4 C:\xampp\htdocs\peso\app\Controllers\News.php(47): Hermawan\DataTables\DataTable::of(Object(CodeIgniter\Database\MySQLi\Builder))
#5 C:\xampp\htdocs\peso\vendor\codeigniter4\framework\system\CodeIgniter.php(832): App\Controllers\News->postDatatable()
#6 C:\xampp\htdocs\peso\vendor\codeigniter4\framework\system\CodeIgniter.php(419): CodeIgniter\CodeIgniter->runController(Object(App\Controllers\News))
#7 C:\xampp\htdocs\peso\vendor\codeigniter4\framework\system\CodeIgniter.php(326): CodeIgniter\CodeIgniter->handleRequest(NULL, Object(Config\Cache), false)
#8 C:\xampp\htdocs\peso\index.php(38): CodeIgniter\CodeIgniter->run()
#9 {main}
CRITICAL - 2023-03-16 16:27:43 --> Undefined array key "no_quotes"
#0 C:\xampp\htdocs\peso\vendor\hermawan\codeigniter4-datatables\src\DataTableColumnDefs.php(261): CodeIgniter\Debug\Exceptions->errorHandler(2, 'Undefined array...', 'C:\\xampp\\htdocs...', 261)
#1 C:\xampp\htdocs\peso\vendor\hermawan\codeigniter4-datatables\src\DataTableColumnDefs.php(17): Hermawan\DataTables\DataTableColumnDefs->initFromBuilder(Object(CodeIgniter\Database\MySQLi\Builder))
#2 C:\xampp\htdocs\peso\vendor\hermawan\codeigniter4-datatables\src\DataTable.php(35): Hermawan\DataTables\DataTableColumnDefs->__construct(Object(CodeIgniter\Database\MySQLi\Builder))
#3 C:\xampp\htdocs\peso\vendor\hermawan\codeigniter4-datatables\src\DataTable.php(46): Hermawan\DataTables\DataTable->__construct(Object(CodeIgniter\Database\MySQLi\Builder))
#4 C:\xampp\htdocs\peso\app\Controllers\News.php(47): Hermawan\DataTables\DataTable::of(Object(CodeIgniter\Database\MySQLi\Builder))
#5 C:\xampp\htdocs\peso\vendor\codeigniter4\framework\system\CodeIgniter.php(832): App\Controllers\News->postDatatable()
#6 C:\xampp\htdocs\peso\vendor\codeigniter4\framework\system\CodeIgniter.php(419): CodeIgniter\CodeIgniter->runController(Object(App\Controllers\News))
#7 C:\xampp\htdocs\peso\vendor\codeigniter4\framework\system\CodeIgniter.php(326): CodeIgniter\CodeIgniter->handleRequest(NULL, Object(Config\Cache), false)
#8 C:\xampp\htdocs\peso\index.php(38): CodeIgniter\CodeIgniter->run()
#9 {main}
