ERROR - 2023-03-15 09:01:20 --> Table 'baliwagc_peso_db.logs' doesn't exist
ERROR - 2023-03-15 09:19:01 --> Table 'baliwagc_peso_db.departments' doesn't exist
ERROR - 2023-03-15 09:19:01 --> Table 'baliwagc_peso_db.roles' doesn't exist
CRITICAL - 2023-03-15 09:19:01 --> foreach() argument must be of type array|object, bool given
#0 C:\xampp\htdocs\peso\app\Views\users\users.php(119): CodeIgniter\Debug\Exceptions->errorHandler(2, 'foreach() argum...', 'C:\\xampp\\htdocs...', 119)
#1 C:\xampp\htdocs\peso\vendor\codeigniter4\framework\system\View\View.php(210): include('C:\\xampp\\htdocs...')
#2 C:\xampp\htdocs\peso\vendor\codeigniter4\framework\system\View\View.php(213): CodeIgniter\View\View->CodeIgniter\View\{closure}()
#3 C:\xampp\htdocs\peso\vendor\codeigniter4\framework\system\Common.php(1089): CodeIgniter\View\View->render('users/users', Array, true)
#4 C:\xampp\htdocs\peso\app\Controllers\Users.php(33): view('users/users', Array)
#5 C:\xampp\htdocs\peso\vendor\codeigniter4\framework\system\CodeIgniter.php(832): App\Controllers\Users->index()
#6 C:\xampp\htdocs\peso\vendor\codeigniter4\framework\system\CodeIgniter.php(419): CodeIgniter\CodeIgniter->runController(Object(App\Controllers\Users))
#7 C:\xampp\htdocs\peso\vendor\codeigniter4\framework\system\CodeIgniter.php(326): CodeIgniter\CodeIgniter->handleRequest(NULL, Object(Config\Cache), false)
#8 C:\xampp\htdocs\peso\index.php(38): CodeIgniter\CodeIgniter->run()
#9 {main}
CRITICAL - 2023-03-15 15:34:31 --> Undefined array key "file"
#0 C:\xampp\htdocs\peso\app\Controllers\UtilController.php(369): CodeIgniter\Debug\Exceptions->errorHandler(2, 'Undefined array...', 'C:\\xampp\\htdocs...', 369)
#1 C:\xampp\htdocs\peso\vendor\codeigniter4\framework\system\CodeIgniter.php(832): App\Controllers\UtilController->uploadCkImage()
#2 C:\xampp\htdocs\peso\vendor\codeigniter4\framework\system\CodeIgniter.php(419): CodeIgniter\CodeIgniter->runController(Object(App\Controllers\UtilController))
#3 C:\xampp\htdocs\peso\vendor\codeigniter4\framework\system\CodeIgniter.php(326): CodeIgniter\CodeIgniter->handleRequest(NULL, Object(Config\Cache), false)
#4 C:\xampp\htdocs\peso\index.php(38): CodeIgniter\CodeIgniter->run()
#5 {main}
