ERROR - 2023-07-03 08:56:19 --> Table 'baliwagc_peso_db.logs' doesn't exist
ERROR - 2023-07-03 08:56:19 --> Table 'baliwagc_peso_db.departments' doesn't exist
ERROR - 2023-07-03 08:56:24 --> Table 'baliwagc_peso_db.departments' doesn't exist
ERROR - 2023-07-03 08:56:27 --> Table 'baliwagc_peso_db.departments' doesn't exist
ERROR - 2023-07-03 08:56:27 --> Table 'baliwagc_peso_db.departments' doesn't exist
ERROR - 2023-07-03 08:56:29 --> Table 'baliwagc_peso_db.departments' doesn't exist
ERROR - 2023-07-03 08:56:29 --> Table 'baliwagc_peso_db.departments' doesn't exist
CRITICAL - 2023-07-03 08:57:02 --> Attempt to assign property "user_id" on string
#0 C:\xampp\htdocs\peso\app\Controllers\Users.php(17): App\Libraries\TemplateLib::userInformation(NULL)
#1 C:\xampp\htdocs\peso\app\Controllers\Jobs.php(216): App\Controllers\Users->__construct()
#2 C:\xampp\htdocs\peso\vendor\codeigniter4\framework\system\CodeIgniter.php(832): App\Controllers\Jobs->my_applications()
#3 C:\xampp\htdocs\peso\vendor\codeigniter4\framework\system\CodeIgniter.php(419): CodeIgniter\CodeIgniter->runController(Object(App\Controllers\Jobs))
#4 C:\xampp\htdocs\peso\vendor\codeigniter4\framework\system\CodeIgniter.php(326): CodeIgniter\CodeIgniter->handleRequest(NULL, Object(Config\Cache), false)
#5 C:\xampp\htdocs\peso\index.php(38): CodeIgniter\CodeIgniter->run()
#6 {main}
ERROR - 2023-07-03 08:58:22 --> Table 'baliwagc_peso_db.departments' doesn't exist
ERROR - 2023-07-03 08:59:03 --> Table 'baliwagc_peso_db.departments' doesn't exist
ERROR - 2023-07-03 09:01:41 --> Table 'baliwagc_peso_db.departments' doesn't exist
ERROR - 2023-07-03 09:02:15 --> Table 'baliwagc_peso_db.departments' doesn't exist
ERROR - 2023-07-03 09:02:18 --> Table 'baliwagc_peso_db.departments' doesn't exist
ERROR - 2023-07-03 09:07:49 --> Table 'baliwagc_peso_db.departments' doesn't exist
ERROR - 2023-07-03 09:07:56 --> Table 'baliwagc_peso_db.departments' doesn't exist
ERROR - 2023-07-03 09:08:46 --> Table 'baliwagc_peso_db.departments' doesn't exist
ERROR - 2023-07-03 09:09:00 --> Table 'baliwagc_peso_db.departments' doesn't exist
ERROR - 2023-07-03 09:09:26 --> Table 'baliwagc_peso_db.departments' doesn't exist
ERROR - 2023-07-03 09:09:28 --> Table 'baliwagc_peso_db.departments' doesn't exist
ERROR - 2023-07-03 09:10:06 --> Table 'baliwagc_peso_db.departments' doesn't exist
ERROR - 2023-07-03 09:10:12 --> Table 'baliwagc_peso_db.departments' doesn't exist
ERROR - 2023-07-03 09:10:20 --> Table 'baliwagc_peso_db.departments' doesn't exist
ERROR - 2023-07-03 09:10:45 --> Table 'baliwagc_peso_db.departments' doesn't exist
ERROR - 2023-07-03 09:10:55 --> Table 'baliwagc_peso_db.departments' doesn't exist
ERROR - 2023-07-03 09:11:00 --> Table 'baliwagc_peso_db.departments' doesn't exist
ERROR - 2023-07-03 09:11:11 --> Table 'baliwagc_peso_db.departments' doesn't exist
ERROR - 2023-07-03 09:11:44 --> Table 'baliwagc_peso_db.departments' doesn't exist
ERROR - 2023-07-03 09:14:03 --> Table 'baliwagc_peso_db.departments' doesn't exist
ERROR - 2023-07-03 09:14:08 --> Table 'baliwagc_peso_db.departments' doesn't exist
ERROR - 2023-07-03 09:14:13 --> Table 'baliwagc_peso_db.departments' doesn't exist
ERROR - 2023-07-03 09:15:39 --> Table 'baliwagc_peso_db.departments' doesn't exist
ERROR - 2023-07-03 09:15:46 --> Table 'baliwagc_peso_db.logs' doesn't exist
CRITICAL - 2023-07-03 09:17:31 --> Attempt to read property "user_photo" on bool
#0 C:\xampp\htdocs\peso\app\Views\partials\header.php(3642): CodeIgniter\Debug\Exceptions->errorHandler(2, 'Attempt to read...', 'C:\\xampp\\htdocs...', 3642)
#1 C:\xampp\htdocs\peso\vendor\codeigniter4\framework\system\View\View.php(210): include('C:\\xampp\\htdocs...')
#2 C:\xampp\htdocs\peso\vendor\codeigniter4\framework\system\View\View.php(213): CodeIgniter\View\View->CodeIgniter\View\{closure}()
#3 C:\xampp\htdocs\peso\vendor\codeigniter4\framework\system\View\View.php(424): CodeIgniter\View\View->render('partials/header', NULL, true)
#4 C:\xampp\htdocs\peso\app\Views\layouts\main.php(71): CodeIgniter\View\View->include('partials/header')
#5 C:\xampp\htdocs\peso\vendor\codeigniter4\framework\system\View\View.php(210): include('C:\\xampp\\htdocs...')
#6 C:\xampp\htdocs\peso\vendor\codeigniter4\framework\system\View\View.php(213): CodeIgniter\View\View->CodeIgniter\View\{closure}()
#7 C:\xampp\htdocs\peso\vendor\codeigniter4\framework\system\View\View.php(226): CodeIgniter\View\View->render('layouts/main', Array, true)
#8 C:\xampp\htdocs\peso\vendor\codeigniter4\framework\system\Common.php(1089): CodeIgniter\View\View->render('jobs/jobs-build...', Array, true)
#9 C:\xampp\htdocs\peso\app\Controllers\Jobs.php(124): view('jobs/jobs-build...', Array)
#10 C:\xampp\htdocs\peso\vendor\codeigniter4\framework\system\CodeIgniter.php(832): App\Controllers\Jobs->new_job_post()
#11 C:\xampp\htdocs\peso\vendor\codeigniter4\framework\system\CodeIgniter.php(419): CodeIgniter\CodeIgniter->runController(Object(App\Controllers\Jobs))
#12 C:\xampp\htdocs\peso\vendor\codeigniter4\framework\system\CodeIgniter.php(326): CodeIgniter\CodeIgniter->handleRequest(NULL, Object(Config\Cache), false)
#13 C:\xampp\htdocs\peso\index.php(38): CodeIgniter\CodeIgniter->run()
#14 {main}
CRITICAL - 2023-07-03 09:21:09 --> Attempt to read property "user_photo" on bool
#0 C:\xampp\htdocs\peso\app\Views\partials\header.php(3642): CodeIgniter\Debug\Exceptions->errorHandler(2, 'Attempt to read...', 'C:\\xampp\\htdocs...', 3642)
#1 C:\xampp\htdocs\peso\vendor\codeigniter4\framework\system\View\View.php(210): include('C:\\xampp\\htdocs...')
#2 C:\xampp\htdocs\peso\vendor\codeigniter4\framework\system\View\View.php(213): CodeIgniter\View\View->CodeIgniter\View\{closure}()
#3 C:\xampp\htdocs\peso\vendor\codeigniter4\framework\system\View\View.php(424): CodeIgniter\View\View->render('partials/header', NULL, true)
#4 C:\xampp\htdocs\peso\app\Views\layouts\main.php(71): CodeIgniter\View\View->include('partials/header')
#5 C:\xampp\htdocs\peso\vendor\codeigniter4\framework\system\View\View.php(210): include('C:\\xampp\\htdocs...')
#6 C:\xampp\htdocs\peso\vendor\codeigniter4\framework\system\View\View.php(213): CodeIgniter\View\View->CodeIgniter\View\{closure}()
#7 C:\xampp\htdocs\peso\vendor\codeigniter4\framework\system\View\View.php(226): CodeIgniter\View\View->render('layouts/main', Array, true)
#8 C:\xampp\htdocs\peso\vendor\codeigniter4\framework\system\Common.php(1089): CodeIgniter\View\View->render('jobs/jobs-build...', Array, true)
#9 C:\xampp\htdocs\peso\app\Controllers\Jobs.php(124): view('jobs/jobs-build...', Array)
#10 C:\xampp\htdocs\peso\vendor\codeigniter4\framework\system\CodeIgniter.php(832): App\Controllers\Jobs->new_job_post()
#11 C:\xampp\htdocs\peso\vendor\codeigniter4\framework\system\CodeIgniter.php(419): CodeIgniter\CodeIgniter->runController(Object(App\Controllers\Jobs))
#12 C:\xampp\htdocs\peso\vendor\codeigniter4\framework\system\CodeIgniter.php(326): CodeIgniter\CodeIgniter->handleRequest(NULL, Object(Config\Cache), false)
#13 C:\xampp\htdocs\peso\index.php(38): CodeIgniter\CodeIgniter->run()
#14 {main}
CRITICAL - 2023-07-03 09:47:23 --> Attempt to read property "user_photo" on bool
#0 C:\xampp\htdocs\peso\app\Views\partials\header.php(3642): CodeIgniter\Debug\Exceptions->errorHandler(2, 'Attempt to read...', 'C:\\xampp\\htdocs...', 3642)
#1 C:\xampp\htdocs\peso\vendor\codeigniter4\framework\system\View\View.php(210): include('C:\\xampp\\htdocs...')
#2 C:\xampp\htdocs\peso\vendor\codeigniter4\framework\system\View\View.php(213): CodeIgniter\View\View->CodeIgniter\View\{closure}()
#3 C:\xampp\htdocs\peso\vendor\codeigniter4\framework\system\View\View.php(424): CodeIgniter\View\View->render('partials/header', NULL, true)
#4 C:\xampp\htdocs\peso\app\Views\layouts\main.php(71): CodeIgniter\View\View->include('partials/header')
#5 C:\xampp\htdocs\peso\vendor\codeigniter4\framework\system\View\View.php(210): include('C:\\xampp\\htdocs...')
#6 C:\xampp\htdocs\peso\vendor\codeigniter4\framework\system\View\View.php(213): CodeIgniter\View\View->CodeIgniter\View\{closure}()
#7 C:\xampp\htdocs\peso\vendor\codeigniter4\framework\system\View\View.php(226): CodeIgniter\View\View->render('layouts/main', Array, true)
#8 C:\xampp\htdocs\peso\vendor\codeigniter4\framework\system\Common.php(1089): CodeIgniter\View\View->render('jobs/jobs-build...', Array, true)
#9 C:\xampp\htdocs\peso\app\Controllers\Jobs.php(124): view('jobs/jobs-build...', Array)
#10 C:\xampp\htdocs\peso\vendor\codeigniter4\framework\system\CodeIgniter.php(832): App\Controllers\Jobs->new_job_post()
#11 C:\xampp\htdocs\peso\vendor\codeigniter4\framework\system\CodeIgniter.php(419): CodeIgniter\CodeIgniter->runController(Object(App\Controllers\Jobs))
#12 C:\xampp\htdocs\peso\vendor\codeigniter4\framework\system\CodeIgniter.php(326): CodeIgniter\CodeIgniter->handleRequest(NULL, Object(Config\Cache), false)
#13 C:\xampp\htdocs\peso\index.php(38): CodeIgniter\CodeIgniter->run()
#14 {main}
CRITICAL - 2023-07-03 09:48:23 --> Attempt to read property "user_photo" on bool
#0 C:\xampp\htdocs\peso\app\Views\partials\header.php(3642): CodeIgniter\Debug\Exceptions->errorHandler(2, 'Attempt to read...', 'C:\\xampp\\htdocs...', 3642)
#1 C:\xampp\htdocs\peso\vendor\codeigniter4\framework\system\View\View.php(210): include('C:\\xampp\\htdocs...')
#2 C:\xampp\htdocs\peso\vendor\codeigniter4\framework\system\View\View.php(213): CodeIgniter\View\View->CodeIgniter\View\{closure}()
#3 C:\xampp\htdocs\peso\vendor\codeigniter4\framework\system\View\View.php(424): CodeIgniter\View\View->render('partials/header', NULL, true)
#4 C:\xampp\htdocs\peso\app\Views\layouts\main.php(71): CodeIgniter\View\View->include('partials/header')
#5 C:\xampp\htdocs\peso\vendor\codeigniter4\framework\system\View\View.php(210): include('C:\\xampp\\htdocs...')
#6 C:\xampp\htdocs\peso\vendor\codeigniter4\framework\system\View\View.php(213): CodeIgniter\View\View->CodeIgniter\View\{closure}()
#7 C:\xampp\htdocs\peso\vendor\codeigniter4\framework\system\View\View.php(226): CodeIgniter\View\View->render('layouts/main', Array, true)
#8 C:\xampp\htdocs\peso\vendor\codeigniter4\framework\system\Common.php(1089): CodeIgniter\View\View->render('jobs/jobs-build...', Array, true)
#9 C:\xampp\htdocs\peso\app\Controllers\Jobs.php(124): view('jobs/jobs-build...', Array)
#10 C:\xampp\htdocs\peso\vendor\codeigniter4\framework\system\CodeIgniter.php(832): App\Controllers\Jobs->new_job_post()
#11 C:\xampp\htdocs\peso\vendor\codeigniter4\framework\system\CodeIgniter.php(419): CodeIgniter\CodeIgniter->runController(Object(App\Controllers\Jobs))
#12 C:\xampp\htdocs\peso\vendor\codeigniter4\framework\system\CodeIgniter.php(326): CodeIgniter\CodeIgniter->handleRequest(NULL, Object(Config\Cache), false)
#13 C:\xampp\htdocs\peso\index.php(38): CodeIgniter\CodeIgniter->run()
#14 {main}
CRITICAL - 2023-07-03 09:55:55 --> Attempt to read property "user_photo" on bool
#0 C:\xampp\htdocs\peso\app\Views\partials\header.php(3642): CodeIgniter\Debug\Exceptions->errorHandler(2, 'Attempt to read...', 'C:\\xampp\\htdocs...', 3642)
#1 C:\xampp\htdocs\peso\vendor\codeigniter4\framework\system\View\View.php(210): include('C:\\xampp\\htdocs...')
#2 C:\xampp\htdocs\peso\vendor\codeigniter4\framework\system\View\View.php(213): CodeIgniter\View\View->CodeIgniter\View\{closure}()
#3 C:\xampp\htdocs\peso\vendor\codeigniter4\framework\system\View\View.php(424): CodeIgniter\View\View->render('partials/header', NULL, true)
#4 C:\xampp\htdocs\peso\app\Views\layouts\main.php(71): CodeIgniter\View\View->include('partials/header')
#5 C:\xampp\htdocs\peso\vendor\codeigniter4\framework\system\View\View.php(210): include('C:\\xampp\\htdocs...')
#6 C:\xampp\htdocs\peso\vendor\codeigniter4\framework\system\View\View.php(213): CodeIgniter\View\View->CodeIgniter\View\{closure}()
#7 C:\xampp\htdocs\peso\vendor\codeigniter4\framework\system\View\View.php(226): CodeIgniter\View\View->render('layouts/main', Array, true)
#8 C:\xampp\htdocs\peso\vendor\codeigniter4\framework\system\Common.php(1089): CodeIgniter\View\View->render('jobs/jobs-build...', Array, true)
#9 C:\xampp\htdocs\peso\app\Controllers\Jobs.php(139): view('jobs/jobs-build...', Array)
#10 C:\xampp\htdocs\peso\vendor\codeigniter4\framework\system\CodeIgniter.php(832): App\Controllers\Jobs->edit_job_post('19')
#11 C:\xampp\htdocs\peso\vendor\codeigniter4\framework\system\CodeIgniter.php(419): CodeIgniter\CodeIgniter->runController(Object(App\Controllers\Jobs))
#12 C:\xampp\htdocs\peso\vendor\codeigniter4\framework\system\CodeIgniter.php(326): CodeIgniter\CodeIgniter->handleRequest(NULL, Object(Config\Cache), false)
#13 C:\xampp\htdocs\peso\index.php(38): CodeIgniter\CodeIgniter->run()
#14 {main}
CRITICAL - 2023-07-03 09:56:42 --> Attempt to read property "user_photo" on bool
#0 C:\xampp\htdocs\peso\app\Views\partials\header.php(3642): CodeIgniter\Debug\Exceptions->errorHandler(2, 'Attempt to read...', 'C:\\xampp\\htdocs...', 3642)
#1 C:\xampp\htdocs\peso\vendor\codeigniter4\framework\system\View\View.php(210): include('C:\\xampp\\htdocs...')
#2 C:\xampp\htdocs\peso\vendor\codeigniter4\framework\system\View\View.php(213): CodeIgniter\View\View->CodeIgniter\View\{closure}()
#3 C:\xampp\htdocs\peso\vendor\codeigniter4\framework\system\View\View.php(424): CodeIgniter\View\View->render('partials/header', NULL, true)
#4 C:\xampp\htdocs\peso\app\Views\layouts\main.php(71): CodeIgniter\View\View->include('partials/header')
#5 C:\xampp\htdocs\peso\vendor\codeigniter4\framework\system\View\View.php(210): include('C:\\xampp\\htdocs...')
#6 C:\xampp\htdocs\peso\vendor\codeigniter4\framework\system\View\View.php(213): CodeIgniter\View\View->CodeIgniter\View\{closure}()
#7 C:\xampp\htdocs\peso\vendor\codeigniter4\framework\system\View\View.php(226): CodeIgniter\View\View->render('layouts/main', Array, true)
#8 C:\xampp\htdocs\peso\vendor\codeigniter4\framework\system\Common.php(1089): CodeIgniter\View\View->render('jobs/jobs-build...', Array, true)
#9 C:\xampp\htdocs\peso\app\Controllers\Jobs.php(139): view('jobs/jobs-build...', Array)
#10 C:\xampp\htdocs\peso\vendor\codeigniter4\framework\system\CodeIgniter.php(832): App\Controllers\Jobs->edit_job_post('19')
#11 C:\xampp\htdocs\peso\vendor\codeigniter4\framework\system\CodeIgniter.php(419): CodeIgniter\CodeIgniter->runController(Object(App\Controllers\Jobs))
#12 C:\xampp\htdocs\peso\vendor\codeigniter4\framework\system\CodeIgniter.php(326): CodeIgniter\CodeIgniter->handleRequest(NULL, Object(Config\Cache), false)
#13 C:\xampp\htdocs\peso\index.php(38): CodeIgniter\CodeIgniter->run()
#14 {main}
CRITICAL - 2023-07-03 10:07:03 --> Attempt to read property "role" on bool
#0 C:\xampp\htdocs\peso\app\Controllers\Jobs.php(89): CodeIgniter\Debug\Exceptions->errorHandler(2, 'Attempt to read...', 'C:\\xampp\\htdocs...', 89)
#1 C:\xampp\htdocs\peso\vendor\codeigniter4\framework\system\CodeIgniter.php(832): App\Controllers\Jobs->post('19')
#2 C:\xampp\htdocs\peso\vendor\codeigniter4\framework\system\CodeIgniter.php(419): CodeIgniter\CodeIgniter->runController(Object(App\Controllers\Jobs))
#3 C:\xampp\htdocs\peso\vendor\codeigniter4\framework\system\CodeIgniter.php(326): CodeIgniter\CodeIgniter->handleRequest(NULL, Object(Config\Cache), false)
#4 C:\xampp\htdocs\peso\index.php(38): CodeIgniter\CodeIgniter->run()
#5 {main}
ERROR - 2023-07-03 10:08:57 --> Table 'baliwagc_peso_db.departments' doesn't exist
ERROR - 2023-07-03 10:10:18 --> Table 'baliwagc_peso_db.departments' doesn't exist
ERROR - 2023-07-03 10:10:19 --> Table 'baliwagc_peso_db.departments' doesn't exist
ERROR - 2023-07-03 10:11:40 --> Table 'baliwagc_peso_db.departments' doesn't exist
