ERROR - 2023-03-30 10:49:04 --> Table 'baliwagc_peso_db.logs' doesn't exist
ERROR - 2023-03-30 10:49:06 --> Table 'baliwagc_peso_db.logs' doesn't exist
CRITICAL - 2023-03-30 10:55:00 --> Undefined variable $post_info
#0 C:\xampp\htdocs\peso\app\Views\jobs\job-post.php(2): CodeIgniter\Debug\Exceptions->errorHandler(2, 'Undefined varia...', 'C:\\xampp\\htdocs...', 2)
#1 C:\xampp\htdocs\peso\vendor\codeigniter4\framework\system\View\View.php(210): include('C:\\xampp\\htdocs...')
#2 C:\xampp\htdocs\peso\vendor\codeigniter4\framework\system\View\View.php(213): CodeIgniter\View\View->CodeIgniter\View\{closure}()
#3 C:\xampp\htdocs\peso\vendor\codeigniter4\framework\system\Common.php(1089): CodeIgniter\View\View->render('jobs/job-post', Array, true)
#4 C:\xampp\htdocs\peso\app\Controllers\Jobs.php(46): view('jobs/job-post', Array)
#5 C:\xampp\htdocs\peso\vendor\codeigniter4\framework\system\CodeIgniter.php(832): App\Controllers\Jobs->post('3')
#6 C:\xampp\htdocs\peso\vendor\codeigniter4\framework\system\CodeIgniter.php(419): CodeIgniter\CodeIgniter->runController(Object(App\Controllers\Jobs))
#7 C:\xampp\htdocs\peso\vendor\codeigniter4\framework\system\CodeIgniter.php(326): CodeIgniter\CodeIgniter->handleRequest(NULL, Object(Config\Cache), false)
#8 C:\xampp\htdocs\peso\index.php(38): CodeIgniter\CodeIgniter->run()
#9 {main}
CRITICAL - 2023-03-30 10:55:39 --> Undefined variable $post_info
#0 C:\xampp\htdocs\peso\app\Views\jobs\job-post.php(2): CodeIgniter\Debug\Exceptions->errorHandler(2, 'Undefined varia...', 'C:\\xampp\\htdocs...', 2)
#1 C:\xampp\htdocs\peso\vendor\codeigniter4\framework\system\View\View.php(210): include('C:\\xampp\\htdocs...')
#2 C:\xampp\htdocs\peso\vendor\codeigniter4\framework\system\View\View.php(213): CodeIgniter\View\View->CodeIgniter\View\{closure}()
#3 C:\xampp\htdocs\peso\vendor\codeigniter4\framework\system\Common.php(1089): CodeIgniter\View\View->render('jobs/job-post', Array, true)
#4 C:\xampp\htdocs\peso\app\Controllers\Jobs.php(46): view('jobs/job-post', Array)
#5 C:\xampp\htdocs\peso\vendor\codeigniter4\framework\system\CodeIgniter.php(832): App\Controllers\Jobs->post('3')
#6 C:\xampp\htdocs\peso\vendor\codeigniter4\framework\system\CodeIgniter.php(419): CodeIgniter\CodeIgniter->runController(Object(App\Controllers\Jobs))
#7 C:\xampp\htdocs\peso\vendor\codeigniter4\framework\system\CodeIgniter.php(326): CodeIgniter\CodeIgniter->handleRequest(NULL, Object(Config\Cache), false)
#8 C:\xampp\htdocs\peso\index.php(38): CodeIgniter\CodeIgniter->run()
#9 {main}
CRITICAL - 2023-03-30 10:55:56 --> Undefined variable $is_loggedin
#0 C:\xampp\htdocs\peso\app\Views\partials\noSideBarHeader.php(2833): CodeIgniter\Debug\Exceptions->errorHandler(2, 'Undefined varia...', 'C:\\xampp\\htdocs...', 2833)
#1 C:\xampp\htdocs\peso\vendor\codeigniter4\framework\system\View\View.php(210): include('C:\\xampp\\htdocs...')
#2 C:\xampp\htdocs\peso\vendor\codeigniter4\framework\system\View\View.php(213): CodeIgniter\View\View->CodeIgniter\View\{closure}()
#3 C:\xampp\htdocs\peso\vendor\codeigniter4\framework\system\View\View.php(424): CodeIgniter\View\View->render('partials/noSide...', NULL, true)
#4 C:\xampp\htdocs\peso\app\Views\layouts\noSideBarMain.php(68): CodeIgniter\View\View->include('partials/noSide...')
#5 C:\xampp\htdocs\peso\vendor\codeigniter4\framework\system\View\View.php(210): include('C:\\xampp\\htdocs...')
#6 C:\xampp\htdocs\peso\vendor\codeigniter4\framework\system\View\View.php(213): CodeIgniter\View\View->CodeIgniter\View\{closure}()
#7 C:\xampp\htdocs\peso\vendor\codeigniter4\framework\system\View\View.php(226): CodeIgniter\View\View->render('layouts/noSideB...', Array, true)
#8 C:\xampp\htdocs\peso\vendor\codeigniter4\framework\system\Common.php(1089): CodeIgniter\View\View->render('jobs/job-post', Array, true)
#9 C:\xampp\htdocs\peso\app\Controllers\Jobs.php(46): view('jobs/job-post', Array)
#10 C:\xampp\htdocs\peso\vendor\codeigniter4\framework\system\CodeIgniter.php(832): App\Controllers\Jobs->post('3')
#11 C:\xampp\htdocs\peso\vendor\codeigniter4\framework\system\CodeIgniter.php(419): CodeIgniter\CodeIgniter->runController(Object(App\Controllers\Jobs))
#12 C:\xampp\htdocs\peso\vendor\codeigniter4\framework\system\CodeIgniter.php(326): CodeIgniter\CodeIgniter->handleRequest(NULL, Object(Config\Cache), false)
#13 C:\xampp\htdocs\peso\index.php(38): CodeIgniter\CodeIgniter->run()
#14 {main}
CRITICAL - 2023-03-30 11:09:23 --> strtotime(): Argument #2 ($baseTimestamp) must be of type ?int, string given
#0 C:\xampp\htdocs\peso\app\Views\jobs\job-post.php(91): strtotime('M d, Y', '2023-03-28 00:0...')
#1 C:\xampp\htdocs\peso\vendor\codeigniter4\framework\system\View\View.php(210): include('C:\\xampp\\htdocs...')
#2 C:\xampp\htdocs\peso\vendor\codeigniter4\framework\system\View\View.php(213): CodeIgniter\View\View->CodeIgniter\View\{closure}()
#3 C:\xampp\htdocs\peso\vendor\codeigniter4\framework\system\Common.php(1089): CodeIgniter\View\View->render('jobs/job-post', Array, true)
#4 C:\xampp\htdocs\peso\app\Controllers\Jobs.php(47): view('jobs/job-post', Array)
#5 C:\xampp\htdocs\peso\vendor\codeigniter4\framework\system\CodeIgniter.php(832): App\Controllers\Jobs->post('3')
#6 C:\xampp\htdocs\peso\vendor\codeigniter4\framework\system\CodeIgniter.php(419): CodeIgniter\CodeIgniter->runController(Object(App\Controllers\Jobs))
#7 C:\xampp\htdocs\peso\vendor\codeigniter4\framework\system\CodeIgniter.php(326): CodeIgniter\CodeIgniter->handleRequest(NULL, Object(Config\Cache), false)
#8 C:\xampp\htdocs\peso\index.php(38): CodeIgniter\CodeIgniter->run()
#9 {main}
CRITICAL - 2023-03-30 11:09:39 --> strtotime(): Argument #2 ($baseTimestamp) must be of type ?int, string given
#0 C:\xampp\htdocs\peso\app\Views\jobs\job-post.php(91): strtotime('M d Y', '2023-03-28 00:0...')
#1 C:\xampp\htdocs\peso\vendor\codeigniter4\framework\system\View\View.php(210): include('C:\\xampp\\htdocs...')
#2 C:\xampp\htdocs\peso\vendor\codeigniter4\framework\system\View\View.php(213): CodeIgniter\View\View->CodeIgniter\View\{closure}()
#3 C:\xampp\htdocs\peso\vendor\codeigniter4\framework\system\Common.php(1089): CodeIgniter\View\View->render('jobs/job-post', Array, true)
#4 C:\xampp\htdocs\peso\app\Controllers\Jobs.php(47): view('jobs/job-post', Array)
#5 C:\xampp\htdocs\peso\vendor\codeigniter4\framework\system\CodeIgniter.php(832): App\Controllers\Jobs->post('3')
#6 C:\xampp\htdocs\peso\vendor\codeigniter4\framework\system\CodeIgniter.php(419): CodeIgniter\CodeIgniter->runController(Object(App\Controllers\Jobs))
#7 C:\xampp\htdocs\peso\vendor\codeigniter4\framework\system\CodeIgniter.php(326): CodeIgniter\CodeIgniter->handleRequest(NULL, Object(Config\Cache), false)
#8 C:\xampp\htdocs\peso\index.php(38): CodeIgniter\CodeIgniter->run()
#9 {main}
ERROR - 2023-03-30 15:34:58 --> Unknown column 'company_city_code' in 'field list'
ERROR - 2023-03-30 15:35:52 --> Unknown column 'company_city_code' in 'field list'
ERROR - 2023-03-30 15:36:27 --> Unknown column 'company_city_code' in 'field list'
ERROR - 2023-03-30 15:41:21 --> Unknown column 'company_city_code' in 'field list'
ERROR - 2023-03-30 15:42:00 --> Unknown column 'company_city_code' in 'field list'
ERROR - 2023-03-30 15:42:34 --> Unknown column 'company_city_code' in 'field list'
ERROR - 2023-03-30 15:43:52 --> Unknown column 'company_city_code' in 'field list'
