ERROR - 2023-02-02 13:33:17 --> Table 'baliwagc_bessy_db.applications' doesn't exist
ERROR - 2023-02-02 13:46:00 --> Error connecting to the database: Access denied for user '****'@'localhost' (using password: YES)
CRITICAL - 2023-02-02 13:46:00 --> Unable to connect to the database.
Main connection [MySQLi]: Access denied for user '****'@'localhost' (using password: YES)
#0 C:\xampp\htdocs\Bessy\vendor\codeigniter4\framework\system\Database\BaseConnection.php(577): CodeIgniter\Database\BaseConnection->initialize()
#1 C:\xampp\htdocs\Bessy\vendor\codeigniter4\framework\system\Database\BaseBuilder.php(1455): CodeIgniter\Database\BaseConnection->query('SELECT *\nFROM `...', Array, false)
#2 C:\xampp\htdocs\Bessy\vendor\codeigniter4\framework\system\Model.php(142): CodeIgniter\Database\BaseBuilder->get()
#3 C:\xampp\htdocs\Bessy\vendor\codeigniter4\framework\system\BaseModel.php(523): CodeIgniter\Model->doFind(true, '20')
#4 C:\xampp\htdocs\Bessy\vendor\myth\auth\src\Authentication\AuthenticationBase.php(138): CodeIgniter\BaseModel->find('20')
#5 C:\xampp\htdocs\Bessy\vendor\myth\auth\src\Authentication\LocalAuthenticator.php(70): Myth\Auth\Authentication\AuthenticationBase->isLoggedIn()
#6 C:\xampp\htdocs\Bessy\vendor\myth\auth\src\Filters\LoginFilter.php(45): Myth\Auth\Authentication\LocalAuthenticator->check()
#7 C:\xampp\htdocs\Bessy\vendor\codeigniter4\framework\system\Filters\Filters.php(173): Myth\Auth\Filters\LoginFilter->before(Object(CodeIgniter\HTTP\IncomingRequest), NULL)
#8 C:\xampp\htdocs\Bessy\vendor\codeigniter4\framework\system\CodeIgniter.php(393): CodeIgniter\Filters\Filters->run('/logout', 'before')
#9 C:\xampp\htdocs\Bessy\vendor\codeigniter4\framework\system\CodeIgniter.php(326): CodeIgniter\CodeIgniter->handleRequest(NULL, Object(Config\Cache), false)
#10 C:\xampp\htdocs\Bessy\index.php(38): CodeIgniter\CodeIgniter->run()
#11 {main}
ERROR - 2023-02-02 13:54:04 --> Table 'baliwagc_bessy_db.chat_rooms' doesn't exist
ERROR - 2023-02-02 13:54:04 --> Table 'baliwagc_bessy_db.chat_rooms' doesn't exist
ERROR - 2023-02-02 13:54:04 --> Table 'baliwagc_bessy_db.chat_rooms' doesn't exist
CRITICAL - 2023-02-02 13:54:04 --> Attempt to read property "department_name" on string
#0 C:\xampp\htdocs\Bessy\app\Controllers\External.php(42): CodeIgniter\Debug\Exceptions->errorHandler(2, 'Attempt to read...', 'C:\\xampp\\htdocs...', 42)
#1 C:\xampp\htdocs\Bessy\vendor\codeigniter4\framework\system\CodeIgniter.php(832): App\Controllers\External->deptServices('assets', 'media', 'stock', '900x600', '44.jpg')
#2 C:\xampp\htdocs\Bessy\vendor\codeigniter4\framework\system\CodeIgniter.php(419): CodeIgniter\CodeIgniter->runController(Object(App\Controllers\External))
#3 C:\xampp\htdocs\Bessy\vendor\codeigniter4\framework\system\CodeIgniter.php(326): CodeIgniter\CodeIgniter->handleRequest(NULL, Object(Config\Cache), false)
#4 C:\xampp\htdocs\Bessy\index.php(38): CodeIgniter\CodeIgniter->run()
#5 {main}
ERROR - 2023-02-02 13:54:04 --> Table 'baliwagc_bessy_db.chat_rooms' doesn't exist
CRITICAL - 2023-02-02 13:54:04 --> Attempt to read property "department_name" on string
#0 C:\xampp\htdocs\Bessy\app\Controllers\External.php(42): CodeIgniter\Debug\Exceptions->errorHandler(2, 'Attempt to read...', 'C:\\xampp\\htdocs...', 42)
#1 C:\xampp\htdocs\Bessy\vendor\codeigniter4\framework\system\CodeIgniter.php(832): App\Controllers\External->deptServices('assets', 'media', 'stock', '600x600', 'img-82.jpg')
#2 C:\xampp\htdocs\Bessy\vendor\codeigniter4\framework\system\CodeIgniter.php(419): CodeIgniter\CodeIgniter->runController(Object(App\Controllers\External))
#3 C:\xampp\htdocs\Bessy\vendor\codeigniter4\framework\system\CodeIgniter.php(326): CodeIgniter\CodeIgniter->handleRequest(NULL, Object(Config\Cache), false)
#4 C:\xampp\htdocs\Bessy\index.php(38): CodeIgniter\CodeIgniter->run()
#5 {main}
ERROR - 2023-02-02 13:54:04 --> Table 'baliwagc_bessy_db.chat_rooms' doesn't exist
CRITICAL - 2023-02-02 13:54:04 --> Attempt to read property "department_name" on string
#0 C:\xampp\htdocs\Bessy\app\Controllers\External.php(42): CodeIgniter\Debug\Exceptions->errorHandler(2, 'Attempt to read...', 'C:\\xampp\\htdocs...', 42)
#1 C:\xampp\htdocs\Bessy\vendor\codeigniter4\framework\system\CodeIgniter.php(832): App\Controllers\External->deptServices('assets', 'media', 'stock', '600x600', 'img-84.jpg')
#2 C:\xampp\htdocs\Bessy\vendor\codeigniter4\framework\system\CodeIgniter.php(419): CodeIgniter\CodeIgniter->runController(Object(App\Controllers\External))
#3 C:\xampp\htdocs\Bessy\vendor\codeigniter4\framework\system\CodeIgniter.php(326): CodeIgniter\CodeIgniter->handleRequest(NULL, Object(Config\Cache), false)
#4 C:\xampp\htdocs\Bessy\index.php(38): CodeIgniter\CodeIgniter->run()
#5 {main}
ERROR - 2023-02-02 13:54:04 --> Table 'baliwagc_bessy_db.chat_rooms' doesn't exist
CRITICAL - 2023-02-02 13:54:04 --> Attempt to read property "department_name" on string
#0 C:\xampp\htdocs\Bessy\app\Controllers\External.php(42): CodeIgniter\Debug\Exceptions->errorHandler(2, 'Attempt to read...', 'C:\\xampp\\htdocs...', 42)
#1 C:\xampp\htdocs\Bessy\vendor\codeigniter4\framework\system\CodeIgniter.php(832): App\Controllers\External->deptServices('assets', 'media', 'stock', '900x600', '46.jpg')
#2 C:\xampp\htdocs\Bessy\vendor\codeigniter4\framework\system\CodeIgniter.php(419): CodeIgniter\CodeIgniter->runController(Object(App\Controllers\External))
#3 C:\xampp\htdocs\Bessy\vendor\codeigniter4\framework\system\CodeIgniter.php(326): CodeIgniter\CodeIgniter->handleRequest(NULL, Object(Config\Cache), false)
#4 C:\xampp\htdocs\Bessy\index.php(38): CodeIgniter\CodeIgniter->run()
#5 {main}
ERROR - 2023-02-02 13:54:07 --> Table 'baliwagc_bessy_db.chat_rooms' doesn't exist
ERROR - 2023-02-02 13:54:07 --> Table 'baliwagc_bessy_db.chat_rooms' doesn't exist
ERROR - 2023-02-02 13:54:08 --> Table 'baliwagc_bessy_db.chat_rooms' doesn't exist
CRITICAL - 2023-02-02 13:54:08 --> Attempt to read property "department_name" on string
#0 C:\xampp\htdocs\Bessy\app\Controllers\External.php(42): CodeIgniter\Debug\Exceptions->errorHandler(2, 'Attempt to read...', 'C:\\xampp\\htdocs...', 42)
#1 C:\xampp\htdocs\Bessy\vendor\codeigniter4\framework\system\CodeIgniter.php(832): App\Controllers\External->deptServices('assets', 'media', 'stock', '900x600', '44.jpg')
#2 C:\xampp\htdocs\Bessy\vendor\codeigniter4\framework\system\CodeIgniter.php(419): CodeIgniter\CodeIgniter->runController(Object(App\Controllers\External))
#3 C:\xampp\htdocs\Bessy\vendor\codeigniter4\framework\system\CodeIgniter.php(326): CodeIgniter\CodeIgniter->handleRequest(NULL, Object(Config\Cache), false)
#4 C:\xampp\htdocs\Bessy\index.php(38): CodeIgniter\CodeIgniter->run()
#5 {main}
ERROR - 2023-02-02 13:54:08 --> Table 'baliwagc_bessy_db.chat_rooms' doesn't exist
CRITICAL - 2023-02-02 13:54:08 --> Attempt to read property "department_name" on string
#0 C:\xampp\htdocs\Bessy\app\Controllers\External.php(42): CodeIgniter\Debug\Exceptions->errorHandler(2, 'Attempt to read...', 'C:\\xampp\\htdocs...', 42)
#1 C:\xampp\htdocs\Bessy\vendor\codeigniter4\framework\system\CodeIgniter.php(832): App\Controllers\External->deptServices('assets', 'media', 'stock', '600x600', 'img-82.jpg')
#2 C:\xampp\htdocs\Bessy\vendor\codeigniter4\framework\system\CodeIgniter.php(419): CodeIgniter\CodeIgniter->runController(Object(App\Controllers\External))
#3 C:\xampp\htdocs\Bessy\vendor\codeigniter4\framework\system\CodeIgniter.php(326): CodeIgniter\CodeIgniter->handleRequest(NULL, Object(Config\Cache), false)
#4 C:\xampp\htdocs\Bessy\index.php(38): CodeIgniter\CodeIgniter->run()
#5 {main}
ERROR - 2023-02-02 13:54:08 --> Table 'baliwagc_bessy_db.chat_rooms' doesn't exist
CRITICAL - 2023-02-02 13:54:08 --> Attempt to read property "department_name" on string
#0 C:\xampp\htdocs\Bessy\app\Controllers\External.php(42): CodeIgniter\Debug\Exceptions->errorHandler(2, 'Attempt to read...', 'C:\\xampp\\htdocs...', 42)
#1 C:\xampp\htdocs\Bessy\vendor\codeigniter4\framework\system\CodeIgniter.php(832): App\Controllers\External->deptServices('assets', 'media', 'stock', '900x600', '46.jpg')
#2 C:\xampp\htdocs\Bessy\vendor\codeigniter4\framework\system\CodeIgniter.php(419): CodeIgniter\CodeIgniter->runController(Object(App\Controllers\External))
#3 C:\xampp\htdocs\Bessy\vendor\codeigniter4\framework\system\CodeIgniter.php(326): CodeIgniter\CodeIgniter->handleRequest(NULL, Object(Config\Cache), false)
#4 C:\xampp\htdocs\Bessy\index.php(38): CodeIgniter\CodeIgniter->run()
#5 {main}
ERROR - 2023-02-02 13:54:08 --> Table 'baliwagc_bessy_db.chat_rooms' doesn't exist
CRITICAL - 2023-02-02 13:54:08 --> Attempt to read property "department_name" on string
#0 C:\xampp\htdocs\Bessy\app\Controllers\External.php(42): CodeIgniter\Debug\Exceptions->errorHandler(2, 'Attempt to read...', 'C:\\xampp\\htdocs...', 42)
#1 C:\xampp\htdocs\Bessy\vendor\codeigniter4\framework\system\CodeIgniter.php(832): App\Controllers\External->deptServices('assets', 'media', 'stock', '600x600', 'img-84.jpg')
#2 C:\xampp\htdocs\Bessy\vendor\codeigniter4\framework\system\CodeIgniter.php(419): CodeIgniter\CodeIgniter->runController(Object(App\Controllers\External))
#3 C:\xampp\htdocs\Bessy\vendor\codeigniter4\framework\system\CodeIgniter.php(326): CodeIgniter\CodeIgniter->handleRequest(NULL, Object(Config\Cache), false)
#4 C:\xampp\htdocs\Bessy\index.php(38): CodeIgniter\CodeIgniter->run()
#5 {main}
ERROR - 2023-02-02 13:55:26 --> Table 'baliwagc_bessy_db.chat_rooms' doesn't exist
ERROR - 2023-02-02 13:55:26 --> Table 'baliwagc_bessy_db.chat_rooms' doesn't exist
ERROR - 2023-02-02 13:55:26 --> Table 'baliwagc_bessy_db.chat_rooms' doesn't exist
CRITICAL - 2023-02-02 13:55:26 --> Attempt to read property "department_name" on string
#0 C:\xampp\htdocs\Bessy\app\Controllers\External.php(42): CodeIgniter\Debug\Exceptions->errorHandler(2, 'Attempt to read...', 'C:\\xampp\\htdocs...', 42)
#1 C:\xampp\htdocs\Bessy\vendor\codeigniter4\framework\system\CodeIgniter.php(832): App\Controllers\External->deptServices('assets', 'media', 'stock', '900x600', '44.jpg')
#2 C:\xampp\htdocs\Bessy\vendor\codeigniter4\framework\system\CodeIgniter.php(419): CodeIgniter\CodeIgniter->runController(Object(App\Controllers\External))
#3 C:\xampp\htdocs\Bessy\vendor\codeigniter4\framework\system\CodeIgniter.php(326): CodeIgniter\CodeIgniter->handleRequest(NULL, Object(Config\Cache), false)
#4 C:\xampp\htdocs\Bessy\index.php(38): CodeIgniter\CodeIgniter->run()
#5 {main}
ERROR - 2023-02-02 13:55:26 --> Table 'baliwagc_bessy_db.chat_rooms' doesn't exist
CRITICAL - 2023-02-02 13:55:26 --> Attempt to read property "department_name" on string
#0 C:\xampp\htdocs\Bessy\app\Controllers\External.php(42): CodeIgniter\Debug\Exceptions->errorHandler(2, 'Attempt to read...', 'C:\\xampp\\htdocs...', 42)
#1 C:\xampp\htdocs\Bessy\vendor\codeigniter4\framework\system\CodeIgniter.php(832): App\Controllers\External->deptServices('assets', 'media', 'stock', '600x600', 'img-82.jpg')
#2 C:\xampp\htdocs\Bessy\vendor\codeigniter4\framework\system\CodeIgniter.php(419): CodeIgniter\CodeIgniter->runController(Object(App\Controllers\External))
#3 C:\xampp\htdocs\Bessy\vendor\codeigniter4\framework\system\CodeIgniter.php(326): CodeIgniter\CodeIgniter->handleRequest(NULL, Object(Config\Cache), false)
#4 C:\xampp\htdocs\Bessy\index.php(38): CodeIgniter\CodeIgniter->run()
#5 {main}
ERROR - 2023-02-02 13:55:26 --> Table 'baliwagc_bessy_db.chat_rooms' doesn't exist
CRITICAL - 2023-02-02 13:55:26 --> Attempt to read property "department_name" on string
#0 C:\xampp\htdocs\Bessy\app\Controllers\External.php(42): CodeIgniter\Debug\Exceptions->errorHandler(2, 'Attempt to read...', 'C:\\xampp\\htdocs...', 42)
#1 C:\xampp\htdocs\Bessy\vendor\codeigniter4\framework\system\CodeIgniter.php(832): App\Controllers\External->deptServices('assets', 'media', 'stock', '600x600', 'img-84.jpg')
#2 C:\xampp\htdocs\Bessy\vendor\codeigniter4\framework\system\CodeIgniter.php(419): CodeIgniter\CodeIgniter->runController(Object(App\Controllers\External))
#3 C:\xampp\htdocs\Bessy\vendor\codeigniter4\framework\system\CodeIgniter.php(326): CodeIgniter\CodeIgniter->handleRequest(NULL, Object(Config\Cache), false)
#4 C:\xampp\htdocs\Bessy\index.php(38): CodeIgniter\CodeIgniter->run()
#5 {main}
ERROR - 2023-02-02 13:55:26 --> Table 'baliwagc_bessy_db.chat_rooms' doesn't exist
CRITICAL - 2023-02-02 13:55:26 --> Attempt to read property "department_name" on string
#0 C:\xampp\htdocs\Bessy\app\Controllers\External.php(42): CodeIgniter\Debug\Exceptions->errorHandler(2, 'Attempt to read...', 'C:\\xampp\\htdocs...', 42)
#1 C:\xampp\htdocs\Bessy\vendor\codeigniter4\framework\system\CodeIgniter.php(832): App\Controllers\External->deptServices('assets', 'media', 'stock', '900x600', '46.jpg')
#2 C:\xampp\htdocs\Bessy\vendor\codeigniter4\framework\system\CodeIgniter.php(419): CodeIgniter\CodeIgniter->runController(Object(App\Controllers\External))
#3 C:\xampp\htdocs\Bessy\vendor\codeigniter4\framework\system\CodeIgniter.php(326): CodeIgniter\CodeIgniter->handleRequest(NULL, Object(Config\Cache), false)
#4 C:\xampp\htdocs\Bessy\index.php(38): CodeIgniter\CodeIgniter->run()
#5 {main}
ERROR - 2023-02-02 13:55:41 --> Table 'baliwagc_bessy_db.chat_rooms' doesn't exist
ERROR - 2023-02-02 13:55:41 --> Table 'baliwagc_bessy_db.chat_rooms' doesn't exist
ERROR - 2023-02-02 13:55:41 --> Table 'baliwagc_bessy_db.chat_rooms' doesn't exist
CRITICAL - 2023-02-02 13:55:41 --> Attempt to read property "department_name" on string
#0 C:\xampp\htdocs\Bessy\app\Controllers\External.php(42): CodeIgniter\Debug\Exceptions->errorHandler(2, 'Attempt to read...', 'C:\\xampp\\htdocs...', 42)
#1 C:\xampp\htdocs\Bessy\vendor\codeigniter4\framework\system\CodeIgniter.php(832): App\Controllers\External->deptServices('assets', 'media', 'stock', '900x600', '44.jpg')
#2 C:\xampp\htdocs\Bessy\vendor\codeigniter4\framework\system\CodeIgniter.php(419): CodeIgniter\CodeIgniter->runController(Object(App\Controllers\External))
#3 C:\xampp\htdocs\Bessy\vendor\codeigniter4\framework\system\CodeIgniter.php(326): CodeIgniter\CodeIgniter->handleRequest(NULL, Object(Config\Cache), false)
#4 C:\xampp\htdocs\Bessy\index.php(38): CodeIgniter\CodeIgniter->run()
#5 {main}
ERROR - 2023-02-02 13:55:41 --> Table 'baliwagc_bessy_db.chat_rooms' doesn't exist
CRITICAL - 2023-02-02 13:55:41 --> Attempt to read property "department_name" on string
#0 C:\xampp\htdocs\Bessy\app\Controllers\External.php(42): CodeIgniter\Debug\Exceptions->errorHandler(2, 'Attempt to read...', 'C:\\xampp\\htdocs...', 42)
#1 C:\xampp\htdocs\Bessy\vendor\codeigniter4\framework\system\CodeIgniter.php(832): App\Controllers\External->deptServices('assets', 'media', 'stock', '600x600', 'img-82.jpg')
#2 C:\xampp\htdocs\Bessy\vendor\codeigniter4\framework\system\CodeIgniter.php(419): CodeIgniter\CodeIgniter->runController(Object(App\Controllers\External))
#3 C:\xampp\htdocs\Bessy\vendor\codeigniter4\framework\system\CodeIgniter.php(326): CodeIgniter\CodeIgniter->handleRequest(NULL, Object(Config\Cache), false)
#4 C:\xampp\htdocs\Bessy\index.php(38): CodeIgniter\CodeIgniter->run()
#5 {main}
ERROR - 2023-02-02 13:55:41 --> Table 'baliwagc_bessy_db.chat_rooms' doesn't exist
CRITICAL - 2023-02-02 13:55:41 --> Attempt to read property "department_name" on string
#0 C:\xampp\htdocs\Bessy\app\Controllers\External.php(42): CodeIgniter\Debug\Exceptions->errorHandler(2, 'Attempt to read...', 'C:\\xampp\\htdocs...', 42)
#1 C:\xampp\htdocs\Bessy\vendor\codeigniter4\framework\system\CodeIgniter.php(832): App\Controllers\External->deptServices('assets', 'media', 'stock', '900x600', '46.jpg')
#2 C:\xampp\htdocs\Bessy\vendor\codeigniter4\framework\system\CodeIgniter.php(419): CodeIgniter\CodeIgniter->runController(Object(App\Controllers\External))
#3 C:\xampp\htdocs\Bessy\vendor\codeigniter4\framework\system\CodeIgniter.php(326): CodeIgniter\CodeIgniter->handleRequest(NULL, Object(Config\Cache), false)
#4 C:\xampp\htdocs\Bessy\index.php(38): CodeIgniter\CodeIgniter->run()
#5 {main}
ERROR - 2023-02-02 13:55:41 --> Table 'baliwagc_bessy_db.chat_rooms' doesn't exist
CRITICAL - 2023-02-02 13:55:41 --> Attempt to read property "department_name" on string
#0 C:\xampp\htdocs\Bessy\app\Controllers\External.php(42): CodeIgniter\Debug\Exceptions->errorHandler(2, 'Attempt to read...', 'C:\\xampp\\htdocs...', 42)
#1 C:\xampp\htdocs\Bessy\vendor\codeigniter4\framework\system\CodeIgniter.php(832): App\Controllers\External->deptServices('assets', 'media', 'stock', '600x600', 'img-84.jpg')
#2 C:\xampp\htdocs\Bessy\vendor\codeigniter4\framework\system\CodeIgniter.php(419): CodeIgniter\CodeIgniter->runController(Object(App\Controllers\External))
#3 C:\xampp\htdocs\Bessy\vendor\codeigniter4\framework\system\CodeIgniter.php(326): CodeIgniter\CodeIgniter->handleRequest(NULL, Object(Config\Cache), false)
#4 C:\xampp\htdocs\Bessy\index.php(38): CodeIgniter\CodeIgniter->run()
#5 {main}
ERROR - 2023-02-02 13:56:05 --> Table 'baliwagc_bessy_db.chat_rooms' doesn't exist
ERROR - 2023-02-02 13:56:05 --> Table 'baliwagc_bessy_db.chat_rooms' doesn't exist
ERROR - 2023-02-02 13:56:06 --> Table 'baliwagc_bessy_db.chat_rooms' doesn't exist
CRITICAL - 2023-02-02 13:56:06 --> Attempt to read property "department_name" on string
#0 C:\xampp\htdocs\Bessy\app\Controllers\External.php(42): CodeIgniter\Debug\Exceptions->errorHandler(2, 'Attempt to read...', 'C:\\xampp\\htdocs...', 42)
#1 C:\xampp\htdocs\Bessy\vendor\codeigniter4\framework\system\CodeIgniter.php(832): App\Controllers\External->deptServices('assets', 'media', 'stock', '900x600', '44.jpg')
#2 C:\xampp\htdocs\Bessy\vendor\codeigniter4\framework\system\CodeIgniter.php(419): CodeIgniter\CodeIgniter->runController(Object(App\Controllers\External))
#3 C:\xampp\htdocs\Bessy\vendor\codeigniter4\framework\system\CodeIgniter.php(326): CodeIgniter\CodeIgniter->handleRequest(NULL, Object(Config\Cache), false)
#4 C:\xampp\htdocs\Bessy\index.php(38): CodeIgniter\CodeIgniter->run()
#5 {main}
ERROR - 2023-02-02 13:56:06 --> Table 'baliwagc_bessy_db.chat_rooms' doesn't exist
CRITICAL - 2023-02-02 13:56:06 --> Attempt to read property "department_name" on string
#0 C:\xampp\htdocs\Bessy\app\Controllers\External.php(42): CodeIgniter\Debug\Exceptions->errorHandler(2, 'Attempt to read...', 'C:\\xampp\\htdocs...', 42)
#1 C:\xampp\htdocs\Bessy\vendor\codeigniter4\framework\system\CodeIgniter.php(832): App\Controllers\External->deptServices('assets', 'media', 'stock', '900x600', '46.jpg')
#2 C:\xampp\htdocs\Bessy\vendor\codeigniter4\framework\system\CodeIgniter.php(419): CodeIgniter\CodeIgniter->runController(Object(App\Controllers\External))
#3 C:\xampp\htdocs\Bessy\vendor\codeigniter4\framework\system\CodeIgniter.php(326): CodeIgniter\CodeIgniter->handleRequest(NULL, Object(Config\Cache), false)
#4 C:\xampp\htdocs\Bessy\index.php(38): CodeIgniter\CodeIgniter->run()
#5 {main}
ERROR - 2023-02-02 13:56:06 --> Table 'baliwagc_bessy_db.chat_rooms' doesn't exist
CRITICAL - 2023-02-02 13:56:06 --> Attempt to read property "department_name" on string
#0 C:\xampp\htdocs\Bessy\app\Controllers\External.php(42): CodeIgniter\Debug\Exceptions->errorHandler(2, 'Attempt to read...', 'C:\\xampp\\htdocs...', 42)
#1 C:\xampp\htdocs\Bessy\vendor\codeigniter4\framework\system\CodeIgniter.php(832): App\Controllers\External->deptServices('assets', 'media', 'stock', '600x600', 'img-82.jpg')
#2 C:\xampp\htdocs\Bessy\vendor\codeigniter4\framework\system\CodeIgniter.php(419): CodeIgniter\CodeIgniter->runController(Object(App\Controllers\External))
#3 C:\xampp\htdocs\Bessy\vendor\codeigniter4\framework\system\CodeIgniter.php(326): CodeIgniter\CodeIgniter->handleRequest(NULL, Object(Config\Cache), false)
#4 C:\xampp\htdocs\Bessy\index.php(38): CodeIgniter\CodeIgniter->run()
#5 {main}
ERROR - 2023-02-02 13:56:06 --> Table 'baliwagc_bessy_db.chat_rooms' doesn't exist
CRITICAL - 2023-02-02 13:56:06 --> Attempt to read property "department_name" on string
#0 C:\xampp\htdocs\Bessy\app\Controllers\External.php(42): CodeIgniter\Debug\Exceptions->errorHandler(2, 'Attempt to read...', 'C:\\xampp\\htdocs...', 42)
#1 C:\xampp\htdocs\Bessy\vendor\codeigniter4\framework\system\CodeIgniter.php(832): App\Controllers\External->deptServices('assets', 'media', 'stock', '600x600', 'img-84.jpg')
#2 C:\xampp\htdocs\Bessy\vendor\codeigniter4\framework\system\CodeIgniter.php(419): CodeIgniter\CodeIgniter->runController(Object(App\Controllers\External))
#3 C:\xampp\htdocs\Bessy\vendor\codeigniter4\framework\system\CodeIgniter.php(326): CodeIgniter\CodeIgniter->handleRequest(NULL, Object(Config\Cache), false)
#4 C:\xampp\htdocs\Bessy\index.php(38): CodeIgniter\CodeIgniter->run()
#5 {main}
ERROR - 2023-02-02 13:59:43 --> Table 'baliwagc_bessy_db.chat_rooms' doesn't exist
ERROR - 2023-02-02 13:59:43 --> Table 'baliwagc_bessy_db.chat_rooms' doesn't exist
ERROR - 2023-02-02 13:59:43 --> Table 'baliwagc_bessy_db.chat_rooms' doesn't exist
CRITICAL - 2023-02-02 13:59:43 --> Attempt to read property "department_name" on string
#0 C:\xampp\htdocs\Bessy\app\Controllers\External.php(42): CodeIgniter\Debug\Exceptions->errorHandler(2, 'Attempt to read...', 'C:\\xampp\\htdocs...', 42)
#1 C:\xampp\htdocs\Bessy\vendor\codeigniter4\framework\system\CodeIgniter.php(832): App\Controllers\External->deptServices('assets', 'media', 'stock', '900x600', '44.jpg')
#2 C:\xampp\htdocs\Bessy\vendor\codeigniter4\framework\system\CodeIgniter.php(419): CodeIgniter\CodeIgniter->runController(Object(App\Controllers\External))
#3 C:\xampp\htdocs\Bessy\vendor\codeigniter4\framework\system\CodeIgniter.php(326): CodeIgniter\CodeIgniter->handleRequest(NULL, Object(Config\Cache), false)
#4 C:\xampp\htdocs\Bessy\index.php(38): CodeIgniter\CodeIgniter->run()
#5 {main}
ERROR - 2023-02-02 13:59:43 --> Table 'baliwagc_bessy_db.chat_rooms' doesn't exist
CRITICAL - 2023-02-02 13:59:43 --> Attempt to read property "department_name" on string
#0 C:\xampp\htdocs\Bessy\app\Controllers\External.php(42): CodeIgniter\Debug\Exceptions->errorHandler(2, 'Attempt to read...', 'C:\\xampp\\htdocs...', 42)
#1 C:\xampp\htdocs\Bessy\vendor\codeigniter4\framework\system\CodeIgniter.php(832): App\Controllers\External->deptServices('assets', 'media', 'stock', '600x600', 'img-84.jpg')
#2 C:\xampp\htdocs\Bessy\vendor\codeigniter4\framework\system\CodeIgniter.php(419): CodeIgniter\CodeIgniter->runController(Object(App\Controllers\External))
#3 C:\xampp\htdocs\Bessy\vendor\codeigniter4\framework\system\CodeIgniter.php(326): CodeIgniter\CodeIgniter->handleRequest(NULL, Object(Config\Cache), false)
#4 C:\xampp\htdocs\Bessy\index.php(38): CodeIgniter\CodeIgniter->run()
#5 {main}
ERROR - 2023-02-02 13:59:43 --> Table 'baliwagc_bessy_db.chat_rooms' doesn't exist
CRITICAL - 2023-02-02 13:59:43 --> Attempt to read property "department_name" on string
#0 C:\xampp\htdocs\Bessy\app\Controllers\External.php(42): CodeIgniter\Debug\Exceptions->errorHandler(2, 'Attempt to read...', 'C:\\xampp\\htdocs...', 42)
#1 C:\xampp\htdocs\Bessy\vendor\codeigniter4\framework\system\CodeIgniter.php(832): App\Controllers\External->deptServices('assets', 'media', 'stock', '600x600', 'img-82.jpg')
#2 C:\xampp\htdocs\Bessy\vendor\codeigniter4\framework\system\CodeIgniter.php(419): CodeIgniter\CodeIgniter->runController(Object(App\Controllers\External))
#3 C:\xampp\htdocs\Bessy\vendor\codeigniter4\framework\system\CodeIgniter.php(326): CodeIgniter\CodeIgniter->handleRequest(NULL, Object(Config\Cache), false)
#4 C:\xampp\htdocs\Bessy\index.php(38): CodeIgniter\CodeIgniter->run()
#5 {main}
ERROR - 2023-02-02 13:59:43 --> Table 'baliwagc_bessy_db.chat_rooms' doesn't exist
CRITICAL - 2023-02-02 13:59:43 --> Attempt to read property "department_name" on string
#0 C:\xampp\htdocs\Bessy\app\Controllers\External.php(42): CodeIgniter\Debug\Exceptions->errorHandler(2, 'Attempt to read...', 'C:\\xampp\\htdocs...', 42)
#1 C:\xampp\htdocs\Bessy\vendor\codeigniter4\framework\system\CodeIgniter.php(832): App\Controllers\External->deptServices('assets', 'media', 'stock', '900x600', '46.jpg')
#2 C:\xampp\htdocs\Bessy\vendor\codeigniter4\framework\system\CodeIgniter.php(419): CodeIgniter\CodeIgniter->runController(Object(App\Controllers\External))
#3 C:\xampp\htdocs\Bessy\vendor\codeigniter4\framework\system\CodeIgniter.php(326): CodeIgniter\CodeIgniter->handleRequest(NULL, Object(Config\Cache), false)
#4 C:\xampp\htdocs\Bessy\index.php(38): CodeIgniter\CodeIgniter->run()
#5 {main}
ERROR - 2023-02-02 14:00:17 --> Table 'baliwagc_bessy_db.chat_rooms' doesn't exist
ERROR - 2023-02-02 14:00:17 --> Table 'baliwagc_bessy_db.chat_rooms' doesn't exist
ERROR - 2023-02-02 14:00:17 --> Table 'baliwagc_bessy_db.chat_rooms' doesn't exist
CRITICAL - 2023-02-02 14:00:17 --> Attempt to read property "department_name" on string
#0 C:\xampp\htdocs\Bessy\app\Controllers\External.php(42): CodeIgniter\Debug\Exceptions->errorHandler(2, 'Attempt to read...', 'C:\\xampp\\htdocs...', 42)
#1 C:\xampp\htdocs\Bessy\vendor\codeigniter4\framework\system\CodeIgniter.php(832): App\Controllers\External->deptServices('assets', 'media', 'stock', '600x600', 'img-82.jpg')
#2 C:\xampp\htdocs\Bessy\vendor\codeigniter4\framework\system\CodeIgniter.php(419): CodeIgniter\CodeIgniter->runController(Object(App\Controllers\External))
#3 C:\xampp\htdocs\Bessy\vendor\codeigniter4\framework\system\CodeIgniter.php(326): CodeIgniter\CodeIgniter->handleRequest(NULL, Object(Config\Cache), false)
#4 C:\xampp\htdocs\Bessy\index.php(38): CodeIgniter\CodeIgniter->run()
#5 {main}
ERROR - 2023-02-02 14:00:17 --> Table 'baliwagc_bessy_db.chat_rooms' doesn't exist
CRITICAL - 2023-02-02 14:00:17 --> Attempt to read property "department_name" on string
#0 C:\xampp\htdocs\Bessy\app\Controllers\External.php(42): CodeIgniter\Debug\Exceptions->errorHandler(2, 'Attempt to read...', 'C:\\xampp\\htdocs...', 42)
#1 C:\xampp\htdocs\Bessy\vendor\codeigniter4\framework\system\CodeIgniter.php(832): App\Controllers\External->deptServices('assets', 'media', 'stock', '600x600', 'img-84.jpg')
#2 C:\xampp\htdocs\Bessy\vendor\codeigniter4\framework\system\CodeIgniter.php(419): CodeIgniter\CodeIgniter->runController(Object(App\Controllers\External))
#3 C:\xampp\htdocs\Bessy\vendor\codeigniter4\framework\system\CodeIgniter.php(326): CodeIgniter\CodeIgniter->handleRequest(NULL, Object(Config\Cache), false)
#4 C:\xampp\htdocs\Bessy\index.php(38): CodeIgniter\CodeIgniter->run()
#5 {main}
ERROR - 2023-02-02 14:00:17 --> Table 'baliwagc_bessy_db.chat_rooms' doesn't exist
CRITICAL - 2023-02-02 14:00:17 --> Attempt to read property "department_name" on string
#0 C:\xampp\htdocs\Bessy\app\Controllers\External.php(42): CodeIgniter\Debug\Exceptions->errorHandler(2, 'Attempt to read...', 'C:\\xampp\\htdocs...', 42)
#1 C:\xampp\htdocs\Bessy\vendor\codeigniter4\framework\system\CodeIgniter.php(832): App\Controllers\External->deptServices('assets', 'media', 'stock', '900x600', '44.jpg')
#2 C:\xampp\htdocs\Bessy\vendor\codeigniter4\framework\system\CodeIgniter.php(419): CodeIgniter\CodeIgniter->runController(Object(App\Controllers\External))
#3 C:\xampp\htdocs\Bessy\vendor\codeigniter4\framework\system\CodeIgniter.php(326): CodeIgniter\CodeIgniter->handleRequest(NULL, Object(Config\Cache), false)
#4 C:\xampp\htdocs\Bessy\index.php(38): CodeIgniter\CodeIgniter->run()
#5 {main}
ERROR - 2023-02-02 14:00:17 --> Table 'baliwagc_bessy_db.chat_rooms' doesn't exist
CRITICAL - 2023-02-02 14:00:17 --> Attempt to read property "department_name" on string
#0 C:\xampp\htdocs\Bessy\app\Controllers\External.php(42): CodeIgniter\Debug\Exceptions->errorHandler(2, 'Attempt to read...', 'C:\\xampp\\htdocs...', 42)
#1 C:\xampp\htdocs\Bessy\vendor\codeigniter4\framework\system\CodeIgniter.php(832): App\Controllers\External->deptServices('assets', 'media', 'stock', '900x600', '46.jpg')
#2 C:\xampp\htdocs\Bessy\vendor\codeigniter4\framework\system\CodeIgniter.php(419): CodeIgniter\CodeIgniter->runController(Object(App\Controllers\External))
#3 C:\xampp\htdocs\Bessy\vendor\codeigniter4\framework\system\CodeIgniter.php(326): CodeIgniter\CodeIgniter->handleRequest(NULL, Object(Config\Cache), false)
#4 C:\xampp\htdocs\Bessy\index.php(38): CodeIgniter\CodeIgniter->run()
#5 {main}
ERROR - 2023-02-02 14:00:17 --> Table 'baliwagc_bessy_db.chat_rooms' doesn't exist
ERROR - 2023-02-02 14:00:17 --> Table 'baliwagc_bessy_db.chat_rooms' doesn't exist
ERROR - 2023-02-02 14:00:18 --> Table 'baliwagc_bessy_db.chat_rooms' doesn't exist
CRITICAL - 2023-02-02 14:00:18 --> Attempt to read property "department_name" on string
#0 C:\xampp\htdocs\Bessy\app\Controllers\External.php(42): CodeIgniter\Debug\Exceptions->errorHandler(2, 'Attempt to read...', 'C:\\xampp\\htdocs...', 42)
#1 C:\xampp\htdocs\Bessy\vendor\codeigniter4\framework\system\CodeIgniter.php(832): App\Controllers\External->deptServices('assets', 'media', 'stock', '600x600', 'img-84.jpg')
#2 C:\xampp\htdocs\Bessy\vendor\codeigniter4\framework\system\CodeIgniter.php(419): CodeIgniter\CodeIgniter->runController(Object(App\Controllers\External))
#3 C:\xampp\htdocs\Bessy\vendor\codeigniter4\framework\system\CodeIgniter.php(326): CodeIgniter\CodeIgniter->handleRequest(NULL, Object(Config\Cache), false)
#4 C:\xampp\htdocs\Bessy\index.php(38): CodeIgniter\CodeIgniter->run()
#5 {main}
ERROR - 2023-02-02 14:00:18 --> Table 'baliwagc_bessy_db.chat_rooms' doesn't exist
CRITICAL - 2023-02-02 14:00:18 --> Attempt to read property "department_name" on string
#0 C:\xampp\htdocs\Bessy\app\Controllers\External.php(42): CodeIgniter\Debug\Exceptions->errorHandler(2, 'Attempt to read...', 'C:\\xampp\\htdocs...', 42)
#1 C:\xampp\htdocs\Bessy\vendor\codeigniter4\framework\system\CodeIgniter.php(832): App\Controllers\External->deptServices('assets', 'media', 'stock', '600x600', 'img-82.jpg')
#2 C:\xampp\htdocs\Bessy\vendor\codeigniter4\framework\system\CodeIgniter.php(419): CodeIgniter\CodeIgniter->runController(Object(App\Controllers\External))
#3 C:\xampp\htdocs\Bessy\vendor\codeigniter4\framework\system\CodeIgniter.php(326): CodeIgniter\CodeIgniter->handleRequest(NULL, Object(Config\Cache), false)
#4 C:\xampp\htdocs\Bessy\index.php(38): CodeIgniter\CodeIgniter->run()
#5 {main}
ERROR - 2023-02-02 14:00:18 --> Table 'baliwagc_bessy_db.chat_rooms' doesn't exist
CRITICAL - 2023-02-02 14:00:18 --> Attempt to read property "department_name" on string
#0 C:\xampp\htdocs\Bessy\app\Controllers\External.php(42): CodeIgniter\Debug\Exceptions->errorHandler(2, 'Attempt to read...', 'C:\\xampp\\htdocs...', 42)
#1 C:\xampp\htdocs\Bessy\vendor\codeigniter4\framework\system\CodeIgniter.php(832): App\Controllers\External->deptServices('assets', 'media', 'stock', '900x600', '46.jpg')
#2 C:\xampp\htdocs\Bessy\vendor\codeigniter4\framework\system\CodeIgniter.php(419): CodeIgniter\CodeIgniter->runController(Object(App\Controllers\External))
#3 C:\xampp\htdocs\Bessy\vendor\codeigniter4\framework\system\CodeIgniter.php(326): CodeIgniter\CodeIgniter->handleRequest(NULL, Object(Config\Cache), false)
#4 C:\xampp\htdocs\Bessy\index.php(38): CodeIgniter\CodeIgniter->run()
#5 {main}
ERROR - 2023-02-02 14:00:18 --> Table 'baliwagc_bessy_db.chat_rooms' doesn't exist
CRITICAL - 2023-02-02 14:00:18 --> Attempt to read property "department_name" on string
#0 C:\xampp\htdocs\Bessy\app\Controllers\External.php(42): CodeIgniter\Debug\Exceptions->errorHandler(2, 'Attempt to read...', 'C:\\xampp\\htdocs...', 42)
#1 C:\xampp\htdocs\Bessy\vendor\codeigniter4\framework\system\CodeIgniter.php(832): App\Controllers\External->deptServices('assets', 'media', 'stock', '900x600', '44.jpg')
#2 C:\xampp\htdocs\Bessy\vendor\codeigniter4\framework\system\CodeIgniter.php(419): CodeIgniter\CodeIgniter->runController(Object(App\Controllers\External))
#3 C:\xampp\htdocs\Bessy\vendor\codeigniter4\framework\system\CodeIgniter.php(326): CodeIgniter\CodeIgniter->handleRequest(NULL, Object(Config\Cache), false)
#4 C:\xampp\htdocs\Bessy\index.php(38): CodeIgniter\CodeIgniter->run()
#5 {main}
ERROR - 2023-02-02 14:18:44 --> Table 'baliwagc_bessy_db.chat_rooms' doesn't exist
ERROR - 2023-02-02 14:18:44 --> Table 'baliwagc_bessy_db.chat_rooms' doesn't exist
ERROR - 2023-02-02 14:18:45 --> Table 'baliwagc_bessy_db.chat_rooms' doesn't exist
CRITICAL - 2023-02-02 14:18:45 --> Attempt to read property "department_name" on string
#0 C:\xampp\htdocs\Bessy\app\Controllers\External.php(42): CodeIgniter\Debug\Exceptions->errorHandler(2, 'Attempt to read...', 'C:\\xampp\\htdocs...', 42)
#1 C:\xampp\htdocs\Bessy\vendor\codeigniter4\framework\system\CodeIgniter.php(832): App\Controllers\External->deptServices('assets', 'media', 'stock', '600x600', 'img-84.jpg')
#2 C:\xampp\htdocs\Bessy\vendor\codeigniter4\framework\system\CodeIgniter.php(419): CodeIgniter\CodeIgniter->runController(Object(App\Controllers\External))
#3 C:\xampp\htdocs\Bessy\vendor\codeigniter4\framework\system\CodeIgniter.php(326): CodeIgniter\CodeIgniter->handleRequest(NULL, Object(Config\Cache), false)
#4 C:\xampp\htdocs\Bessy\index.php(38): CodeIgniter\CodeIgniter->run()
#5 {main}
ERROR - 2023-02-02 14:18:45 --> Table 'baliwagc_bessy_db.chat_rooms' doesn't exist
CRITICAL - 2023-02-02 14:18:45 --> Attempt to read property "department_name" on string
#0 C:\xampp\htdocs\Bessy\app\Controllers\External.php(42): CodeIgniter\Debug\Exceptions->errorHandler(2, 'Attempt to read...', 'C:\\xampp\\htdocs...', 42)
#1 C:\xampp\htdocs\Bessy\vendor\codeigniter4\framework\system\CodeIgniter.php(832): App\Controllers\External->deptServices('assets', 'media', 'stock', '900x600', '46.jpg')
#2 C:\xampp\htdocs\Bessy\vendor\codeigniter4\framework\system\CodeIgniter.php(419): CodeIgniter\CodeIgniter->runController(Object(App\Controllers\External))
#3 C:\xampp\htdocs\Bessy\vendor\codeigniter4\framework\system\CodeIgniter.php(326): CodeIgniter\CodeIgniter->handleRequest(NULL, Object(Config\Cache), false)
#4 C:\xampp\htdocs\Bessy\index.php(38): CodeIgniter\CodeIgniter->run()
#5 {main}
ERROR - 2023-02-02 14:18:45 --> Table 'baliwagc_bessy_db.chat_rooms' doesn't exist
CRITICAL - 2023-02-02 14:18:45 --> Attempt to read property "department_name" on string
#0 C:\xampp\htdocs\Bessy\app\Controllers\External.php(42): CodeIgniter\Debug\Exceptions->errorHandler(2, 'Attempt to read...', 'C:\\xampp\\htdocs...', 42)
#1 C:\xampp\htdocs\Bessy\vendor\codeigniter4\framework\system\CodeIgniter.php(832): App\Controllers\External->deptServices('assets', 'media', 'stock', '900x600', '44.jpg')
#2 C:\xampp\htdocs\Bessy\vendor\codeigniter4\framework\system\CodeIgniter.php(419): CodeIgniter\CodeIgniter->runController(Object(App\Controllers\External))
#3 C:\xampp\htdocs\Bessy\vendor\codeigniter4\framework\system\CodeIgniter.php(326): CodeIgniter\CodeIgniter->handleRequest(NULL, Object(Config\Cache), false)
#4 C:\xampp\htdocs\Bessy\index.php(38): CodeIgniter\CodeIgniter->run()
#5 {main}
ERROR - 2023-02-02 14:18:45 --> Table 'baliwagc_bessy_db.chat_rooms' doesn't exist
CRITICAL - 2023-02-02 14:18:45 --> Attempt to read property "department_name" on string
#0 C:\xampp\htdocs\Bessy\app\Controllers\External.php(42): CodeIgniter\Debug\Exceptions->errorHandler(2, 'Attempt to read...', 'C:\\xampp\\htdocs...', 42)
#1 C:\xampp\htdocs\Bessy\vendor\codeigniter4\framework\system\CodeIgniter.php(832): App\Controllers\External->deptServices('assets', 'media', 'stock', '600x600', 'img-82.jpg')
#2 C:\xampp\htdocs\Bessy\vendor\codeigniter4\framework\system\CodeIgniter.php(419): CodeIgniter\CodeIgniter->runController(Object(App\Controllers\External))
#3 C:\xampp\htdocs\Bessy\vendor\codeigniter4\framework\system\CodeIgniter.php(326): CodeIgniter\CodeIgniter->handleRequest(NULL, Object(Config\Cache), false)
#4 C:\xampp\htdocs\Bessy\index.php(38): CodeIgniter\CodeIgniter->run()
#5 {main}
CRITICAL - 2023-02-02 14:35:00 --> Undefined variable $e
#0 C:\xampp\htdocs\Bessy\app\Models\MasterModel.php(133): CodeIgniter\Debug\Exceptions->errorHandler(2, 'Undefined varia...', 'C:\\xampp\\htdocs...', 133)
#1 C:\xampp\htdocs\Bessy\app\Controllers\Departments.php(165): App\Models\MasterModel->update('departments', Array, Array)
#2 C:\xampp\htdocs\Bessy\vendor\codeigniter4\framework\system\CodeIgniter.php(832): App\Controllers\Departments->updateDepartment()
#3 C:\xampp\htdocs\Bessy\vendor\codeigniter4\framework\system\CodeIgniter.php(419): CodeIgniter\CodeIgniter->runController(Object(App\Controllers\Departments))
#4 C:\xampp\htdocs\Bessy\vendor\codeigniter4\framework\system\CodeIgniter.php(326): CodeIgniter\CodeIgniter->handleRequest(NULL, Object(Config\Cache), false)
#5 C:\xampp\htdocs\Bessy\index.php(38): CodeIgniter\CodeIgniter->run()
#6 {main}
CRITICAL - 2023-02-02 14:38:36 --> CodeIgniter\Database\BaseBuilder::getCompiledUpdate(): Argument #1 ($reset) must be of type bool, array given, called in C:\xampp\htdocs\Bessy\app\Models\MasterModel.php on line 133
#0 C:\xampp\htdocs\Bessy\app\Models\MasterModel.php(133): CodeIgniter\Database\BaseBuilder->getCompiledUpdate(Array, Array)
#1 C:\xampp\htdocs\Bessy\app\Controllers\Departments.php(165): App\Models\MasterModel->update('departments', Array, Array)
#2 C:\xampp\htdocs\Bessy\vendor\codeigniter4\framework\system\CodeIgniter.php(832): App\Controllers\Departments->updateDepartment()
#3 C:\xampp\htdocs\Bessy\vendor\codeigniter4\framework\system\CodeIgniter.php(419): CodeIgniter\CodeIgniter->runController(Object(App\Controllers\Departments))
#4 C:\xampp\htdocs\Bessy\vendor\codeigniter4\framework\system\CodeIgniter.php(326): CodeIgniter\CodeIgniter->handleRequest(NULL, Object(Config\Cache), false)
#5 C:\xampp\htdocs\Bessy\index.php(38): CodeIgniter\CodeIgniter->run()
#6 {main}
CRITICAL - 2023-02-02 14:38:53 --> You must use the "set" method to update an entry.
#0 C:\xampp\htdocs\Bessy\vendor\codeigniter4\framework\system\Database\BaseBuilder.php(1866): CodeIgniter\Database\BaseBuilder->validateUpdate()
#1 C:\xampp\htdocs\Bessy\app\Models\MasterModel.php(133): CodeIgniter\Database\BaseBuilder->getCompiledUpdate()
#2 C:\xampp\htdocs\Bessy\app\Controllers\Departments.php(165): App\Models\MasterModel->update('departments', Array, Array)
#3 C:\xampp\htdocs\Bessy\vendor\codeigniter4\framework\system\CodeIgniter.php(832): App\Controllers\Departments->updateDepartment()
#4 C:\xampp\htdocs\Bessy\vendor\codeigniter4\framework\system\CodeIgniter.php(419): CodeIgniter\CodeIgniter->runController(Object(App\Controllers\Departments))
#5 C:\xampp\htdocs\Bessy\vendor\codeigniter4\framework\system\CodeIgniter.php(326): CodeIgniter\CodeIgniter->handleRequest(NULL, Object(Config\Cache), false)
#6 C:\xampp\htdocs\Bessy\index.php(38): CodeIgniter\CodeIgniter->run()
#7 {main}
CRITICAL - 2023-02-02 14:40:00 --> You must use the "set" method to update an entry.
#0 C:\xampp\htdocs\Bessy\vendor\codeigniter4\framework\system\Database\BaseBuilder.php(1866): CodeIgniter\Database\BaseBuilder->validateUpdate()
#1 C:\xampp\htdocs\Bessy\app\Models\MasterModel.php(133): CodeIgniter\Database\BaseBuilder->getCompiledUpdate(false)
#2 C:\xampp\htdocs\Bessy\app\Controllers\Departments.php(165): App\Models\MasterModel->update('departments', Array, Array)
#3 C:\xampp\htdocs\Bessy\vendor\codeigniter4\framework\system\CodeIgniter.php(832): App\Controllers\Departments->updateDepartment()
#4 C:\xampp\htdocs\Bessy\vendor\codeigniter4\framework\system\CodeIgniter.php(419): CodeIgniter\CodeIgniter->runController(Object(App\Controllers\Departments))
#5 C:\xampp\htdocs\Bessy\vendor\codeigniter4\framework\system\CodeIgniter.php(326): CodeIgniter\CodeIgniter->handleRequest(NULL, Object(Config\Cache), false)
#6 C:\xampp\htdocs\Bessy\index.php(38): CodeIgniter\CodeIgniter->run()
#7 {main}
CRITICAL - 2023-02-02 14:40:23 --> Call to a member function getCompiledUpdate() on bool
#0 C:\xampp\htdocs\Bessy\app\Controllers\Departments.php(165): App\Models\MasterModel->update('departments', Array, Array)
#1 C:\xampp\htdocs\Bessy\vendor\codeigniter4\framework\system\CodeIgniter.php(832): App\Controllers\Departments->updateDepartment()
#2 C:\xampp\htdocs\Bessy\vendor\codeigniter4\framework\system\CodeIgniter.php(419): CodeIgniter\CodeIgniter->runController(Object(App\Controllers\Departments))
#3 C:\xampp\htdocs\Bessy\vendor\codeigniter4\framework\system\CodeIgniter.php(326): CodeIgniter\CodeIgniter->handleRequest(NULL, Object(Config\Cache), false)
#4 C:\xampp\htdocs\Bessy\index.php(38): CodeIgniter\CodeIgniter->run()
#5 {main}
CRITICAL - 2023-02-02 14:41:15 --> Call to a member function getCompiledUpdate() on bool
#0 C:\xampp\htdocs\Bessy\app\Controllers\Departments.php(165): App\Models\MasterModel->update('departments', Array, Array)
#1 C:\xampp\htdocs\Bessy\vendor\codeigniter4\framework\system\CodeIgniter.php(832): App\Controllers\Departments->updateDepartment()
#2 C:\xampp\htdocs\Bessy\vendor\codeigniter4\framework\system\CodeIgniter.php(419): CodeIgniter\CodeIgniter->runController(Object(App\Controllers\Departments))
#3 C:\xampp\htdocs\Bessy\vendor\codeigniter4\framework\system\CodeIgniter.php(326): CodeIgniter\CodeIgniter->handleRequest(NULL, Object(Config\Cache), false)
#4 C:\xampp\htdocs\Bessy\index.php(38): CodeIgniter\CodeIgniter->run()
#5 {main}
CRITICAL - 2023-02-02 14:42:45 --> Call to a member function getCompiledUpdate() on bool
#0 C:\xampp\htdocs\Bessy\app\Controllers\Departments.php(165): App\Models\MasterModel->update('departments', Array, Array)
#1 C:\xampp\htdocs\Bessy\vendor\codeigniter4\framework\system\CodeIgniter.php(832): App\Controllers\Departments->updateDepartment()
#2 C:\xampp\htdocs\Bessy\vendor\codeigniter4\framework\system\CodeIgniter.php(419): CodeIgniter\CodeIgniter->runController(Object(App\Controllers\Departments))
#3 C:\xampp\htdocs\Bessy\vendor\codeigniter4\framework\system\CodeIgniter.php(326): CodeIgniter\CodeIgniter->handleRequest(NULL, Object(Config\Cache), false)
#4 C:\xampp\htdocs\Bessy\index.php(38): CodeIgniter\CodeIgniter->run()
#5 {main}
CRITICAL - 2023-02-02 14:42:59 --> Call to a member function getCompiledUpdate() on bool
#0 C:\xampp\htdocs\Bessy\app\Controllers\Departments.php(165): App\Models\MasterModel->update('departments', Array, Array)
#1 C:\xampp\htdocs\Bessy\vendor\codeigniter4\framework\system\CodeIgniter.php(832): App\Controllers\Departments->updateDepartment()
#2 C:\xampp\htdocs\Bessy\vendor\codeigniter4\framework\system\CodeIgniter.php(419): CodeIgniter\CodeIgniter->runController(Object(App\Controllers\Departments))
#3 C:\xampp\htdocs\Bessy\vendor\codeigniter4\framework\system\CodeIgniter.php(326): CodeIgniter\CodeIgniter->handleRequest(NULL, Object(Config\Cache), false)
#4 C:\xampp\htdocs\Bessy\index.php(38): CodeIgniter\CodeIgniter->run()
#5 {main}
CRITICAL - 2023-02-02 14:46:57 --> Call to a member function getCompiledUpdate() on bool
#0 C:\xampp\htdocs\Bessy\app\Controllers\Departments.php(165): App\Models\MasterModel->update('departments', Array, Array)
#1 C:\xampp\htdocs\Bessy\vendor\codeigniter4\framework\system\CodeIgniter.php(832): App\Controllers\Departments->updateDepartment()
#2 C:\xampp\htdocs\Bessy\vendor\codeigniter4\framework\system\CodeIgniter.php(419): CodeIgniter\CodeIgniter->runController(Object(App\Controllers\Departments))
#3 C:\xampp\htdocs\Bessy\vendor\codeigniter4\framework\system\CodeIgniter.php(326): CodeIgniter\CodeIgniter->handleRequest(NULL, Object(Config\Cache), false)
#4 C:\xampp\htdocs\Bessy\index.php(38): CodeIgniter\CodeIgniter->run()
#5 {main}
CRITICAL - 2023-02-02 14:47:03 --> Call to a member function getCompiledUpdate() on bool
#0 C:\xampp\htdocs\Bessy\app\Controllers\Departments.php(165): App\Models\MasterModel->update('departments', Array, Array)
#1 C:\xampp\htdocs\Bessy\vendor\codeigniter4\framework\system\CodeIgniter.php(832): App\Controllers\Departments->updateDepartment()
#2 C:\xampp\htdocs\Bessy\vendor\codeigniter4\framework\system\CodeIgniter.php(419): CodeIgniter\CodeIgniter->runController(Object(App\Controllers\Departments))
#3 C:\xampp\htdocs\Bessy\vendor\codeigniter4\framework\system\CodeIgniter.php(326): CodeIgniter\CodeIgniter->handleRequest(NULL, Object(Config\Cache), false)
#4 C:\xampp\htdocs\Bessy\index.php(38): CodeIgniter\CodeIgniter->run()
#5 {main}
CRITICAL - 2023-02-02 14:49:44 --> Call to a member function getCompiledUpdate() on bool
#0 C:\xampp\htdocs\Bessy\app\Controllers\Departments.php(165): App\Models\MasterModel->update('departments', Array, Array)
#1 C:\xampp\htdocs\Bessy\vendor\codeigniter4\framework\system\CodeIgniter.php(832): App\Controllers\Departments->updateDepartment()
#2 C:\xampp\htdocs\Bessy\vendor\codeigniter4\framework\system\CodeIgniter.php(419): CodeIgniter\CodeIgniter->runController(Object(App\Controllers\Departments))
#3 C:\xampp\htdocs\Bessy\vendor\codeigniter4\framework\system\CodeIgniter.php(326): CodeIgniter\CodeIgniter->handleRequest(NULL, Object(Config\Cache), false)
#4 C:\xampp\htdocs\Bessy\index.php(38): CodeIgniter\CodeIgniter->run()
#5 {main}
CRITICAL - 2023-02-02 14:51:35 --> Call to a member function getCompiledUpdate() on bool
#0 C:\xampp\htdocs\Bessy\app\Controllers\Departments.php(165): App\Models\MasterModel->update('departments', Array, Array)
#1 C:\xampp\htdocs\Bessy\vendor\codeigniter4\framework\system\CodeIgniter.php(832): App\Controllers\Departments->updateDepartment()
#2 C:\xampp\htdocs\Bessy\vendor\codeigniter4\framework\system\CodeIgniter.php(419): CodeIgniter\CodeIgniter->runController(Object(App\Controllers\Departments))
#3 C:\xampp\htdocs\Bessy\vendor\codeigniter4\framework\system\CodeIgniter.php(326): CodeIgniter\CodeIgniter->handleRequest(NULL, Object(Config\Cache), false)
#4 C:\xampp\htdocs\Bessy\index.php(38): CodeIgniter\CodeIgniter->run()
#5 {main}
CRITICAL - 2023-02-02 14:52:02 --> Call to a member function getCompiledUpdate() on bool
#0 C:\xampp\htdocs\Bessy\app\Controllers\Departments.php(165): App\Models\MasterModel->update('departments', Array, Array)
#1 C:\xampp\htdocs\Bessy\vendor\codeigniter4\framework\system\CodeIgniter.php(832): App\Controllers\Departments->updateDepartment()
#2 C:\xampp\htdocs\Bessy\vendor\codeigniter4\framework\system\CodeIgniter.php(419): CodeIgniter\CodeIgniter->runController(Object(App\Controllers\Departments))
#3 C:\xampp\htdocs\Bessy\vendor\codeigniter4\framework\system\CodeIgniter.php(326): CodeIgniter\CodeIgniter->handleRequest(NULL, Object(Config\Cache), false)
#4 C:\xampp\htdocs\Bessy\index.php(38): CodeIgniter\CodeIgniter->run()
#5 {main}
CRITICAL - 2023-02-02 14:53:16 --> Cannot use isset() on the result of an expression (you can use "null !== expression" instead)
#0 [internal function]: CodeIgniter\Debug\Exceptions->shutdownHandler()
#1 {main}
CRITICAL - 2023-02-02 14:55:59 --> Undefined variable $totalTime
#0 C:\xampp\htdocs\Bessy\vendor\codeigniter4\framework\system\Debug\Toolbar\Views\toolbar.tpl.php(40): CodeIgniter\Debug\Exceptions->errorHandler(2, 'Undefined varia...', 'C:\\xampp\\htdocs...', 40)
#1 C:\xampp\htdocs\Bessy\vendor\codeigniter4\framework\system\Debug\Toolbar.php(501): include('C:\\xampp\\htdocs...')
#2 C:\xampp\htdocs\Bessy\vendor\codeigniter4\framework\system\Debug\Toolbar.php(464): CodeIgniter\Debug\Toolbar->format(Array, 'html')
#3 C:\xampp\htdocs\Bessy\app\Config\Events.php(48): CodeIgniter\Debug\Toolbar->respond()
#4 C:\xampp\htdocs\Bessy\vendor\codeigniter4\framework\system\Events\Events.php(149): CodeIgniter\Events\Events::Config\{closure}()
#5 C:\xampp\htdocs\Bessy\vendor\codeigniter4\framework\system\CodeIgniter.php(308): CodeIgniter\Events\Events::trigger('pre_system')
#6 C:\xampp\htdocs\Bessy\index.php(38): CodeIgniter\CodeIgniter->run()
#7 {main}
CRITICAL - 2023-02-02 14:56:07 --> Call to a member function getCompiledUpdate() on bool
#0 C:\xampp\htdocs\Bessy\app\Controllers\Departments.php(165): App\Models\MasterModel->update('departments', Array, Array)
#1 C:\xampp\htdocs\Bessy\vendor\codeigniter4\framework\system\CodeIgniter.php(832): App\Controllers\Departments->updateDepartment()
#2 C:\xampp\htdocs\Bessy\vendor\codeigniter4\framework\system\CodeIgniter.php(419): CodeIgniter\CodeIgniter->runController(Object(App\Controllers\Departments))
#3 C:\xampp\htdocs\Bessy\vendor\codeigniter4\framework\system\CodeIgniter.php(326): CodeIgniter\CodeIgniter->handleRequest(NULL, Object(Config\Cache), false)
#4 C:\xampp\htdocs\Bessy\index.php(38): CodeIgniter\CodeIgniter->run()
#5 {main}
CRITICAL - 2023-02-02 15:00:12 --> Call to a member function getCompiledUpdate() on bool
#0 C:\xampp\htdocs\Bessy\app\Controllers\Departments.php(165): App\Models\MasterModel->update('departments', Array, Array)
#1 C:\xampp\htdocs\Bessy\vendor\codeigniter4\framework\system\CodeIgniter.php(832): App\Controllers\Departments->updateDepartment()
#2 C:\xampp\htdocs\Bessy\vendor\codeigniter4\framework\system\CodeIgniter.php(419): CodeIgniter\CodeIgniter->runController(Object(App\Controllers\Departments))
#3 C:\xampp\htdocs\Bessy\vendor\codeigniter4\framework\system\CodeIgniter.php(326): CodeIgniter\CodeIgniter->handleRequest(NULL, Object(Config\Cache), false)
#4 C:\xampp\htdocs\Bessy\index.php(38): CodeIgniter\CodeIgniter->run()
#5 {main}
CRITICAL - 2023-02-02 15:00:43 --> Call to a member function getCompiledUpdate() on bool
#0 C:\xampp\htdocs\Bessy\app\Controllers\Departments.php(165): App\Models\MasterModel->update('departments', Array, Array)
#1 C:\xampp\htdocs\Bessy\vendor\codeigniter4\framework\system\CodeIgniter.php(832): App\Controllers\Departments->updateDepartment()
#2 C:\xampp\htdocs\Bessy\vendor\codeigniter4\framework\system\CodeIgniter.php(419): CodeIgniter\CodeIgniter->runController(Object(App\Controllers\Departments))
#3 C:\xampp\htdocs\Bessy\vendor\codeigniter4\framework\system\CodeIgniter.php(326): CodeIgniter\CodeIgniter->handleRequest(NULL, Object(Config\Cache), false)
#4 C:\xampp\htdocs\Bessy\index.php(38): CodeIgniter\CodeIgniter->run()
#5 {main}
CRITICAL - 2023-02-02 15:03:10 --> Call to a member function getCompiledUpdate() on bool
#0 C:\xampp\htdocs\Bessy\app\Controllers\Departments.php(165): App\Models\MasterModel->update('departments', Array, Array)
#1 C:\xampp\htdocs\Bessy\vendor\codeigniter4\framework\system\CodeIgniter.php(832): App\Controllers\Departments->updateDepartment()
#2 C:\xampp\htdocs\Bessy\vendor\codeigniter4\framework\system\CodeIgniter.php(419): CodeIgniter\CodeIgniter->runController(Object(App\Controllers\Departments))
#3 C:\xampp\htdocs\Bessy\vendor\codeigniter4\framework\system\CodeIgniter.php(326): CodeIgniter\CodeIgniter->handleRequest(NULL, Object(Config\Cache), false)
#4 C:\xampp\htdocs\Bessy\index.php(38): CodeIgniter\CodeIgniter->run()
#5 {main}
ERROR - 2023-02-02 15:14:31 --> Table 'baliwagc_bessy_db.chat_rooms' doesn't exist
ERROR - 2023-02-02 15:14:31 --> Table 'baliwagc_bessy_db.chat_rooms' doesn't exist
ERROR - 2023-02-02 15:14:32 --> Table 'baliwagc_bessy_db.chat_rooms' doesn't exist
CRITICAL - 2023-02-02 15:14:32 --> Attempt to read property "department_name" on string
#0 C:\xampp\htdocs\Bessy\app\Controllers\External.php(42): CodeIgniter\Debug\Exceptions->errorHandler(2, 'Attempt to read...', 'C:\\xampp\\htdocs...', 42)
#1 C:\xampp\htdocs\Bessy\vendor\codeigniter4\framework\system\CodeIgniter.php(832): App\Controllers\External->deptServices('assets', 'media', 'stock', '900x600', '44.jpg')
#2 C:\xampp\htdocs\Bessy\vendor\codeigniter4\framework\system\CodeIgniter.php(419): CodeIgniter\CodeIgniter->runController(Object(App\Controllers\External))
#3 C:\xampp\htdocs\Bessy\vendor\codeigniter4\framework\system\CodeIgniter.php(326): CodeIgniter\CodeIgniter->handleRequest(NULL, Object(Config\Cache), false)
#4 C:\xampp\htdocs\Bessy\index.php(38): CodeIgniter\CodeIgniter->run()
#5 {main}
ERROR - 2023-02-02 15:14:32 --> Table 'baliwagc_bessy_db.chat_rooms' doesn't exist
CRITICAL - 2023-02-02 15:14:32 --> Attempt to read property "department_name" on string
#0 C:\xampp\htdocs\Bessy\app\Controllers\External.php(42): CodeIgniter\Debug\Exceptions->errorHandler(2, 'Attempt to read...', 'C:\\xampp\\htdocs...', 42)
#1 C:\xampp\htdocs\Bessy\vendor\codeigniter4\framework\system\CodeIgniter.php(832): App\Controllers\External->deptServices('assets', 'media', 'stock', '600x600', 'img-84.jpg')
#2 C:\xampp\htdocs\Bessy\vendor\codeigniter4\framework\system\CodeIgniter.php(419): CodeIgniter\CodeIgniter->runController(Object(App\Controllers\External))
#3 C:\xampp\htdocs\Bessy\vendor\codeigniter4\framework\system\CodeIgniter.php(326): CodeIgniter\CodeIgniter->handleRequest(NULL, Object(Config\Cache), false)
#4 C:\xampp\htdocs\Bessy\index.php(38): CodeIgniter\CodeIgniter->run()
#5 {main}
ERROR - 2023-02-02 15:14:32 --> Table 'baliwagc_bessy_db.chat_rooms' doesn't exist
CRITICAL - 2023-02-02 15:14:32 --> Attempt to read property "department_name" on string
#0 C:\xampp\htdocs\Bessy\app\Controllers\External.php(42): CodeIgniter\Debug\Exceptions->errorHandler(2, 'Attempt to read...', 'C:\\xampp\\htdocs...', 42)
#1 C:\xampp\htdocs\Bessy\vendor\codeigniter4\framework\system\CodeIgniter.php(832): App\Controllers\External->deptServices('assets', 'media', 'stock', '600x600', 'img-82.jpg')
#2 C:\xampp\htdocs\Bessy\vendor\codeigniter4\framework\system\CodeIgniter.php(419): CodeIgniter\CodeIgniter->runController(Object(App\Controllers\External))
#3 C:\xampp\htdocs\Bessy\vendor\codeigniter4\framework\system\CodeIgniter.php(326): CodeIgniter\CodeIgniter->handleRequest(NULL, Object(Config\Cache), false)
#4 C:\xampp\htdocs\Bessy\index.php(38): CodeIgniter\CodeIgniter->run()
#5 {main}
ERROR - 2023-02-02 15:14:32 --> Table 'baliwagc_bessy_db.chat_rooms' doesn't exist
CRITICAL - 2023-02-02 15:14:32 --> Attempt to read property "department_name" on string
#0 C:\xampp\htdocs\Bessy\app\Controllers\External.php(42): CodeIgniter\Debug\Exceptions->errorHandler(2, 'Attempt to read...', 'C:\\xampp\\htdocs...', 42)
#1 C:\xampp\htdocs\Bessy\vendor\codeigniter4\framework\system\CodeIgniter.php(832): App\Controllers\External->deptServices('assets', 'media', 'stock', '900x600', '46.jpg')
#2 C:\xampp\htdocs\Bessy\vendor\codeigniter4\framework\system\CodeIgniter.php(419): CodeIgniter\CodeIgniter->runController(Object(App\Controllers\External))
#3 C:\xampp\htdocs\Bessy\vendor\codeigniter4\framework\system\CodeIgniter.php(326): CodeIgniter\CodeIgniter->handleRequest(NULL, Object(Config\Cache), false)
#4 C:\xampp\htdocs\Bessy\index.php(38): CodeIgniter\CodeIgniter->run()
#5 {main}
ERROR - 2023-02-02 15:16:09 --> Unknown column 'deptServices' in 'field list'
ERROR - 2023-02-02 15:16:09 --> Table 'baliwagc_bessy_db.chat_rooms' doesn't exist
ERROR - 2023-02-02 15:16:09 --> Table 'baliwagc_bessy_db.chat_rooms' doesn't exist
ERROR - 2023-02-02 15:16:10 --> Unknown column 'deptServices' in 'field list'
ERROR - 2023-02-02 15:16:10 --> Table 'baliwagc_bessy_db.chat_rooms' doesn't exist
CRITICAL - 2023-02-02 15:16:10 --> Attempt to read property "department_name" on string
#0 C:\xampp\htdocs\Bessy\app\Controllers\External.php(42): CodeIgniter\Debug\Exceptions->errorHandler(2, 'Attempt to read...', 'C:\\xampp\\htdocs...', 42)
#1 C:\xampp\htdocs\Bessy\vendor\codeigniter4\framework\system\CodeIgniter.php(832): App\Controllers\External->deptServices('assets', 'media', 'stock', '900x600', '44.jpg')
#2 C:\xampp\htdocs\Bessy\vendor\codeigniter4\framework\system\CodeIgniter.php(419): CodeIgniter\CodeIgniter->runController(Object(App\Controllers\External))
#3 C:\xampp\htdocs\Bessy\vendor\codeigniter4\framework\system\CodeIgniter.php(326): CodeIgniter\CodeIgniter->handleRequest(NULL, Object(Config\Cache), false)
#4 C:\xampp\htdocs\Bessy\index.php(38): CodeIgniter\CodeIgniter->run()
#5 {main}
ERROR - 2023-02-02 15:16:10 --> Unknown column 'deptServices' in 'field list'
ERROR - 2023-02-02 15:16:10 --> Table 'baliwagc_bessy_db.chat_rooms' doesn't exist
CRITICAL - 2023-02-02 15:16:10 --> Attempt to read property "department_name" on string
#0 C:\xampp\htdocs\Bessy\app\Controllers\External.php(42): CodeIgniter\Debug\Exceptions->errorHandler(2, 'Attempt to read...', 'C:\\xampp\\htdocs...', 42)
#1 C:\xampp\htdocs\Bessy\vendor\codeigniter4\framework\system\CodeIgniter.php(832): App\Controllers\External->deptServices('assets', 'media', 'stock', '600x600', 'img-82.jpg')
#2 C:\xampp\htdocs\Bessy\vendor\codeigniter4\framework\system\CodeIgniter.php(419): CodeIgniter\CodeIgniter->runController(Object(App\Controllers\External))
#3 C:\xampp\htdocs\Bessy\vendor\codeigniter4\framework\system\CodeIgniter.php(326): CodeIgniter\CodeIgniter->handleRequest(NULL, Object(Config\Cache), false)
#4 C:\xampp\htdocs\Bessy\index.php(38): CodeIgniter\CodeIgniter->run()
#5 {main}
ERROR - 2023-02-02 15:16:10 --> Unknown column 'deptServices' in 'field list'
ERROR - 2023-02-02 15:16:10 --> Table 'baliwagc_bessy_db.chat_rooms' doesn't exist
CRITICAL - 2023-02-02 15:16:10 --> Attempt to read property "department_name" on string
#0 C:\xampp\htdocs\Bessy\app\Controllers\External.php(42): CodeIgniter\Debug\Exceptions->errorHandler(2, 'Attempt to read...', 'C:\\xampp\\htdocs...', 42)
#1 C:\xampp\htdocs\Bessy\vendor\codeigniter4\framework\system\CodeIgniter.php(832): App\Controllers\External->deptServices('assets', 'media', 'stock', '600x600', 'img-84.jpg')
#2 C:\xampp\htdocs\Bessy\vendor\codeigniter4\framework\system\CodeIgniter.php(419): CodeIgniter\CodeIgniter->runController(Object(App\Controllers\External))
#3 C:\xampp\htdocs\Bessy\vendor\codeigniter4\framework\system\CodeIgniter.php(326): CodeIgniter\CodeIgniter->handleRequest(NULL, Object(Config\Cache), false)
#4 C:\xampp\htdocs\Bessy\index.php(38): CodeIgniter\CodeIgniter->run()
#5 {main}
ERROR - 2023-02-02 15:16:10 --> Unknown column 'deptServices' in 'field list'
ERROR - 2023-02-02 15:16:10 --> Table 'baliwagc_bessy_db.chat_rooms' doesn't exist
CRITICAL - 2023-02-02 15:16:10 --> Attempt to read property "department_name" on string
#0 C:\xampp\htdocs\Bessy\app\Controllers\External.php(42): CodeIgniter\Debug\Exceptions->errorHandler(2, 'Attempt to read...', 'C:\\xampp\\htdocs...', 42)
#1 C:\xampp\htdocs\Bessy\vendor\codeigniter4\framework\system\CodeIgniter.php(832): App\Controllers\External->deptServices('assets', 'media', 'stock', '900x600', '46.jpg')
#2 C:\xampp\htdocs\Bessy\vendor\codeigniter4\framework\system\CodeIgniter.php(419): CodeIgniter\CodeIgniter->runController(Object(App\Controllers\External))
#3 C:\xampp\htdocs\Bessy\vendor\codeigniter4\framework\system\CodeIgniter.php(326): CodeIgniter\CodeIgniter->handleRequest(NULL, Object(Config\Cache), false)
#4 C:\xampp\htdocs\Bessy\index.php(38): CodeIgniter\CodeIgniter->run()
#5 {main}
ERROR - 2023-02-02 15:16:19 --> Unknown column 'deptServices' in 'field list'
ERROR - 2023-02-02 15:16:19 --> Table 'baliwagc_bessy_db.chat_rooms' doesn't exist
ERROR - 2023-02-02 15:16:19 --> Table 'baliwagc_bessy_db.chat_rooms' doesn't exist
ERROR - 2023-02-02 15:16:20 --> Unknown column 'deptServices' in 'field list'
ERROR - 2023-02-02 15:16:20 --> Table 'baliwagc_bessy_db.chat_rooms' doesn't exist
CRITICAL - 2023-02-02 15:16:20 --> Attempt to read property "department_name" on string
#0 C:\xampp\htdocs\Bessy\app\Controllers\External.php(42): CodeIgniter\Debug\Exceptions->errorHandler(2, 'Attempt to read...', 'C:\\xampp\\htdocs...', 42)
#1 C:\xampp\htdocs\Bessy\vendor\codeigniter4\framework\system\CodeIgniter.php(832): App\Controllers\External->deptServices('assets', 'media', 'stock', '900x600', '44.jpg')
#2 C:\xampp\htdocs\Bessy\vendor\codeigniter4\framework\system\CodeIgniter.php(419): CodeIgniter\CodeIgniter->runController(Object(App\Controllers\External))
#3 C:\xampp\htdocs\Bessy\vendor\codeigniter4\framework\system\CodeIgniter.php(326): CodeIgniter\CodeIgniter->handleRequest(NULL, Object(Config\Cache), false)
#4 C:\xampp\htdocs\Bessy\index.php(38): CodeIgniter\CodeIgniter->run()
#5 {main}
ERROR - 2023-02-02 15:16:20 --> Unknown column 'deptServices' in 'field list'
ERROR - 2023-02-02 15:16:20 --> Table 'baliwagc_bessy_db.chat_rooms' doesn't exist
CRITICAL - 2023-02-02 15:16:20 --> Attempt to read property "department_name" on string
#0 C:\xampp\htdocs\Bessy\app\Controllers\External.php(42): CodeIgniter\Debug\Exceptions->errorHandler(2, 'Attempt to read...', 'C:\\xampp\\htdocs...', 42)
#1 C:\xampp\htdocs\Bessy\vendor\codeigniter4\framework\system\CodeIgniter.php(832): App\Controllers\External->deptServices('assets', 'media', 'stock', '600x600', 'img-84.jpg')
#2 C:\xampp\htdocs\Bessy\vendor\codeigniter4\framework\system\CodeIgniter.php(419): CodeIgniter\CodeIgniter->runController(Object(App\Controllers\External))
#3 C:\xampp\htdocs\Bessy\vendor\codeigniter4\framework\system\CodeIgniter.php(326): CodeIgniter\CodeIgniter->handleRequest(NULL, Object(Config\Cache), false)
#4 C:\xampp\htdocs\Bessy\index.php(38): CodeIgniter\CodeIgniter->run()
#5 {main}
ERROR - 2023-02-02 15:16:20 --> Unknown column 'deptServices' in 'field list'
ERROR - 2023-02-02 15:16:20 --> Table 'baliwagc_bessy_db.chat_rooms' doesn't exist
CRITICAL - 2023-02-02 15:16:20 --> Attempt to read property "department_name" on string
#0 C:\xampp\htdocs\Bessy\app\Controllers\External.php(42): CodeIgniter\Debug\Exceptions->errorHandler(2, 'Attempt to read...', 'C:\\xampp\\htdocs...', 42)
#1 C:\xampp\htdocs\Bessy\vendor\codeigniter4\framework\system\CodeIgniter.php(832): App\Controllers\External->deptServices('assets', 'media', 'stock', '900x600', '46.jpg')
#2 C:\xampp\htdocs\Bessy\vendor\codeigniter4\framework\system\CodeIgniter.php(419): CodeIgniter\CodeIgniter->runController(Object(App\Controllers\External))
#3 C:\xampp\htdocs\Bessy\vendor\codeigniter4\framework\system\CodeIgniter.php(326): CodeIgniter\CodeIgniter->handleRequest(NULL, Object(Config\Cache), false)
#4 C:\xampp\htdocs\Bessy\index.php(38): CodeIgniter\CodeIgniter->run()
#5 {main}
ERROR - 2023-02-02 15:16:20 --> Unknown column 'deptServices' in 'field list'
ERROR - 2023-02-02 15:16:20 --> Table 'baliwagc_bessy_db.chat_rooms' doesn't exist
CRITICAL - 2023-02-02 15:16:20 --> Attempt to read property "department_name" on string
#0 C:\xampp\htdocs\Bessy\app\Controllers\External.php(42): CodeIgniter\Debug\Exceptions->errorHandler(2, 'Attempt to read...', 'C:\\xampp\\htdocs...', 42)
#1 C:\xampp\htdocs\Bessy\vendor\codeigniter4\framework\system\CodeIgniter.php(832): App\Controllers\External->deptServices('assets', 'media', 'stock', '600x600', 'img-82.jpg')
#2 C:\xampp\htdocs\Bessy\vendor\codeigniter4\framework\system\CodeIgniter.php(419): CodeIgniter\CodeIgniter->runController(Object(App\Controllers\External))
#3 C:\xampp\htdocs\Bessy\vendor\codeigniter4\framework\system\CodeIgniter.php(326): CodeIgniter\CodeIgniter->handleRequest(NULL, Object(Config\Cache), false)
#4 C:\xampp\htdocs\Bessy\index.php(38): CodeIgniter\CodeIgniter->run()
#5 {main}
ERROR - 2023-02-02 15:16:27 --> Unknown column 'deptServices' in 'field list'
ERROR - 2023-02-02 15:16:27 --> Table 'baliwagc_bessy_db.chat_rooms' doesn't exist
ERROR - 2023-02-02 15:16:27 --> Table 'baliwagc_bessy_db.chat_rooms' doesn't exist
ERROR - 2023-02-02 15:16:28 --> Unknown column 'deptServices' in 'field list'
ERROR - 2023-02-02 15:16:28 --> Table 'baliwagc_bessy_db.chat_rooms' doesn't exist
CRITICAL - 2023-02-02 15:16:28 --> Attempt to read property "department_name" on string
#0 C:\xampp\htdocs\Bessy\app\Controllers\External.php(42): CodeIgniter\Debug\Exceptions->errorHandler(2, 'Attempt to read...', 'C:\\xampp\\htdocs...', 42)
#1 C:\xampp\htdocs\Bessy\vendor\codeigniter4\framework\system\CodeIgniter.php(832): App\Controllers\External->deptServices('assets', 'media', 'stock', '900x600', '44.jpg')
#2 C:\xampp\htdocs\Bessy\vendor\codeigniter4\framework\system\CodeIgniter.php(419): CodeIgniter\CodeIgniter->runController(Object(App\Controllers\External))
#3 C:\xampp\htdocs\Bessy\vendor\codeigniter4\framework\system\CodeIgniter.php(326): CodeIgniter\CodeIgniter->handleRequest(NULL, Object(Config\Cache), false)
#4 C:\xampp\htdocs\Bessy\index.php(38): CodeIgniter\CodeIgniter->run()
#5 {main}
ERROR - 2023-02-02 15:16:28 --> Unknown column 'deptServices' in 'field list'
ERROR - 2023-02-02 15:16:28 --> Table 'baliwagc_bessy_db.chat_rooms' doesn't exist
CRITICAL - 2023-02-02 15:16:28 --> Attempt to read property "department_name" on string
#0 C:\xampp\htdocs\Bessy\app\Controllers\External.php(42): CodeIgniter\Debug\Exceptions->errorHandler(2, 'Attempt to read...', 'C:\\xampp\\htdocs...', 42)
#1 C:\xampp\htdocs\Bessy\vendor\codeigniter4\framework\system\CodeIgniter.php(832): App\Controllers\External->deptServices('assets', 'media', 'stock', '600x600', 'img-84.jpg')
#2 C:\xampp\htdocs\Bessy\vendor\codeigniter4\framework\system\CodeIgniter.php(419): CodeIgniter\CodeIgniter->runController(Object(App\Controllers\External))
#3 C:\xampp\htdocs\Bessy\vendor\codeigniter4\framework\system\CodeIgniter.php(326): CodeIgniter\CodeIgniter->handleRequest(NULL, Object(Config\Cache), false)
#4 C:\xampp\htdocs\Bessy\index.php(38): CodeIgniter\CodeIgniter->run()
#5 {main}
ERROR - 2023-02-02 15:16:28 --> Unknown column 'deptServices' in 'field list'
ERROR - 2023-02-02 15:16:28 --> Table 'baliwagc_bessy_db.chat_rooms' doesn't exist
CRITICAL - 2023-02-02 15:16:28 --> Attempt to read property "department_name" on string
#0 C:\xampp\htdocs\Bessy\app\Controllers\External.php(42): CodeIgniter\Debug\Exceptions->errorHandler(2, 'Attempt to read...', 'C:\\xampp\\htdocs...', 42)
#1 C:\xampp\htdocs\Bessy\vendor\codeigniter4\framework\system\CodeIgniter.php(832): App\Controllers\External->deptServices('assets', 'media', 'stock', '900x600', '46.jpg')
#2 C:\xampp\htdocs\Bessy\vendor\codeigniter4\framework\system\CodeIgniter.php(419): CodeIgniter\CodeIgniter->runController(Object(App\Controllers\External))
#3 C:\xampp\htdocs\Bessy\vendor\codeigniter4\framework\system\CodeIgniter.php(326): CodeIgniter\CodeIgniter->handleRequest(NULL, Object(Config\Cache), false)
#4 C:\xampp\htdocs\Bessy\index.php(38): CodeIgniter\CodeIgniter->run()
#5 {main}
ERROR - 2023-02-02 15:16:28 --> Unknown column 'deptServices' in 'field list'
ERROR - 2023-02-02 15:16:28 --> Table 'baliwagc_bessy_db.chat_rooms' doesn't exist
CRITICAL - 2023-02-02 15:16:28 --> Attempt to read property "department_name" on string
#0 C:\xampp\htdocs\Bessy\app\Controllers\External.php(42): CodeIgniter\Debug\Exceptions->errorHandler(2, 'Attempt to read...', 'C:\\xampp\\htdocs...', 42)
#1 C:\xampp\htdocs\Bessy\vendor\codeigniter4\framework\system\CodeIgniter.php(832): App\Controllers\External->deptServices('assets', 'media', 'stock', '600x600', 'img-82.jpg')
#2 C:\xampp\htdocs\Bessy\vendor\codeigniter4\framework\system\CodeIgniter.php(419): CodeIgniter\CodeIgniter->runController(Object(App\Controllers\External))
#3 C:\xampp\htdocs\Bessy\vendor\codeigniter4\framework\system\CodeIgniter.php(326): CodeIgniter\CodeIgniter->handleRequest(NULL, Object(Config\Cache), false)
#4 C:\xampp\htdocs\Bessy\index.php(38): CodeIgniter\CodeIgniter->run()
#5 {main}
ERROR - 2023-02-02 15:17:34 --> Table 'baliwagc_bessy_db.chat_rooms' doesn't exist
ERROR - 2023-02-02 15:17:34 --> Table 'baliwagc_bessy_db.chat_rooms' doesn't exist
ERROR - 2023-02-02 15:17:35 --> Table 'baliwagc_bessy_db.chat_rooms' doesn't exist
CRITICAL - 2023-02-02 15:17:35 --> Attempt to read property "department_name" on string
#0 C:\xampp\htdocs\Bessy\app\Controllers\External.php(42): CodeIgniter\Debug\Exceptions->errorHandler(2, 'Attempt to read...', 'C:\\xampp\\htdocs...', 42)
#1 C:\xampp\htdocs\Bessy\vendor\codeigniter4\framework\system\CodeIgniter.php(832): App\Controllers\External->deptServices('assets', 'media', 'stock', '900x600', '44.jpg')
#2 C:\xampp\htdocs\Bessy\vendor\codeigniter4\framework\system\CodeIgniter.php(419): CodeIgniter\CodeIgniter->runController(Object(App\Controllers\External))
#3 C:\xampp\htdocs\Bessy\vendor\codeigniter4\framework\system\CodeIgniter.php(326): CodeIgniter\CodeIgniter->handleRequest(NULL, Object(Config\Cache), false)
#4 C:\xampp\htdocs\Bessy\index.php(38): CodeIgniter\CodeIgniter->run()
#5 {main}
ERROR - 2023-02-02 15:17:35 --> Table 'baliwagc_bessy_db.chat_rooms' doesn't exist
CRITICAL - 2023-02-02 15:17:35 --> Attempt to read property "department_name" on string
#0 C:\xampp\htdocs\Bessy\app\Controllers\External.php(42): CodeIgniter\Debug\Exceptions->errorHandler(2, 'Attempt to read...', 'C:\\xampp\\htdocs...', 42)
#1 C:\xampp\htdocs\Bessy\vendor\codeigniter4\framework\system\CodeIgniter.php(832): App\Controllers\External->deptServices('assets', 'media', 'stock', '600x600', 'img-84.jpg')
#2 C:\xampp\htdocs\Bessy\vendor\codeigniter4\framework\system\CodeIgniter.php(419): CodeIgniter\CodeIgniter->runController(Object(App\Controllers\External))
#3 C:\xampp\htdocs\Bessy\vendor\codeigniter4\framework\system\CodeIgniter.php(326): CodeIgniter\CodeIgniter->handleRequest(NULL, Object(Config\Cache), false)
#4 C:\xampp\htdocs\Bessy\index.php(38): CodeIgniter\CodeIgniter->run()
#5 {main}
ERROR - 2023-02-02 15:17:35 --> Table 'baliwagc_bessy_db.chat_rooms' doesn't exist
CRITICAL - 2023-02-02 15:17:35 --> Attempt to read property "department_name" on string
#0 C:\xampp\htdocs\Bessy\app\Controllers\External.php(42): CodeIgniter\Debug\Exceptions->errorHandler(2, 'Attempt to read...', 'C:\\xampp\\htdocs...', 42)
#1 C:\xampp\htdocs\Bessy\vendor\codeigniter4\framework\system\CodeIgniter.php(832): App\Controllers\External->deptServices('assets', 'media', 'stock', '900x600', '46.jpg')
#2 C:\xampp\htdocs\Bessy\vendor\codeigniter4\framework\system\CodeIgniter.php(419): CodeIgniter\CodeIgniter->runController(Object(App\Controllers\External))
#3 C:\xampp\htdocs\Bessy\vendor\codeigniter4\framework\system\CodeIgniter.php(326): CodeIgniter\CodeIgniter->handleRequest(NULL, Object(Config\Cache), false)
#4 C:\xampp\htdocs\Bessy\index.php(38): CodeIgniter\CodeIgniter->run()
#5 {main}
ERROR - 2023-02-02 15:17:35 --> Table 'baliwagc_bessy_db.chat_rooms' doesn't exist
CRITICAL - 2023-02-02 15:17:35 --> Attempt to read property "department_name" on string
#0 C:\xampp\htdocs\Bessy\app\Controllers\External.php(42): CodeIgniter\Debug\Exceptions->errorHandler(2, 'Attempt to read...', 'C:\\xampp\\htdocs...', 42)
#1 C:\xampp\htdocs\Bessy\vendor\codeigniter4\framework\system\CodeIgniter.php(832): App\Controllers\External->deptServices('assets', 'media', 'stock', '600x600', 'img-82.jpg')
#2 C:\xampp\htdocs\Bessy\vendor\codeigniter4\framework\system\CodeIgniter.php(419): CodeIgniter\CodeIgniter->runController(Object(App\Controllers\External))
#3 C:\xampp\htdocs\Bessy\vendor\codeigniter4\framework\system\CodeIgniter.php(326): CodeIgniter\CodeIgniter->handleRequest(NULL, Object(Config\Cache), false)
#4 C:\xampp\htdocs\Bessy\index.php(38): CodeIgniter\CodeIgniter->run()
#5 {main}
ERROR - 2023-02-02 15:17:41 --> Table 'baliwagc_bessy_db.chat_rooms' doesn't exist
ERROR - 2023-02-02 15:17:41 --> Table 'baliwagc_bessy_db.chat_rooms' doesn't exist
ERROR - 2023-02-02 15:17:41 --> Table 'baliwagc_bessy_db.chat_rooms' doesn't exist
CRITICAL - 2023-02-02 15:17:41 --> Attempt to read property "department_name" on string
#0 C:\xampp\htdocs\Bessy\app\Controllers\External.php(42): CodeIgniter\Debug\Exceptions->errorHandler(2, 'Attempt to read...', 'C:\\xampp\\htdocs...', 42)
#1 C:\xampp\htdocs\Bessy\vendor\codeigniter4\framework\system\CodeIgniter.php(832): App\Controllers\External->deptServices('assets', 'media', 'stock', '900x600', '44.jpg')
#2 C:\xampp\htdocs\Bessy\vendor\codeigniter4\framework\system\CodeIgniter.php(419): CodeIgniter\CodeIgniter->runController(Object(App\Controllers\External))
#3 C:\xampp\htdocs\Bessy\vendor\codeigniter4\framework\system\CodeIgniter.php(326): CodeIgniter\CodeIgniter->handleRequest(NULL, Object(Config\Cache), false)
#4 C:\xampp\htdocs\Bessy\index.php(38): CodeIgniter\CodeIgniter->run()
#5 {main}
ERROR - 2023-02-02 15:17:41 --> Table 'baliwagc_bessy_db.chat_rooms' doesn't exist
CRITICAL - 2023-02-02 15:17:41 --> Attempt to read property "department_name" on string
#0 C:\xampp\htdocs\Bessy\app\Controllers\External.php(42): CodeIgniter\Debug\Exceptions->errorHandler(2, 'Attempt to read...', 'C:\\xampp\\htdocs...', 42)
#1 C:\xampp\htdocs\Bessy\vendor\codeigniter4\framework\system\CodeIgniter.php(832): App\Controllers\External->deptServices('assets', 'media', 'stock', '600x600', 'img-82.jpg')
#2 C:\xampp\htdocs\Bessy\vendor\codeigniter4\framework\system\CodeIgniter.php(419): CodeIgniter\CodeIgniter->runController(Object(App\Controllers\External))
#3 C:\xampp\htdocs\Bessy\vendor\codeigniter4\framework\system\CodeIgniter.php(326): CodeIgniter\CodeIgniter->handleRequest(NULL, Object(Config\Cache), false)
#4 C:\xampp\htdocs\Bessy\index.php(38): CodeIgniter\CodeIgniter->run()
#5 {main}
ERROR - 2023-02-02 15:17:41 --> Table 'baliwagc_bessy_db.chat_rooms' doesn't exist
CRITICAL - 2023-02-02 15:17:41 --> Attempt to read property "department_name" on string
#0 C:\xampp\htdocs\Bessy\app\Controllers\External.php(42): CodeIgniter\Debug\Exceptions->errorHandler(2, 'Attempt to read...', 'C:\\xampp\\htdocs...', 42)
#1 C:\xampp\htdocs\Bessy\vendor\codeigniter4\framework\system\CodeIgniter.php(832): App\Controllers\External->deptServices('assets', 'media', 'stock', '900x600', '46.jpg')
#2 C:\xampp\htdocs\Bessy\vendor\codeigniter4\framework\system\CodeIgniter.php(419): CodeIgniter\CodeIgniter->runController(Object(App\Controllers\External))
#3 C:\xampp\htdocs\Bessy\vendor\codeigniter4\framework\system\CodeIgniter.php(326): CodeIgniter\CodeIgniter->handleRequest(NULL, Object(Config\Cache), false)
#4 C:\xampp\htdocs\Bessy\index.php(38): CodeIgniter\CodeIgniter->run()
#5 {main}
ERROR - 2023-02-02 15:17:41 --> Table 'baliwagc_bessy_db.chat_rooms' doesn't exist
CRITICAL - 2023-02-02 15:17:41 --> Attempt to read property "department_name" on string
#0 C:\xampp\htdocs\Bessy\app\Controllers\External.php(42): CodeIgniter\Debug\Exceptions->errorHandler(2, 'Attempt to read...', 'C:\\xampp\\htdocs...', 42)
#1 C:\xampp\htdocs\Bessy\vendor\codeigniter4\framework\system\CodeIgniter.php(832): App\Controllers\External->deptServices('assets', 'media', 'stock', '600x600', 'img-84.jpg')
#2 C:\xampp\htdocs\Bessy\vendor\codeigniter4\framework\system\CodeIgniter.php(419): CodeIgniter\CodeIgniter->runController(Object(App\Controllers\External))
#3 C:\xampp\htdocs\Bessy\vendor\codeigniter4\framework\system\CodeIgniter.php(326): CodeIgniter\CodeIgniter->handleRequest(NULL, Object(Config\Cache), false)
#4 C:\xampp\htdocs\Bessy\index.php(38): CodeIgniter\CodeIgniter->run()
#5 {main}
ERROR - 2023-02-02 15:18:42 --> Table 'baliwagc_bessy_db.chat_rooms' doesn't exist
ERROR - 2023-02-02 15:18:42 --> Table 'baliwagc_bessy_db.chat_rooms' doesn't exist
ERROR - 2023-02-02 15:18:43 --> Table 'baliwagc_bessy_db.chat_rooms' doesn't exist
CRITICAL - 2023-02-02 15:18:43 --> Attempt to read property "department_name" on string
#0 C:\xampp\htdocs\Bessy\app\Controllers\External.php(42): CodeIgniter\Debug\Exceptions->errorHandler(2, 'Attempt to read...', 'C:\\xampp\\htdocs...', 42)
#1 C:\xampp\htdocs\Bessy\vendor\codeigniter4\framework\system\CodeIgniter.php(832): App\Controllers\External->deptServices('assets', 'media', 'stock', '900x600', '44.jpg')
#2 C:\xampp\htdocs\Bessy\vendor\codeigniter4\framework\system\CodeIgniter.php(419): CodeIgniter\CodeIgniter->runController(Object(App\Controllers\External))
#3 C:\xampp\htdocs\Bessy\vendor\codeigniter4\framework\system\CodeIgniter.php(326): CodeIgniter\CodeIgniter->handleRequest(NULL, Object(Config\Cache), false)
#4 C:\xampp\htdocs\Bessy\index.php(38): CodeIgniter\CodeIgniter->run()
#5 {main}
ERROR - 2023-02-02 15:18:43 --> Table 'baliwagc_bessy_db.chat_rooms' doesn't exist
CRITICAL - 2023-02-02 15:18:43 --> Attempt to read property "department_name" on string
#0 C:\xampp\htdocs\Bessy\app\Controllers\External.php(42): CodeIgniter\Debug\Exceptions->errorHandler(2, 'Attempt to read...', 'C:\\xampp\\htdocs...', 42)
#1 C:\xampp\htdocs\Bessy\vendor\codeigniter4\framework\system\CodeIgniter.php(832): App\Controllers\External->deptServices('assets', 'media', 'stock', '600x600', 'img-84.jpg')
#2 C:\xampp\htdocs\Bessy\vendor\codeigniter4\framework\system\CodeIgniter.php(419): CodeIgniter\CodeIgniter->runController(Object(App\Controllers\External))
#3 C:\xampp\htdocs\Bessy\vendor\codeigniter4\framework\system\CodeIgniter.php(326): CodeIgniter\CodeIgniter->handleRequest(NULL, Object(Config\Cache), false)
#4 C:\xampp\htdocs\Bessy\index.php(38): CodeIgniter\CodeIgniter->run()
#5 {main}
ERROR - 2023-02-02 15:18:43 --> Table 'baliwagc_bessy_db.chat_rooms' doesn't exist
CRITICAL - 2023-02-02 15:18:43 --> Attempt to read property "department_name" on string
#0 C:\xampp\htdocs\Bessy\app\Controllers\External.php(42): CodeIgniter\Debug\Exceptions->errorHandler(2, 'Attempt to read...', 'C:\\xampp\\htdocs...', 42)
#1 C:\xampp\htdocs\Bessy\vendor\codeigniter4\framework\system\CodeIgniter.php(832): App\Controllers\External->deptServices('assets', 'media', 'stock', '600x600', 'img-82.jpg')
#2 C:\xampp\htdocs\Bessy\vendor\codeigniter4\framework\system\CodeIgniter.php(419): CodeIgniter\CodeIgniter->runController(Object(App\Controllers\External))
#3 C:\xampp\htdocs\Bessy\vendor\codeigniter4\framework\system\CodeIgniter.php(326): CodeIgniter\CodeIgniter->handleRequest(NULL, Object(Config\Cache), false)
#4 C:\xampp\htdocs\Bessy\index.php(38): CodeIgniter\CodeIgniter->run()
#5 {main}
ERROR - 2023-02-02 15:18:43 --> Table 'baliwagc_bessy_db.chat_rooms' doesn't exist
CRITICAL - 2023-02-02 15:18:43 --> Attempt to read property "department_name" on string
#0 C:\xampp\htdocs\Bessy\app\Controllers\External.php(42): CodeIgniter\Debug\Exceptions->errorHandler(2, 'Attempt to read...', 'C:\\xampp\\htdocs...', 42)
#1 C:\xampp\htdocs\Bessy\vendor\codeigniter4\framework\system\CodeIgniter.php(832): App\Controllers\External->deptServices('assets', 'media', 'stock', '900x600', '46.jpg')
#2 C:\xampp\htdocs\Bessy\vendor\codeigniter4\framework\system\CodeIgniter.php(419): CodeIgniter\CodeIgniter->runController(Object(App\Controllers\External))
#3 C:\xampp\htdocs\Bessy\vendor\codeigniter4\framework\system\CodeIgniter.php(326): CodeIgniter\CodeIgniter->handleRequest(NULL, Object(Config\Cache), false)
#4 C:\xampp\htdocs\Bessy\index.php(38): CodeIgniter\CodeIgniter->run()
#5 {main}
ERROR - 2023-02-02 15:18:55 --> Table 'baliwagc_bessy_db.chat_rooms' doesn't exist
ERROR - 2023-02-02 15:18:55 --> Table 'baliwagc_bessy_db.chat_rooms' doesn't exist
ERROR - 2023-02-02 15:18:56 --> Table 'baliwagc_bessy_db.chat_rooms' doesn't exist
CRITICAL - 2023-02-02 15:18:56 --> Attempt to read property "department_name" on string
#0 C:\xampp\htdocs\Bessy\app\Controllers\External.php(42): CodeIgniter\Debug\Exceptions->errorHandler(2, 'Attempt to read...', 'C:\\xampp\\htdocs...', 42)
#1 C:\xampp\htdocs\Bessy\vendor\codeigniter4\framework\system\CodeIgniter.php(832): App\Controllers\External->deptServices('assets', 'media', 'stock', '900x600', '44.jpg')
#2 C:\xampp\htdocs\Bessy\vendor\codeigniter4\framework\system\CodeIgniter.php(419): CodeIgniter\CodeIgniter->runController(Object(App\Controllers\External))
#3 C:\xampp\htdocs\Bessy\vendor\codeigniter4\framework\system\CodeIgniter.php(326): CodeIgniter\CodeIgniter->handleRequest(NULL, Object(Config\Cache), false)
#4 C:\xampp\htdocs\Bessy\index.php(38): CodeIgniter\CodeIgniter->run()
#5 {main}
ERROR - 2023-02-02 15:18:56 --> Table 'baliwagc_bessy_db.chat_rooms' doesn't exist
CRITICAL - 2023-02-02 15:18:56 --> Attempt to read property "department_name" on string
#0 C:\xampp\htdocs\Bessy\app\Controllers\External.php(42): CodeIgniter\Debug\Exceptions->errorHandler(2, 'Attempt to read...', 'C:\\xampp\\htdocs...', 42)
#1 C:\xampp\htdocs\Bessy\vendor\codeigniter4\framework\system\CodeIgniter.php(832): App\Controllers\External->deptServices('assets', 'media', 'stock', '900x600', '46.jpg')
#2 C:\xampp\htdocs\Bessy\vendor\codeigniter4\framework\system\CodeIgniter.php(419): CodeIgniter\CodeIgniter->runController(Object(App\Controllers\External))
#3 C:\xampp\htdocs\Bessy\vendor\codeigniter4\framework\system\CodeIgniter.php(326): CodeIgniter\CodeIgniter->handleRequest(NULL, Object(Config\Cache), false)
#4 C:\xampp\htdocs\Bessy\index.php(38): CodeIgniter\CodeIgniter->run()
#5 {main}
ERROR - 2023-02-02 15:18:56 --> Table 'baliwagc_bessy_db.chat_rooms' doesn't exist
CRITICAL - 2023-02-02 15:18:56 --> Attempt to read property "department_name" on string
#0 C:\xampp\htdocs\Bessy\app\Controllers\External.php(42): CodeIgniter\Debug\Exceptions->errorHandler(2, 'Attempt to read...', 'C:\\xampp\\htdocs...', 42)
#1 C:\xampp\htdocs\Bessy\vendor\codeigniter4\framework\system\CodeIgniter.php(832): App\Controllers\External->deptServices('assets', 'media', 'stock', '600x600', 'img-82.jpg')
#2 C:\xampp\htdocs\Bessy\vendor\codeigniter4\framework\system\CodeIgniter.php(419): CodeIgniter\CodeIgniter->runController(Object(App\Controllers\External))
#3 C:\xampp\htdocs\Bessy\vendor\codeigniter4\framework\system\CodeIgniter.php(326): CodeIgniter\CodeIgniter->handleRequest(NULL, Object(Config\Cache), false)
#4 C:\xampp\htdocs\Bessy\index.php(38): CodeIgniter\CodeIgniter->run()
#5 {main}
ERROR - 2023-02-02 15:18:56 --> Table 'baliwagc_bessy_db.chat_rooms' doesn't exist
CRITICAL - 2023-02-02 15:18:56 --> Attempt to read property "department_name" on string
#0 C:\xampp\htdocs\Bessy\app\Controllers\External.php(42): CodeIgniter\Debug\Exceptions->errorHandler(2, 'Attempt to read...', 'C:\\xampp\\htdocs...', 42)
#1 C:\xampp\htdocs\Bessy\vendor\codeigniter4\framework\system\CodeIgniter.php(832): App\Controllers\External->deptServices('assets', 'media', 'stock', '600x600', 'img-84.jpg')
#2 C:\xampp\htdocs\Bessy\vendor\codeigniter4\framework\system\CodeIgniter.php(419): CodeIgniter\CodeIgniter->runController(Object(App\Controllers\External))
#3 C:\xampp\htdocs\Bessy\vendor\codeigniter4\framework\system\CodeIgniter.php(326): CodeIgniter\CodeIgniter->handleRequest(NULL, Object(Config\Cache), false)
#4 C:\xampp\htdocs\Bessy\index.php(38): CodeIgniter\CodeIgniter->run()
#5 {main}
ERROR - 2023-02-02 15:19:14 --> Table 'baliwagc_bessy_db.chat_rooms' doesn't exist
ERROR - 2023-02-02 15:19:14 --> Table 'baliwagc_bessy_db.chat_rooms' doesn't exist
ERROR - 2023-02-02 15:19:14 --> Table 'baliwagc_bessy_db.chat_rooms' doesn't exist
CRITICAL - 2023-02-02 15:19:14 --> Attempt to read property "department_name" on string
#0 C:\xampp\htdocs\Bessy\app\Controllers\External.php(42): CodeIgniter\Debug\Exceptions->errorHandler(2, 'Attempt to read...', 'C:\\xampp\\htdocs...', 42)
#1 C:\xampp\htdocs\Bessy\vendor\codeigniter4\framework\system\CodeIgniter.php(832): App\Controllers\External->deptServices('assets', 'media', 'stock', '900x600', '44.jpg')
#2 C:\xampp\htdocs\Bessy\vendor\codeigniter4\framework\system\CodeIgniter.php(419): CodeIgniter\CodeIgniter->runController(Object(App\Controllers\External))
#3 C:\xampp\htdocs\Bessy\vendor\codeigniter4\framework\system\CodeIgniter.php(326): CodeIgniter\CodeIgniter->handleRequest(NULL, Object(Config\Cache), false)
#4 C:\xampp\htdocs\Bessy\index.php(38): CodeIgniter\CodeIgniter->run()
#5 {main}
ERROR - 2023-02-02 15:19:14 --> Table 'baliwagc_bessy_db.chat_rooms' doesn't exist
CRITICAL - 2023-02-02 15:19:14 --> Attempt to read property "department_name" on string
#0 C:\xampp\htdocs\Bessy\app\Controllers\External.php(42): CodeIgniter\Debug\Exceptions->errorHandler(2, 'Attempt to read...', 'C:\\xampp\\htdocs...', 42)
#1 C:\xampp\htdocs\Bessy\vendor\codeigniter4\framework\system\CodeIgniter.php(832): App\Controllers\External->deptServices('assets', 'media', 'stock', '600x600', 'img-84.jpg')
#2 C:\xampp\htdocs\Bessy\vendor\codeigniter4\framework\system\CodeIgniter.php(419): CodeIgniter\CodeIgniter->runController(Object(App\Controllers\External))
#3 C:\xampp\htdocs\Bessy\vendor\codeigniter4\framework\system\CodeIgniter.php(326): CodeIgniter\CodeIgniter->handleRequest(NULL, Object(Config\Cache), false)
#4 C:\xampp\htdocs\Bessy\index.php(38): CodeIgniter\CodeIgniter->run()
#5 {main}
ERROR - 2023-02-02 15:19:14 --> Table 'baliwagc_bessy_db.chat_rooms' doesn't exist
CRITICAL - 2023-02-02 15:19:14 --> Attempt to read property "department_name" on string
#0 C:\xampp\htdocs\Bessy\app\Controllers\External.php(42): CodeIgniter\Debug\Exceptions->errorHandler(2, 'Attempt to read...', 'C:\\xampp\\htdocs...', 42)
#1 C:\xampp\htdocs\Bessy\vendor\codeigniter4\framework\system\CodeIgniter.php(832): App\Controllers\External->deptServices('assets', 'media', 'stock', '900x600', '46.jpg')
#2 C:\xampp\htdocs\Bessy\vendor\codeigniter4\framework\system\CodeIgniter.php(419): CodeIgniter\CodeIgniter->runController(Object(App\Controllers\External))
#3 C:\xampp\htdocs\Bessy\vendor\codeigniter4\framework\system\CodeIgniter.php(326): CodeIgniter\CodeIgniter->handleRequest(NULL, Object(Config\Cache), false)
#4 C:\xampp\htdocs\Bessy\index.php(38): CodeIgniter\CodeIgniter->run()
#5 {main}
ERROR - 2023-02-02 15:19:14 --> Table 'baliwagc_bessy_db.chat_rooms' doesn't exist
CRITICAL - 2023-02-02 15:19:14 --> Attempt to read property "department_name" on string
#0 C:\xampp\htdocs\Bessy\app\Controllers\External.php(42): CodeIgniter\Debug\Exceptions->errorHandler(2, 'Attempt to read...', 'C:\\xampp\\htdocs...', 42)
#1 C:\xampp\htdocs\Bessy\vendor\codeigniter4\framework\system\CodeIgniter.php(832): App\Controllers\External->deptServices('assets', 'media', 'stock', '600x600', 'img-82.jpg')
#2 C:\xampp\htdocs\Bessy\vendor\codeigniter4\framework\system\CodeIgniter.php(419): CodeIgniter\CodeIgniter->runController(Object(App\Controllers\External))
#3 C:\xampp\htdocs\Bessy\vendor\codeigniter4\framework\system\CodeIgniter.php(326): CodeIgniter\CodeIgniter->handleRequest(NULL, Object(Config\Cache), false)
#4 C:\xampp\htdocs\Bessy\index.php(38): CodeIgniter\CodeIgniter->run()
#5 {main}
ERROR - 2023-02-02 15:21:04 --> Table 'baliwagc_bessy_db.chat_rooms' doesn't exist
ERROR - 2023-02-02 15:21:04 --> Table 'baliwagc_bessy_db.chat_rooms' doesn't exist
ERROR - 2023-02-02 15:21:05 --> Table 'baliwagc_bessy_db.chat_rooms' doesn't exist
CRITICAL - 2023-02-02 15:21:05 --> Attempt to read property "department_name" on string
#0 C:\xampp\htdocs\Bessy\app\Controllers\External.php(42): CodeIgniter\Debug\Exceptions->errorHandler(2, 'Attempt to read...', 'C:\\xampp\\htdocs...', 42)
#1 C:\xampp\htdocs\Bessy\vendor\codeigniter4\framework\system\CodeIgniter.php(832): App\Controllers\External->deptServices('assets', 'media', 'stock', '900x600', '44.jpg')
#2 C:\xampp\htdocs\Bessy\vendor\codeigniter4\framework\system\CodeIgniter.php(419): CodeIgniter\CodeIgniter->runController(Object(App\Controllers\External))
#3 C:\xampp\htdocs\Bessy\vendor\codeigniter4\framework\system\CodeIgniter.php(326): CodeIgniter\CodeIgniter->handleRequest(NULL, Object(Config\Cache), false)
#4 C:\xampp\htdocs\Bessy\index.php(38): CodeIgniter\CodeIgniter->run()
#5 {main}
ERROR - 2023-02-02 15:21:05 --> Table 'baliwagc_bessy_db.chat_rooms' doesn't exist
CRITICAL - 2023-02-02 15:21:05 --> Attempt to read property "department_name" on string
#0 C:\xampp\htdocs\Bessy\app\Controllers\External.php(42): CodeIgniter\Debug\Exceptions->errorHandler(2, 'Attempt to read...', 'C:\\xampp\\htdocs...', 42)
#1 C:\xampp\htdocs\Bessy\vendor\codeigniter4\framework\system\CodeIgniter.php(832): App\Controllers\External->deptServices('assets', 'media', 'stock', '600x600', 'img-84.jpg')
#2 C:\xampp\htdocs\Bessy\vendor\codeigniter4\framework\system\CodeIgniter.php(419): CodeIgniter\CodeIgniter->runController(Object(App\Controllers\External))
#3 C:\xampp\htdocs\Bessy\vendor\codeigniter4\framework\system\CodeIgniter.php(326): CodeIgniter\CodeIgniter->handleRequest(NULL, Object(Config\Cache), false)
#4 C:\xampp\htdocs\Bessy\index.php(38): CodeIgniter\CodeIgniter->run()
#5 {main}
ERROR - 2023-02-02 15:21:05 --> Table 'baliwagc_bessy_db.chat_rooms' doesn't exist
CRITICAL - 2023-02-02 15:21:05 --> Attempt to read property "department_name" on string
#0 C:\xampp\htdocs\Bessy\app\Controllers\External.php(42): CodeIgniter\Debug\Exceptions->errorHandler(2, 'Attempt to read...', 'C:\\xampp\\htdocs...', 42)
#1 C:\xampp\htdocs\Bessy\vendor\codeigniter4\framework\system\CodeIgniter.php(832): App\Controllers\External->deptServices('assets', 'media', 'stock', '900x600', '46.jpg')
#2 C:\xampp\htdocs\Bessy\vendor\codeigniter4\framework\system\CodeIgniter.php(419): CodeIgniter\CodeIgniter->runController(Object(App\Controllers\External))
#3 C:\xampp\htdocs\Bessy\vendor\codeigniter4\framework\system\CodeIgniter.php(326): CodeIgniter\CodeIgniter->handleRequest(NULL, Object(Config\Cache), false)
#4 C:\xampp\htdocs\Bessy\index.php(38): CodeIgniter\CodeIgniter->run()
#5 {main}
ERROR - 2023-02-02 15:21:05 --> Table 'baliwagc_bessy_db.chat_rooms' doesn't exist
CRITICAL - 2023-02-02 15:21:05 --> Attempt to read property "department_name" on string
#0 C:\xampp\htdocs\Bessy\app\Controllers\External.php(42): CodeIgniter\Debug\Exceptions->errorHandler(2, 'Attempt to read...', 'C:\\xampp\\htdocs...', 42)
#1 C:\xampp\htdocs\Bessy\vendor\codeigniter4\framework\system\CodeIgniter.php(832): App\Controllers\External->deptServices('assets', 'media', 'stock', '600x600', 'img-82.jpg')
#2 C:\xampp\htdocs\Bessy\vendor\codeigniter4\framework\system\CodeIgniter.php(419): CodeIgniter\CodeIgniter->runController(Object(App\Controllers\External))
#3 C:\xampp\htdocs\Bessy\vendor\codeigniter4\framework\system\CodeIgniter.php(326): CodeIgniter\CodeIgniter->handleRequest(NULL, Object(Config\Cache), false)
#4 C:\xampp\htdocs\Bessy\index.php(38): CodeIgniter\CodeIgniter->run()
#5 {main}
CRITICAL - 2023-02-02 15:23:54 --> Attempt to read property "service_name" on string
#0 C:\xampp\htdocs\Bessy\app\Controllers\Services.php(65): CodeIgniter\Debug\Exceptions->errorHandler(2, 'Attempt to read...', 'C:\\xampp\\htdocs...', 65)
#1 C:\xampp\htdocs\Bessy\vendor\codeigniter4\framework\system\CodeIgniter.php(832): App\Controllers\Services->preview_service('birth_certifica...', 'assets', 'media', 'stock', '900x600', '44.jpg')
#2 C:\xampp\htdocs\Bessy\vendor\codeigniter4\framework\system\CodeIgniter.php(419): CodeIgniter\CodeIgniter->runController(Object(App\Controllers\Services))
#3 C:\xampp\htdocs\Bessy\vendor\codeigniter4\framework\system\CodeIgniter.php(326): CodeIgniter\CodeIgniter->handleRequest(NULL, Object(Config\Cache), false)
#4 C:\xampp\htdocs\Bessy\index.php(38): CodeIgniter\CodeIgniter->run()
#5 {main}
CRITICAL - 2023-02-02 15:23:54 --> Attempt to read property "service_name" on string
#0 C:\xampp\htdocs\Bessy\app\Controllers\Services.php(65): CodeIgniter\Debug\Exceptions->errorHandler(2, 'Attempt to read...', 'C:\\xampp\\htdocs...', 65)
#1 C:\xampp\htdocs\Bessy\vendor\codeigniter4\framework\system\CodeIgniter.php(832): App\Controllers\Services->preview_service('birth_certifica...', 'assets', 'media', 'stock', '900x600', '46.jpg')
#2 C:\xampp\htdocs\Bessy\vendor\codeigniter4\framework\system\CodeIgniter.php(419): CodeIgniter\CodeIgniter->runController(Object(App\Controllers\Services))
#3 C:\xampp\htdocs\Bessy\vendor\codeigniter4\framework\system\CodeIgniter.php(326): CodeIgniter\CodeIgniter->handleRequest(NULL, Object(Config\Cache), false)
#4 C:\xampp\htdocs\Bessy\index.php(38): CodeIgniter\CodeIgniter->run()
#5 {main}
CRITICAL - 2023-02-02 15:23:54 --> Attempt to read property "service_name" on string
#0 C:\xampp\htdocs\Bessy\app\Controllers\Services.php(65): CodeIgniter\Debug\Exceptions->errorHandler(2, 'Attempt to read...', 'C:\\xampp\\htdocs...', 65)
#1 C:\xampp\htdocs\Bessy\vendor\codeigniter4\framework\system\CodeIgniter.php(832): App\Controllers\Services->preview_service('birth_certifica...', 'assets', 'media', 'stock', '600x600', 'img-84.jpg')
#2 C:\xampp\htdocs\Bessy\vendor\codeigniter4\framework\system\CodeIgniter.php(419): CodeIgniter\CodeIgniter->runController(Object(App\Controllers\Services))
#3 C:\xampp\htdocs\Bessy\vendor\codeigniter4\framework\system\CodeIgniter.php(326): CodeIgniter\CodeIgniter->handleRequest(NULL, Object(Config\Cache), false)
#4 C:\xampp\htdocs\Bessy\index.php(38): CodeIgniter\CodeIgniter->run()
#5 {main}
CRITICAL - 2023-02-02 15:23:54 --> Attempt to read property "service_name" on string
#0 C:\xampp\htdocs\Bessy\app\Controllers\Services.php(65): CodeIgniter\Debug\Exceptions->errorHandler(2, 'Attempt to read...', 'C:\\xampp\\htdocs...', 65)
#1 C:\xampp\htdocs\Bessy\vendor\codeigniter4\framework\system\CodeIgniter.php(832): App\Controllers\Services->preview_service('birth_certifica...', 'assets', 'media', 'stock', '600x600', 'img-82.jpg')
#2 C:\xampp\htdocs\Bessy\vendor\codeigniter4\framework\system\CodeIgniter.php(419): CodeIgniter\CodeIgniter->runController(Object(App\Controllers\Services))
#3 C:\xampp\htdocs\Bessy\vendor\codeigniter4\framework\system\CodeIgniter.php(326): CodeIgniter\CodeIgniter->handleRequest(NULL, Object(Config\Cache), false)
#4 C:\xampp\htdocs\Bessy\index.php(38): CodeIgniter\CodeIgniter->run()
#5 {main}
CRITICAL - 2023-02-02 15:25:20 --> Too few arguments to function App\Controllers\Services::index(), 0 passed in C:\xampp\htdocs\Bessy\vendor\codeigniter4\framework\system\CodeIgniter.php on line 832 and exactly 1 expected
#0 C:\xampp\htdocs\Bessy\vendor\codeigniter4\framework\system\CodeIgniter.php(832): App\Controllers\Services->index()
#1 C:\xampp\htdocs\Bessy\vendor\codeigniter4\framework\system\CodeIgniter.php(419): CodeIgniter\CodeIgniter->runController(Object(App\Controllers\Services))
#2 C:\xampp\htdocs\Bessy\vendor\codeigniter4\framework\system\CodeIgniter.php(326): CodeIgniter\CodeIgniter->handleRequest(NULL, Object(Config\Cache), false)
#3 C:\xampp\htdocs\Bessy\index.php(38): CodeIgniter\CodeIgniter->run()
#4 {main}
CRITICAL - 2023-02-02 15:26:12 --> Undefined variable $service_data
#0 C:\xampp\htdocs\Bessy\app\Views\services\birth_certificate.php(52): CodeIgniter\Debug\Exceptions->errorHandler(2, 'Undefined varia...', 'C:\\xampp\\htdocs...', 52)
#1 C:\xampp\htdocs\Bessy\vendor\codeigniter4\framework\system\View\View.php(210): include('C:\\xampp\\htdocs...')
#2 C:\xampp\htdocs\Bessy\vendor\codeigniter4\framework\system\View\View.php(213): CodeIgniter\View\View->CodeIgniter\View\{closure}()
#3 C:\xampp\htdocs\Bessy\vendor\codeigniter4\framework\system\Common.php(1089): CodeIgniter\View\View->render('services/birth_...', Array, true)
#4 C:\xampp\htdocs\Bessy\app\Controllers\Services.php(38): view('services/birth_...', Array)
#5 C:\xampp\htdocs\Bessy\vendor\codeigniter4\framework\system\CodeIgniter.php(832): App\Controllers\Services->index('birth_certifica...')
#6 C:\xampp\htdocs\Bessy\vendor\codeigniter4\framework\system\CodeIgniter.php(419): CodeIgniter\CodeIgniter->runController(Object(App\Controllers\Services))
#7 C:\xampp\htdocs\Bessy\vendor\codeigniter4\framework\system\CodeIgniter.php(326): CodeIgniter\CodeIgniter->handleRequest(NULL, Object(Config\Cache), false)
#8 C:\xampp\htdocs\Bessy\index.php(38): CodeIgniter\CodeIgniter->run()
#9 {main}
CRITICAL - 2023-02-02 15:26:28 --> Attempt to read property "service_name" on string
#0 C:\xampp\htdocs\Bessy\app\Controllers\Services.php(65): CodeIgniter\Debug\Exceptions->errorHandler(2, 'Attempt to read...', 'C:\\xampp\\htdocs...', 65)
#1 C:\xampp\htdocs\Bessy\vendor\codeigniter4\framework\system\CodeIgniter.php(832): App\Controllers\Services->preview_service('birth_certifica...', 'assets', 'media', 'stock', '900x600', '44.jpg')
#2 C:\xampp\htdocs\Bessy\vendor\codeigniter4\framework\system\CodeIgniter.php(419): CodeIgniter\CodeIgniter->runController(Object(App\Controllers\Services))
#3 C:\xampp\htdocs\Bessy\vendor\codeigniter4\framework\system\CodeIgniter.php(326): CodeIgniter\CodeIgniter->handleRequest(NULL, Object(Config\Cache), false)
#4 C:\xampp\htdocs\Bessy\index.php(38): CodeIgniter\CodeIgniter->run()
#5 {main}
CRITICAL - 2023-02-02 15:26:28 --> Attempt to read property "service_name" on string
#0 C:\xampp\htdocs\Bessy\app\Controllers\Services.php(65): CodeIgniter\Debug\Exceptions->errorHandler(2, 'Attempt to read...', 'C:\\xampp\\htdocs...', 65)
#1 C:\xampp\htdocs\Bessy\vendor\codeigniter4\framework\system\CodeIgniter.php(832): App\Controllers\Services->preview_service('birth_certifica...', 'assets', 'media', 'stock', '600x600', 'img-82.jpg')
#2 C:\xampp\htdocs\Bessy\vendor\codeigniter4\framework\system\CodeIgniter.php(419): CodeIgniter\CodeIgniter->runController(Object(App\Controllers\Services))
#3 C:\xampp\htdocs\Bessy\vendor\codeigniter4\framework\system\CodeIgniter.php(326): CodeIgniter\CodeIgniter->handleRequest(NULL, Object(Config\Cache), false)
#4 C:\xampp\htdocs\Bessy\index.php(38): CodeIgniter\CodeIgniter->run()
#5 {main}
CRITICAL - 2023-02-02 15:26:28 --> Attempt to read property "service_name" on string
#0 C:\xampp\htdocs\Bessy\app\Controllers\Services.php(65): CodeIgniter\Debug\Exceptions->errorHandler(2, 'Attempt to read...', 'C:\\xampp\\htdocs...', 65)
#1 C:\xampp\htdocs\Bessy\vendor\codeigniter4\framework\system\CodeIgniter.php(832): App\Controllers\Services->preview_service('birth_certifica...', 'assets', 'media', 'stock', '900x600', '46.jpg')
#2 C:\xampp\htdocs\Bessy\vendor\codeigniter4\framework\system\CodeIgniter.php(419): CodeIgniter\CodeIgniter->runController(Object(App\Controllers\Services))
#3 C:\xampp\htdocs\Bessy\vendor\codeigniter4\framework\system\CodeIgniter.php(326): CodeIgniter\CodeIgniter->handleRequest(NULL, Object(Config\Cache), false)
#4 C:\xampp\htdocs\Bessy\index.php(38): CodeIgniter\CodeIgniter->run()
#5 {main}
CRITICAL - 2023-02-02 15:26:28 --> Attempt to read property "service_name" on string
#0 C:\xampp\htdocs\Bessy\app\Controllers\Services.php(65): CodeIgniter\Debug\Exceptions->errorHandler(2, 'Attempt to read...', 'C:\\xampp\\htdocs...', 65)
#1 C:\xampp\htdocs\Bessy\vendor\codeigniter4\framework\system\CodeIgniter.php(832): App\Controllers\Services->preview_service('birth_certifica...', 'assets', 'media', 'stock', '600x600', 'img-84.jpg')
#2 C:\xampp\htdocs\Bessy\vendor\codeigniter4\framework\system\CodeIgniter.php(419): CodeIgniter\CodeIgniter->runController(Object(App\Controllers\Services))
#3 C:\xampp\htdocs\Bessy\vendor\codeigniter4\framework\system\CodeIgniter.php(326): CodeIgniter\CodeIgniter->handleRequest(NULL, Object(Config\Cache), false)
#4 C:\xampp\htdocs\Bessy\index.php(38): CodeIgniter\CodeIgniter->run()
#5 {main}
