ERROR - 2023-06-20 08:12:13 --> Table 'baliwagc_peso_db.logs' doesn't exist
ERROR - 2023-06-20 08:12:14 --> Table 'baliwagc_peso_db.departments' doesn't exist
ERROR - 2023-06-20 14:37:01 --> Table 'baliwagc_peso_db.logs' doesn't exist
ERROR - 2023-06-20 14:37:02 --> Table 'baliwagc_peso_db.departments' doesn't exist
CRITICAL - 2023-06-20 16:21:36 --> Array to string conversion
#0 C:\xampp\htdocs\peso\app\Views\users\editProfile.php(29): CodeIgniter\Debug\Exceptions->errorHandler(2, 'Array to string...', 'C:\\xampp\\htdocs...', 29)
#1 C:\xampp\htdocs\peso\vendor\codeigniter4\framework\system\View\View.php(210): include('C:\\xampp\\htdocs...')
#2 C:\xampp\htdocs\peso\vendor\codeigniter4\framework\system\View\View.php(213): CodeIgniter\View\View->CodeIgniter\View\{closure}()
#3 C:\xampp\htdocs\peso\vendor\codeigniter4\framework\system\Common.php(1089): CodeIgniter\View\View->render('users/editProfi...', Array, true)
#4 C:\xampp\htdocs\peso\app\Controllers\Dashboard.php(286): view('users/editProfi...', Array)
#5 C:\xampp\htdocs\peso\vendor\codeigniter4\framework\system\CodeIgniter.php(832): App\Controllers\Dashboard->profile()
#6 C:\xampp\htdocs\peso\vendor\codeigniter4\framework\system\CodeIgniter.php(419): CodeIgniter\CodeIgniter->runController(Object(App\Controllers\Dashboard))
#7 C:\xampp\htdocs\peso\vendor\codeigniter4\framework\system\CodeIgniter.php(326): CodeIgniter\CodeIgniter->handleRequest(NULL, Object(Config\Cache), false)
#8 C:\xampp\htdocs\peso\index.php(38): CodeIgniter\CodeIgniter->run()
#9 {main}
ERROR - 2023-06-20 16:31:46 --> Table 'baliwagc_peso_db.departments' doesn't exist
ERROR - 2023-06-20 16:32:14 --> Table 'baliwagc_peso_db.departments' doesn't exist
CRITICAL - 2023-06-20 16:32:36 --> Attempt to assign property "user_id" on string
#0 C:\xampp\htdocs\peso\app\Controllers\Users.php(17): App\Libraries\TemplateLib::userInformation(NULL)
#1 C:\xampp\htdocs\peso\app\Controllers\Jobs.php(216): App\Controllers\Users->__construct()
#2 C:\xampp\htdocs\peso\vendor\codeigniter4\framework\system\CodeIgniter.php(832): App\Controllers\Jobs->my_applications()
#3 C:\xampp\htdocs\peso\vendor\codeigniter4\framework\system\CodeIgniter.php(419): CodeIgniter\CodeIgniter->runController(Object(App\Controllers\Jobs))
#4 C:\xampp\htdocs\peso\vendor\codeigniter4\framework\system\CodeIgniter.php(326): CodeIgniter\CodeIgniter->handleRequest(NULL, Object(Config\Cache), false)
#5 C:\xampp\htdocs\peso\index.php(38): CodeIgniter\CodeIgniter->run()
#6 {main}
ERROR - 2023-06-20 16:33:14 --> Table 'baliwagc_peso_db.departments' doesn't exist
ERROR - 2023-06-20 16:33:21 --> Table 'baliwagc_peso_db.departments' doesn't exist
ERROR - 2023-06-20 16:33:23 --> Table 'baliwagc_peso_db.departments' doesn't exist
