ERROR - 2023-06-21 08:43:15 --> Table 'baliwagc_peso_db.logs' doesn't exist
ERROR - 2023-06-21 08:43:15 --> Table 'baliwagc_peso_db.departments' doesn't exist
ERROR - 2023-06-21 09:28:08 --> Table 'baliwagc_peso_db.departments' doesn't exist
CRITICAL - 2023-06-21 09:28:08 --> Undefined array key "firstname"
#0 C:\xampp\htdocs\peso\app\Controllers\Users.php(537): CodeIgniter\Debug\Exceptions->errorHandler(2, 'Undefined array...', 'C:\\xampp\\htdocs...', 537)
#1 C:\xampp\htdocs\peso\vendor\codeigniter4\framework\system\CodeIgniter.php(832): App\Controllers\Users->updatePublicUserInfo()
#2 C:\xampp\htdocs\peso\vendor\codeigniter4\framework\system\CodeIgniter.php(419): CodeIgniter\CodeIgniter->runController(Object(App\Controllers\Users))
#3 C:\xampp\htdocs\peso\vendor\codeigniter4\framework\system\CodeIgniter.php(326): CodeIgniter\CodeIgniter->handleRequest(NULL, Object(Config\Cache), false)
#4 C:\xampp\htdocs\peso\index.php(38): CodeIgniter\CodeIgniter->run()
#5 {main}
ERROR - 2023-06-21 09:29:08 --> Table 'baliwagc_peso_db.departments' doesn't exist
ERROR - 2023-06-21 09:32:47 --> Table 'baliwagc_peso_db.departments' doesn't exist
ERROR - 2023-06-21 09:35:03 --> Table 'baliwagc_peso_db.departments' doesn't exist
CRITICAL - 2023-06-21 09:35:03 --> Undefined array key "birth_place_barangay_id"
#0 C:\xampp\htdocs\peso\app\Controllers\Users.php(543): CodeIgniter\Debug\Exceptions->errorHandler(2, 'Undefined array...', 'C:\\xampp\\htdocs...', 543)
#1 C:\xampp\htdocs\peso\vendor\codeigniter4\framework\system\CodeIgniter.php(832): App\Controllers\Users->updatePublicUserInfo()
#2 C:\xampp\htdocs\peso\vendor\codeigniter4\framework\system\CodeIgniter.php(419): CodeIgniter\CodeIgniter->runController(Object(App\Controllers\Users))
#3 C:\xampp\htdocs\peso\vendor\codeigniter4\framework\system\CodeIgniter.php(326): CodeIgniter\CodeIgniter->handleRequest(NULL, Object(Config\Cache), false)
#4 C:\xampp\htdocs\peso\index.php(38): CodeIgniter\CodeIgniter->run()
#5 {main}
ERROR - 2023-06-21 09:35:42 --> Table 'baliwagc_peso_db.departments' doesn't exist
CRITICAL - 2023-06-21 09:35:42 --> Undefined array key "employment_status"
#0 C:\xampp\htdocs\peso\app\Controllers\Users.php(560): CodeIgniter\Debug\Exceptions->errorHandler(2, 'Undefined array...', 'C:\\xampp\\htdocs...', 560)
#1 C:\xampp\htdocs\peso\vendor\codeigniter4\framework\system\CodeIgniter.php(832): App\Controllers\Users->updatePublicUserInfo()
#2 C:\xampp\htdocs\peso\vendor\codeigniter4\framework\system\CodeIgniter.php(419): CodeIgniter\CodeIgniter->runController(Object(App\Controllers\Users))
#3 C:\xampp\htdocs\peso\vendor\codeigniter4\framework\system\CodeIgniter.php(326): CodeIgniter\CodeIgniter->handleRequest(NULL, Object(Config\Cache), false)
#4 C:\xampp\htdocs\peso\index.php(38): CodeIgniter\CodeIgniter->run()
#5 {main}
ERROR - 2023-06-21 11:54:54 --> Table 'baliwagc_peso_db.logs' doesn't exist
ERROR - 2023-06-21 11:54:54 --> Table 'baliwagc_peso_db.departments' doesn't exist
ERROR - 2023-06-21 11:55:04 --> Table 'baliwagc_peso_db.departments' doesn't exist
CRITICAL - 2023-06-21 11:55:04 --> Undefined array key "civil_status"
#0 C:\xampp\htdocs\peso\app\Controllers\Users.php(544): CodeIgniter\Debug\Exceptions->errorHandler(2, 'Undefined array...', 'C:\\xampp\\htdocs...', 544)
#1 C:\xampp\htdocs\peso\vendor\codeigniter4\framework\system\CodeIgniter.php(832): App\Controllers\Users->updatePublicUserInfo()
#2 C:\xampp\htdocs\peso\vendor\codeigniter4\framework\system\CodeIgniter.php(419): CodeIgniter\CodeIgniter->runController(Object(App\Controllers\Users))
#3 C:\xampp\htdocs\peso\vendor\codeigniter4\framework\system\CodeIgniter.php(326): CodeIgniter\CodeIgniter->handleRequest(NULL, Object(Config\Cache), false)
#4 C:\xampp\htdocs\peso\index.php(38): CodeIgniter\CodeIgniter->run()
#5 {main}
ERROR - 2023-06-21 11:55:39 --> Table 'baliwagc_peso_db.departments' doesn't exist
CRITICAL - 2023-06-21 11:55:39 --> Undefined array key "civil_status"
#0 C:\xampp\htdocs\peso\app\Controllers\Users.php(544): CodeIgniter\Debug\Exceptions->errorHandler(2, 'Undefined array...', 'C:\\xampp\\htdocs...', 544)
#1 C:\xampp\htdocs\peso\vendor\codeigniter4\framework\system\CodeIgniter.php(832): App\Controllers\Users->updatePublicUserInfo()
#2 C:\xampp\htdocs\peso\vendor\codeigniter4\framework\system\CodeIgniter.php(419): CodeIgniter\CodeIgniter->runController(Object(App\Controllers\Users))
#3 C:\xampp\htdocs\peso\vendor\codeigniter4\framework\system\CodeIgniter.php(326): CodeIgniter\CodeIgniter->handleRequest(NULL, Object(Config\Cache), false)
#4 C:\xampp\htdocs\peso\index.php(38): CodeIgniter\CodeIgniter->run()
#5 {main}
ERROR - 2023-06-21 11:59:04 --> Table 'baliwagc_peso_db.departments' doesn't exist
CRITICAL - 2023-06-21 11:59:04 --> Undefined array key "civil_status"
#0 C:\xampp\htdocs\peso\app\Controllers\Users.php(544): CodeIgniter\Debug\Exceptions->errorHandler(2, 'Undefined array...', 'C:\\xampp\\htdocs...', 544)
#1 C:\xampp\htdocs\peso\vendor\codeigniter4\framework\system\CodeIgniter.php(832): App\Controllers\Users->updatePublicUserInfo()
#2 C:\xampp\htdocs\peso\vendor\codeigniter4\framework\system\CodeIgniter.php(419): CodeIgniter\CodeIgniter->runController(Object(App\Controllers\Users))
#3 C:\xampp\htdocs\peso\vendor\codeigniter4\framework\system\CodeIgniter.php(326): CodeIgniter\CodeIgniter->handleRequest(NULL, Object(Config\Cache), false)
#4 C:\xampp\htdocs\peso\index.php(38): CodeIgniter\CodeIgniter->run()
#5 {main}
ERROR - 2023-06-21 11:59:39 --> Table 'baliwagc_peso_db.departments' doesn't exist
CRITICAL - 2023-06-21 11:59:39 --> Undefined array key "preferred_occupation"
#0 C:\xampp\htdocs\peso\app\Controllers\Users.php(568): CodeIgniter\Debug\Exceptions->errorHandler(2, 'Undefined array...', 'C:\\xampp\\htdocs...', 568)
#1 C:\xampp\htdocs\peso\vendor\codeigniter4\framework\system\CodeIgniter.php(832): App\Controllers\Users->updatePublicUserInfo()
#2 C:\xampp\htdocs\peso\vendor\codeigniter4\framework\system\CodeIgniter.php(419): CodeIgniter\CodeIgniter->runController(Object(App\Controllers\Users))
#3 C:\xampp\htdocs\peso\vendor\codeigniter4\framework\system\CodeIgniter.php(326): CodeIgniter\CodeIgniter->handleRequest(NULL, Object(Config\Cache), false)
#4 C:\xampp\htdocs\peso\index.php(38): CodeIgniter\CodeIgniter->run()
#5 {main}
ERROR - 2023-06-21 14:54:17 --> Table 'baliwagc_peso_db.departments' doesn't exist
CRITICAL - 2023-06-21 14:54:17 --> Undefined array key "preferred_occupation"
#0 C:\xampp\htdocs\peso\app\Controllers\Users.php(568): CodeIgniter\Debug\Exceptions->errorHandler(2, 'Undefined array...', 'C:\\xampp\\htdocs...', 568)
#1 C:\xampp\htdocs\peso\vendor\codeigniter4\framework\system\CodeIgniter.php(832): App\Controllers\Users->updatePublicUserInfo()
#2 C:\xampp\htdocs\peso\vendor\codeigniter4\framework\system\CodeIgniter.php(419): CodeIgniter\CodeIgniter->runController(Object(App\Controllers\Users))
#3 C:\xampp\htdocs\peso\vendor\codeigniter4\framework\system\CodeIgniter.php(326): CodeIgniter\CodeIgniter->handleRequest(NULL, Object(Config\Cache), false)
#4 C:\xampp\htdocs\peso\index.php(38): CodeIgniter\CodeIgniter->run()
#5 {main}
ERROR - 2023-06-21 15:09:12 --> Table 'baliwagc_peso_db.departments' doesn't exist
CRITICAL - 2023-06-21 15:09:12 --> Undefined array key "elementary_school_name"
#0 C:\xampp\htdocs\peso\app\Controllers\Users.php(577): CodeIgniter\Debug\Exceptions->errorHandler(2, 'Undefined array...', 'C:\\xampp\\htdocs...', 577)
#1 C:\xampp\htdocs\peso\vendor\codeigniter4\framework\system\CodeIgniter.php(832): App\Controllers\Users->updatePublicUserInfo()
#2 C:\xampp\htdocs\peso\vendor\codeigniter4\framework\system\CodeIgniter.php(419): CodeIgniter\CodeIgniter->runController(Object(App\Controllers\Users))
#3 C:\xampp\htdocs\peso\vendor\codeigniter4\framework\system\CodeIgniter.php(326): CodeIgniter\CodeIgniter->handleRequest(NULL, Object(Config\Cache), false)
#4 C:\xampp\htdocs\peso\index.php(38): CodeIgniter\CodeIgniter->run()
#5 {main}
ERROR - 2023-06-21 15:10:02 --> Table 'baliwagc_peso_db.departments' doesn't exist
CRITICAL - 2023-06-21 15:10:02 --> Undefined array key "elementary_is_undergrad"
#0 C:\xampp\htdocs\peso\app\Controllers\Users.php(578): CodeIgniter\Debug\Exceptions->errorHandler(2, 'Undefined array...', 'C:\\xampp\\htdocs...', 578)
#1 C:\xampp\htdocs\peso\vendor\codeigniter4\framework\system\CodeIgniter.php(832): App\Controllers\Users->updatePublicUserInfo()
#2 C:\xampp\htdocs\peso\vendor\codeigniter4\framework\system\CodeIgniter.php(419): CodeIgniter\CodeIgniter->runController(Object(App\Controllers\Users))
#3 C:\xampp\htdocs\peso\vendor\codeigniter4\framework\system\CodeIgniter.php(326): CodeIgniter\CodeIgniter->handleRequest(NULL, Object(Config\Cache), false)
#4 C:\xampp\htdocs\peso\index.php(38): CodeIgniter\CodeIgniter->run()
#5 {main}
ERROR - 2023-06-21 15:10:44 --> Table 'baliwagc_peso_db.departments' doesn't exist
CRITICAL - 2023-06-21 15:10:44 --> Undefined array key "elementary_is_undergrad"
#0 C:\xampp\htdocs\peso\app\Controllers\Users.php(578): CodeIgniter\Debug\Exceptions->errorHandler(2, 'Undefined array...', 'C:\\xampp\\htdocs...', 578)
#1 C:\xampp\htdocs\peso\vendor\codeigniter4\framework\system\CodeIgniter.php(832): App\Controllers\Users->updatePublicUserInfo()
#2 C:\xampp\htdocs\peso\vendor\codeigniter4\framework\system\CodeIgniter.php(419): CodeIgniter\CodeIgniter->runController(Object(App\Controllers\Users))
#3 C:\xampp\htdocs\peso\vendor\codeigniter4\framework\system\CodeIgniter.php(326): CodeIgniter\CodeIgniter->handleRequest(NULL, Object(Config\Cache), false)
#4 C:\xampp\htdocs\peso\index.php(38): CodeIgniter\CodeIgniter->run()
#5 {main}
ERROR - 2023-06-21 15:17:00 --> Table 'baliwagc_peso_db.departments' doesn't exist
CRITICAL - 2023-06-21 15:17:00 --> Undefined array key "elementary_year_graduated"
#0 C:\xampp\htdocs\peso\app\Controllers\Users.php(579): CodeIgniter\Debug\Exceptions->errorHandler(2, 'Undefined array...', 'C:\\xampp\\htdocs...', 579)
#1 C:\xampp\htdocs\peso\vendor\codeigniter4\framework\system\CodeIgniter.php(832): App\Controllers\Users->updatePublicUserInfo()
#2 C:\xampp\htdocs\peso\vendor\codeigniter4\framework\system\CodeIgniter.php(419): CodeIgniter\CodeIgniter->runController(Object(App\Controllers\Users))
#3 C:\xampp\htdocs\peso\vendor\codeigniter4\framework\system\CodeIgniter.php(326): CodeIgniter\CodeIgniter->handleRequest(NULL, Object(Config\Cache), false)
#4 C:\xampp\htdocs\peso\index.php(38): CodeIgniter\CodeIgniter->run()
#5 {main}
ERROR - 2023-06-21 15:17:23 --> Table 'baliwagc_peso_db.departments' doesn't exist
CRITICAL - 2023-06-21 15:17:23 --> Undefined array key "elementary_last_level"
#0 C:\xampp\htdocs\peso\app\Controllers\Users.php(580): CodeIgniter\Debug\Exceptions->errorHandler(2, 'Undefined array...', 'C:\\xampp\\htdocs...', 580)
#1 C:\xampp\htdocs\peso\vendor\codeigniter4\framework\system\CodeIgniter.php(832): App\Controllers\Users->updatePublicUserInfo()
#2 C:\xampp\htdocs\peso\vendor\codeigniter4\framework\system\CodeIgniter.php(419): CodeIgniter\CodeIgniter->runController(Object(App\Controllers\Users))
#3 C:\xampp\htdocs\peso\vendor\codeigniter4\framework\system\CodeIgniter.php(326): CodeIgniter\CodeIgniter->handleRequest(NULL, Object(Config\Cache), false)
#4 C:\xampp\htdocs\peso\index.php(38): CodeIgniter\CodeIgniter->run()
#5 {main}
ERROR - 2023-06-21 15:17:45 --> Table 'baliwagc_peso_db.departments' doesn't exist
CRITICAL - 2023-06-21 15:17:45 --> Undefined array key "elementary_last_year_attended"
#0 C:\xampp\htdocs\peso\app\Controllers\Users.php(581): CodeIgniter\Debug\Exceptions->errorHandler(2, 'Undefined array...', 'C:\\xampp\\htdocs...', 581)
#1 C:\xampp\htdocs\peso\vendor\codeigniter4\framework\system\CodeIgniter.php(832): App\Controllers\Users->updatePublicUserInfo()
#2 C:\xampp\htdocs\peso\vendor\codeigniter4\framework\system\CodeIgniter.php(419): CodeIgniter\CodeIgniter->runController(Object(App\Controllers\Users))
#3 C:\xampp\htdocs\peso\vendor\codeigniter4\framework\system\CodeIgniter.php(326): CodeIgniter\CodeIgniter->handleRequest(NULL, Object(Config\Cache), false)
#4 C:\xampp\htdocs\peso\index.php(38): CodeIgniter\CodeIgniter->run()
#5 {main}
ERROR - 2023-06-21 15:18:36 --> Table 'baliwagc_peso_db.departments' doesn't exist
CRITICAL - 2023-06-21 15:18:36 --> Undefined array key "language_dialect_proficiency"
#0 C:\xampp\htdocs\peso\app\Controllers\Users.php(604): CodeIgniter\Debug\Exceptions->errorHandler(2, 'Undefined array...', 'C:\\xampp\\htdocs...', 604)
#1 C:\xampp\htdocs\peso\vendor\codeigniter4\framework\system\CodeIgniter.php(832): App\Controllers\Users->updatePublicUserInfo()
#2 C:\xampp\htdocs\peso\vendor\codeigniter4\framework\system\CodeIgniter.php(419): CodeIgniter\CodeIgniter->runController(Object(App\Controllers\Users))
#3 C:\xampp\htdocs\peso\vendor\codeigniter4\framework\system\CodeIgniter.php(326): CodeIgniter\CodeIgniter->handleRequest(NULL, Object(Config\Cache), false)
#4 C:\xampp\htdocs\peso\index.php(38): CodeIgniter\CodeIgniter->run()
#5 {main}
ERROR - 2023-06-21 15:20:03 --> Table 'baliwagc_peso_db.departments' doesn't exist
CRITICAL - 2023-06-21 15:20:03 --> Undefined array key "technical_vocational_and_other_training"
#0 C:\xampp\htdocs\peso\app\Controllers\Users.php(605): CodeIgniter\Debug\Exceptions->errorHandler(2, 'Undefined array...', 'C:\\xampp\\htdocs...', 605)
#1 C:\xampp\htdocs\peso\vendor\codeigniter4\framework\system\CodeIgniter.php(832): App\Controllers\Users->updatePublicUserInfo()
#2 C:\xampp\htdocs\peso\vendor\codeigniter4\framework\system\CodeIgniter.php(419): CodeIgniter\CodeIgniter->runController(Object(App\Controllers\Users))
#3 C:\xampp\htdocs\peso\vendor\codeigniter4\framework\system\CodeIgniter.php(326): CodeIgniter\CodeIgniter->handleRequest(NULL, Object(Config\Cache), false)
#4 C:\xampp\htdocs\peso\index.php(38): CodeIgniter\CodeIgniter->run()
#5 {main}
ERROR - 2023-06-21 15:21:30 --> Table 'baliwagc_peso_db.departments' doesn't exist
CRITICAL - 2023-06-21 15:21:30 --> Undefined array key "eligibility"
#0 C:\xampp\htdocs\peso\app\Controllers\Users.php(606): CodeIgniter\Debug\Exceptions->errorHandler(2, 'Undefined array...', 'C:\\xampp\\htdocs...', 606)
#1 C:\xampp\htdocs\peso\vendor\codeigniter4\framework\system\CodeIgniter.php(832): App\Controllers\Users->updatePublicUserInfo()
#2 C:\xampp\htdocs\peso\vendor\codeigniter4\framework\system\CodeIgniter.php(419): CodeIgniter\CodeIgniter->runController(Object(App\Controllers\Users))
#3 C:\xampp\htdocs\peso\vendor\codeigniter4\framework\system\CodeIgniter.php(326): CodeIgniter\CodeIgniter->handleRequest(NULL, Object(Config\Cache), false)
#4 C:\xampp\htdocs\peso\index.php(38): CodeIgniter\CodeIgniter->run()
#5 {main}
ERROR - 2023-06-21 15:23:00 --> Table 'baliwagc_peso_db.departments' doesn't exist
CRITICAL - 2023-06-21 15:23:00 --> Undefined array key "user_id"
#0 C:\xampp\htdocs\peso\app\Controllers\Users.php(612): CodeIgniter\Debug\Exceptions->errorHandler(2, 'Undefined array...', 'C:\\xampp\\htdocs...', 612)
#1 C:\xampp\htdocs\peso\vendor\codeigniter4\framework\system\CodeIgniter.php(832): App\Controllers\Users->updatePublicUserInfo()
#2 C:\xampp\htdocs\peso\vendor\codeigniter4\framework\system\CodeIgniter.php(419): CodeIgniter\CodeIgniter->runController(Object(App\Controllers\Users))
#3 C:\xampp\htdocs\peso\vendor\codeigniter4\framework\system\CodeIgniter.php(326): CodeIgniter\CodeIgniter->handleRequest(NULL, Object(Config\Cache), false)
#4 C:\xampp\htdocs\peso\index.php(38): CodeIgniter\CodeIgniter->run()
#5 {main}
ERROR - 2023-06-21 15:24:49 --> Table 'baliwagc_peso_db.departments' doesn't exist
CRITICAL - 2023-06-21 15:24:49 --> Undefined variable $result
#0 C:\xampp\htdocs\peso\app\Controllers\Users.php(618): CodeIgniter\Debug\Exceptions->errorHandler(2, 'Undefined varia...', 'C:\\xampp\\htdocs...', 618)
#1 C:\xampp\htdocs\peso\vendor\codeigniter4\framework\system\CodeIgniter.php(832): App\Controllers\Users->updatePublicUserInfo()
#2 C:\xampp\htdocs\peso\vendor\codeigniter4\framework\system\CodeIgniter.php(419): CodeIgniter\CodeIgniter->runController(Object(App\Controllers\Users))
#3 C:\xampp\htdocs\peso\vendor\codeigniter4\framework\system\CodeIgniter.php(326): CodeIgniter\CodeIgniter->handleRequest(NULL, Object(Config\Cache), false)
#4 C:\xampp\htdocs\peso\index.php(38): CodeIgniter\CodeIgniter->run()
#5 {main}
ERROR - 2023-06-21 15:25:34 --> Table 'baliwagc_peso_db.departments' doesn't exist
ERROR - 2023-06-21 15:27:17 --> Table 'baliwagc_peso_db.departments' doesn't exist
ERROR - 2023-06-21 15:31:46 --> Table 'baliwagc_peso_db.departments' doesn't exist
ERROR - 2023-06-21 15:40:03 --> Table 'baliwagc_peso_db.departments' doesn't exist
ERROR - 2023-06-21 15:45:20 --> Table 'baliwagc_peso_db.departments' doesn't exist
ERROR - 2023-06-21 15:48:20 --> Table 'baliwagc_peso_db.departments' doesn't exist
ERROR - 2023-06-21 15:49:39 --> Table 'baliwagc_peso_db.departments' doesn't exist
ERROR - 2023-06-21 15:50:24 --> Table 'baliwagc_peso_db.departments' doesn't exist
ERROR - 2023-06-21 15:55:09 --> Table 'baliwagc_peso_db.departments' doesn't exist
ERROR - 2023-06-21 15:55:36 --> Table 'baliwagc_peso_db.departments' doesn't exist
ERROR - 2023-06-21 16:06:20 --> Table 'baliwagc_peso_db.departments' doesn't exist
ERROR - 2023-06-21 16:10:03 --> Table 'baliwagc_peso_db.departments' doesn't exist
ERROR - 2023-06-21 16:13:04 --> Table 'baliwagc_peso_db.departments' doesn't exist
ERROR - 2023-06-21 16:15:46 --> Table 'baliwagc_peso_db.departments' doesn't exist
ERROR - 2023-06-21 16:18:07 --> Table 'baliwagc_peso_db.departments' doesn't exist
ERROR - 2023-06-21 16:28:23 --> Table 'baliwagc_peso_db.departments' doesn't exist
ERROR - 2023-06-21 16:28:49 --> Table 'baliwagc_peso_db.departments' doesn't exist
ERROR - 2023-06-21 16:31:06 --> Table 'baliwagc_peso_db.departments' doesn't exist
ERROR - 2023-06-21 16:31:25 --> Table 'baliwagc_peso_db.departments' doesn't exist
ERROR - 2023-06-21 16:33:08 --> Table 'baliwagc_peso_db.departments' doesn't exist
ERROR - 2023-06-21 16:44:34 --> Table 'baliwagc_peso_db.departments' doesn't exist
ERROR - 2023-06-21 16:45:09 --> Table 'baliwagc_peso_db.departments' doesn't exist
ERROR - 2023-06-21 16:45:41 --> Table 'baliwagc_peso_db.departments' doesn't exist
ERROR - 2023-06-21 16:47:08 --> Table 'baliwagc_peso_db.departments' doesn't exist
ERROR - 2023-06-21 16:49:38 --> Table 'baliwagc_peso_db.departments' doesn't exist
