ERROR - 2023-05-09 08:45:10 --> Table 'baliwagc_peso_db.logs' doesn't exist
CRITICAL - 2023-05-09 11:16:49 --> Call to undefined function App\Controllers\createUserNotification()
#0 C:\xampp\htdocs\peso\vendor\codeigniter4\framework\system\CodeIgniter.php(832): App\Controllers\Jobs->sendApplicantEmails('4')
#1 C:\xampp\htdocs\peso\vendor\codeigniter4\framework\system\CodeIgniter.php(419): CodeIgniter\CodeIgniter->runController(Object(App\Controllers\Jobs))
#2 C:\xampp\htdocs\peso\vendor\codeigniter4\framework\system\CodeIgniter.php(326): CodeIgniter\CodeIgniter->handleRequest(NULL, Object(Config\Cache), false)
#3 C:\xampp\htdocs\peso\index.php(38): CodeIgniter\CodeIgniter->run()
#4 {main}
CRITICAL - 2023-05-09 11:17:08 --> Attempt to read property "user_photo" on bool
#0 C:\xampp\htdocs\peso\app\Views\partials\header.php(3642): CodeIgniter\Debug\Exceptions->errorHandler(2, 'Attempt to read...', 'C:\\xampp\\htdocs...', 3642)
#1 C:\xampp\htdocs\peso\vendor\codeigniter4\framework\system\View\View.php(210): include('C:\\xampp\\htdocs...')
#2 C:\xampp\htdocs\peso\vendor\codeigniter4\framework\system\View\View.php(213): CodeIgniter\View\View->CodeIgniter\View\{closure}()
#3 C:\xampp\htdocs\peso\vendor\codeigniter4\framework\system\View\View.php(424): CodeIgniter\View\View->render('partials/header', NULL, true)
#4 C:\xampp\htdocs\peso\app\Views\layouts\main.php(71): CodeIgniter\View\View->include('partials/header')
#5 C:\xampp\htdocs\peso\vendor\codeigniter4\framework\system\View\View.php(210): include('C:\\xampp\\htdocs...')
#6 C:\xampp\htdocs\peso\vendor\codeigniter4\framework\system\View\View.php(213): CodeIgniter\View\View->CodeIgniter\View\{closure}()
#7 C:\xampp\htdocs\peso\vendor\codeigniter4\framework\system\View\View.php(226): CodeIgniter\View\View->render('layouts/main', Array, true)
#8 C:\xampp\htdocs\peso\vendor\codeigniter4\framework\system\Common.php(1089): CodeIgniter\View\View->render('jobs/job-applic...', Array, true)
#9 C:\xampp\htdocs\peso\app\Controllers\Jobs.php(193): view('jobs/job-applic...', Array)
#10 C:\xampp\htdocs\peso\vendor\codeigniter4\framework\system\CodeIgniter.php(832): App\Controllers\Jobs->applicants('17')
#11 C:\xampp\htdocs\peso\vendor\codeigniter4\framework\system\CodeIgniter.php(419): CodeIgniter\CodeIgniter->runController(Object(App\Controllers\Jobs))
#12 C:\xampp\htdocs\peso\vendor\codeigniter4\framework\system\CodeIgniter.php(326): CodeIgniter\CodeIgniter->handleRequest(NULL, Object(Config\Cache), false)
#13 C:\xampp\htdocs\peso\index.php(38): CodeIgniter\CodeIgniter->run()
#14 {main}
CRITICAL - 2023-05-09 11:18:25 --> Non-static method App\Controllers\Users::createUserNotification() cannot be called statically
#0 C:\xampp\htdocs\peso\vendor\codeigniter4\framework\system\CodeIgniter.php(832): App\Controllers\Jobs->sendApplicantEmails('4')
#1 C:\xampp\htdocs\peso\vendor\codeigniter4\framework\system\CodeIgniter.php(419): CodeIgniter\CodeIgniter->runController(Object(App\Controllers\Jobs))
#2 C:\xampp\htdocs\peso\vendor\codeigniter4\framework\system\CodeIgniter.php(326): CodeIgniter\CodeIgniter->handleRequest(NULL, Object(Config\Cache), false)
#3 C:\xampp\htdocs\peso\index.php(38): CodeIgniter\CodeIgniter->run()
#4 {main}
ERROR - 2023-05-09 11:19:14 --> Table 'baliwagc_peso_db.departments' doesn't exist
ERROR - 2023-05-09 11:19:14 --> Table 'baliwagc_peso_db.roles' doesn't exist
ERROR - 2023-05-09 11:19:49 --> Table 'baliwagc_peso_db.logs' doesn't exist
ERROR - 2023-05-09 11:23:45 --> Table 'baliwagc_peso_db.departments' doesn't exist
ERROR - 2023-05-09 11:23:45 --> Table 'baliwagc_peso_db.roles' doesn't exist
CRITICAL - 2023-05-09 11:23:45 --> Call to undefined method App\Models\MasterModel::select()
#0 C:\xampp\htdocs\peso\app\Controllers\Home.php(50): App\Controllers\Users->getUserNotifications('7')
#1 C:\xampp\htdocs\peso\vendor\codeigniter4\framework\system\CodeIgniter.php(832): App\Controllers\Home->index()
#2 C:\xampp\htdocs\peso\vendor\codeigniter4\framework\system\CodeIgniter.php(419): CodeIgniter\CodeIgniter->runController(Object(App\Controllers\Home))
#3 C:\xampp\htdocs\peso\vendor\codeigniter4\framework\system\CodeIgniter.php(326): CodeIgniter\CodeIgniter->handleRequest(NULL, Object(Config\Cache), false)
#4 C:\xampp\htdocs\peso\index.php(38): CodeIgniter\CodeIgniter->run()
#5 {main}
ERROR - 2023-05-09 11:24:12 --> Table 'baliwagc_peso_db.departments' doesn't exist
ERROR - 2023-05-09 11:24:12 --> Table 'baliwagc_peso_db.roles' doesn't exist
ERROR - 2023-05-09 11:29:42 --> Table 'baliwagc_peso_db.departments' doesn't exist
ERROR - 2023-05-09 11:29:42 --> Table 'baliwagc_peso_db.roles' doesn't exist
ERROR - 2023-05-09 11:29:46 --> Table 'baliwagc_peso_db.departments' doesn't exist
ERROR - 2023-05-09 11:29:46 --> Table 'baliwagc_peso_db.roles' doesn't exist
ERROR - 2023-05-09 11:30:09 --> Table 'baliwagc_peso_db.departments' doesn't exist
ERROR - 2023-05-09 11:30:09 --> Table 'baliwagc_peso_db.roles' doesn't exist
ERROR - 2023-05-09 11:30:14 --> Table 'baliwagc_peso_db.departments' doesn't exist
ERROR - 2023-05-09 11:30:14 --> Table 'baliwagc_peso_db.roles' doesn't exist
ERROR - 2023-05-09 11:31:20 --> Table 'baliwagc_peso_db.departments' doesn't exist
ERROR - 2023-05-09 11:31:20 --> Table 'baliwagc_peso_db.roles' doesn't exist
ERROR - 2023-05-09 11:32:56 --> Table 'baliwagc_peso_db.departments' doesn't exist
ERROR - 2023-05-09 11:32:56 --> Table 'baliwagc_peso_db.roles' doesn't exist
ERROR - 2023-05-09 11:34:14 --> Table 'baliwagc_peso_db.departments' doesn't exist
ERROR - 2023-05-09 11:34:14 --> Table 'baliwagc_peso_db.roles' doesn't exist
ERROR - 2023-05-09 11:35:12 --> Table 'baliwagc_peso_db.departments' doesn't exist
ERROR - 2023-05-09 11:35:12 --> Table 'baliwagc_peso_db.roles' doesn't exist
ERROR - 2023-05-09 11:35:27 --> Table 'baliwagc_peso_db.departments' doesn't exist
ERROR - 2023-05-09 11:35:27 --> Table 'baliwagc_peso_db.roles' doesn't exist
ERROR - 2023-05-09 11:37:31 --> Table 'baliwagc_peso_db.departments' doesn't exist
ERROR - 2023-05-09 11:37:31 --> Table 'baliwagc_peso_db.roles' doesn't exist
CRITICAL - 2023-05-09 11:37:31 --> Object of class CodeIgniter\I18n\TimeDifference could not be converted to string
#0 C:\xampp\htdocs\peso\vendor\codeigniter4\framework\system\View\View.php(210): include()
#1 C:\xampp\htdocs\peso\vendor\codeigniter4\framework\system\View\View.php(213): CodeIgniter\View\View->CodeIgniter\View\{closure}()
#2 C:\xampp\htdocs\peso\vendor\codeigniter4\framework\system\View\View.php(424): CodeIgniter\View\View->render('partials/noSide...', NULL, true)
#3 C:\xampp\htdocs\peso\app\Views\layouts\noSideBarMain.php(68): CodeIgniter\View\View->include('partials/noSide...')
#4 C:\xampp\htdocs\peso\vendor\codeigniter4\framework\system\View\View.php(210): include('C:\\xampp\\htdocs...')
#5 C:\xampp\htdocs\peso\vendor\codeigniter4\framework\system\View\View.php(213): CodeIgniter\View\View->CodeIgniter\View\{closure}()
#6 C:\xampp\htdocs\peso\vendor\codeigniter4\framework\system\View\View.php(226): CodeIgniter\View\View->render('layouts/noSideB...', Array, true)
#7 C:\xampp\htdocs\peso\vendor\codeigniter4\framework\system\Common.php(1089): CodeIgniter\View\View->render('home/home', Array, true)
#8 C:\xampp\htdocs\peso\app\Controllers\Home.php(53): view('home/home', Array)
#9 C:\xampp\htdocs\peso\vendor\codeigniter4\framework\system\CodeIgniter.php(832): App\Controllers\Home->index()
#10 C:\xampp\htdocs\peso\vendor\codeigniter4\framework\system\CodeIgniter.php(419): CodeIgniter\CodeIgniter->runController(Object(App\Controllers\Home))
#11 C:\xampp\htdocs\peso\vendor\codeigniter4\framework\system\CodeIgniter.php(326): CodeIgniter\CodeIgniter->handleRequest(NULL, Object(Config\Cache), false)
#12 C:\xampp\htdocs\peso\index.php(38): CodeIgniter\CodeIgniter->run()
#13 {main}
ERROR - 2023-05-09 11:38:00 --> Table 'baliwagc_peso_db.departments' doesn't exist
ERROR - 2023-05-09 11:38:00 --> Table 'baliwagc_peso_db.roles' doesn't exist
ERROR - 2023-05-09 11:38:13 --> Table 'baliwagc_peso_db.departments' doesn't exist
ERROR - 2023-05-09 11:38:13 --> Table 'baliwagc_peso_db.roles' doesn't exist
ERROR - 2023-05-09 11:38:19 --> Table 'baliwagc_peso_db.departments' doesn't exist
ERROR - 2023-05-09 11:38:19 --> Table 'baliwagc_peso_db.roles' doesn't exist
ERROR - 2023-05-09 11:39:40 --> Table 'baliwagc_peso_db.departments' doesn't exist
ERROR - 2023-05-09 11:39:40 --> Table 'baliwagc_peso_db.roles' doesn't exist
ERROR - 2023-05-09 11:41:18 --> Table 'baliwagc_peso_db.departments' doesn't exist
ERROR - 2023-05-09 11:41:18 --> Table 'baliwagc_peso_db.roles' doesn't exist
ERROR - 2023-05-09 11:41:38 --> Table 'baliwagc_peso_db.departments' doesn't exist
ERROR - 2023-05-09 11:41:38 --> Table 'baliwagc_peso_db.roles' doesn't exist
ERROR - 2023-05-09 11:42:16 --> Table 'baliwagc_peso_db.departments' doesn't exist
ERROR - 2023-05-09 11:42:16 --> Table 'baliwagc_peso_db.roles' doesn't exist
ERROR - 2023-05-09 11:42:24 --> Table 'baliwagc_peso_db.departments' doesn't exist
ERROR - 2023-05-09 11:42:24 --> Table 'baliwagc_peso_db.roles' doesn't exist
ERROR - 2023-05-09 11:42:33 --> Table 'baliwagc_peso_db.departments' doesn't exist
ERROR - 2023-05-09 11:42:33 --> Table 'baliwagc_peso_db.roles' doesn't exist
ERROR - 2023-05-09 11:43:12 --> Table 'baliwagc_peso_db.departments' doesn't exist
ERROR - 2023-05-09 11:43:12 --> Table 'baliwagc_peso_db.roles' doesn't exist
ERROR - 2023-05-09 11:43:24 --> Table 'baliwagc_peso_db.departments' doesn't exist
ERROR - 2023-05-09 11:43:24 --> Table 'baliwagc_peso_db.roles' doesn't exist
ERROR - 2023-05-09 11:43:27 --> Table 'baliwagc_peso_db.departments' doesn't exist
ERROR - 2023-05-09 11:43:27 --> Table 'baliwagc_peso_db.roles' doesn't exist
ERROR - 2023-05-09 11:43:31 --> Table 'baliwagc_peso_db.departments' doesn't exist
ERROR - 2023-05-09 11:43:31 --> Table 'baliwagc_peso_db.roles' doesn't exist
ERROR - 2023-05-09 11:43:45 --> Table 'baliwagc_peso_db.departments' doesn't exist
ERROR - 2023-05-09 11:43:45 --> Table 'baliwagc_peso_db.roles' doesn't exist
ERROR - 2023-05-09 11:44:26 --> Table 'baliwagc_peso_db.departments' doesn't exist
ERROR - 2023-05-09 11:44:26 --> Table 'baliwagc_peso_db.roles' doesn't exist
ERROR - 2023-05-09 11:47:10 --> Table 'baliwagc_peso_db.departments' doesn't exist
ERROR - 2023-05-09 11:47:10 --> Table 'baliwagc_peso_db.roles' doesn't exist
ERROR - 2023-05-09 11:47:13 --> Table 'baliwagc_peso_db.departments' doesn't exist
ERROR - 2023-05-09 11:47:13 --> Table 'baliwagc_peso_db.roles' doesn't exist
ERROR - 2023-05-09 11:47:15 --> Table 'baliwagc_peso_db.departments' doesn't exist
ERROR - 2023-05-09 11:47:15 --> Table 'baliwagc_peso_db.roles' doesn't exist
CRITICAL - 2023-05-09 11:47:15 --> Undefined variable $title
#0 C:\xampp\htdocs\peso\app\Views\home\notifications.php(7): CodeIgniter\Debug\Exceptions->errorHandler(2, 'Undefined varia...', 'C:\\xampp\\htdocs...', 7)
#1 C:\xampp\htdocs\peso\vendor\codeigniter4\framework\system\View\View.php(210): include('C:\\xampp\\htdocs...')
#2 C:\xampp\htdocs\peso\vendor\codeigniter4\framework\system\View\View.php(213): CodeIgniter\View\View->CodeIgniter\View\{closure}()
#3 C:\xampp\htdocs\peso\vendor\codeigniter4\framework\system\Common.php(1089): CodeIgniter\View\View->render('home/notificati...', Array, true)
#4 C:\xampp\htdocs\peso\app\Controllers\Home.php(85): view('home/notificati...', Array)
#5 C:\xampp\htdocs\peso\vendor\codeigniter4\framework\system\CodeIgniter.php(832): App\Controllers\Home->notifications()
#6 C:\xampp\htdocs\peso\vendor\codeigniter4\framework\system\CodeIgniter.php(419): CodeIgniter\CodeIgniter->runController(Object(App\Controllers\Home))
#7 C:\xampp\htdocs\peso\vendor\codeigniter4\framework\system\CodeIgniter.php(326): CodeIgniter\CodeIgniter->handleRequest(NULL, Object(Config\Cache), false)
#8 C:\xampp\htdocs\peso\index.php(38): CodeIgniter\CodeIgniter->run()
#9 {main}
ERROR - 2023-05-09 11:47:17 --> Table 'baliwagc_peso_db.departments' doesn't exist
ERROR - 2023-05-09 11:47:17 --> Table 'baliwagc_peso_db.roles' doesn't exist
ERROR - 2023-05-09 11:47:21 --> Table 'baliwagc_peso_db.departments' doesn't exist
ERROR - 2023-05-09 11:47:21 --> Table 'baliwagc_peso_db.roles' doesn't exist
ERROR - 2023-05-09 11:47:24 --> Table 'baliwagc_peso_db.departments' doesn't exist
ERROR - 2023-05-09 11:47:24 --> Table 'baliwagc_peso_db.roles' doesn't exist
ERROR - 2023-05-09 11:48:15 --> Table 'baliwagc_peso_db.departments' doesn't exist
ERROR - 2023-05-09 11:48:15 --> Table 'baliwagc_peso_db.roles' doesn't exist
ERROR - 2023-05-09 11:48:17 --> Table 'baliwagc_peso_db.departments' doesn't exist
ERROR - 2023-05-09 11:48:17 --> Table 'baliwagc_peso_db.roles' doesn't exist
CRITICAL - 2023-05-09 11:48:17 --> Undefined variable $title
#0 C:\xampp\htdocs\peso\app\Views\home\my-notifications.php(29): CodeIgniter\Debug\Exceptions->errorHandler(2, 'Undefined varia...', 'C:\\xampp\\htdocs...', 29)
#1 C:\xampp\htdocs\peso\vendor\codeigniter4\framework\system\View\View.php(210): include('C:\\xampp\\htdocs...')
#2 C:\xampp\htdocs\peso\vendor\codeigniter4\framework\system\View\View.php(213): CodeIgniter\View\View->CodeIgniter\View\{closure}()
#3 C:\xampp\htdocs\peso\vendor\codeigniter4\framework\system\Common.php(1089): CodeIgniter\View\View->render('home/my-notific...', Array, true)
#4 C:\xampp\htdocs\peso\app\Controllers\Home.php(85): view('home/my-notific...', Array)
#5 C:\xampp\htdocs\peso\vendor\codeigniter4\framework\system\CodeIgniter.php(832): App\Controllers\Home->notifications()
#6 C:\xampp\htdocs\peso\vendor\codeigniter4\framework\system\CodeIgniter.php(419): CodeIgniter\CodeIgniter->runController(Object(App\Controllers\Home))
#7 C:\xampp\htdocs\peso\vendor\codeigniter4\framework\system\CodeIgniter.php(326): CodeIgniter\CodeIgniter->handleRequest(NULL, Object(Config\Cache), false)
#8 C:\xampp\htdocs\peso\index.php(38): CodeIgniter\CodeIgniter->run()
#9 {main}
ERROR - 2023-05-09 11:48:20 --> Table 'baliwagc_peso_db.departments' doesn't exist
ERROR - 2023-05-09 11:48:20 --> Table 'baliwagc_peso_db.roles' doesn't exist
ERROR - 2023-05-09 13:28:02 --> Table 'baliwagc_peso_db.departments' doesn't exist
ERROR - 2023-05-09 13:28:02 --> Table 'baliwagc_peso_db.roles' doesn't exist
ERROR - 2023-05-09 13:28:23 --> Table 'baliwagc_peso_db.logs' doesn't exist
ERROR - 2023-05-09 13:28:24 --> Table 'baliwagc_peso_db.departments' doesn't exist
ERROR - 2023-05-09 13:28:24 --> Table 'baliwagc_peso_db.roles' doesn't exist
ERROR - 2023-05-09 13:29:25 --> Table 'baliwagc_peso_db.departments' doesn't exist
ERROR - 2023-05-09 13:29:25 --> Table 'baliwagc_peso_db.roles' doesn't exist
ERROR - 2023-05-09 13:29:48 --> Table 'baliwagc_peso_db.departments' doesn't exist
ERROR - 2023-05-09 13:29:48 --> Table 'baliwagc_peso_db.roles' doesn't exist
ERROR - 2023-05-09 13:30:37 --> Table 'baliwagc_peso_db.departments' doesn't exist
ERROR - 2023-05-09 13:30:37 --> Table 'baliwagc_peso_db.roles' doesn't exist
ERROR - 2023-05-09 13:31:58 --> Table 'baliwagc_peso_db.departments' doesn't exist
ERROR - 2023-05-09 13:31:58 --> Table 'baliwagc_peso_db.roles' doesn't exist
ERROR - 2023-05-09 13:32:08 --> Table 'baliwagc_peso_db.departments' doesn't exist
ERROR - 2023-05-09 13:32:08 --> Table 'baliwagc_peso_db.roles' doesn't exist
CRITICAL - 2023-05-09 13:32:08 --> Undefined variable $title
#0 C:\xampp\htdocs\peso\app\Views\home\my-notifications.php(29): CodeIgniter\Debug\Exceptions->errorHandler(2, 'Undefined varia...', 'C:\\xampp\\htdocs...', 29)
#1 C:\xampp\htdocs\peso\vendor\codeigniter4\framework\system\View\View.php(210): include('C:\\xampp\\htdocs...')
#2 C:\xampp\htdocs\peso\vendor\codeigniter4\framework\system\View\View.php(213): CodeIgniter\View\View->CodeIgniter\View\{closure}()
#3 C:\xampp\htdocs\peso\vendor\codeigniter4\framework\system\Common.php(1089): CodeIgniter\View\View->render('home/my-notific...', Array, true)
#4 C:\xampp\htdocs\peso\app\Controllers\Home.php(85): view('home/my-notific...', Array)
#5 C:\xampp\htdocs\peso\vendor\codeigniter4\framework\system\CodeIgniter.php(832): App\Controllers\Home->notifications()
#6 C:\xampp\htdocs\peso\vendor\codeigniter4\framework\system\CodeIgniter.php(419): CodeIgniter\CodeIgniter->runController(Object(App\Controllers\Home))
#7 C:\xampp\htdocs\peso\vendor\codeigniter4\framework\system\CodeIgniter.php(326): CodeIgniter\CodeIgniter->handleRequest(NULL, Object(Config\Cache), false)
#8 C:\xampp\htdocs\peso\index.php(38): CodeIgniter\CodeIgniter->run()
#9 {main}
ERROR - 2023-05-09 13:39:04 --> Table 'baliwagc_peso_db.departments' doesn't exist
ERROR - 2023-05-09 13:39:04 --> Table 'baliwagc_peso_db.roles' doesn't exist
CRITICAL - 2023-05-09 13:39:04 --> Undefined variable $title
#0 C:\xampp\htdocs\peso\app\Views\home\my-notifications.php(29): CodeIgniter\Debug\Exceptions->errorHandler(2, 'Undefined varia...', 'C:\\xampp\\htdocs...', 29)
#1 C:\xampp\htdocs\peso\vendor\codeigniter4\framework\system\View\View.php(210): include('C:\\xampp\\htdocs...')
#2 C:\xampp\htdocs\peso\vendor\codeigniter4\framework\system\View\View.php(213): CodeIgniter\View\View->CodeIgniter\View\{closure}()
#3 C:\xampp\htdocs\peso\vendor\codeigniter4\framework\system\Common.php(1089): CodeIgniter\View\View->render('home/my-notific...', Array, true)
#4 C:\xampp\htdocs\peso\app\Controllers\Home.php(94): view('home/my-notific...', Array)
#5 C:\xampp\htdocs\peso\vendor\codeigniter4\framework\system\CodeIgniter.php(832): App\Controllers\Home->notifications()
#6 C:\xampp\htdocs\peso\vendor\codeigniter4\framework\system\CodeIgniter.php(419): CodeIgniter\CodeIgniter->runController(Object(App\Controllers\Home))
#7 C:\xampp\htdocs\peso\vendor\codeigniter4\framework\system\CodeIgniter.php(326): CodeIgniter\CodeIgniter->handleRequest(NULL, Object(Config\Cache), false)
#8 C:\xampp\htdocs\peso\index.php(38): CodeIgniter\CodeIgniter->run()
#9 {main}
ERROR - 2023-05-09 13:39:06 --> Table 'baliwagc_peso_db.departments' doesn't exist
ERROR - 2023-05-09 13:39:06 --> Table 'baliwagc_peso_db.roles' doesn't exist
ERROR - 2023-05-09 13:39:51 --> Table 'baliwagc_peso_db.departments' doesn't exist
ERROR - 2023-05-09 13:39:51 --> Table 'baliwagc_peso_db.roles' doesn't exist
ERROR - 2023-05-09 13:40:32 --> Table 'baliwagc_peso_db.departments' doesn't exist
ERROR - 2023-05-09 13:40:32 --> Table 'baliwagc_peso_db.roles' doesn't exist
ERROR - 2023-05-09 13:40:46 --> Table 'baliwagc_peso_db.departments' doesn't exist
ERROR - 2023-05-09 13:40:46 --> Table 'baliwagc_peso_db.roles' doesn't exist
ERROR - 2023-05-09 13:40:48 --> Table 'baliwagc_peso_db.departments' doesn't exist
ERROR - 2023-05-09 13:40:48 --> Table 'baliwagc_peso_db.roles' doesn't exist
ERROR - 2023-05-09 13:40:52 --> Table 'baliwagc_peso_db.departments' doesn't exist
ERROR - 2023-05-09 13:40:52 --> Table 'baliwagc_peso_db.roles' doesn't exist
CRITICAL - 2023-05-09 13:40:52 --> Undefined array key 0
#0 C:\xampp\htdocs\peso\app\Controllers\Home.php(83): CodeIgniter\Debug\Exceptions->errorHandler(2, 'Undefined array...', 'C:\\xampp\\htdocs...', 83)
#1 C:\xampp\htdocs\peso\vendor\codeigniter4\framework\system\CodeIgniter.php(832): App\Controllers\Home->notifications('1')
#2 C:\xampp\htdocs\peso\vendor\codeigniter4\framework\system\CodeIgniter.php(419): CodeIgniter\CodeIgniter->runController(Object(App\Controllers\Home))
#3 C:\xampp\htdocs\peso\vendor\codeigniter4\framework\system\CodeIgniter.php(326): CodeIgniter\CodeIgniter->handleRequest(NULL, Object(Config\Cache), false)
#4 C:\xampp\htdocs\peso\index.php(38): CodeIgniter\CodeIgniter->run()
#5 {main}
ERROR - 2023-05-09 13:41:30 --> Table 'baliwagc_peso_db.departments' doesn't exist
ERROR - 2023-05-09 13:41:30 --> Table 'baliwagc_peso_db.roles' doesn't exist
ERROR - 2023-05-09 13:41:35 --> Table 'baliwagc_peso_db.departments' doesn't exist
ERROR - 2023-05-09 13:41:35 --> Table 'baliwagc_peso_db.roles' doesn't exist
ERROR - 2023-05-09 13:41:37 --> Table 'baliwagc_peso_db.departments' doesn't exist
ERROR - 2023-05-09 13:41:37 --> Table 'baliwagc_peso_db.roles' doesn't exist
ERROR - 2023-05-09 13:42:34 --> Table 'baliwagc_peso_db.departments' doesn't exist
ERROR - 2023-05-09 13:42:34 --> Table 'baliwagc_peso_db.roles' doesn't exist
ERROR - 2023-05-09 13:42:47 --> Table 'baliwagc_peso_db.departments' doesn't exist
ERROR - 2023-05-09 13:42:47 --> Table 'baliwagc_peso_db.roles' doesn't exist
ERROR - 2023-05-09 13:42:54 --> Table 'baliwagc_peso_db.departments' doesn't exist
ERROR - 2023-05-09 13:42:54 --> Table 'baliwagc_peso_db.roles' doesn't exist
ERROR - 2023-05-09 13:42:58 --> Table 'baliwagc_peso_db.departments' doesn't exist
ERROR - 2023-05-09 13:42:58 --> Table 'baliwagc_peso_db.roles' doesn't exist
ERROR - 2023-05-09 13:43:01 --> Table 'baliwagc_peso_db.departments' doesn't exist
ERROR - 2023-05-09 13:43:01 --> Table 'baliwagc_peso_db.roles' doesn't exist
ERROR - 2023-05-09 13:43:07 --> Table 'baliwagc_peso_db.departments' doesn't exist
ERROR - 2023-05-09 13:43:07 --> Table 'baliwagc_peso_db.roles' doesn't exist
ERROR - 2023-05-09 13:43:09 --> Table 'baliwagc_peso_db.departments' doesn't exist
ERROR - 2023-05-09 13:43:09 --> Table 'baliwagc_peso_db.roles' doesn't exist
ERROR - 2023-05-09 13:43:10 --> Table 'baliwagc_peso_db.departments' doesn't exist
ERROR - 2023-05-09 13:43:10 --> Table 'baliwagc_peso_db.roles' doesn't exist
ERROR - 2023-05-09 13:43:40 --> Table 'baliwagc_peso_db.departments' doesn't exist
ERROR - 2023-05-09 13:43:40 --> Table 'baliwagc_peso_db.roles' doesn't exist
ERROR - 2023-05-09 13:44:04 --> Table 'baliwagc_peso_db.departments' doesn't exist
ERROR - 2023-05-09 13:44:04 --> Table 'baliwagc_peso_db.roles' doesn't exist
ERROR - 2023-05-09 13:45:20 --> Table 'baliwagc_peso_db.departments' doesn't exist
ERROR - 2023-05-09 13:45:20 --> Table 'baliwagc_peso_db.roles' doesn't exist
ERROR - 2023-05-09 13:46:02 --> Table 'baliwagc_peso_db.departments' doesn't exist
ERROR - 2023-05-09 13:46:02 --> Table 'baliwagc_peso_db.roles' doesn't exist
CRITICAL - 2023-05-09 13:46:02 --> Class "Time" not found
#0 C:\xampp\htdocs\peso\vendor\codeigniter4\framework\system\View\View.php(210): include()
#1 C:\xampp\htdocs\peso\vendor\codeigniter4\framework\system\View\View.php(213): CodeIgniter\View\View->CodeIgniter\View\{closure}()
#2 C:\xampp\htdocs\peso\vendor\codeigniter4\framework\system\Common.php(1089): CodeIgniter\View\View->render('home/my-notific...', Array, true)
#3 C:\xampp\htdocs\peso\app\Controllers\Home.php(95): view('home/my-notific...', Array)
#4 C:\xampp\htdocs\peso\vendor\codeigniter4\framework\system\CodeIgniter.php(832): App\Controllers\Home->notifications()
#5 C:\xampp\htdocs\peso\vendor\codeigniter4\framework\system\CodeIgniter.php(419): CodeIgniter\CodeIgniter->runController(Object(App\Controllers\Home))
#6 C:\xampp\htdocs\peso\vendor\codeigniter4\framework\system\CodeIgniter.php(326): CodeIgniter\CodeIgniter->handleRequest(NULL, Object(Config\Cache), false)
#7 C:\xampp\htdocs\peso\index.php(38): CodeIgniter\CodeIgniter->run()
#8 {main}
ERROR - 2023-05-09 13:46:15 --> Table 'baliwagc_peso_db.departments' doesn't exist
ERROR - 2023-05-09 13:46:15 --> Table 'baliwagc_peso_db.roles' doesn't exist
ERROR - 2023-05-09 13:46:54 --> Table 'baliwagc_peso_db.departments' doesn't exist
ERROR - 2023-05-09 13:46:54 --> Table 'baliwagc_peso_db.roles' doesn't exist
ERROR - 2023-05-09 13:47:12 --> Table 'baliwagc_peso_db.departments' doesn't exist
ERROR - 2023-05-09 13:47:12 --> Table 'baliwagc_peso_db.roles' doesn't exist
ERROR - 2023-05-09 13:48:04 --> Table 'baliwagc_peso_db.departments' doesn't exist
ERROR - 2023-05-09 13:48:04 --> Table 'baliwagc_peso_db.roles' doesn't exist
ERROR - 2023-05-09 13:48:12 --> Table 'baliwagc_peso_db.departments' doesn't exist
ERROR - 2023-05-09 13:48:12 --> Table 'baliwagc_peso_db.roles' doesn't exist
ERROR - 2023-05-09 13:48:32 --> Table 'baliwagc_peso_db.departments' doesn't exist
ERROR - 2023-05-09 13:48:32 --> Table 'baliwagc_peso_db.roles' doesn't exist
ERROR - 2023-05-09 13:48:56 --> Table 'baliwagc_peso_db.departments' doesn't exist
ERROR - 2023-05-09 13:48:56 --> Table 'baliwagc_peso_db.roles' doesn't exist
ERROR - 2023-05-09 13:49:10 --> Table 'baliwagc_peso_db.departments' doesn't exist
ERROR - 2023-05-09 13:49:10 --> Table 'baliwagc_peso_db.roles' doesn't exist
ERROR - 2023-05-09 13:49:36 --> Table 'baliwagc_peso_db.departments' doesn't exist
ERROR - 2023-05-09 13:49:36 --> Table 'baliwagc_peso_db.roles' doesn't exist
ERROR - 2023-05-09 13:49:46 --> Table 'baliwagc_peso_db.departments' doesn't exist
ERROR - 2023-05-09 13:49:46 --> Table 'baliwagc_peso_db.roles' doesn't exist
ERROR - 2023-05-09 13:50:44 --> Table 'baliwagc_peso_db.departments' doesn't exist
ERROR - 2023-05-09 13:50:44 --> Table 'baliwagc_peso_db.roles' doesn't exist
ERROR - 2023-05-09 13:51:27 --> Table 'baliwagc_peso_db.departments' doesn't exist
ERROR - 2023-05-09 13:51:27 --> Table 'baliwagc_peso_db.roles' doesn't exist
ERROR - 2023-05-09 13:51:54 --> Table 'baliwagc_peso_db.departments' doesn't exist
ERROR - 2023-05-09 13:51:54 --> Table 'baliwagc_peso_db.roles' doesn't exist
ERROR - 2023-05-09 13:51:59 --> Table 'baliwagc_peso_db.departments' doesn't exist
ERROR - 2023-05-09 13:51:59 --> Table 'baliwagc_peso_db.roles' doesn't exist
ERROR - 2023-05-09 13:52:11 --> Table 'baliwagc_peso_db.departments' doesn't exist
ERROR - 2023-05-09 13:52:11 --> Table 'baliwagc_peso_db.roles' doesn't exist
ERROR - 2023-05-09 13:52:18 --> Table 'baliwagc_peso_db.departments' doesn't exist
ERROR - 2023-05-09 13:52:18 --> Table 'baliwagc_peso_db.roles' doesn't exist
ERROR - 2023-05-09 13:52:32 --> Table 'baliwagc_peso_db.departments' doesn't exist
ERROR - 2023-05-09 13:52:32 --> Table 'baliwagc_peso_db.roles' doesn't exist
ERROR - 2023-05-09 13:52:40 --> Table 'baliwagc_peso_db.departments' doesn't exist
ERROR - 2023-05-09 13:52:40 --> Table 'baliwagc_peso_db.roles' doesn't exist
ERROR - 2023-05-09 13:52:55 --> Table 'baliwagc_peso_db.departments' doesn't exist
ERROR - 2023-05-09 13:52:55 --> Table 'baliwagc_peso_db.roles' doesn't exist
ERROR - 2023-05-09 13:53:10 --> Table 'baliwagc_peso_db.departments' doesn't exist
ERROR - 2023-05-09 13:53:10 --> Table 'baliwagc_peso_db.roles' doesn't exist
ERROR - 2023-05-09 13:53:10 --> Table 'baliwagc_peso_db.departments' doesn't exist
ERROR - 2023-05-09 13:53:10 --> Table 'baliwagc_peso_db.roles' doesn't exist
ERROR - 2023-05-09 13:55:00 --> Table 'baliwagc_peso_db.departments' doesn't exist
ERROR - 2023-05-09 13:55:00 --> Table 'baliwagc_peso_db.roles' doesn't exist
ERROR - 2023-05-09 13:57:56 --> Table 'baliwagc_peso_db.departments' doesn't exist
ERROR - 2023-05-09 13:57:56 --> Table 'baliwagc_peso_db.roles' doesn't exist
ERROR - 2023-05-09 13:58:05 --> Table 'baliwagc_peso_db.departments' doesn't exist
ERROR - 2023-05-09 13:58:05 --> Table 'baliwagc_peso_db.roles' doesn't exist
ERROR - 2023-05-09 13:58:49 --> Table 'baliwagc_peso_db.departments' doesn't exist
ERROR - 2023-05-09 13:58:49 --> Table 'baliwagc_peso_db.roles' doesn't exist
ERROR - 2023-05-09 13:58:56 --> Table 'baliwagc_peso_db.departments' doesn't exist
ERROR - 2023-05-09 13:58:56 --> Table 'baliwagc_peso_db.roles' doesn't exist
ERROR - 2023-05-09 13:59:03 --> Table 'baliwagc_peso_db.departments' doesn't exist
ERROR - 2023-05-09 13:59:03 --> Table 'baliwagc_peso_db.roles' doesn't exist
CRITICAL - 2023-05-09 14:01:42 --> Undefined variable $is_not_seen_count
#0 C:\xampp\htdocs\peso\app\Views\partials\noSideBarHeader.php(2864): CodeIgniter\Debug\Exceptions->errorHandler(2, 'Undefined varia...', 'C:\\xampp\\htdocs...', 2864)
#1 C:\xampp\htdocs\peso\vendor\codeigniter4\framework\system\View\View.php(210): include('C:\\xampp\\htdocs...')
#2 C:\xampp\htdocs\peso\vendor\codeigniter4\framework\system\View\View.php(213): CodeIgniter\View\View->CodeIgniter\View\{closure}()
#3 C:\xampp\htdocs\peso\vendor\codeigniter4\framework\system\View\View.php(424): CodeIgniter\View\View->render('partials/noSide...', NULL, true)
#4 C:\xampp\htdocs\peso\app\Views\layouts\noSideBarMain.php(68): CodeIgniter\View\View->include('partials/noSide...')
#5 C:\xampp\htdocs\peso\vendor\codeigniter4\framework\system\View\View.php(210): include('C:\\xampp\\htdocs...')
#6 C:\xampp\htdocs\peso\vendor\codeigniter4\framework\system\View\View.php(213): CodeIgniter\View\View->CodeIgniter\View\{closure}()
#7 C:\xampp\htdocs\peso\vendor\codeigniter4\framework\system\View\View.php(226): CodeIgniter\View\View->render('layouts/noSideB...', Array, true)
#8 C:\xampp\htdocs\peso\vendor\codeigniter4\framework\system\Common.php(1089): CodeIgniter\View\View->render('jobs/job-applic...', Array, true)
#9 C:\xampp\htdocs\peso\app\Controllers\Jobs.php(210): view('jobs/job-applic...', Array)
#10 C:\xampp\htdocs\peso\vendor\codeigniter4\framework\system\CodeIgniter.php(832): App\Controllers\Jobs->my_applications()
#11 C:\xampp\htdocs\peso\vendor\codeigniter4\framework\system\CodeIgniter.php(419): CodeIgniter\CodeIgniter->runController(Object(App\Controllers\Jobs))
#12 C:\xampp\htdocs\peso\vendor\codeigniter4\framework\system\CodeIgniter.php(326): CodeIgniter\CodeIgniter->handleRequest(NULL, Object(Config\Cache), false)
#13 C:\xampp\htdocs\peso\index.php(38): CodeIgniter\CodeIgniter->run()
#14 {main}
CRITICAL - 2023-05-09 14:02:58 --> Undefined variable $notifications
#0 C:\xampp\htdocs\peso\app\Views\partials\noSideBarHeader.php(2898): CodeIgniter\Debug\Exceptions->errorHandler(2, 'Undefined varia...', 'C:\\xampp\\htdocs...', 2898)
#1 C:\xampp\htdocs\peso\vendor\codeigniter4\framework\system\View\View.php(210): include('C:\\xampp\\htdocs...')
#2 C:\xampp\htdocs\peso\vendor\codeigniter4\framework\system\View\View.php(213): CodeIgniter\View\View->CodeIgniter\View\{closure}()
#3 C:\xampp\htdocs\peso\vendor\codeigniter4\framework\system\View\View.php(424): CodeIgniter\View\View->render('partials/noSide...', NULL, true)
#4 C:\xampp\htdocs\peso\app\Views\layouts\noSideBarMain.php(68): CodeIgniter\View\View->include('partials/noSide...')
#5 C:\xampp\htdocs\peso\vendor\codeigniter4\framework\system\View\View.php(210): include('C:\\xampp\\htdocs...')
#6 C:\xampp\htdocs\peso\vendor\codeigniter4\framework\system\View\View.php(213): CodeIgniter\View\View->CodeIgniter\View\{closure}()
#7 C:\xampp\htdocs\peso\vendor\codeigniter4\framework\system\View\View.php(226): CodeIgniter\View\View->render('layouts/noSideB...', Array, true)
#8 C:\xampp\htdocs\peso\vendor\codeigniter4\framework\system\Common.php(1089): CodeIgniter\View\View->render('jobs/job-applic...', Array, true)
#9 C:\xampp\htdocs\peso\app\Controllers\Jobs.php(210): view('jobs/job-applic...', Array)
#10 C:\xampp\htdocs\peso\vendor\codeigniter4\framework\system\CodeIgniter.php(832): App\Controllers\Jobs->my_applications()
#11 C:\xampp\htdocs\peso\vendor\codeigniter4\framework\system\CodeIgniter.php(419): CodeIgniter\CodeIgniter->runController(Object(App\Controllers\Jobs))
#12 C:\xampp\htdocs\peso\vendor\codeigniter4\framework\system\CodeIgniter.php(326): CodeIgniter\CodeIgniter->handleRequest(NULL, Object(Config\Cache), false)
#13 C:\xampp\htdocs\peso\index.php(38): CodeIgniter\CodeIgniter->run()
#14 {main}
CRITICAL - 2023-05-09 14:03:31 --> Undefined variable $notifications
#0 C:\xampp\htdocs\peso\app\Views\partials\noSideBarHeader.php(2930): CodeIgniter\Debug\Exceptions->errorHandler(2, 'Undefined varia...', 'C:\\xampp\\htdocs...', 2930)
#1 C:\xampp\htdocs\peso\vendor\codeigniter4\framework\system\View\View.php(210): include('C:\\xampp\\htdocs...')
#2 C:\xampp\htdocs\peso\vendor\codeigniter4\framework\system\View\View.php(213): CodeIgniter\View\View->CodeIgniter\View\{closure}()
#3 C:\xampp\htdocs\peso\vendor\codeigniter4\framework\system\View\View.php(424): CodeIgniter\View\View->render('partials/noSide...', NULL, true)
#4 C:\xampp\htdocs\peso\app\Views\layouts\noSideBarMain.php(68): CodeIgniter\View\View->include('partials/noSide...')
#5 C:\xampp\htdocs\peso\vendor\codeigniter4\framework\system\View\View.php(210): include('C:\\xampp\\htdocs...')
#6 C:\xampp\htdocs\peso\vendor\codeigniter4\framework\system\View\View.php(213): CodeIgniter\View\View->CodeIgniter\View\{closure}()
#7 C:\xampp\htdocs\peso\vendor\codeigniter4\framework\system\View\View.php(226): CodeIgniter\View\View->render('layouts/noSideB...', Array, true)
#8 C:\xampp\htdocs\peso\vendor\codeigniter4\framework\system\Common.php(1089): CodeIgniter\View\View->render('jobs/job-applic...', Array, true)
#9 C:\xampp\htdocs\peso\app\Controllers\Jobs.php(210): view('jobs/job-applic...', Array)
#10 C:\xampp\htdocs\peso\vendor\codeigniter4\framework\system\CodeIgniter.php(832): App\Controllers\Jobs->my_applications()
#11 C:\xampp\htdocs\peso\vendor\codeigniter4\framework\system\CodeIgniter.php(419): CodeIgniter\CodeIgniter->runController(Object(App\Controllers\Jobs))
#12 C:\xampp\htdocs\peso\vendor\codeigniter4\framework\system\CodeIgniter.php(326): CodeIgniter\CodeIgniter->handleRequest(NULL, Object(Config\Cache), false)
#13 C:\xampp\htdocs\peso\index.php(38): CodeIgniter\CodeIgniter->run()
#14 {main}
ERROR - 2023-05-09 14:07:15 --> Table 'baliwagc_peso_db.departments' doesn't exist
ERROR - 2023-05-09 14:07:15 --> Table 'baliwagc_peso_db.roles' doesn't exist
ERROR - 2023-05-09 14:07:32 --> Table 'baliwagc_peso_db.departments' doesn't exist
ERROR - 2023-05-09 14:07:32 --> Table 'baliwagc_peso_db.roles' doesn't exist
ERROR - 2023-05-09 14:08:04 --> Table 'baliwagc_peso_db.departments' doesn't exist
ERROR - 2023-05-09 14:08:04 --> Table 'baliwagc_peso_db.roles' doesn't exist
ERROR - 2023-05-09 14:08:16 --> Table 'baliwagc_peso_db.departments' doesn't exist
ERROR - 2023-05-09 14:08:16 --> Table 'baliwagc_peso_db.roles' doesn't exist
ERROR - 2023-05-09 14:08:48 --> Table 'baliwagc_peso_db.departments' doesn't exist
ERROR - 2023-05-09 14:08:48 --> Table 'baliwagc_peso_db.roles' doesn't exist
ERROR - 2023-05-09 14:08:56 --> Table 'baliwagc_peso_db.departments' doesn't exist
ERROR - 2023-05-09 14:08:56 --> Table 'baliwagc_peso_db.roles' doesn't exist
ERROR - 2023-05-09 14:09:03 --> Table 'baliwagc_peso_db.departments' doesn't exist
ERROR - 2023-05-09 14:09:03 --> Table 'baliwagc_peso_db.roles' doesn't exist
ERROR - 2023-05-09 14:10:04 --> Table 'baliwagc_peso_db.departments' doesn't exist
ERROR - 2023-05-09 14:10:04 --> Table 'baliwagc_peso_db.roles' doesn't exist
ERROR - 2023-05-09 14:10:17 --> Table 'baliwagc_peso_db.departments' doesn't exist
ERROR - 2023-05-09 14:10:17 --> Table 'baliwagc_peso_db.roles' doesn't exist
ERROR - 2023-05-09 14:11:29 --> Table 'baliwagc_peso_db.departments' doesn't exist
ERROR - 2023-05-09 14:11:29 --> Table 'baliwagc_peso_db.roles' doesn't exist
ERROR - 2023-05-09 14:11:48 --> Table 'baliwagc_peso_db.departments' doesn't exist
ERROR - 2023-05-09 14:11:48 --> Table 'baliwagc_peso_db.roles' doesn't exist
ERROR - 2023-05-09 14:11:50 --> Table 'baliwagc_peso_db.departments' doesn't exist
ERROR - 2023-05-09 14:11:50 --> Table 'baliwagc_peso_db.roles' doesn't exist
ERROR - 2023-05-09 14:13:23 --> Table 'baliwagc_peso_db.departments' doesn't exist
ERROR - 2023-05-09 14:13:23 --> Table 'baliwagc_peso_db.roles' doesn't exist
ERROR - 2023-05-09 14:13:47 --> Table 'baliwagc_peso_db.departments' doesn't exist
ERROR - 2023-05-09 14:13:47 --> Table 'baliwagc_peso_db.roles' doesn't exist
ERROR - 2023-05-09 14:14:03 --> Table 'baliwagc_peso_db.departments' doesn't exist
ERROR - 2023-05-09 14:14:03 --> Table 'baliwagc_peso_db.roles' doesn't exist
ERROR - 2023-05-09 14:14:41 --> Table 'baliwagc_peso_db.departments' doesn't exist
ERROR - 2023-05-09 14:14:41 --> Table 'baliwagc_peso_db.roles' doesn't exist
ERROR - 2023-05-09 14:14:51 --> Table 'baliwagc_peso_db.departments' doesn't exist
ERROR - 2023-05-09 14:14:51 --> Table 'baliwagc_peso_db.roles' doesn't exist
ERROR - 2023-05-09 14:15:02 --> Table 'baliwagc_peso_db.departments' doesn't exist
ERROR - 2023-05-09 14:15:02 --> Table 'baliwagc_peso_db.roles' doesn't exist
ERROR - 2023-05-09 14:15:17 --> Table 'baliwagc_peso_db.departments' doesn't exist
ERROR - 2023-05-09 14:15:17 --> Table 'baliwagc_peso_db.roles' doesn't exist
ERROR - 2023-05-09 14:15:26 --> Table 'baliwagc_peso_db.departments' doesn't exist
ERROR - 2023-05-09 14:15:26 --> Table 'baliwagc_peso_db.roles' doesn't exist
ERROR - 2023-05-09 14:15:32 --> Table 'baliwagc_peso_db.departments' doesn't exist
ERROR - 2023-05-09 14:15:32 --> Table 'baliwagc_peso_db.roles' doesn't exist
ERROR - 2023-05-09 14:15:37 --> Table 'baliwagc_peso_db.departments' doesn't exist
ERROR - 2023-05-09 14:15:37 --> Table 'baliwagc_peso_db.roles' doesn't exist
ERROR - 2023-05-09 14:15:45 --> Table 'baliwagc_peso_db.departments' doesn't exist
ERROR - 2023-05-09 14:15:45 --> Table 'baliwagc_peso_db.roles' doesn't exist
ERROR - 2023-05-09 14:15:59 --> Table 'baliwagc_peso_db.departments' doesn't exist
ERROR - 2023-05-09 14:15:59 --> Table 'baliwagc_peso_db.roles' doesn't exist
ERROR - 2023-05-09 14:16:08 --> Table 'baliwagc_peso_db.departments' doesn't exist
ERROR - 2023-05-09 14:16:08 --> Table 'baliwagc_peso_db.roles' doesn't exist
ERROR - 2023-05-09 14:17:10 --> Table 'baliwagc_peso_db.departments' doesn't exist
ERROR - 2023-05-09 14:17:10 --> Table 'baliwagc_peso_db.roles' doesn't exist
ERROR - 2023-05-09 14:18:38 --> Table 'baliwagc_peso_db.departments' doesn't exist
ERROR - 2023-05-09 14:18:38 --> Table 'baliwagc_peso_db.roles' doesn't exist
ERROR - 2023-05-09 14:23:00 --> Table 'baliwagc_peso_db.departments' doesn't exist
ERROR - 2023-05-09 14:23:00 --> Table 'baliwagc_peso_db.roles' doesn't exist
ERROR - 2023-05-09 14:23:11 --> Table 'baliwagc_peso_db.departments' doesn't exist
ERROR - 2023-05-09 14:23:11 --> Table 'baliwagc_peso_db.roles' doesn't exist
ERROR - 2023-05-09 14:23:27 --> Table 'baliwagc_peso_db.departments' doesn't exist
ERROR - 2023-05-09 14:23:27 --> Table 'baliwagc_peso_db.roles' doesn't exist
ERROR - 2023-05-09 14:23:33 --> Table 'baliwagc_peso_db.departments' doesn't exist
ERROR - 2023-05-09 14:23:33 --> Table 'baliwagc_peso_db.roles' doesn't exist
ERROR - 2023-05-09 14:24:11 --> Table 'baliwagc_peso_db.departments' doesn't exist
ERROR - 2023-05-09 14:24:11 --> Table 'baliwagc_peso_db.roles' doesn't exist
ERROR - 2023-05-09 14:24:15 --> Table 'baliwagc_peso_db.departments' doesn't exist
ERROR - 2023-05-09 14:24:15 --> Table 'baliwagc_peso_db.roles' doesn't exist
ERROR - 2023-05-09 14:24:23 --> Table 'baliwagc_peso_db.departments' doesn't exist
ERROR - 2023-05-09 14:24:23 --> Table 'baliwagc_peso_db.roles' doesn't exist
ERROR - 2023-05-09 14:24:32 --> Table 'baliwagc_peso_db.departments' doesn't exist
ERROR - 2023-05-09 14:24:32 --> Table 'baliwagc_peso_db.roles' doesn't exist
ERROR - 2023-05-09 14:24:57 --> Table 'baliwagc_peso_db.departments' doesn't exist
ERROR - 2023-05-09 14:24:57 --> Table 'baliwagc_peso_db.roles' doesn't exist
ERROR - 2023-05-09 15:13:39 --> Table 'baliwagc_peso_db.departments' doesn't exist
ERROR - 2023-05-09 15:13:39 --> Table 'baliwagc_peso_db.roles' doesn't exist
ERROR - 2023-05-09 15:14:24 --> Table 'baliwagc_peso_db.departments' doesn't exist
ERROR - 2023-05-09 15:14:24 --> Table 'baliwagc_peso_db.roles' doesn't exist
ERROR - 2023-05-09 15:14:36 --> Table 'baliwagc_peso_db.departments' doesn't exist
ERROR - 2023-05-09 15:14:36 --> Table 'baliwagc_peso_db.roles' doesn't exist
ERROR - 2023-05-09 15:14:39 --> Table 'baliwagc_peso_db.departments' doesn't exist
ERROR - 2023-05-09 15:14:39 --> Table 'baliwagc_peso_db.roles' doesn't exist
ERROR - 2023-05-09 15:14:39 --> Table 'baliwagc_peso_db.departments' doesn't exist
ERROR - 2023-05-09 15:14:40 --> Table 'baliwagc_peso_db.roles' doesn't exist
ERROR - 2023-05-09 15:14:48 --> Table 'baliwagc_peso_db.departments' doesn't exist
ERROR - 2023-05-09 15:14:48 --> Table 'baliwagc_peso_db.roles' doesn't exist
ERROR - 2023-05-09 15:14:53 --> Table 'baliwagc_peso_db.departments' doesn't exist
ERROR - 2023-05-09 15:14:53 --> Table 'baliwagc_peso_db.roles' doesn't exist
ERROR - 2023-05-09 15:15:21 --> Table 'baliwagc_peso_db.departments' doesn't exist
ERROR - 2023-05-09 15:15:21 --> Table 'baliwagc_peso_db.roles' doesn't exist
ERROR - 2023-05-09 15:16:02 --> Table 'baliwagc_peso_db.departments' doesn't exist
ERROR - 2023-05-09 15:16:02 --> Table 'baliwagc_peso_db.roles' doesn't exist
ERROR - 2023-05-09 15:16:05 --> Table 'baliwagc_peso_db.departments' doesn't exist
ERROR - 2023-05-09 15:16:05 --> Table 'baliwagc_peso_db.roles' doesn't exist
ERROR - 2023-05-09 15:16:10 --> Table 'baliwagc_peso_db.departments' doesn't exist
ERROR - 2023-05-09 15:16:10 --> Table 'baliwagc_peso_db.roles' doesn't exist
ERROR - 2023-05-09 15:16:42 --> Table 'baliwagc_peso_db.logs' doesn't exist
ERROR - 2023-05-09 15:16:51 --> Table 'baliwagc_peso_db.departments' doesn't exist
ERROR - 2023-05-09 15:16:51 --> Table 'baliwagc_peso_db.roles' doesn't exist
ERROR - 2023-05-09 15:17:36 --> Table 'baliwagc_peso_db.departments' doesn't exist
ERROR - 2023-05-09 15:17:36 --> Table 'baliwagc_peso_db.roles' doesn't exist
ERROR - 2023-05-09 15:18:02 --> Table 'baliwagc_peso_db.departments' doesn't exist
ERROR - 2023-05-09 15:18:02 --> Table 'baliwagc_peso_db.roles' doesn't exist
ERROR - 2023-05-09 15:18:02 --> Table 'baliwagc_peso_db.departments' doesn't exist
ERROR - 2023-05-09 15:18:02 --> Table 'baliwagc_peso_db.roles' doesn't exist
ERROR - 2023-05-09 15:21:31 --> Table 'baliwagc_peso_db.departments' doesn't exist
CRITICAL - 2023-05-09 15:21:31 --> Undefined property: stdClass::$role_id
#0 C:\xampp\htdocs\peso\app\Views\users\users.php(120): CodeIgniter\Debug\Exceptions->errorHandler(2, 'Undefined prope...', 'C:\\xampp\\htdocs...', 120)
#1 C:\xampp\htdocs\peso\vendor\codeigniter4\framework\system\View\View.php(210): include('C:\\xampp\\htdocs...')
#2 C:\xampp\htdocs\peso\vendor\codeigniter4\framework\system\View\View.php(213): CodeIgniter\View\View->CodeIgniter\View\{closure}()
#3 C:\xampp\htdocs\peso\vendor\codeigniter4\framework\system\Common.php(1089): CodeIgniter\View\View->render('users/users', Array, true)
#4 C:\xampp\htdocs\peso\app\Controllers\Users.php(32): view('users/users', Array)
#5 C:\xampp\htdocs\peso\vendor\codeigniter4\framework\system\CodeIgniter.php(832): App\Controllers\Users->index()
#6 C:\xampp\htdocs\peso\vendor\codeigniter4\framework\system\CodeIgniter.php(419): CodeIgniter\CodeIgniter->runController(Object(App\Controllers\Users))
#7 C:\xampp\htdocs\peso\vendor\codeigniter4\framework\system\CodeIgniter.php(326): CodeIgniter\CodeIgniter->handleRequest(NULL, Object(Config\Cache), false)
#8 C:\xampp\htdocs\peso\index.php(38): CodeIgniter\CodeIgniter->run()
#9 {main}
CRITICAL - 2023-05-09 15:28:39 --> Attempt to read property "user_photo" on bool
#0 C:\xampp\htdocs\peso\app\Views\partials\header.php(3642): CodeIgniter\Debug\Exceptions->errorHandler(2, 'Attempt to read...', 'C:\\xampp\\htdocs...', 3642)
#1 C:\xampp\htdocs\peso\vendor\codeigniter4\framework\system\View\View.php(210): include('C:\\xampp\\htdocs...')
#2 C:\xampp\htdocs\peso\vendor\codeigniter4\framework\system\View\View.php(213): CodeIgniter\View\View->CodeIgniter\View\{closure}()
#3 C:\xampp\htdocs\peso\vendor\codeigniter4\framework\system\View\View.php(424): CodeIgniter\View\View->render('partials/header', NULL, true)
#4 C:\xampp\htdocs\peso\app\Views\layouts\main.php(71): CodeIgniter\View\View->include('partials/header')
#5 C:\xampp\htdocs\peso\vendor\codeigniter4\framework\system\View\View.php(210): include('C:\\xampp\\htdocs...')
#6 C:\xampp\htdocs\peso\vendor\codeigniter4\framework\system\View\View.php(213): CodeIgniter\View\View->CodeIgniter\View\{closure}()
#7 C:\xampp\htdocs\peso\vendor\codeigniter4\framework\system\View\View.php(226): CodeIgniter\View\View->render('layouts/main', Array, true)
#8 C:\xampp\htdocs\peso\vendor\codeigniter4\framework\system\Common.php(1089): CodeIgniter\View\View->render('jobs/job-applic...', Array, true)
#9 C:\xampp\htdocs\peso\app\Controllers\Jobs.php(194): view('jobs/job-applic...', Array)
#10 C:\xampp\htdocs\peso\vendor\codeigniter4\framework\system\CodeIgniter.php(832): App\Controllers\Jobs->applicants('15')
#11 C:\xampp\htdocs\peso\vendor\codeigniter4\framework\system\CodeIgniter.php(419): CodeIgniter\CodeIgniter->runController(Object(App\Controllers\Jobs))
#12 C:\xampp\htdocs\peso\vendor\codeigniter4\framework\system\CodeIgniter.php(326): CodeIgniter\CodeIgniter->handleRequest(NULL, Object(Config\Cache), false)
#13 C:\xampp\htdocs\peso\index.php(38): CodeIgniter\CodeIgniter->run()
#14 {main}
ERROR - 2023-05-09 15:36:17 --> Table 'baliwagc_peso_db.departments' doesn't exist
CRITICAL - 2023-05-09 15:36:17 --> Undefined property: stdClass::$role_id
#0 C:\xampp\htdocs\peso\app\Views\users\users.php(120): CodeIgniter\Debug\Exceptions->errorHandler(2, 'Undefined prope...', 'C:\\xampp\\htdocs...', 120)
#1 C:\xampp\htdocs\peso\vendor\codeigniter4\framework\system\View\View.php(210): include('C:\\xampp\\htdocs...')
#2 C:\xampp\htdocs\peso\vendor\codeigniter4\framework\system\View\View.php(213): CodeIgniter\View\View->CodeIgniter\View\{closure}()
#3 C:\xampp\htdocs\peso\vendor\codeigniter4\framework\system\Common.php(1089): CodeIgniter\View\View->render('users/users', Array, true)
#4 C:\xampp\htdocs\peso\app\Controllers\Users.php(32): view('users/users', Array)
#5 C:\xampp\htdocs\peso\vendor\codeigniter4\framework\system\CodeIgniter.php(832): App\Controllers\Users->index()
#6 C:\xampp\htdocs\peso\vendor\codeigniter4\framework\system\CodeIgniter.php(419): CodeIgniter\CodeIgniter->runController(Object(App\Controllers\Users))
#7 C:\xampp\htdocs\peso\vendor\codeigniter4\framework\system\CodeIgniter.php(326): CodeIgniter\CodeIgniter->handleRequest(NULL, Object(Config\Cache), false)
#8 C:\xampp\htdocs\peso\index.php(38): CodeIgniter\CodeIgniter->run()
#9 {main}
ERROR - 2023-05-09 15:46:25 --> Table 'baliwagc_peso_db.departments' doesn't exist
CRITICAL - 2023-05-09 15:46:25 --> foreach() argument must be of type array|object, bool given
#0 C:\xampp\htdocs\peso\app\Views\users\users.php(130): CodeIgniter\Debug\Exceptions->errorHandler(2, 'foreach() argum...', 'C:\\xampp\\htdocs...', 130)
#1 C:\xampp\htdocs\peso\vendor\codeigniter4\framework\system\View\View.php(210): include('C:\\xampp\\htdocs...')
#2 C:\xampp\htdocs\peso\vendor\codeigniter4\framework\system\View\View.php(213): CodeIgniter\View\View->CodeIgniter\View\{closure}()
#3 C:\xampp\htdocs\peso\vendor\codeigniter4\framework\system\Common.php(1089): CodeIgniter\View\View->render('users/users', Array, true)
#4 C:\xampp\htdocs\peso\app\Controllers\Users.php(32): view('users/users', Array)
#5 C:\xampp\htdocs\peso\vendor\codeigniter4\framework\system\CodeIgniter.php(832): App\Controllers\Users->index()
#6 C:\xampp\htdocs\peso\vendor\codeigniter4\framework\system\CodeIgniter.php(419): CodeIgniter\CodeIgniter->runController(Object(App\Controllers\Users))
#7 C:\xampp\htdocs\peso\vendor\codeigniter4\framework\system\CodeIgniter.php(326): CodeIgniter\CodeIgniter->handleRequest(NULL, Object(Config\Cache), false)
#8 C:\xampp\htdocs\peso\index.php(38): CodeIgniter\CodeIgniter->run()
#9 {main}
ERROR - 2023-05-09 15:46:35 --> Table 'baliwagc_peso_db.departments' doesn't exist
ERROR - 2023-05-09 15:46:36 --> Table 'baliwagc_peso_db.departments' doesn't exist
ERROR - 2023-05-09 16:46:45 --> Table 'baliwagc_peso_db.departments' doesn't exist
ERROR - 2023-05-09 16:46:45 --> Unknown column 'user_info.dept_id' in 'field list'
CRITICAL - 2023-05-09 16:46:45 --> Unknown column 'user_info.dept_id' in 'field list'
#0 C:\xampp\htdocs\peso\vendor\codeigniter4\framework\system\Database\MySQLi\Connection.php(292): mysqli->query('SELECT `users`....', 0)
#1 C:\xampp\htdocs\peso\vendor\codeigniter4\framework\system\Database\BaseConnection.php(670): CodeIgniter\Database\MySQLi\Connection->execute('SELECT `users`....')
#2 C:\xampp\htdocs\peso\vendor\codeigniter4\framework\system\Database\BaseConnection.php(598): CodeIgniter\Database\BaseConnection->simpleQuery('SELECT `users`....')
#3 C:\xampp\htdocs\peso\vendor\codeigniter4\framework\system\Database\BaseBuilder.php(1455): CodeIgniter\Database\BaseConnection->query('SELECT `users`....', Array, false)
#4 C:\xampp\htdocs\peso\app\Models\UsersModel.php(33): CodeIgniter\Database\BaseBuilder->get()
#5 C:\xampp\htdocs\peso\app\Controllers\Users.php(85): App\Models\UsersModel->getSpecificUser('1')
#6 C:\xampp\htdocs\peso\vendor\codeigniter4\framework\system\CodeIgniter.php(832): App\Controllers\Users->getSpecificUser('1')
#7 C:\xampp\htdocs\peso\vendor\codeigniter4\framework\system\CodeIgniter.php(419): CodeIgniter\CodeIgniter->runController(Object(App\Controllers\Users))
#8 C:\xampp\htdocs\peso\vendor\codeigniter4\framework\system\CodeIgniter.php(326): CodeIgniter\CodeIgniter->handleRequest(NULL, Object(Config\Cache), false)
#9 C:\xampp\htdocs\peso\index.php(38): CodeIgniter\CodeIgniter->run()
#10 {main}
ERROR - 2023-05-09 16:46:46 --> Table 'baliwagc_peso_db.departments' doesn't exist
ERROR - 2023-05-09 16:46:46 --> Unknown column 'user_info.dept_id' in 'field list'
CRITICAL - 2023-05-09 16:46:46 --> Unknown column 'user_info.dept_id' in 'field list'
#0 C:\xampp\htdocs\peso\vendor\codeigniter4\framework\system\Database\MySQLi\Connection.php(292): mysqli->query('SELECT `users`....', 0)
#1 C:\xampp\htdocs\peso\vendor\codeigniter4\framework\system\Database\BaseConnection.php(670): CodeIgniter\Database\MySQLi\Connection->execute('SELECT `users`....')
#2 C:\xampp\htdocs\peso\vendor\codeigniter4\framework\system\Database\BaseConnection.php(598): CodeIgniter\Database\BaseConnection->simpleQuery('SELECT `users`....')
#3 C:\xampp\htdocs\peso\vendor\codeigniter4\framework\system\Database\BaseBuilder.php(1455): CodeIgniter\Database\BaseConnection->query('SELECT `users`....', Array, false)
#4 C:\xampp\htdocs\peso\app\Models\UsersModel.php(33): CodeIgniter\Database\BaseBuilder->get()
#5 C:\xampp\htdocs\peso\app\Controllers\Users.php(85): App\Models\UsersModel->getSpecificUser('7')
#6 C:\xampp\htdocs\peso\vendor\codeigniter4\framework\system\CodeIgniter.php(832): App\Controllers\Users->getSpecificUser('7')
#7 C:\xampp\htdocs\peso\vendor\codeigniter4\framework\system\CodeIgniter.php(419): CodeIgniter\CodeIgniter->runController(Object(App\Controllers\Users))
#8 C:\xampp\htdocs\peso\vendor\codeigniter4\framework\system\CodeIgniter.php(326): CodeIgniter\CodeIgniter->handleRequest(NULL, Object(Config\Cache), false)
#9 C:\xampp\htdocs\peso\index.php(38): CodeIgniter\CodeIgniter->run()
#10 {main}
ERROR - 2023-05-09 16:46:48 --> Table 'baliwagc_peso_db.departments' doesn't exist
ERROR - 2023-05-09 16:46:48 --> Unknown column 'user_info.dept_id' in 'field list'
CRITICAL - 2023-05-09 16:46:48 --> Unknown column 'user_info.dept_id' in 'field list'
#0 C:\xampp\htdocs\peso\vendor\codeigniter4\framework\system\Database\MySQLi\Connection.php(292): mysqli->query('SELECT `users`....', 0)
#1 C:\xampp\htdocs\peso\vendor\codeigniter4\framework\system\Database\BaseConnection.php(670): CodeIgniter\Database\MySQLi\Connection->execute('SELECT `users`....')
#2 C:\xampp\htdocs\peso\vendor\codeigniter4\framework\system\Database\BaseConnection.php(598): CodeIgniter\Database\BaseConnection->simpleQuery('SELECT `users`....')
#3 C:\xampp\htdocs\peso\vendor\codeigniter4\framework\system\Database\BaseBuilder.php(1455): CodeIgniter\Database\BaseConnection->query('SELECT `users`....', Array, false)
#4 C:\xampp\htdocs\peso\app\Models\UsersModel.php(33): CodeIgniter\Database\BaseBuilder->get()
#5 C:\xampp\htdocs\peso\app\Controllers\Users.php(85): App\Models\UsersModel->getSpecificUser('2')
#6 C:\xampp\htdocs\peso\vendor\codeigniter4\framework\system\CodeIgniter.php(832): App\Controllers\Users->getSpecificUser('2')
#7 C:\xampp\htdocs\peso\vendor\codeigniter4\framework\system\CodeIgniter.php(419): CodeIgniter\CodeIgniter->runController(Object(App\Controllers\Users))
#8 C:\xampp\htdocs\peso\vendor\codeigniter4\framework\system\CodeIgniter.php(326): CodeIgniter\CodeIgniter->handleRequest(NULL, Object(Config\Cache), false)
#9 C:\xampp\htdocs\peso\index.php(38): CodeIgniter\CodeIgniter->run()
#10 {main}
ERROR - 2023-05-09 16:46:55 --> Table 'baliwagc_peso_db.departments' doesn't exist
ERROR - 2023-05-09 16:46:55 --> Unknown column 'user_info.dept_id' in 'field list'
CRITICAL - 2023-05-09 16:46:55 --> Unknown column 'user_info.dept_id' in 'field list'
#0 C:\xampp\htdocs\peso\vendor\codeigniter4\framework\system\Database\MySQLi\Connection.php(292): mysqli->query('SELECT `users`....', 0)
#1 C:\xampp\htdocs\peso\vendor\codeigniter4\framework\system\Database\BaseConnection.php(670): CodeIgniter\Database\MySQLi\Connection->execute('SELECT `users`....')
#2 C:\xampp\htdocs\peso\vendor\codeigniter4\framework\system\Database\BaseConnection.php(598): CodeIgniter\Database\BaseConnection->simpleQuery('SELECT `users`....')
#3 C:\xampp\htdocs\peso\vendor\codeigniter4\framework\system\Database\BaseBuilder.php(1455): CodeIgniter\Database\BaseConnection->query('SELECT `users`....', Array, false)
#4 C:\xampp\htdocs\peso\app\Models\UsersModel.php(33): CodeIgniter\Database\BaseBuilder->get()
#5 C:\xampp\htdocs\peso\app\Controllers\Users.php(85): App\Models\UsersModel->getSpecificUser('2')
#6 C:\xampp\htdocs\peso\vendor\codeigniter4\framework\system\CodeIgniter.php(832): App\Controllers\Users->getSpecificUser('2')
#7 C:\xampp\htdocs\peso\vendor\codeigniter4\framework\system\CodeIgniter.php(419): CodeIgniter\CodeIgniter->runController(Object(App\Controllers\Users))
#8 C:\xampp\htdocs\peso\vendor\codeigniter4\framework\system\CodeIgniter.php(326): CodeIgniter\CodeIgniter->handleRequest(NULL, Object(Config\Cache), false)
#9 C:\xampp\htdocs\peso\index.php(38): CodeIgniter\CodeIgniter->run()
#10 {main}
