ERROR - 2023-06-23 12:21:24 --> Table 'baliwagc_peso_db.logs' doesn't exist
ERROR - 2023-06-23 12:21:25 --> Table 'baliwagc_peso_db.departments' doesn't exist
CRITICAL - 2023-06-23 12:24:05 --> strtolower(): Argument #1 ($string) must be of type string, stdClass given
#0 C:\xampp\htdocs\peso\app\Views\users\editProfile.php(709): strtolower(Object(stdClass))
#1 C:\xampp\htdocs\peso\vendor\codeigniter4\framework\system\View\View.php(210): include('C:\\xampp\\htdocs...')
#2 C:\xampp\htdocs\peso\vendor\codeigniter4\framework\system\View\View.php(213): CodeIgniter\View\View->CodeIgniter\View\{closure}()
#3 C:\xampp\htdocs\peso\vendor\codeigniter4\framework\system\Common.php(1089): CodeIgniter\View\View->render('users/editProfi...', Array, true)
#4 C:\xampp\htdocs\peso\app\Controllers\Dashboard.php(286): view('users/editProfi...', Array)
#5 C:\xampp\htdocs\peso\vendor\codeigniter4\framework\system\CodeIgniter.php(832): App\Controllers\Dashboard->profile()
#6 C:\xampp\htdocs\peso\vendor\codeigniter4\framework\system\CodeIgniter.php(419): CodeIgniter\CodeIgniter->runController(Object(App\Controllers\Dashboard))
#7 C:\xampp\htdocs\peso\vendor\codeigniter4\framework\system\CodeIgniter.php(326): CodeIgniter\CodeIgniter->handleRequest(NULL, Object(Config\Cache), false)
#8 C:\xampp\htdocs\peso\index.php(38): CodeIgniter\CodeIgniter->run()
#9 {main}
CRITICAL - 2023-06-23 12:28:16 --> array_keys(): Argument #1 ($array) must be of type array, stdClass given
#0 C:\xampp\htdocs\peso\app\Views\users\editProfile.php(711): array_keys(Object(stdClass))
#1 C:\xampp\htdocs\peso\vendor\codeigniter4\framework\system\View\View.php(210): include('C:\\xampp\\htdocs...')
#2 C:\xampp\htdocs\peso\vendor\codeigniter4\framework\system\View\View.php(213): CodeIgniter\View\View->CodeIgniter\View\{closure}()
#3 C:\xampp\htdocs\peso\vendor\codeigniter4\framework\system\Common.php(1089): CodeIgniter\View\View->render('users/editProfi...', Array, true)
#4 C:\xampp\htdocs\peso\app\Controllers\Dashboard.php(286): view('users/editProfi...', Array)
#5 C:\xampp\htdocs\peso\vendor\codeigniter4\framework\system\CodeIgniter.php(832): App\Controllers\Dashboard->profile()
#6 C:\xampp\htdocs\peso\vendor\codeigniter4\framework\system\CodeIgniter.php(419): CodeIgniter\CodeIgniter->runController(Object(App\Controllers\Dashboard))
#7 C:\xampp\htdocs\peso\vendor\codeigniter4\framework\system\CodeIgniter.php(326): CodeIgniter\CodeIgniter->handleRequest(NULL, Object(Config\Cache), false)
#8 C:\xampp\htdocs\peso\index.php(38): CodeIgniter\CodeIgniter->run()
#9 {main}
CRITICAL - 2023-06-23 12:28:21 --> array_keys(): Argument #1 ($array) must be of type array, stdClass given
#0 C:\xampp\htdocs\peso\app\Views\users\editProfile.php(711): array_keys(Object(stdClass))
#1 C:\xampp\htdocs\peso\vendor\codeigniter4\framework\system\View\View.php(210): include('C:\\xampp\\htdocs...')
#2 C:\xampp\htdocs\peso\vendor\codeigniter4\framework\system\View\View.php(213): CodeIgniter\View\View->CodeIgniter\View\{closure}()
#3 C:\xampp\htdocs\peso\vendor\codeigniter4\framework\system\Common.php(1089): CodeIgniter\View\View->render('users/editProfi...', Array, true)
#4 C:\xampp\htdocs\peso\app\Controllers\Dashboard.php(286): view('users/editProfi...', Array)
#5 C:\xampp\htdocs\peso\vendor\codeigniter4\framework\system\CodeIgniter.php(832): App\Controllers\Dashboard->profile()
#6 C:\xampp\htdocs\peso\vendor\codeigniter4\framework\system\CodeIgniter.php(419): CodeIgniter\CodeIgniter->runController(Object(App\Controllers\Dashboard))
#7 C:\xampp\htdocs\peso\vendor\codeigniter4\framework\system\CodeIgniter.php(326): CodeIgniter\CodeIgniter->handleRequest(NULL, Object(Config\Cache), false)
#8 C:\xampp\htdocs\peso\index.php(38): CodeIgniter\CodeIgniter->run()
#9 {main}
CRITICAL - 2023-06-23 12:29:22 --> key(): Calling key() on an object is deprecated
#0 [internal function]: CodeIgniter\Debug\Exceptions->errorHandler(8192, 'key(): Calling ...', 'C:\\xampp\\htdocs...', 711)
#1 C:\xampp\htdocs\peso\app\Views\users\editProfile.php(711): key(Object(stdClass))
#2 C:\xampp\htdocs\peso\vendor\codeigniter4\framework\system\View\View.php(210): include('C:\\xampp\\htdocs...')
#3 C:\xampp\htdocs\peso\vendor\codeigniter4\framework\system\View\View.php(213): CodeIgniter\View\View->CodeIgniter\View\{closure}()
#4 C:\xampp\htdocs\peso\vendor\codeigniter4\framework\system\Common.php(1089): CodeIgniter\View\View->render('users/editProfi...', Array, true)
#5 C:\xampp\htdocs\peso\app\Controllers\Dashboard.php(286): view('users/editProfi...', Array)
#6 C:\xampp\htdocs\peso\vendor\codeigniter4\framework\system\CodeIgniter.php(832): App\Controllers\Dashboard->profile()
#7 C:\xampp\htdocs\peso\vendor\codeigniter4\framework\system\CodeIgniter.php(419): CodeIgniter\CodeIgniter->runController(Object(App\Controllers\Dashboard))
#8 C:\xampp\htdocs\peso\vendor\codeigniter4\framework\system\CodeIgniter.php(326): CodeIgniter\CodeIgniter->handleRequest(NULL, Object(Config\Cache), false)
#9 C:\xampp\htdocs\peso\index.php(38): CodeIgniter\CodeIgniter->run()
#10 {main}
CRITICAL - 2023-06-23 12:32:10 --> array_keys(): Argument #1 ($array) must be of type array, stdClass given
#0 C:\xampp\htdocs\peso\app\Views\users\editProfile.php(708): array_keys(Object(stdClass))
#1 C:\xampp\htdocs\peso\vendor\codeigniter4\framework\system\View\View.php(210): include('C:\\xampp\\htdocs...')
#2 C:\xampp\htdocs\peso\vendor\codeigniter4\framework\system\View\View.php(213): CodeIgniter\View\View->CodeIgniter\View\{closure}()
#3 C:\xampp\htdocs\peso\vendor\codeigniter4\framework\system\Common.php(1089): CodeIgniter\View\View->render('users/editProfi...', Array, true)
#4 C:\xampp\htdocs\peso\app\Controllers\Dashboard.php(286): view('users/editProfi...', Array)
#5 C:\xampp\htdocs\peso\vendor\codeigniter4\framework\system\CodeIgniter.php(832): App\Controllers\Dashboard->profile()
#6 C:\xampp\htdocs\peso\vendor\codeigniter4\framework\system\CodeIgniter.php(419): CodeIgniter\CodeIgniter->runController(Object(App\Controllers\Dashboard))
#7 C:\xampp\htdocs\peso\vendor\codeigniter4\framework\system\CodeIgniter.php(326): CodeIgniter\CodeIgniter->handleRequest(NULL, Object(Config\Cache), false)
#8 C:\xampp\htdocs\peso\index.php(38): CodeIgniter\CodeIgniter->run()
#9 {main}
CRITICAL - 2023-06-23 12:37:00 --> Undefined property: stdClass::$english
#0 C:\xampp\htdocs\peso\app\Views\users\editProfile.php(708): CodeIgniter\Debug\Exceptions->errorHandler(2, 'Undefined prope...', 'C:\\xampp\\htdocs...', 708)
#1 C:\xampp\htdocs\peso\vendor\codeigniter4\framework\system\View\View.php(210): include('C:\\xampp\\htdocs...')
#2 C:\xampp\htdocs\peso\vendor\codeigniter4\framework\system\View\View.php(213): CodeIgniter\View\View->CodeIgniter\View\{closure}()
#3 C:\xampp\htdocs\peso\vendor\codeigniter4\framework\system\Common.php(1089): CodeIgniter\View\View->render('users/editProfi...', Array, true)
#4 C:\xampp\htdocs\peso\app\Controllers\Dashboard.php(286): view('users/editProfi...', Array)
#5 C:\xampp\htdocs\peso\vendor\codeigniter4\framework\system\CodeIgniter.php(832): App\Controllers\Dashboard->profile()
#6 C:\xampp\htdocs\peso\vendor\codeigniter4\framework\system\CodeIgniter.php(419): CodeIgniter\CodeIgniter->runController(Object(App\Controllers\Dashboard))
#7 C:\xampp\htdocs\peso\vendor\codeigniter4\framework\system\CodeIgniter.php(326): CodeIgniter\CodeIgniter->handleRequest(NULL, Object(Config\Cache), false)
#8 C:\xampp\htdocs\peso\index.php(38): CodeIgniter\CodeIgniter->run()
#9 {main}
CRITICAL - 2023-06-23 12:38:37 --> Object of class stdClass could not be converted to string
#0 C:\xampp\htdocs\peso\vendor\codeigniter4\framework\system\View\View.php(210): include()
#1 C:\xampp\htdocs\peso\vendor\codeigniter4\framework\system\View\View.php(213): CodeIgniter\View\View->CodeIgniter\View\{closure}()
#2 C:\xampp\htdocs\peso\vendor\codeigniter4\framework\system\Common.php(1089): CodeIgniter\View\View->render('users/editProfi...', Array, true)
#3 C:\xampp\htdocs\peso\app\Controllers\Dashboard.php(286): view('users/editProfi...', Array)
#4 C:\xampp\htdocs\peso\vendor\codeigniter4\framework\system\CodeIgniter.php(832): App\Controllers\Dashboard->profile()
#5 C:\xampp\htdocs\peso\vendor\codeigniter4\framework\system\CodeIgniter.php(419): CodeIgniter\CodeIgniter->runController(Object(App\Controllers\Dashboard))
#6 C:\xampp\htdocs\peso\vendor\codeigniter4\framework\system\CodeIgniter.php(326): CodeIgniter\CodeIgniter->handleRequest(NULL, Object(Config\Cache), false)
#7 C:\xampp\htdocs\peso\index.php(38): CodeIgniter\CodeIgniter->run()
#8 {main}
CRITICAL - 2023-06-23 12:38:51 --> Undefined property: stdClass::$Others
#0 C:\xampp\htdocs\peso\app\Views\users\editProfile.php(708): CodeIgniter\Debug\Exceptions->errorHandler(2, 'Undefined prope...', 'C:\\xampp\\htdocs...', 708)
#1 C:\xampp\htdocs\peso\vendor\codeigniter4\framework\system\View\View.php(210): include('C:\\xampp\\htdocs...')
#2 C:\xampp\htdocs\peso\vendor\codeigniter4\framework\system\View\View.php(213): CodeIgniter\View\View->CodeIgniter\View\{closure}()
#3 C:\xampp\htdocs\peso\vendor\codeigniter4\framework\system\Common.php(1089): CodeIgniter\View\View->render('users/editProfi...', Array, true)
#4 C:\xampp\htdocs\peso\app\Controllers\Dashboard.php(286): view('users/editProfi...', Array)
#5 C:\xampp\htdocs\peso\vendor\codeigniter4\framework\system\CodeIgniter.php(832): App\Controllers\Dashboard->profile()
#6 C:\xampp\htdocs\peso\vendor\codeigniter4\framework\system\CodeIgniter.php(419): CodeIgniter\CodeIgniter->runController(Object(App\Controllers\Dashboard))
#7 C:\xampp\htdocs\peso\vendor\codeigniter4\framework\system\CodeIgniter.php(326): CodeIgniter\CodeIgniter->handleRequest(NULL, Object(Config\Cache), false)
#8 C:\xampp\htdocs\peso\index.php(38): CodeIgniter\CodeIgniter->run()
#9 {main}
CRITICAL - 2023-06-23 12:43:08 --> Undefined property: stdClass::$read
#0 C:\xampp\htdocs\peso\app\Views\users\editProfile.php(729): CodeIgniter\Debug\Exceptions->errorHandler(2, 'Undefined prope...', 'C:\\xampp\\htdocs...', 729)
#1 C:\xampp\htdocs\peso\vendor\codeigniter4\framework\system\View\View.php(210): include('C:\\xampp\\htdocs...')
#2 C:\xampp\htdocs\peso\vendor\codeigniter4\framework\system\View\View.php(213): CodeIgniter\View\View->CodeIgniter\View\{closure}()
#3 C:\xampp\htdocs\peso\vendor\codeigniter4\framework\system\Common.php(1089): CodeIgniter\View\View->render('users/editProfi...', Array, true)
#4 C:\xampp\htdocs\peso\app\Controllers\Dashboard.php(286): view('users/editProfi...', Array)
#5 C:\xampp\htdocs\peso\vendor\codeigniter4\framework\system\CodeIgniter.php(832): App\Controllers\Dashboard->profile()
#6 C:\xampp\htdocs\peso\vendor\codeigniter4\framework\system\CodeIgniter.php(419): CodeIgniter\CodeIgniter->runController(Object(App\Controllers\Dashboard))
#7 C:\xampp\htdocs\peso\vendor\codeigniter4\framework\system\CodeIgniter.php(326): CodeIgniter\CodeIgniter->handleRequest(NULL, Object(Config\Cache), false)
#8 C:\xampp\htdocs\peso\index.php(38): CodeIgniter\CodeIgniter->run()
#9 {main}
ERROR - 2023-06-23 12:46:33 --> Table 'baliwagc_peso_db.departments' doesn't exist
ERROR - 2023-06-23 12:46:46 --> Table 'baliwagc_peso_db.departments' doesn't exist
ERROR - 2023-06-23 12:48:36 --> Table 'baliwagc_peso_db.departments' doesn't exist
ERROR - 2023-06-23 12:49:50 --> Table 'baliwagc_peso_db.departments' doesn't exist
CRITICAL - 2023-06-23 13:40:56 --> Array to string conversion
#0 C:\xampp\htdocs\peso\app\Views\users\editProfile.php(762): CodeIgniter\Debug\Exceptions->errorHandler(2, 'Array to string...', 'C:\\xampp\\htdocs...', 762)
#1 C:\xampp\htdocs\peso\vendor\codeigniter4\framework\system\View\View.php(210): include('C:\\xampp\\htdocs...')
#2 C:\xampp\htdocs\peso\vendor\codeigniter4\framework\system\View\View.php(213): CodeIgniter\View\View->CodeIgniter\View\{closure}()
#3 C:\xampp\htdocs\peso\vendor\codeigniter4\framework\system\Common.php(1089): CodeIgniter\View\View->render('users/editProfi...', Array, true)
#4 C:\xampp\htdocs\peso\app\Controllers\Dashboard.php(286): view('users/editProfi...', Array)
#5 C:\xampp\htdocs\peso\vendor\codeigniter4\framework\system\CodeIgniter.php(832): App\Controllers\Dashboard->profile()
#6 C:\xampp\htdocs\peso\vendor\codeigniter4\framework\system\CodeIgniter.php(419): CodeIgniter\CodeIgniter->runController(Object(App\Controllers\Dashboard))
#7 C:\xampp\htdocs\peso\vendor\codeigniter4\framework\system\CodeIgniter.php(326): CodeIgniter\CodeIgniter->handleRequest(NULL, Object(Config\Cache), false)
#8 C:\xampp\htdocs\peso\index.php(38): CodeIgniter\CodeIgniter->run()
#9 {main}
ERROR - 2023-06-23 13:45:47 --> Table 'baliwagc_peso_db.departments' doesn't exist
ERROR - 2023-06-23 13:49:34 --> Table 'baliwagc_peso_db.departments' doesn't exist
ERROR - 2023-06-23 13:50:06 --> Table 'baliwagc_peso_db.departments' doesn't exist
ERROR - 2023-06-23 13:50:16 --> Table 'baliwagc_peso_db.departments' doesn't exist
ERROR - 2023-06-23 13:50:28 --> Table 'baliwagc_peso_db.departments' doesn't exist
ERROR - 2023-06-23 13:52:57 --> Table 'baliwagc_peso_db.departments' doesn't exist
ERROR - 2023-06-23 13:57:54 --> Table 'baliwagc_peso_db.departments' doesn't exist
ERROR - 2023-06-23 13:58:52 --> Table 'baliwagc_peso_db.departments' doesn't exist
ERROR - 2023-06-23 13:59:03 --> Table 'baliwagc_peso_db.departments' doesn't exist
ERROR - 2023-06-23 14:00:01 --> Table 'baliwagc_peso_db.departments' doesn't exist
CRITICAL - 2023-06-23 14:01:53 --> in_array(): Argument #2 ($haystack) must be of type array, string given
#0 C:\xampp\htdocs\peso\app\Views\users\editProfile.php(1059): in_array('Auto Mechanic', '"[\\"Auto Mechan...')
#1 C:\xampp\htdocs\peso\vendor\codeigniter4\framework\system\View\View.php(210): include('C:\\xampp\\htdocs...')
#2 C:\xampp\htdocs\peso\vendor\codeigniter4\framework\system\View\View.php(213): CodeIgniter\View\View->CodeIgniter\View\{closure}()
#3 C:\xampp\htdocs\peso\vendor\codeigniter4\framework\system\Common.php(1089): CodeIgniter\View\View->render('users/editProfi...', Array, true)
#4 C:\xampp\htdocs\peso\app\Controllers\Dashboard.php(286): view('users/editProfi...', Array)
#5 C:\xampp\htdocs\peso\vendor\codeigniter4\framework\system\CodeIgniter.php(832): App\Controllers\Dashboard->profile()
#6 C:\xampp\htdocs\peso\vendor\codeigniter4\framework\system\CodeIgniter.php(419): CodeIgniter\CodeIgniter->runController(Object(App\Controllers\Dashboard))
#7 C:\xampp\htdocs\peso\vendor\codeigniter4\framework\system\CodeIgniter.php(326): CodeIgniter\CodeIgniter->handleRequest(NULL, Object(Config\Cache), false)
#8 C:\xampp\htdocs\peso\index.php(38): CodeIgniter\CodeIgniter->run()
#9 {main}
ERROR - 2023-06-23 14:02:47 --> Table 'baliwagc_peso_db.departments' doesn't exist
ERROR - 2023-06-23 14:07:18 --> Table 'baliwagc_peso_db.departments' doesn't exist
CRITICAL - 2023-06-23 14:07:20 --> Undefined array key 0
#0 C:\xampp\htdocs\peso\app\Views\users\editProfile.php(1070): CodeIgniter\Debug\Exceptions->errorHandler(2, 'Undefined array...', 'C:\\xampp\\htdocs...', 1070)
#1 C:\xampp\htdocs\peso\vendor\codeigniter4\framework\system\View\View.php(210): include('C:\\xampp\\htdocs...')
#2 C:\xampp\htdocs\peso\vendor\codeigniter4\framework\system\View\View.php(213): CodeIgniter\View\View->CodeIgniter\View\{closure}()
#3 C:\xampp\htdocs\peso\vendor\codeigniter4\framework\system\Common.php(1089): CodeIgniter\View\View->render('users/editProfi...', Array, true)
#4 C:\xampp\htdocs\peso\app\Controllers\Dashboard.php(286): view('users/editProfi...', Array)
#5 C:\xampp\htdocs\peso\vendor\codeigniter4\framework\system\CodeIgniter.php(832): App\Controllers\Dashboard->profile()
#6 C:\xampp\htdocs\peso\vendor\codeigniter4\framework\system\CodeIgniter.php(419): CodeIgniter\CodeIgniter->runController(Object(App\Controllers\Dashboard))
#7 C:\xampp\htdocs\peso\vendor\codeigniter4\framework\system\CodeIgniter.php(326): CodeIgniter\CodeIgniter->handleRequest(NULL, Object(Config\Cache), false)
#8 C:\xampp\htdocs\peso\index.php(38): CodeIgniter\CodeIgniter->run()
#9 {main}
ERROR - 2023-06-23 14:07:57 --> Table 'baliwagc_peso_db.departments' doesn't exist
