ERROR - 2023-04-03 08:33:16 --> Table 'baliwagc_peso_db.logs' doesn't exist
CRITICAL - 2023-04-03 08:33:23 --> Undefined variable $job_info
#0 C:\xampp\htdocs\peso\app\Views\jobs\jobs-builder.php(109): CodeIgniter\Debug\Exceptions->errorHandler(2, 'Undefined varia...', 'C:\\xampp\\htdocs...', 109)
#1 C:\xampp\htdocs\peso\vendor\codeigniter4\framework\system\View\View.php(210): include('C:\\xampp\\htdocs...')
#2 C:\xampp\htdocs\peso\vendor\codeigniter4\framework\system\View\View.php(213): CodeIgniter\View\View->CodeIgniter\View\{closure}()
#3 C:\xampp\htdocs\peso\vendor\codeigniter4\framework\system\Common.php(1089): CodeIgniter\View\View->render('jobs/jobs-build...', Array, true)
#4 C:\xampp\htdocs\peso\app\Controllers\Jobs.php(79): view('jobs/jobs-build...', Array)
#5 C:\xampp\htdocs\peso\vendor\codeigniter4\framework\system\CodeIgniter.php(832): App\Controllers\Jobs->edit_job_post('7')
#6 C:\xampp\htdocs\peso\vendor\codeigniter4\framework\system\CodeIgniter.php(419): CodeIgniter\CodeIgniter->runController(Object(App\Controllers\Jobs))
#7 C:\xampp\htdocs\peso\vendor\codeigniter4\framework\system\CodeIgniter.php(326): CodeIgniter\CodeIgniter->handleRequest(NULL, Object(Config\Cache), false)
#8 C:\xampp\htdocs\peso\index.php(38): CodeIgniter\CodeIgniter->run()
#9 {main}
CRITICAL - 2023-04-03 08:34:04 --> Undefined variable $job_info
#0 C:\xampp\htdocs\peso\app\Views\jobs\jobs-builder.php(109): CodeIgniter\Debug\Exceptions->errorHandler(2, 'Undefined varia...', 'C:\\xampp\\htdocs...', 109)
#1 C:\xampp\htdocs\peso\vendor\codeigniter4\framework\system\View\View.php(210): include('C:\\xampp\\htdocs...')
#2 C:\xampp\htdocs\peso\vendor\codeigniter4\framework\system\View\View.php(213): CodeIgniter\View\View->CodeIgniter\View\{closure}()
#3 C:\xampp\htdocs\peso\vendor\codeigniter4\framework\system\Common.php(1089): CodeIgniter\View\View->render('jobs/jobs-build...', Array, true)
#4 C:\xampp\htdocs\peso\app\Controllers\Jobs.php(79): view('jobs/jobs-build...', Array)
#5 C:\xampp\htdocs\peso\vendor\codeigniter4\framework\system\CodeIgniter.php(832): App\Controllers\Jobs->edit_job_post('7')
#6 C:\xampp\htdocs\peso\vendor\codeigniter4\framework\system\CodeIgniter.php(419): CodeIgniter\CodeIgniter->runController(Object(App\Controllers\Jobs))
#7 C:\xampp\htdocs\peso\vendor\codeigniter4\framework\system\CodeIgniter.php(326): CodeIgniter\CodeIgniter->handleRequest(NULL, Object(Config\Cache), false)
#8 C:\xampp\htdocs\peso\index.php(38): CodeIgniter\CodeIgniter->run()
#9 {main}
CRITICAL - 2023-04-03 08:38:34 --> syntax error, unexpected token ":", expecting identifier or variable or "{" or "$"
#0 C:\xampp\htdocs\peso\vendor\codeigniter4\framework\system\View\View.php(213): CodeIgniter\View\View->CodeIgniter\View\{closure}()
#1 C:\xampp\htdocs\peso\vendor\codeigniter4\framework\system\Common.php(1089): CodeIgniter\View\View->render('jobs/jobs-build...', Array, true)
#2 C:\xampp\htdocs\peso\app\Controllers\Jobs.php(80): view('jobs/jobs-build...', Array)
#3 C:\xampp\htdocs\peso\vendor\codeigniter4\framework\system\CodeIgniter.php(832): App\Controllers\Jobs->edit_job_post('7')
#4 C:\xampp\htdocs\peso\vendor\codeigniter4\framework\system\CodeIgniter.php(419): CodeIgniter\CodeIgniter->runController(Object(App\Controllers\Jobs))
#5 C:\xampp\htdocs\peso\vendor\codeigniter4\framework\system\CodeIgniter.php(326): CodeIgniter\CodeIgniter->handleRequest(NULL, Object(Config\Cache), false)
#6 C:\xampp\htdocs\peso\index.php(38): CodeIgniter\CodeIgniter->run()
#7 {main}
CRITICAL - 2023-04-03 08:47:08 --> Undefined array key "result"
#0 C:\xampp\htdocs\peso\app\Controllers\Jobs.php(77): CodeIgniter\Debug\Exceptions->errorHandler(2, 'Undefined array...', 'C:\\xampp\\htdocs...', 77)
#1 C:\xampp\htdocs\peso\vendor\codeigniter4\framework\system\CodeIgniter.php(832): App\Controllers\Jobs->edit_job_post('7')
#2 C:\xampp\htdocs\peso\vendor\codeigniter4\framework\system\CodeIgniter.php(419): CodeIgniter\CodeIgniter->runController(Object(App\Controllers\Jobs))
#3 C:\xampp\htdocs\peso\vendor\codeigniter4\framework\system\CodeIgniter.php(326): CodeIgniter\CodeIgniter->handleRequest(NULL, Object(Config\Cache), false)
#4 C:\xampp\htdocs\peso\index.php(38): CodeIgniter\CodeIgniter->run()
#5 {main}
CRITICAL - 2023-04-03 08:47:46 --> syntax error, unexpected token ":", expecting identifier or variable or "{" or "$"
#0 C:\xampp\htdocs\peso\vendor\codeigniter4\framework\system\View\View.php(213): CodeIgniter\View\View->CodeIgniter\View\{closure}()
#1 C:\xampp\htdocs\peso\vendor\codeigniter4\framework\system\Common.php(1089): CodeIgniter\View\View->render('jobs/jobs-build...', Array, true)
#2 C:\xampp\htdocs\peso\app\Controllers\Jobs.php(80): view('jobs/jobs-build...', Array)
#3 C:\xampp\htdocs\peso\vendor\codeigniter4\framework\system\CodeIgniter.php(832): App\Controllers\Jobs->edit_job_post('7')
#4 C:\xampp\htdocs\peso\vendor\codeigniter4\framework\system\CodeIgniter.php(419): CodeIgniter\CodeIgniter->runController(Object(App\Controllers\Jobs))
#5 C:\xampp\htdocs\peso\vendor\codeigniter4\framework\system\CodeIgniter.php(326): CodeIgniter\CodeIgniter->handleRequest(NULL, Object(Config\Cache), false)
#6 C:\xampp\htdocs\peso\index.php(38): CodeIgniter\CodeIgniter->run()
#7 {main}
CRITICAL - 2023-04-03 09:13:38 --> Undefined property: stdClass::$company_city
#0 C:\xampp\htdocs\peso\app\Views\jobs\jobs-builder.php(186): CodeIgniter\Debug\Exceptions->errorHandler(2, 'Undefined prope...', 'C:\\xampp\\htdocs...', 186)
#1 C:\xampp\htdocs\peso\vendor\codeigniter4\framework\system\View\View.php(210): include('C:\\xampp\\htdocs...')
#2 C:\xampp\htdocs\peso\vendor\codeigniter4\framework\system\View\View.php(213): CodeIgniter\View\View->CodeIgniter\View\{closure}()
#3 C:\xampp\htdocs\peso\vendor\codeigniter4\framework\system\Common.php(1089): CodeIgniter\View\View->render('jobs/jobs-build...', Array, true)
#4 C:\xampp\htdocs\peso\app\Controllers\Jobs.php(80): view('jobs/jobs-build...', Array)
#5 C:\xampp\htdocs\peso\vendor\codeigniter4\framework\system\CodeIgniter.php(832): App\Controllers\Jobs->edit_job_post('14')
#6 C:\xampp\htdocs\peso\vendor\codeigniter4\framework\system\CodeIgniter.php(419): CodeIgniter\CodeIgniter->runController(Object(App\Controllers\Jobs))
#7 C:\xampp\htdocs\peso\vendor\codeigniter4\framework\system\CodeIgniter.php(326): CodeIgniter\CodeIgniter->handleRequest(NULL, Object(Config\Cache), false)
#8 C:\xampp\htdocs\peso\index.php(38): CodeIgniter\CodeIgniter->run()
#9 {main}
CRITICAL - 2023-04-03 09:37:40 --> Undefined variable $job_post
#0 C:\xampp\htdocs\peso\app\Views\jobs\jobs-builder.php(266): CodeIgniter\Debug\Exceptions->errorHandler(2, 'Undefined varia...', 'C:\\xampp\\htdocs...', 266)
#1 C:\xampp\htdocs\peso\vendor\codeigniter4\framework\system\View\View.php(210): include('C:\\xampp\\htdocs...')
#2 C:\xampp\htdocs\peso\vendor\codeigniter4\framework\system\View\View.php(213): CodeIgniter\View\View->CodeIgniter\View\{closure}()
#3 C:\xampp\htdocs\peso\vendor\codeigniter4\framework\system\Common.php(1089): CodeIgniter\View\View->render('jobs/jobs-build...', Array, true)
#4 C:\xampp\htdocs\peso\app\Controllers\Jobs.php(80): view('jobs/jobs-build...', Array)
#5 C:\xampp\htdocs\peso\vendor\codeigniter4\framework\system\CodeIgniter.php(832): App\Controllers\Jobs->edit_job_post('11')
#6 C:\xampp\htdocs\peso\vendor\codeigniter4\framework\system\CodeIgniter.php(419): CodeIgniter\CodeIgniter->runController(Object(App\Controllers\Jobs))
#7 C:\xampp\htdocs\peso\vendor\codeigniter4\framework\system\CodeIgniter.php(326): CodeIgniter\CodeIgniter->handleRequest(NULL, Object(Config\Cache), false)
#8 C:\xampp\htdocs\peso\index.php(38): CodeIgniter\CodeIgniter->run()
#9 {main}
CRITICAL - 2023-04-03 10:31:44 --> Call to undefined method App\Models\MasterModel::updated()
#0 C:\xampp\htdocs\peso\vendor\codeigniter4\framework\system\CodeIgniter.php(832): App\Controllers\Jobs->updateJobPost('16')
#1 C:\xampp\htdocs\peso\vendor\codeigniter4\framework\system\CodeIgniter.php(419): CodeIgniter\CodeIgniter->runController(Object(App\Controllers\Jobs))
#2 C:\xampp\htdocs\peso\vendor\codeigniter4\framework\system\CodeIgniter.php(326): CodeIgniter\CodeIgniter->handleRequest(NULL, Object(Config\Cache), false)
#3 C:\xampp\htdocs\peso\index.php(38): CodeIgniter\CodeIgniter->run()
#4 {main}
CRITICAL - 2023-04-03 10:37:59 --> Undefined property: stdClass::$interview_date
#0 C:\xampp\htdocs\peso\app\Views\jobs\jobs-builder.php(265): CodeIgniter\Debug\Exceptions->errorHandler(2, 'Undefined prope...', 'C:\\xampp\\htdocs...', 265)
#1 C:\xampp\htdocs\peso\vendor\codeigniter4\framework\system\View\View.php(210): include('C:\\xampp\\htdocs...')
#2 C:\xampp\htdocs\peso\vendor\codeigniter4\framework\system\View\View.php(213): CodeIgniter\View\View->CodeIgniter\View\{closure}()
#3 C:\xampp\htdocs\peso\vendor\codeigniter4\framework\system\Common.php(1089): CodeIgniter\View\View->render('jobs/jobs-build...', Array, true)
#4 C:\xampp\htdocs\peso\app\Controllers\Jobs.php(80): view('jobs/jobs-build...', Array)
#5 C:\xampp\htdocs\peso\vendor\codeigniter4\framework\system\CodeIgniter.php(832): App\Controllers\Jobs->edit_job_post('16')
#6 C:\xampp\htdocs\peso\vendor\codeigniter4\framework\system\CodeIgniter.php(419): CodeIgniter\CodeIgniter->runController(Object(App\Controllers\Jobs))
#7 C:\xampp\htdocs\peso\vendor\codeigniter4\framework\system\CodeIgniter.php(326): CodeIgniter\CodeIgniter->handleRequest(NULL, Object(Config\Cache), false)
#8 C:\xampp\htdocs\peso\index.php(38): CodeIgniter\CodeIgniter->run()
#9 {main}
CRITICAL - 2023-04-03 11:06:25 --> Class "Time" not found
#0 C:\xampp\htdocs\peso\vendor\codeigniter4\framework\system\View\View.php(210): include()
#1 C:\xampp\htdocs\peso\vendor\codeigniter4\framework\system\View\View.php(213): CodeIgniter\View\View->CodeIgniter\View\{closure}()
#2 C:\xampp\htdocs\peso\vendor\codeigniter4\framework\system\Common.php(1089): CodeIgniter\View\View->render('home/home', Array, true)
#3 C:\xampp\htdocs\peso\app\Controllers\Home.php(36): view('home/home', Array)
#4 C:\xampp\htdocs\peso\vendor\codeigniter4\framework\system\CodeIgniter.php(832): App\Controllers\Home->index()
#5 C:\xampp\htdocs\peso\vendor\codeigniter4\framework\system\CodeIgniter.php(419): CodeIgniter\CodeIgniter->runController(Object(App\Controllers\Home))
#6 C:\xampp\htdocs\peso\vendor\codeigniter4\framework\system\CodeIgniter.php(326): CodeIgniter\CodeIgniter->handleRequest(NULL, Object(Config\Cache), false)
#7 C:\xampp\htdocs\peso\index.php(38): CodeIgniter\CodeIgniter->run()
#8 {main}
CRITICAL - 2023-04-03 11:10:22 --> Object of class CodeIgniter\I18n\TimeDifference could not be converted to string
#0 C:\xampp\htdocs\peso\vendor\codeigniter4\framework\system\View\View.php(210): include()
#1 C:\xampp\htdocs\peso\vendor\codeigniter4\framework\system\View\View.php(213): CodeIgniter\View\View->CodeIgniter\View\{closure}()
#2 C:\xampp\htdocs\peso\vendor\codeigniter4\framework\system\Common.php(1089): CodeIgniter\View\View->render('home/home', Array, true)
#3 C:\xampp\htdocs\peso\app\Controllers\Home.php(36): view('home/home', Array)
#4 C:\xampp\htdocs\peso\vendor\codeigniter4\framework\system\CodeIgniter.php(832): App\Controllers\Home->index()
#5 C:\xampp\htdocs\peso\vendor\codeigniter4\framework\system\CodeIgniter.php(419): CodeIgniter\CodeIgniter->runController(Object(App\Controllers\Home))
#6 C:\xampp\htdocs\peso\vendor\codeigniter4\framework\system\CodeIgniter.php(326): CodeIgniter\CodeIgniter->handleRequest(NULL, Object(Config\Cache), false)
#7 C:\xampp\htdocs\peso\index.php(38): CodeIgniter\CodeIgniter->run()
#8 {main}
CRITICAL - 2023-04-03 12:04:54 --> Cannot use object of type stdClass as array
#0 C:\xampp\htdocs\peso\vendor\codeigniter4\framework\system\View\View.php(210): include()
#1 C:\xampp\htdocs\peso\vendor\codeigniter4\framework\system\View\View.php(213): CodeIgniter\View\View->CodeIgniter\View\{closure}()
#2 C:\xampp\htdocs\peso\vendor\codeigniter4\framework\system\Common.php(1089): CodeIgniter\View\View->render('home/home', Array, true)
#3 C:\xampp\htdocs\peso\app\Controllers\Home.php(36): view('home/home', Array)
#4 C:\xampp\htdocs\peso\vendor\codeigniter4\framework\system\CodeIgniter.php(832): App\Controllers\Home->index()
#5 C:\xampp\htdocs\peso\vendor\codeigniter4\framework\system\CodeIgniter.php(419): CodeIgniter\CodeIgniter->runController(Object(App\Controllers\Home))
#6 C:\xampp\htdocs\peso\vendor\codeigniter4\framework\system\CodeIgniter.php(326): CodeIgniter\CodeIgniter->handleRequest(NULL, Object(Config\Cache), false)
#7 C:\xampp\htdocs\peso\index.php(38): CodeIgniter\CodeIgniter->run()
#8 {main}
CRITICAL - 2023-04-03 12:05:10 --> Object of class stdClass could not be converted to string
#0 C:\xampp\htdocs\peso\vendor\codeigniter4\framework\system\View\View.php(210): include()
#1 C:\xampp\htdocs\peso\vendor\codeigniter4\framework\system\View\View.php(213): CodeIgniter\View\View->CodeIgniter\View\{closure}()
#2 C:\xampp\htdocs\peso\vendor\codeigniter4\framework\system\Common.php(1089): CodeIgniter\View\View->render('home/home', Array, true)
#3 C:\xampp\htdocs\peso\app\Controllers\Home.php(36): view('home/home', Array)
#4 C:\xampp\htdocs\peso\vendor\codeigniter4\framework\system\CodeIgniter.php(832): App\Controllers\Home->index()
#5 C:\xampp\htdocs\peso\vendor\codeigniter4\framework\system\CodeIgniter.php(419): CodeIgniter\CodeIgniter->runController(Object(App\Controllers\Home))
#6 C:\xampp\htdocs\peso\vendor\codeigniter4\framework\system\CodeIgniter.php(326): CodeIgniter\CodeIgniter->handleRequest(NULL, Object(Config\Cache), false)
#7 C:\xampp\htdocs\peso\index.php(38): CodeIgniter\CodeIgniter->run()
#8 {main}
ERROR - 2023-04-03 12:24:38 --> Column 'is_deleted' in where clause is ambiguous
ERROR - 2023-04-03 12:24:47 --> Column 'is_deleted' in where clause is ambiguous
ERROR - 2023-04-03 12:25:10 --> Column 'is_deleted' in where clause is ambiguous
CRITICAL - 2023-04-03 12:25:10 --> foreach() argument must be of type array|object, string given
#0 C:\xampp\htdocs\peso\app\Views\home\home.php(79): CodeIgniter\Debug\Exceptions->errorHandler(2, 'foreach() argum...', 'C:\\xampp\\htdocs...', 79)
#1 C:\xampp\htdocs\peso\vendor\codeigniter4\framework\system\View\View.php(210): include('C:\\xampp\\htdocs...')
#2 C:\xampp\htdocs\peso\vendor\codeigniter4\framework\system\View\View.php(213): CodeIgniter\View\View->CodeIgniter\View\{closure}()
#3 C:\xampp\htdocs\peso\vendor\codeigniter4\framework\system\Common.php(1089): CodeIgniter\View\View->render('home/home', Array, true)
#4 C:\xampp\htdocs\peso\app\Controllers\Home.php(36): view('home/home', Array)
#5 C:\xampp\htdocs\peso\vendor\codeigniter4\framework\system\CodeIgniter.php(832): App\Controllers\Home->index()
#6 C:\xampp\htdocs\peso\vendor\codeigniter4\framework\system\CodeIgniter.php(419): CodeIgniter\CodeIgniter->runController(Object(App\Controllers\Home))
#7 C:\xampp\htdocs\peso\vendor\codeigniter4\framework\system\CodeIgniter.php(326): CodeIgniter\CodeIgniter->handleRequest(NULL, Object(Config\Cache), false)
#8 C:\xampp\htdocs\peso\index.php(38): CodeIgniter\CodeIgniter->run()
#9 {main}
CRITICAL - 2023-04-03 12:25:35 --> foreach() argument must be of type array|object, string given
#0 C:\xampp\htdocs\peso\app\Views\home\home.php(79): CodeIgniter\Debug\Exceptions->errorHandler(2, 'foreach() argum...', 'C:\\xampp\\htdocs...', 79)
#1 C:\xampp\htdocs\peso\vendor\codeigniter4\framework\system\View\View.php(210): include('C:\\xampp\\htdocs...')
#2 C:\xampp\htdocs\peso\vendor\codeigniter4\framework\system\View\View.php(213): CodeIgniter\View\View->CodeIgniter\View\{closure}()
#3 C:\xampp\htdocs\peso\vendor\codeigniter4\framework\system\Common.php(1089): CodeIgniter\View\View->render('home/home', Array, true)
#4 C:\xampp\htdocs\peso\app\Controllers\Home.php(36): view('home/home', Array)
#5 C:\xampp\htdocs\peso\vendor\codeigniter4\framework\system\CodeIgniter.php(832): App\Controllers\Home->index()
#6 C:\xampp\htdocs\peso\vendor\codeigniter4\framework\system\CodeIgniter.php(419): CodeIgniter\CodeIgniter->runController(Object(App\Controllers\Home))
#7 C:\xampp\htdocs\peso\vendor\codeigniter4\framework\system\CodeIgniter.php(326): CodeIgniter\CodeIgniter->handleRequest(NULL, Object(Config\Cache), false)
#8 C:\xampp\htdocs\peso\index.php(38): CodeIgniter\CodeIgniter->run()
#9 {main}
CRITICAL - 2023-04-03 12:26:11 --> foreach() argument must be of type array|object, string given
#0 C:\xampp\htdocs\peso\app\Views\home\home.php(79): CodeIgniter\Debug\Exceptions->errorHandler(2, 'foreach() argum...', 'C:\\xampp\\htdocs...', 79)
#1 C:\xampp\htdocs\peso\vendor\codeigniter4\framework\system\View\View.php(210): include('C:\\xampp\\htdocs...')
#2 C:\xampp\htdocs\peso\vendor\codeigniter4\framework\system\View\View.php(213): CodeIgniter\View\View->CodeIgniter\View\{closure}()
#3 C:\xampp\htdocs\peso\vendor\codeigniter4\framework\system\Common.php(1089): CodeIgniter\View\View->render('home/home', Array, true)
#4 C:\xampp\htdocs\peso\app\Controllers\Home.php(36): view('home/home', Array)
#5 C:\xampp\htdocs\peso\vendor\codeigniter4\framework\system\CodeIgniter.php(832): App\Controllers\Home->index()
#6 C:\xampp\htdocs\peso\vendor\codeigniter4\framework\system\CodeIgniter.php(419): CodeIgniter\CodeIgniter->runController(Object(App\Controllers\Home))
#7 C:\xampp\htdocs\peso\vendor\codeigniter4\framework\system\CodeIgniter.php(326): CodeIgniter\CodeIgniter->handleRequest(NULL, Object(Config\Cache), false)
#8 C:\xampp\htdocs\peso\index.php(38): CodeIgniter\CodeIgniter->run()
#9 {main}
CRITICAL - 2023-04-03 12:26:49 --> Undefined variable $master_model
#0 C:\xampp\htdocs\peso\app\Controllers\Home.php(46): CodeIgniter\Debug\Exceptions->errorHandler(2, 'Undefined varia...', 'C:\\xampp\\htdocs...', 46)
#1 C:\xampp\htdocs\peso\vendor\codeigniter4\framework\system\CodeIgniter.php(832): App\Controllers\Home->asd()
#2 C:\xampp\htdocs\peso\vendor\codeigniter4\framework\system\CodeIgniter.php(419): CodeIgniter\CodeIgniter->runController(Object(App\Controllers\Home))
#3 C:\xampp\htdocs\peso\vendor\codeigniter4\framework\system\CodeIgniter.php(326): CodeIgniter\CodeIgniter->handleRequest(NULL, Object(Config\Cache), false)
#4 C:\xampp\htdocs\peso\index.php(38): CodeIgniter\CodeIgniter->run()
#5 {main}
CRITICAL - 2023-04-03 12:26:58 --> view(): Argument #2 ($data) must be of type array, stdClass given, called in C:\xampp\htdocs\peso\app\Controllers\Home.php on line 55
#0 C:\xampp\htdocs\peso\app\Controllers\Home.php(55): view('home/news-and-u...', Object(stdClass))
#1 C:\xampp\htdocs\peso\vendor\codeigniter4\framework\system\CodeIgniter.php(832): App\Controllers\Home->asd()
#2 C:\xampp\htdocs\peso\vendor\codeigniter4\framework\system\CodeIgniter.php(419): CodeIgniter\CodeIgniter->runController(Object(App\Controllers\Home))
#3 C:\xampp\htdocs\peso\vendor\codeigniter4\framework\system\CodeIgniter.php(326): CodeIgniter\CodeIgniter->handleRequest(NULL, Object(Config\Cache), false)
#4 C:\xampp\htdocs\peso\index.php(38): CodeIgniter\CodeIgniter->run()
#5 {main}
CRITICAL - 2023-04-03 12:27:07 --> view(): Argument #2 ($data) must be of type array, stdClass given, called in C:\xampp\htdocs\peso\app\Controllers\Home.php on line 54
#0 C:\xampp\htdocs\peso\app\Controllers\Home.php(54): view('home/news-and-u...', Object(stdClass))
#1 C:\xampp\htdocs\peso\vendor\codeigniter4\framework\system\CodeIgniter.php(832): App\Controllers\Home->asd()
#2 C:\xampp\htdocs\peso\vendor\codeigniter4\framework\system\CodeIgniter.php(419): CodeIgniter\CodeIgniter->runController(Object(App\Controllers\Home))
#3 C:\xampp\htdocs\peso\vendor\codeigniter4\framework\system\CodeIgniter.php(326): CodeIgniter\CodeIgniter->handleRequest(NULL, Object(Config\Cache), false)
#4 C:\xampp\htdocs\peso\index.php(38): CodeIgniter\CodeIgniter->run()
#5 {main}
CRITICAL - 2023-04-03 12:27:25 --> view(): Argument #2 ($data) must be of type array, stdClass given, called in C:\xampp\htdocs\peso\app\Controllers\Home.php on line 54
#0 C:\xampp\htdocs\peso\app\Controllers\Home.php(54): view('home/test', Object(stdClass))
#1 C:\xampp\htdocs\peso\vendor\codeigniter4\framework\system\CodeIgniter.php(832): App\Controllers\Home->asd()
#2 C:\xampp\htdocs\peso\vendor\codeigniter4\framework\system\CodeIgniter.php(419): CodeIgniter\CodeIgniter->runController(Object(App\Controllers\Home))
#3 C:\xampp\htdocs\peso\vendor\codeigniter4\framework\system\CodeIgniter.php(326): CodeIgniter\CodeIgniter->handleRequest(NULL, Object(Config\Cache), false)
#4 C:\xampp\htdocs\peso\index.php(38): CodeIgniter\CodeIgniter->run()
#5 {main}
CRITICAL - 2023-04-03 12:28:31 --> foreach() argument must be of type array|object, string given
#0 C:\xampp\htdocs\peso\app\Views\home\home.php(79): CodeIgniter\Debug\Exceptions->errorHandler(2, 'foreach() argum...', 'C:\\xampp\\htdocs...', 79)
#1 C:\xampp\htdocs\peso\vendor\codeigniter4\framework\system\View\View.php(210): include('C:\\xampp\\htdocs...')
#2 C:\xampp\htdocs\peso\vendor\codeigniter4\framework\system\View\View.php(213): CodeIgniter\View\View->CodeIgniter\View\{closure}()
#3 C:\xampp\htdocs\peso\vendor\codeigniter4\framework\system\Common.php(1089): CodeIgniter\View\View->render('home/home', Array, true)
#4 C:\xampp\htdocs\peso\app\Controllers\Home.php(36): view('home/home', Array)
#5 C:\xampp\htdocs\peso\vendor\codeigniter4\framework\system\CodeIgniter.php(832): App\Controllers\Home->index()
#6 C:\xampp\htdocs\peso\vendor\codeigniter4\framework\system\CodeIgniter.php(419): CodeIgniter\CodeIgniter->runController(Object(App\Controllers\Home))
#7 C:\xampp\htdocs\peso\vendor\codeigniter4\framework\system\CodeIgniter.php(326): CodeIgniter\CodeIgniter->handleRequest(NULL, Object(Config\Cache), false)
#8 C:\xampp\htdocs\peso\index.php(38): CodeIgniter\CodeIgniter->run()
#9 {main}
CRITICAL - 2023-04-03 12:29:00 --> foreach() argument must be of type array|object, string given
#0 C:\xampp\htdocs\peso\app\Views\home\home.php(79): CodeIgniter\Debug\Exceptions->errorHandler(2, 'foreach() argum...', 'C:\\xampp\\htdocs...', 79)
#1 C:\xampp\htdocs\peso\vendor\codeigniter4\framework\system\View\View.php(210): include('C:\\xampp\\htdocs...')
#2 C:\xampp\htdocs\peso\vendor\codeigniter4\framework\system\View\View.php(213): CodeIgniter\View\View->CodeIgniter\View\{closure}()
#3 C:\xampp\htdocs\peso\vendor\codeigniter4\framework\system\Common.php(1089): CodeIgniter\View\View->render('home/home', Array, true)
#4 C:\xampp\htdocs\peso\app\Controllers\Home.php(36): view('home/home', Array)
#5 C:\xampp\htdocs\peso\vendor\codeigniter4\framework\system\CodeIgniter.php(832): App\Controllers\Home->index()
#6 C:\xampp\htdocs\peso\vendor\codeigniter4\framework\system\CodeIgniter.php(419): CodeIgniter\CodeIgniter->runController(Object(App\Controllers\Home))
#7 C:\xampp\htdocs\peso\vendor\codeigniter4\framework\system\CodeIgniter.php(326): CodeIgniter\CodeIgniter->handleRequest(NULL, Object(Config\Cache), false)
#8 C:\xampp\htdocs\peso\index.php(38): CodeIgniter\CodeIgniter->run()
#9 {main}
CRITICAL - 2023-04-03 12:29:07 --> foreach() argument must be of type array|object, string given
#0 C:\xampp\htdocs\peso\app\Views\home\home.php(79): CodeIgniter\Debug\Exceptions->errorHandler(2, 'foreach() argum...', 'C:\\xampp\\htdocs...', 79)
#1 C:\xampp\htdocs\peso\vendor\codeigniter4\framework\system\View\View.php(210): include('C:\\xampp\\htdocs...')
#2 C:\xampp\htdocs\peso\vendor\codeigniter4\framework\system\View\View.php(213): CodeIgniter\View\View->CodeIgniter\View\{closure}()
#3 C:\xampp\htdocs\peso\vendor\codeigniter4\framework\system\Common.php(1089): CodeIgniter\View\View->render('home/home', Array, true)
#4 C:\xampp\htdocs\peso\app\Controllers\Home.php(36): view('home/home', Array)
#5 C:\xampp\htdocs\peso\vendor\codeigniter4\framework\system\CodeIgniter.php(832): App\Controllers\Home->index()
#6 C:\xampp\htdocs\peso\vendor\codeigniter4\framework\system\CodeIgniter.php(419): CodeIgniter\CodeIgniter->runController(Object(App\Controllers\Home))
#7 C:\xampp\htdocs\peso\vendor\codeigniter4\framework\system\CodeIgniter.php(326): CodeIgniter\CodeIgniter->handleRequest(NULL, Object(Config\Cache), false)
#8 C:\xampp\htdocs\peso\index.php(38): CodeIgniter\CodeIgniter->run()
#9 {main}
CRITICAL - 2023-04-03 12:29:36 --> foreach() argument must be of type array|object, string given
#0 C:\xampp\htdocs\peso\app\Views\home\home.php(79): CodeIgniter\Debug\Exceptions->errorHandler(2, 'foreach() argum...', 'C:\\xampp\\htdocs...', 79)
#1 C:\xampp\htdocs\peso\vendor\codeigniter4\framework\system\View\View.php(210): include('C:\\xampp\\htdocs...')
#2 C:\xampp\htdocs\peso\vendor\codeigniter4\framework\system\View\View.php(213): CodeIgniter\View\View->CodeIgniter\View\{closure}()
#3 C:\xampp\htdocs\peso\vendor\codeigniter4\framework\system\Common.php(1089): CodeIgniter\View\View->render('home/home', Array, true)
#4 C:\xampp\htdocs\peso\app\Controllers\Home.php(36): view('home/home', Array)
#5 C:\xampp\htdocs\peso\vendor\codeigniter4\framework\system\CodeIgniter.php(832): App\Controllers\Home->index()
#6 C:\xampp\htdocs\peso\vendor\codeigniter4\framework\system\CodeIgniter.php(419): CodeIgniter\CodeIgniter->runController(Object(App\Controllers\Home))
#7 C:\xampp\htdocs\peso\vendor\codeigniter4\framework\system\CodeIgniter.php(326): CodeIgniter\CodeIgniter->handleRequest(NULL, Object(Config\Cache), false)
#8 C:\xampp\htdocs\peso\index.php(38): CodeIgniter\CodeIgniter->run()
#9 {main}
CRITICAL - 2023-04-03 12:29:46 --> Object of class stdClass could not be converted to string
#0 C:\xampp\htdocs\peso\vendor\codeigniter4\framework\system\View\View.php(210): include()
#1 C:\xampp\htdocs\peso\vendor\codeigniter4\framework\system\View\View.php(213): CodeIgniter\View\View->CodeIgniter\View\{closure}()
#2 C:\xampp\htdocs\peso\vendor\codeigniter4\framework\system\Common.php(1089): CodeIgniter\View\View->render('home/home', Array, true)
#3 C:\xampp\htdocs\peso\app\Controllers\Home.php(36): view('home/home', Array)
#4 C:\xampp\htdocs\peso\vendor\codeigniter4\framework\system\CodeIgniter.php(832): App\Controllers\Home->index()
#5 C:\xampp\htdocs\peso\vendor\codeigniter4\framework\system\CodeIgniter.php(419): CodeIgniter\CodeIgniter->runController(Object(App\Controllers\Home))
#6 C:\xampp\htdocs\peso\vendor\codeigniter4\framework\system\CodeIgniter.php(326): CodeIgniter\CodeIgniter->handleRequest(NULL, Object(Config\Cache), false)
#7 C:\xampp\htdocs\peso\index.php(38): CodeIgniter\CodeIgniter->run()
#8 {main}
CRITICAL - 2023-04-03 12:30:15 --> Object of class stdClass could not be converted to string
#0 C:\xampp\htdocs\peso\vendor\codeigniter4\framework\system\View\View.php(210): include()
#1 C:\xampp\htdocs\peso\vendor\codeigniter4\framework\system\View\View.php(213): CodeIgniter\View\View->CodeIgniter\View\{closure}()
#2 C:\xampp\htdocs\peso\vendor\codeigniter4\framework\system\Common.php(1089): CodeIgniter\View\View->render('home/home', Array, true)
#3 C:\xampp\htdocs\peso\app\Controllers\Home.php(36): view('home/home', Array)
#4 C:\xampp\htdocs\peso\vendor\codeigniter4\framework\system\CodeIgniter.php(832): App\Controllers\Home->index()
#5 C:\xampp\htdocs\peso\vendor\codeigniter4\framework\system\CodeIgniter.php(419): CodeIgniter\CodeIgniter->runController(Object(App\Controllers\Home))
#6 C:\xampp\htdocs\peso\vendor\codeigniter4\framework\system\CodeIgniter.php(326): CodeIgniter\CodeIgniter->handleRequest(NULL, Object(Config\Cache), false)
#7 C:\xampp\htdocs\peso\index.php(38): CodeIgniter\CodeIgniter->run()
#8 {main}
CRITICAL - 2023-04-03 12:30:35 --> syntax error, unexpected token ";"
#0 C:\xampp\htdocs\peso\vendor\codeigniter4\framework\system\View\View.php(213): CodeIgniter\View\View->CodeIgniter\View\{closure}()
#1 C:\xampp\htdocs\peso\vendor\codeigniter4\framework\system\Common.php(1089): CodeIgniter\View\View->render('home/home', Array, true)
#2 C:\xampp\htdocs\peso\app\Controllers\Home.php(36): view('home/home', Array)
#3 C:\xampp\htdocs\peso\vendor\codeigniter4\framework\system\CodeIgniter.php(832): App\Controllers\Home->index()
#4 C:\xampp\htdocs\peso\vendor\codeigniter4\framework\system\CodeIgniter.php(419): CodeIgniter\CodeIgniter->runController(Object(App\Controllers\Home))
#5 C:\xampp\htdocs\peso\vendor\codeigniter4\framework\system\CodeIgniter.php(326): CodeIgniter\CodeIgniter->handleRequest(NULL, Object(Config\Cache), false)
#6 C:\xampp\htdocs\peso\index.php(38): CodeIgniter\CodeIgniter->run()
#7 {main}
CRITICAL - 2023-04-03 12:30:46 --> Attempt to read property "0" on array
#0 C:\xampp\htdocs\peso\app\Views\home\home.php(141): CodeIgniter\Debug\Exceptions->errorHandler(2, 'Attempt to read...', 'C:\\xampp\\htdocs...', 141)
#1 C:\xampp\htdocs\peso\vendor\codeigniter4\framework\system\View\View.php(210): include('C:\\xampp\\htdocs...')
#2 C:\xampp\htdocs\peso\vendor\codeigniter4\framework\system\View\View.php(213): CodeIgniter\View\View->CodeIgniter\View\{closure}()
#3 C:\xampp\htdocs\peso\vendor\codeigniter4\framework\system\Common.php(1089): CodeIgniter\View\View->render('home/home', Array, true)
#4 C:\xampp\htdocs\peso\app\Controllers\Home.php(36): view('home/home', Array)
#5 C:\xampp\htdocs\peso\vendor\codeigniter4\framework\system\CodeIgniter.php(832): App\Controllers\Home->index()
#6 C:\xampp\htdocs\peso\vendor\codeigniter4\framework\system\CodeIgniter.php(419): CodeIgniter\CodeIgniter->runController(Object(App\Controllers\Home))
#7 C:\xampp\htdocs\peso\vendor\codeigniter4\framework\system\CodeIgniter.php(326): CodeIgniter\CodeIgniter->handleRequest(NULL, Object(Config\Cache), false)
#8 C:\xampp\htdocs\peso\index.php(38): CodeIgniter\CodeIgniter->run()
#9 {main}
CRITICAL - 2023-04-03 12:30:59 --> Undefined variable $first_job
#0 C:\xampp\htdocs\peso\app\Views\home\home.php(141): CodeIgniter\Debug\Exceptions->errorHandler(2, 'Undefined varia...', 'C:\\xampp\\htdocs...', 141)
#1 C:\xampp\htdocs\peso\vendor\codeigniter4\framework\system\View\View.php(210): include('C:\\xampp\\htdocs...')
#2 C:\xampp\htdocs\peso\vendor\codeigniter4\framework\system\View\View.php(213): CodeIgniter\View\View->CodeIgniter\View\{closure}()
#3 C:\xampp\htdocs\peso\vendor\codeigniter4\framework\system\Common.php(1089): CodeIgniter\View\View->render('home/home', Array, true)
#4 C:\xampp\htdocs\peso\app\Controllers\Home.php(36): view('home/home', Array)
#5 C:\xampp\htdocs\peso\vendor\codeigniter4\framework\system\CodeIgniter.php(832): App\Controllers\Home->index()
#6 C:\xampp\htdocs\peso\vendor\codeigniter4\framework\system\CodeIgniter.php(419): CodeIgniter\CodeIgniter->runController(Object(App\Controllers\Home))
#7 C:\xampp\htdocs\peso\vendor\codeigniter4\framework\system\CodeIgniter.php(326): CodeIgniter\CodeIgniter->handleRequest(NULL, Object(Config\Cache), false)
#8 C:\xampp\htdocs\peso\index.php(38): CodeIgniter\CodeIgniter->run()
#9 {main}
CRITICAL - 2023-04-03 12:31:24 --> Object of class stdClass could not be converted to string
#0 C:\xampp\htdocs\peso\vendor\codeigniter4\framework\system\View\View.php(210): include()
#1 C:\xampp\htdocs\peso\vendor\codeigniter4\framework\system\View\View.php(213): CodeIgniter\View\View->CodeIgniter\View\{closure}()
#2 C:\xampp\htdocs\peso\vendor\codeigniter4\framework\system\Common.php(1089): CodeIgniter\View\View->render('home/home', Array, true)
#3 C:\xampp\htdocs\peso\app\Controllers\Home.php(36): view('home/home', Array)
#4 C:\xampp\htdocs\peso\vendor\codeigniter4\framework\system\CodeIgniter.php(832): App\Controllers\Home->index()
#5 C:\xampp\htdocs\peso\vendor\codeigniter4\framework\system\CodeIgniter.php(419): CodeIgniter\CodeIgniter->runController(Object(App\Controllers\Home))
#6 C:\xampp\htdocs\peso\vendor\codeigniter4\framework\system\CodeIgniter.php(326): CodeIgniter\CodeIgniter->handleRequest(NULL, Object(Config\Cache), false)
#7 C:\xampp\htdocs\peso\index.php(38): CodeIgniter\CodeIgniter->run()
#8 {main}
CRITICAL - 2023-04-03 12:35:26 --> syntax error, unexpected end of file
#0 C:\xampp\htdocs\peso\vendor\codeigniter4\framework\system\View\View.php(213): CodeIgniter\View\View->CodeIgniter\View\{closure}()
#1 C:\xampp\htdocs\peso\vendor\codeigniter4\framework\system\Common.php(1089): CodeIgniter\View\View->render('home/home', Array, true)
#2 C:\xampp\htdocs\peso\app\Controllers\Home.php(36): view('home/home', Array)
#3 C:\xampp\htdocs\peso\vendor\codeigniter4\framework\system\CodeIgniter.php(832): App\Controllers\Home->index()
#4 C:\xampp\htdocs\peso\vendor\codeigniter4\framework\system\CodeIgniter.php(419): CodeIgniter\CodeIgniter->runController(Object(App\Controllers\Home))
#5 C:\xampp\htdocs\peso\vendor\codeigniter4\framework\system\CodeIgniter.php(326): CodeIgniter\CodeIgniter->handleRequest(NULL, Object(Config\Cache), false)
#6 C:\xampp\htdocs\peso\index.php(38): CodeIgniter\CodeIgniter->run()
#7 {main}
CRITICAL - 2023-04-03 12:44:38 --> count(): Argument #1 ($value) must be of type Countable|array, stdClass given
#0 C:\xampp\htdocs\peso\vendor\codeigniter4\framework\system\View\View.php(210): include()
#1 C:\xampp\htdocs\peso\vendor\codeigniter4\framework\system\View\View.php(213): CodeIgniter\View\View->CodeIgniter\View\{closure}()
#2 C:\xampp\htdocs\peso\vendor\codeigniter4\framework\system\Common.php(1089): CodeIgniter\View\View->render('home/home', Array, true)
#3 C:\xampp\htdocs\peso\app\Controllers\Home.php(36): view('home/home', Array)
#4 C:\xampp\htdocs\peso\vendor\codeigniter4\framework\system\CodeIgniter.php(832): App\Controllers\Home->index()
#5 C:\xampp\htdocs\peso\vendor\codeigniter4\framework\system\CodeIgniter.php(419): CodeIgniter\CodeIgniter->runController(Object(App\Controllers\Home))
#6 C:\xampp\htdocs\peso\vendor\codeigniter4\framework\system\CodeIgniter.php(326): CodeIgniter\CodeIgniter->handleRequest(NULL, Object(Config\Cache), false)
#7 C:\xampp\htdocs\peso\index.php(38): CodeIgniter\CodeIgniter->run()
#8 {main}
CRITICAL - 2023-04-03 12:44:42 --> count(): Argument #1 ($value) must be of type Countable|array, stdClass given
#0 C:\xampp\htdocs\peso\vendor\codeigniter4\framework\system\View\View.php(210): include()
#1 C:\xampp\htdocs\peso\vendor\codeigniter4\framework\system\View\View.php(213): CodeIgniter\View\View->CodeIgniter\View\{closure}()
#2 C:\xampp\htdocs\peso\vendor\codeigniter4\framework\system\Common.php(1089): CodeIgniter\View\View->render('home/home', Array, true)
#3 C:\xampp\htdocs\peso\app\Controllers\Home.php(36): view('home/home', Array)
#4 C:\xampp\htdocs\peso\vendor\codeigniter4\framework\system\CodeIgniter.php(832): App\Controllers\Home->index()
#5 C:\xampp\htdocs\peso\vendor\codeigniter4\framework\system\CodeIgniter.php(419): CodeIgniter\CodeIgniter->runController(Object(App\Controllers\Home))
#6 C:\xampp\htdocs\peso\vendor\codeigniter4\framework\system\CodeIgniter.php(326): CodeIgniter\CodeIgniter->handleRequest(NULL, Object(Config\Cache), false)
#7 C:\xampp\htdocs\peso\index.php(38): CodeIgniter\CodeIgniter->run()
#8 {main}
CRITICAL - 2023-04-03 12:47:04 --> Call to undefined function strtodate()
#0 C:\xampp\htdocs\peso\vendor\codeigniter4\framework\system\View\View.php(210): include()
#1 C:\xampp\htdocs\peso\vendor\codeigniter4\framework\system\View\View.php(213): CodeIgniter\View\View->CodeIgniter\View\{closure}()
#2 C:\xampp\htdocs\peso\vendor\codeigniter4\framework\system\Common.php(1089): CodeIgniter\View\View->render('home/home', Array, true)
#3 C:\xampp\htdocs\peso\app\Controllers\Home.php(36): view('home/home', Array)
#4 C:\xampp\htdocs\peso\vendor\codeigniter4\framework\system\CodeIgniter.php(832): App\Controllers\Home->index()
#5 C:\xampp\htdocs\peso\vendor\codeigniter4\framework\system\CodeIgniter.php(419): CodeIgniter\CodeIgniter->runController(Object(App\Controllers\Home))
#6 C:\xampp\htdocs\peso\vendor\codeigniter4\framework\system\CodeIgniter.php(326): CodeIgniter\CodeIgniter->handleRequest(NULL, Object(Config\Cache), false)
#7 C:\xampp\htdocs\peso\index.php(38): CodeIgniter\CodeIgniter->run()
#8 {main}
CRITICAL - 2023-04-03 13:21:46 --> Call to undefined function App\Controllers\get()
#0 C:\xampp\htdocs\peso\vendor\codeigniter4\framework\system\CodeIgniter.php(832): App\Controllers\Jobs->getJob('15')
#1 C:\xampp\htdocs\peso\vendor\codeigniter4\framework\system\CodeIgniter.php(419): CodeIgniter\CodeIgniter->runController(Object(App\Controllers\Jobs))
#2 C:\xampp\htdocs\peso\vendor\codeigniter4\framework\system\CodeIgniter.php(326): CodeIgniter\CodeIgniter->handleRequest(NULL, Object(Config\Cache), false)
#3 C:\xampp\htdocs\peso\index.php(38): CodeIgniter\CodeIgniter->run()
#4 {main}
CRITICAL - 2023-04-03 13:22:44 --> Undefined variable $id
#0 C:\xampp\htdocs\peso\app\Controllers\Jobs.php(86): CodeIgniter\Debug\Exceptions->errorHandler(2, 'Undefined varia...', 'C:\\xampp\\htdocs...', 86)
#1 C:\xampp\htdocs\peso\vendor\codeigniter4\framework\system\CodeIgniter.php(832): App\Controllers\Jobs->getJob('15')
#2 C:\xampp\htdocs\peso\vendor\codeigniter4\framework\system\CodeIgniter.php(419): CodeIgniter\CodeIgniter->runController(Object(App\Controllers\Jobs))
#3 C:\xampp\htdocs\peso\vendor\codeigniter4\framework\system\CodeIgniter.php(326): CodeIgniter\CodeIgniter->handleRequest(NULL, Object(Config\Cache), false)
#4 C:\xampp\htdocs\peso\index.php(38): CodeIgniter\CodeIgniter->run()
#5 {main}
CRITICAL - 2023-04-03 13:55:34 --> unlink(C:\xampp\htdocs\peso\writable\debugbar/debugbar_1680498637.json): No such file or directory
#0 [internal function]: CodeIgniter\Debug\Exceptions->errorHandler(2, 'unlink(C:\\xampp...', 'C:\\xampp\\htdocs...', 74)
#1 C:\xampp\htdocs\peso\vendor\codeigniter4\framework\system\Debug\Toolbar\Collectors\History.php(74): unlink('C:\\xampp\\htdocs...')
#2 C:\xampp\htdocs\peso\vendor\codeigniter4\framework\system\Debug\Toolbar.php(487): CodeIgniter\Debug\Toolbar\Collectors\History->setFiles(1680501327, 20)
#3 C:\xampp\htdocs\peso\vendor\codeigniter4\framework\system\Debug\Toolbar.php(464): CodeIgniter\Debug\Toolbar->format(Array, 'html')
#4 C:\xampp\htdocs\peso\app\Config\Events.php(48): CodeIgniter\Debug\Toolbar->respond()
#5 C:\xampp\htdocs\peso\vendor\codeigniter4\framework\system\Events\Events.php(149): CodeIgniter\Events\Events::Config\{closure}()
#6 C:\xampp\htdocs\peso\vendor\codeigniter4\framework\system\CodeIgniter.php(308): CodeIgniter\Events\Events::trigger('pre_system')
#7 C:\xampp\htdocs\peso\index.php(38): CodeIgniter\CodeIgniter->run()
#8 {main}
CRITICAL - 2023-04-03 14:39:35 --> foreach() argument must be of type array|object, string given
#0 C:\xampp\htdocs\peso\app\Views\home\home.php(79): CodeIgniter\Debug\Exceptions->errorHandler(2, 'foreach() argum...', 'C:\\xampp\\htdocs...', 79)
#1 C:\xampp\htdocs\peso\vendor\codeigniter4\framework\system\View\View.php(210): include('C:\\xampp\\htdocs...')
#2 C:\xampp\htdocs\peso\vendor\codeigniter4\framework\system\View\View.php(213): CodeIgniter\View\View->CodeIgniter\View\{closure}()
#3 C:\xampp\htdocs\peso\vendor\codeigniter4\framework\system\Common.php(1089): CodeIgniter\View\View->render('home/home', Array, true)
#4 C:\xampp\htdocs\peso\app\Controllers\Home.php(33): view('home/home', Array)
#5 C:\xampp\htdocs\peso\vendor\codeigniter4\framework\system\CodeIgniter.php(832): App\Controllers\Home->index()
#6 C:\xampp\htdocs\peso\vendor\codeigniter4\framework\system\CodeIgniter.php(419): CodeIgniter\CodeIgniter->runController(Object(App\Controllers\Home))
#7 C:\xampp\htdocs\peso\vendor\codeigniter4\framework\system\CodeIgniter.php(326): CodeIgniter\CodeIgniter->handleRequest(NULL, Object(Config\Cache), false)
#8 C:\xampp\htdocs\peso\index.php(38): CodeIgniter\CodeIgniter->run()
#9 {main}
CRITICAL - 2023-04-03 14:40:51 --> foreach() argument must be of type array|object, string given
#0 C:\xampp\htdocs\peso\app\Views\home\home.php(80): CodeIgniter\Debug\Exceptions->errorHandler(2, 'foreach() argum...', 'C:\\xampp\\htdocs...', 80)
#1 C:\xampp\htdocs\peso\vendor\codeigniter4\framework\system\View\View.php(210): include('C:\\xampp\\htdocs...')
#2 C:\xampp\htdocs\peso\vendor\codeigniter4\framework\system\View\View.php(213): CodeIgniter\View\View->CodeIgniter\View\{closure}()
#3 C:\xampp\htdocs\peso\vendor\codeigniter4\framework\system\Common.php(1089): CodeIgniter\View\View->render('home/home', Array, true)
#4 C:\xampp\htdocs\peso\app\Controllers\Home.php(33): view('home/home', Array)
#5 C:\xampp\htdocs\peso\vendor\codeigniter4\framework\system\CodeIgniter.php(832): App\Controllers\Home->index()
#6 C:\xampp\htdocs\peso\vendor\codeigniter4\framework\system\CodeIgniter.php(419): CodeIgniter\CodeIgniter->runController(Object(App\Controllers\Home))
#7 C:\xampp\htdocs\peso\vendor\codeigniter4\framework\system\CodeIgniter.php(326): CodeIgniter\CodeIgniter->handleRequest(NULL, Object(Config\Cache), false)
#8 C:\xampp\htdocs\peso\index.php(38): CodeIgniter\CodeIgniter->run()
#9 {main}
CRITICAL - 2023-04-03 14:41:44 --> Trying to access array offset on value of type bool
#0 C:\xampp\htdocs\peso\app\Controllers\Home.php(32): CodeIgniter\Debug\Exceptions->errorHandler(2, 'Trying to acces...', 'C:\\xampp\\htdocs...', 32)
#1 C:\xampp\htdocs\peso\vendor\codeigniter4\framework\system\CodeIgniter.php(832): App\Controllers\Home->index()
#2 C:\xampp\htdocs\peso\vendor\codeigniter4\framework\system\CodeIgniter.php(419): CodeIgniter\CodeIgniter->runController(Object(App\Controllers\Home))
#3 C:\xampp\htdocs\peso\vendor\codeigniter4\framework\system\CodeIgniter.php(326): CodeIgniter\CodeIgniter->handleRequest(NULL, Object(Config\Cache), false)
#4 C:\xampp\htdocs\peso\index.php(38): CodeIgniter\CodeIgniter->run()
#5 {main}
CRITICAL - 2023-04-03 14:41:57 --> Undefined variable $index
#0 C:\xampp\htdocs\peso\app\Views\home\home.php(142): CodeIgniter\Debug\Exceptions->errorHandler(2, 'Undefined varia...', 'C:\\xampp\\htdocs...', 142)
#1 C:\xampp\htdocs\peso\vendor\codeigniter4\framework\system\View\View.php(210): include('C:\\xampp\\htdocs...')
#2 C:\xampp\htdocs\peso\vendor\codeigniter4\framework\system\View\View.php(213): CodeIgniter\View\View->CodeIgniter\View\{closure}()
#3 C:\xampp\htdocs\peso\vendor\codeigniter4\framework\system\Common.php(1089): CodeIgniter\View\View->render('home/home', Array, true)
#4 C:\xampp\htdocs\peso\app\Controllers\Home.php(34): view('home/home', Array)
#5 C:\xampp\htdocs\peso\vendor\codeigniter4\framework\system\CodeIgniter.php(832): App\Controllers\Home->index()
#6 C:\xampp\htdocs\peso\vendor\codeigniter4\framework\system\CodeIgniter.php(419): CodeIgniter\CodeIgniter->runController(Object(App\Controllers\Home))
#7 C:\xampp\htdocs\peso\vendor\codeigniter4\framework\system\CodeIgniter.php(326): CodeIgniter\CodeIgniter->handleRequest(NULL, Object(Config\Cache), false)
#8 C:\xampp\htdocs\peso\index.php(38): CodeIgniter\CodeIgniter->run()
#9 {main}
